Log file open, 02/20/20 12:57:27
LogWindows: Failed to load 'aqProf.dll' (GetLastError=126)
LogWindows: File 'aqProf.dll' does not exist
LogWindows: Failed to load 'VSPerf140.dll' (GetLastError=126)
LogWindows: File 'VSPerf140.dll' does not exist
LogWindows: Failed to load 'VtuneApi.dll' (GetLastError=126)
LogWindows: File 'VtuneApi.dll' does not exist
LogWindows: Failed to load 'VtuneApi32e.dll' (GetLastError=126)
LogWindows: File 'VtuneApi32e.dll' does not exist
LogInit: Display: Running engine for game: Dialogue_BS
LogPlatformFile: Not using cached read wrapper
LogInit: Display: RandInit(816782386) SRandInit(816782387).
LogInit: Read version file with build ID '3709383'
LogInit: Overriding engine version to CL 3832480, compatible CL 3709383
LogInit: Registered custom module enumerator with build ID '3709383'
LogTaskGraph: Started task graph with 5 named threads and 14 total threads with 3 sets of task threads.
LogStats: Stats thread started at 0.214628
LogD3D11RHI: Aftermath initialized
LogPluginManager: Mounting plugin Paper2D
LogPluginManager: Mounting plugin LightPropagationVolume
LogPluginManager: Mounting plugin CodeLiteSourceCodeAccess
LogPluginManager: Mounting plugin GitSourceControl
LogPluginManager: Mounting plugin KDevelopSourceCodeAccess
LogPluginManager: Mounting plugin NullSourceCodeAccess
LogPluginManager: Mounting plugin PerforceSourceControl
LogPluginManager: Mounting plugin SubversionSourceControl
LogPluginManager: Mounting plugin UObjectPlugin
LogPluginManager: Mounting plugin VisualStudioCodeSourceCodeAccess
LogPluginManager: Mounting plugin VisualStudioSourceCodeAccess
LogPluginManager: Mounting plugin XCodeSourceCodeAccess
LogPluginManager: Mounting plugin AssetManagerEditor
LogPluginManager: Mounting plugin AudioCapture
LogPluginManager: Mounting plugin FacialAnimation
LogPluginManager: Mounting plugin GameplayTagsEditor
LogPluginManager: Mounting plugin MobileLauncherProfileWizard
LogPluginManager: Mounting plugin PluginBrowser
LogPluginManager: Mounting plugin SpeedTreeImporter
LogPluginManager: Mounting plugin AlembicImporter
LogPluginManager: Mounting plugin CharacterAI
LogPluginManager: Mounting plugin HTML5Networking
LogPluginManager: Mounting plugin AndroidMedia
LogPluginManager: Mounting plugin AvfMedia
LogPluginManager: Mounting plugin ImgMedia
LogPluginManager: Mounting plugin MediaCompositing
LogPluginManager: Mounting plugin MediaPlayerEditor
LogPluginManager: Mounting plugin WmfMedia
LogPluginManager: Mounting plugin TcpMessaging
LogPluginManager: Mounting plugin UdpMessaging
LogPluginManager: Mounting plugin ActorSequence
LogPluginManager: Mounting plugin LevelSequenceEditor
LogPluginManager: Mounting plugin MatineeToLevelSequence
LogPluginManager: Mounting plugin OnlineSubsystemGooglePlay
LogPluginManager: Mounting plugin OnlineSubsystemIOS
LogPluginManager: Mounting plugin OnlineSubsystem
LogPluginManager: Mounting plugin OnlineSubsystemNull
LogPluginManager: Mounting plugin OnlineSubsystemUtils
LogPluginManager: Mounting plugin AndroidDeviceProfileSelector
LogPluginManager: Mounting plugin AndroidMoviePlayer
LogPluginManager: Mounting plugin AndroidPermission
LogPluginManager: Mounting plugin AppleARKit
LogPluginManager: Mounting plugin AppleMoviePlayer
LogPluginManager: Mounting plugin ArchVisCharacter
LogPluginManager: Mounting plugin CableComponent
LogPluginManager: Mounting plugin CustomMeshComponent
LogPluginManager: Mounting plugin ExampleDeviceProfileSelector
LogPluginManager: Mounting plugin GoogleCloudMessaging
LogPluginManager: Mounting plugin ImmediatePhysics
LogPluginManager: Mounting plugin IOSDeviceProfileSelector
LogPluginManager: Mounting plugin LinuxDeviceProfileSelector
LogPluginManager: Mounting plugin LocationServicesBPLibrary
LogPluginManager: Mounting plugin MobilePatchingUtils
LogPluginManager: Mounting plugin OculusVR
LogPluginManager: Plugin shader directory ../../../Engine/Plugins/Runtime/Oculus/OculusVR/Shaders found
LogPluginManager: Mapping shader source directory ../../../Engine/Plugins/Runtime/Oculus/OculusVR/Shaders to virtual directory /Plugin/OculusVR
LogPluginManager: Mounting plugin PhysXVehicles
LogPluginManager: Mounting plugin ProceduralMeshComponent
LogPluginManager: Mounting plugin RuntimePhysXCooking
LogPluginManager: Mounting plugin SteamVR
LogPluginManager: Mounting plugin WindowsMoviePlayer
LogModuleManager: Display: Found up-to-date module file C:/Users/fuckm/Documents/GitHub/AIbs_Demo/Dialogue_BS/Binaries/Win64/UE4Editor-Dialogue_BS-9021.dll (API version 3709383).
LogModuleManager: Display: Found up-to-date module file ../../../Engine/Plugins/2D/Paper2D/Binaries/Win64/UE4Editor-Paper2D.dll (API version 3709383).
LogModuleManager: Display: Found up-to-date module file ../../../Engine/Plugins/2D/Paper2D/Binaries/Win64/UE4Editor-Paper2DEditor.dll (API version 3709383).
LogModuleManager: Display: Found up-to-date module file ../../../Engine/Plugins/2D/Paper2D/Binaries/Win64/UE4Editor-PaperSpriteSheetImporter.dll (API version 3709383).
LogModuleManager: Display: Found up-to-date module file ../../../Engine/Plugins/2D/Paper2D/Binaries/Win64/UE4Editor-PaperTiledImporter.dll (API version 3709383).
LogModuleManager: Display: Found up-to-date module file ../../../Engine/Plugins/2D/Paper2D/Binaries/Win64/UE4Editor-SmartSnapping.dll (API version 3709383).
LogModuleManager: Display: Found up-to-date module file ../../../Engine/Plugins/Blendables/LightPropagationVolume/Binaries/Win64/UE4Editor-LightPropagationVolumeRuntime.dll (API version 3709383).
LogModuleManager: Display: Found up-to-date module file ../../../Engine/Plugins/Blendables/LightPropagationVolume/Binaries/Win64/UE4Editor-LightPropagationVolumeEditor.dll (API version 3709383).
LogModuleManager: Display: Found up-to-date module file ../../../Engine/Plugins/Developer/GitSourceControl/Binaries/Win64/UE4Editor-GitSourceControl.dll (API version 3709383).
LogModuleManager: Display: Found up-to-date module file ../../../Engine/Plugins/Developer/PerforceSourceControl/Binaries/Win64/UE4Editor-PerforceSourceControl.dll (API version 3709383).
LogModuleManager: Display: Found up-to-date module file ../../../Engine/Plugins/Developer/SubversionSourceControl/Binaries/Win64/UE4Editor-SubversionSourceControl.dll (API version 3709383).
LogModuleManager: Display: Found up-to-date module file ../../../Engine/Plugins/Developer/UObjectPlugin/Binaries/Win64/UE4Editor-UObjectPlugin.dll (API version 3709383).
LogModuleManager: Display: Found up-to-date module file ../../../Engine/Plugins/Developer/VisualStudioCodeSourceCodeAccess/Binaries/Win64/UE4Editor-VisualStudioCodeSourceCodeAccess.dll (API version 3709383).
LogModuleManager: Display: Found up-to-date module file ../../../Engine/Plugins/Developer/VisualStudioSourceCodeAccess/Binaries/Win64/UE4Editor-VisualStudioSourceCodeAccess.dll (API version 3709383).
LogModuleManager: Display: Found up-to-date module file ../../../Engine/Plugins/Editor/AssetManagerEditor/Binaries/Win64/UE4Editor-AssetManagerEditor.dll (API version 3709383).
LogModuleManager: Display: Found up-to-date module file ../../../Engine/Plugins/Editor/AudioCapture/Binaries/Win64/UE4Editor-AudioCapture.dll (API version 3709383).
LogModuleManager: Display: Found up-to-date module file ../../../Engine/Plugins/Editor/FacialAnimation/Binaries/Win64/UE4Editor-FacialAnimation.dll (API version 3709383).
LogModuleManager: Display: Found up-to-date module file ../../../Engine/Plugins/Editor/FacialAnimation/Binaries/Win64/UE4Editor-FacialAnimationEditor.dll (API version 3709383).
LogModuleManager: Display: Found up-to-date module file ../../../Engine/Plugins/Editor/GameplayTagsEditor/Binaries/Win64/UE4Editor-GameplayTagsEditor.dll (API version 3709383).
LogModuleManager: Display: Found up-to-date module file ../../../Engine/Plugins/Editor/MobileLauncherProfileWizard/Binaries/Win64/UE4Editor-MobileLauncherProfileWizard.dll (API version 3709383).
LogModuleManager: Display: Found up-to-date module file ../../../Engine/Plugins/Editor/PluginBrowser/Binaries/Win64/UE4Editor-PluginBrowser.dll (API version 3709383).
LogModuleManager: Display: Found up-to-date module file ../../../Engine/Plugins/Editor/SpeedTreeImporter/Binaries/Win64/UE4Editor-SpeedTreeImporter.dll (API version 3709383).
LogModuleManager: Display: Found up-to-date module file ../../../Engine/Plugins/Experimental/AlembicImporter/Binaries/Win64/UE4Editor-AlembicImporter.dll (API version 3709383).
LogModuleManager: Display: Found up-to-date module file ../../../Engine/Plugins/Experimental/AlembicImporter/Binaries/Win64/UE4Editor-AlembicLibrary.dll (API version 3709383).
LogModuleManager: Display: Found up-to-date module file ../../../Engine/Plugins/Experimental/CharacterAI/Binaries/Win64/UE4Editor-CharacterAI.dll (API version 3709383).
LogModuleManager: Display: Found up-to-date module file ../../../Engine/Plugins/Experimental/HTML5Networking/Binaries/Win64/UE4Editor-HTML5Networking.dll (API version 3709383).
LogModuleManager: Display: Found up-to-date module file ../../../Engine/Plugins/Media/AndroidMedia/Binaries/Win64/UE4Editor-AndroidMediaEditor.dll (API version 3709383).
LogModuleManager: Display: Found up-to-date module file ../../../Engine/Plugins/Media/AndroidMedia/Binaries/Win64/UE4Editor-AndroidMediaFactory.dll (API version 3709383).
LogModuleManager: Display: Found up-to-date module file ../../../Engine/Plugins/Media/AvfMedia/Binaries/Win64/UE4Editor-AvfMediaEditor.dll (API version 3709383).
LogModuleManager: Display: Found up-to-date module file ../../../Engine/Plugins/Media/AvfMedia/Binaries/Win64/UE4Editor-AvfMediaFactory.dll (API version 3709383).
LogModuleManager: Display: Found up-to-date module file ../../../Engine/Plugins/Media/AvfMedia/Binaries/Win64/UE4Editor-AvfMediaFactory.dll (API version 3709383).
LogModuleManager: Display: Found up-to-date module file ../../../Engine/Plugins/Media/ImgMedia/Binaries/Win64/UE4Editor-ImgMedia.dll (API version 3709383).
LogModuleManager: Display: Found up-to-date module file ../../../Engine/Plugins/Media/ImgMedia/Binaries/Win64/UE4Editor-ImgMediaEditor.dll (API version 3709383).
LogModuleManager: Display: Found up-to-date module file ../../../Engine/Plugins/Media/ImgMedia/Binaries/Win64/UE4Editor-ImgMediaFactory.dll (API version 3709383).
LogModuleManager: Display: Found up-to-date module file ../../../Engine/Plugins/Media/ImgMedia/Binaries/Win64/UE4Editor-ImgMediaFactory.dll (API version 3709383).
LogModuleManager: Display: Found up-to-date module file ../../../Engine/Plugins/Media/ImgMedia/Binaries/Win64/UE4Editor-OpenExrWrapper.dll (API version 3709383).
LogModuleManager: Display: Found up-to-date module file ../../../Engine/Plugins/Media/MediaCompositing/Binaries/Win64/UE4Editor-MediaCompositing.dll (API version 3709383).
LogModuleManager: Display: Found up-to-date module file ../../../Engine/Plugins/Media/MediaCompositing/Binaries/Win64/UE4Editor-MediaCompositingEditor.dll (API version 3709383).
LogModuleManager: Display: Found up-to-date module file ../../../Engine/Plugins/Media/MediaPlayerEditor/Binaries/Win64/UE4Editor-MediaPlayerEditor.dll (API version 3709383).
LogModuleManager: Display: Found up-to-date module file ../../../Engine/Plugins/Media/WmfMedia/Binaries/Win64/UE4Editor-WmfMedia.dll (API version 3709383).
LogModuleManager: Display: Found up-to-date module file ../../../Engine/Plugins/Media/WmfMedia/Binaries/Win64/UE4Editor-WmfMediaEditor.dll (API version 3709383).
LogModuleManager: Display: Found up-to-date module file ../../../Engine/Plugins/Media/WmfMedia/Binaries/Win64/UE4Editor-WmfMediaFactory.dll (API version 3709383).
LogModuleManager: Display: Found up-to-date module file ../../../Engine/Plugins/Media/WmfMedia/Binaries/Win64/UE4Editor-WmfMediaFactory.dll (API version 3709383).
LogModuleManager: Display: Found up-to-date module file ../../../Engine/Plugins/Messaging/TcpMessaging/Binaries/Win64/UE4Editor-TcpMessaging.dll (API version 3709383).
LogModuleManager: Display: Found up-to-date module file ../../../Engine/Plugins/Messaging/UdpMessaging/Binaries/Win64/UE4Editor-UdpMessaging.dll (API version 3709383).
LogModuleManager: Display: Found up-to-date module file ../../../Engine/Plugins/MovieScene/ActorSequence/Binaries/Win64/UE4Editor-ActorSequence.dll (API version 3709383).
LogModuleManager: Display: Found up-to-date module file ../../../Engine/Plugins/MovieScene/LevelSequenceEditor/Binaries/Win64/UE4Editor-LevelSequenceEditor.dll (API version 3709383).
LogModuleManager: Display: Found up-to-date module file ../../../Engine/Plugins/MovieScene/MatineeToLevelSequence/Binaries/Win64/UE4Editor-MatineeToLevelSequence.dll (API version 3709383).
LogModuleManager: Display: Found up-to-date module file ../../../Engine/Plugins/Online/OnlineSubsystem/Binaries/Win64/UE4Editor-OnlineSubsystem.dll (API version 3709383).
LogModuleManager: Display: Found up-to-date module file ../../../Engine/Plugins/Online/OnlineSubsystemNull/Binaries/Win64/UE4Editor-OnlineSubsystemNull.dll (API version 3709383).
LogModuleManager: Display: Found up-to-date module file ../../../Engine/Plugins/Online/OnlineSubsystemUtils/Binaries/Win64/UE4Editor-OnlineSubsystemUtils.dll (API version 3709383).
LogModuleManager: Display: Found up-to-date module file ../../../Engine/Plugins/Online/OnlineSubsystemUtils/Binaries/Win64/UE4Editor-OnlineBlueprintSupport.dll (API version 3709383).
LogModuleManager: Display: Found up-to-date module file ../../../Engine/Plugins/Runtime/AndroidDeviceProfileSelector/Binaries/Win64/UE4Editor-AndroidDeviceProfileSelector.dll (API version 3709383).
LogModuleManager: Display: Found up-to-date module file ../../../Engine/Plugins/Runtime/AndroidPermission/Binaries/Win64/UE4Editor-AndroidPermission.dll (API version 3709383).
LogModuleManager: Display: Found up-to-date module file ../../../Engine/Plugins/Runtime/AppleARKit/Binaries/Win64/UE4Editor-AppleARKit.dll (API version 3709383).
LogModuleManager: Display: Found up-to-date module file ../../../Engine/Plugins/Runtime/ArchVisCharacter/Binaries/Win64/UE4Editor-ArchVisCharacter.dll (API version 3709383).
LogModuleManager: Display: Found up-to-date module file ../../../Engine/Plugins/Runtime/CableComponent/Binaries/Win64/UE4Editor-CableComponent.dll (API version 3709383).
LogModuleManager: Display: Found up-to-date module file ../../../Engine/Plugins/Runtime/CustomMeshComponent/Binaries/Win64/UE4Editor-CustomMeshComponent.dll (API version 3709383).
LogModuleManager: Display: Found up-to-date module file ../../../Engine/Plugins/Runtime/ExampleDeviceProfileSelector/Binaries/Win64/UE4Editor-ExampleDeviceProfileSelector.dll (API version 3709383).
LogModuleManager: Display: Found up-to-date module file ../../../Engine/Plugins/Runtime/ImmediatePhysics/Binaries/Win64/UE4Editor-ImmediatePhysics.dll (API version 3709383).
LogModuleManager: Display: Found up-to-date module file ../../../Engine/Plugins/Runtime/ImmediatePhysics/Binaries/Win64/UE4Editor-ImmediatePhysicsEditor.dll (API version 3709383).
LogModuleManager: Display: Found up-to-date module file ../../../Engine/Plugins/Runtime/LocationServicesBPLibrary/Binaries/Win64/UE4Editor-LocationServicesBPLibrary.dll (API version 3709383).
LogModuleManager: Display: Found up-to-date module file ../../../Engine/Plugins/Runtime/MobilePatchingUtils/Binaries/Win64/UE4Editor-MobilePatchingUtils.dll (API version 3709383).
LogModuleManager: Display: Found up-to-date module file ../../../Engine/Plugins/Runtime/Oculus/OculusVR/Binaries/Win64/UE4Editor-OculusHMD.dll (API version 3709383).
LogModuleManager: Display: Found up-to-date module file ../../../Engine/Plugins/Runtime/Oculus/OculusVR/Binaries/Win64/UE4Editor-OculusInput.dll (API version 3709383).
LogModuleManager: Display: Found up-to-date module file ../../../Engine/Plugins/Runtime/Oculus/OculusVR/Binaries/Win64/UE4Editor-OculusEditor.dll (API version 3709383).
LogModuleManager: Display: Found up-to-date module file ../../../Engine/Plugins/Runtime/PhysXVehicles/Binaries/Win64/UE4Editor-PhysXVehicles.dll (API version 3709383).
LogModuleManager: Display: Found up-to-date module file ../../../Engine/Plugins/Runtime/PhysXVehicles/Binaries/Win64/UE4Editor-PhysXVehiclesEditor.dll (API version 3709383).
LogModuleManager: Display: Found up-to-date module file ../../../Engine/Plugins/Runtime/ProceduralMeshComponent/Binaries/Win64/UE4Editor-ProceduralMeshComponent.dll (API version 3709383).
LogModuleManager: Display: Found up-to-date module file ../../../Engine/Plugins/Runtime/ProceduralMeshComponent/Binaries/Win64/UE4Editor-ProceduralMeshComponentEditor.dll (API version 3709383).
LogModuleManager: Display: Found up-to-date module file ../../../Engine/Plugins/Runtime/RuntimePhysXCooking/Binaries/Win64/UE4Editor-RuntimePhysXCooking.dll (API version 3709383).
LogModuleManager: Display: Found up-to-date module file ../../../Engine/Plugins/Runtime/Steam/SteamVR/Binaries/Win64/UE4Editor-SteamVR.dll (API version 3709383).
LogModuleManager: Display: Found up-to-date module file ../../../Engine/Plugins/Runtime/Steam/SteamVR/Binaries/Win64/UE4Editor-SteamVRController.dll (API version 3709383).
LogModuleManager: Display: Found up-to-date module file ../../../Engine/Plugins/Runtime/WindowsMoviePlayer/Binaries/Win64/UE4Editor-WindowsMoviePlayer.dll (API version 3709383).
LogInit: Using libcurl 7.47.1
LogInit:  - built for x86_64-pc-win32
LogInit:  - supports SSL with OpenSSL/1.0.2g
LogInit:  - supports HTTP deflate (compression) using libz 1.2.8
LogInit:  - other features:
LogInit:      CURL_VERSION_SSL
LogInit:      CURL_VERSION_LIBZ
LogInit:      CURL_VERSION_IPV6
LogInit:      CURL_VERSION_ASYNCHDNS
LogInit:      CURL_VERSION_LARGEFILE
LogInit:      CURL_VERSION_IDN
LogInit:  CurlRequestOptions (configurable via config and command line):
LogInit:  - bVerifyPeer = false  - Libcurl will NOT verify peer certificate
LogInit:  - bUseHttpProxy = false  - Libcurl will NOT use HTTP proxy
LogInit:  - bDontReuseConnections = false  - Libcurl will reuse connections
LogInit:  - CertBundlePath = nullptr  - Libcurl will use whatever was configured at build time.
LogInit: Build: ++UE4+Release-4.18-CL-3832480
LogInit: Engine Version: 4.18.3-3832480+++UE4+Release-4.18
LogInit: Compatible Engine Version: 4.18.0-3709383+++UE4+Release-4.18
LogInit: Net CL: 3709383
LogDevObjectVersion: Number of dev versions registered: 16
LogDevObjectVersion:   Dev-Blueprints (B0D832E4-1F89-4F0D-ACCF-7EB736FD4AA2): 10
LogDevObjectVersion:   Dev-Build (E1C64328-A22C-4D53-A36C-8E866417BD8C): 0
LogDevObjectVersion:   Dev-Core (375EC13C-06E4-48FB-B500-84F0262A717E): 2
LogDevObjectVersion:   Dev-Editor (E4B068ED-F494-42E9-A231-DA0B2E46BB41): 20
LogDevObjectVersion:   Dev-Framework (CFFC743F-43B0-4480-9391-14DF171D2073): 30
LogDevObjectVersion:   Dev-Mobile (B02B49B5-BB20-44E9-A304-32B752E40360): 0
LogDevObjectVersion:   Dev-Networking (A4E4105C-59A1-49B5-A7C5-40C4547EDFEE): 0
LogDevObjectVersion:   Dev-Online (39C831C9-5AE6-47DC-9A44-9C173E1C8E7C): 0
LogDevObjectVersion:   Dev-Physics (78F01B33-EBEA-4F98-B9B4-84EACCB95AA2): 0
LogDevObjectVersion:   Dev-Platform (6631380F-2D4D-43E0-8009-CF276956A95A): 0
LogDevObjectVersion:   Dev-Rendering (12F88B9F-8875-4AFC-A67C-D90C383ABD29): 20
LogDevObjectVersion:   Dev-Sequencer (7B5AE74C-D270-4C10-A958-57980B212A5A): 4
LogDevObjectVersion:   Dev-VR (D7296918-1DD6-4BDD-9DE2-64A83CC13884): 0
LogDevObjectVersion:   Dev-LoadTimes (C2A15278-BFE7-4AFE-6C17-90FF531DF755): 1
LogDevObjectVersion:   Private-Geometry (6EACA3D4-40EC-4CC1-B786-8BED09428FC5): 1
LogDevObjectVersion:   Dev-AnimPhys (29E575DD-E0A3-4627-9D10-D276232CDCEA): 12
LogInit: Compiled (64-bit): Jan 12 2018 02:04:55
LogInit: Compiled with Visual C++: 19.00.24215.01
LogInit: Build Configuration: Development
LogInit: Branch Name: ++UE4+Release-4.18
LogInit: Command line:  
LogInit: Base directory: D:/GameDevelopment/Engines/UE_4.18/Engine/Binaries/Win64/
LogInit: Installed Engine Build: 1
LogInit: Presizing for max 8388607 objects, including 0 objects not considered by GC, pre-allocating 0 bytes for permanent pool.
LogInit: Object subsystem initialized
[2020.02.20-17.57.30:239][  0]LogInit: Selected Device Profile: [Windows]
[2020.02.20-17.57.30:239][  0]LogInit: Applying CVar settings loaded from the selected device profile: [Windows]
[2020.02.20-17.57.30:263][  0]LogInit: Computer: DESKTOP-1KTVQO3
[2020.02.20-17.57.30:263][  0]LogInit: User: fuckm
[2020.02.20-17.57.30:263][  0]LogInit: CPU Page size=4096, Cores=4
[2020.02.20-17.57.30:263][  0]LogInit: High frequency timer resolution =10.000000 MHz
[2020.02.20-17.57.30:263][  0]LogMemory: Memory total: Physical=15.9GB (16GB approx)
[2020.02.20-17.57.30:263][  0]LogMemory: Platform Memory Stats for Windows
[2020.02.20-17.57.30:263][  0]LogMemory: Process Physical Memory: 273.64 MB used, 273.64 MB peak
[2020.02.20-17.57.30:263][  0]LogMemory: Process Virtual Memory: 272.01 MB used, 272.01 MB peak
[2020.02.20-17.57.30:263][  0]LogMemory: Physical Memory: 7125.13 MB used,  9156.85 MB free, 16281.98 MB total
[2020.02.20-17.57.30:263][  0]LogMemory: Virtual Memory: 4765.33 MB used,  9156.85 MB free, 134217728.00 MB total
[2020.02.20-17.57.30:834][  0]LogInit: Using OS detected language (en-US).
[2020.02.20-17.57.30:834][  0]LogInit: Using OS detected locale (en-CA).
[2020.02.20-17.57.30:897][  0]LogTextLocalizationManager: No specific localization for 'en-US' exists, so the 'en' localization will be used.
[2020.02.20-17.57.31:347][  0]LogInit: Setting process to per monitor DPI aware
[2020.02.20-17.57.33:879][  0]LogD3D11RHI: D3D11 adapters:
[2020.02.20-17.57.34:343][  0]LogD3D11RHI:    0. 'NVIDIA GeForce GTX 970M' (Feature Level 11_0)
[2020.02.20-17.57.34:343][  0]LogD3D11RHI:       3032/0/8140 MB DedicatedVideo/DedicatedSystem/SharedSystem, Outputs:1, VendorId:0x10de
[2020.02.20-17.57.34:353][  0]LogD3D11RHI:    1. 'Intel(R) HD Graphics 530' (Feature Level 11_0)
[2020.02.20-17.57.34:353][  0]LogD3D11RHI:       128/0/8140 MB DedicatedVideo/DedicatedSystem/SharedSystem, Outputs:0, VendorId:0x8086
[2020.02.20-17.57.34:355][  0]LogD3D11RHI:    2. 'Microsoft Basic Render Driver' (Feature Level 11_0)
[2020.02.20-17.57.34:355][  0]LogD3D11RHI:       0/0/8140 MB DedicatedVideo/DedicatedSystem/SharedSystem, Outputs:0, VendorId:0x1414
[2020.02.20-17.57.34:355][  0]LogD3D11RHI: Chosen D3D11 Adapter: 0
[2020.02.20-17.57.34:389][  0]LogD3D11RHI: Creating new Direct3DDevice
[2020.02.20-17.57.34:389][  0]LogD3D11RHI:     GPU DeviceId: 0x13d8 (for the marketing name, search the web for "GPU Device Id")
[2020.02.20-17.57.34:389][  0]LogWindows: EnumDisplayDevices:
[2020.02.20-17.57.34:389][  0]LogWindows:    0. 'Intel(R) HD Graphics 530' (P:1 D:1)
[2020.02.20-17.57.34:390][  0]LogWindows:    1. 'Intel(R) HD Graphics 530' (P:0 D:0)
[2020.02.20-17.57.34:390][  0]LogWindows:    2. 'Intel(R) HD Graphics 530' (P:0 D:0)
[2020.02.20-17.57.34:390][  0]LogWindows: DebugString: GetVideoDriverDetailsInvalid PrimaryIsNotTheChoosenAdapter GetVideoDriverDetailsInvalid PrimaryIsNotTheChoosenAdapter GetVideoDriverDetailsInvalid PrimaryIsNotTheChoosenAdapter FoundDriverCount:0 
[2020.02.20-17.57.34:390][  0]LogD3D11RHI:     Adapter Name: NVIDIA GeForce GTX 970M
[2020.02.20-17.57.34:390][  0]LogD3D11RHI:   Driver Version: Unknown (internal:Unknown, unified:Unknown)
[2020.02.20-17.57.34:390][  0]LogD3D11RHI:      Driver Date: Unknown
[2020.02.20-17.57.34:390][  0]LogRHI: Texture pool is 2122 MB (70% of 3032 MB)
[2020.02.20-17.57.34:435][  0]LogD3D11RHI: Async texture creation enabled
[2020.02.20-17.57.34:447][  0]LogD3D11RHI: GPU Timing Frequency: 1000.000000 (Debug: 2 1)
[2020.02.20-17.57.34:448][  0]LogShaderCompilers: Guid format shader working directory is -8 characters bigger than the processId version (C:/Users/fuckm/Documents/GitHub/AIbs_Demo/Dialogue_BS/Intermediate/Shaders/WorkingDirectory/10832/).
[2020.02.20-17.57.34:448][  0]LogShaderCompilers: Cleaned the shader compiler working directory 'C:/Users/fuckm/AppData/Local/Temp/UnrealShaderWorkingDir/F17ECEA9474763E9054820AD95F180CF/'.
[2020.02.20-17.57.34:448][  0]LogShaderCompilers: Display: Using Local Shader Compiler.
[2020.02.20-17.57.36:897][  0]LogTemp: Display: Loaded TP AllDesktopTargetPlatform
[2020.02.20-17.57.36:945][  0]LogTemp: Display: Loaded TP MacClientTargetPlatform
[2020.02.20-17.57.36:991][  0]LogTemp: Display: Loaded TP MacNoEditorTargetPlatform
[2020.02.20-17.57.37:036][  0]LogTemp: Display: Loaded TP MacServerTargetPlatform
[2020.02.20-17.57.37:087][  0]LogTemp: Display: Loaded TP MacTargetPlatform
[2020.02.20-17.57.37:133][  0]LogTemp: Display: Loaded TP WindowsClientTargetPlatform
[2020.02.20-17.57.37:180][  0]LogTemp: Display: Loaded TP WindowsNoEditorTargetPlatform
[2020.02.20-17.57.37:225][  0]LogTemp: Display: Loaded TP WindowsServerTargetPlatform
[2020.02.20-17.57.37:264][  0]LogTemp: Display: Loaded TP WindowsTargetPlatform
[2020.02.20-17.57.37:309][  0]LogTemp: Display: Loaded TP Android_ASTCTargetPlatform
[2020.02.20-17.57.37:354][  0]LogTemp: Display: Loaded TP Android_ATCTargetPlatform
[2020.02.20-17.57.37:400][  0]LogTemp: Display: Loaded TP Android_DXTTargetPlatform
[2020.02.20-17.57.37:445][  0]LogTemp: Display: Loaded TP Android_ETC1TargetPlatform
[2020.02.20-17.57.37:491][  0]LogTemp: Display: Loaded TP Android_ETC2TargetPlatform
[2020.02.20-17.57.37:579][  0]LogTemp: Display: Loaded TP Android_MultiTargetPlatform
[2020.02.20-17.57.37:579][  0]LogTemp: Display: Loaded TP Android_PVRTCTargetPlatform
[2020.02.20-17.57.37:631][  0]LogTemp: Display: Loaded TP AndroidTargetPlatform
[2020.02.20-17.57.37:666][  0]LogTemp: Display: Loaded TP HTML5TargetPlatform
[2020.02.20-17.57.37:778][  0]LogTemp: Display: Loaded TP IOSTargetPlatform
[2020.02.20-17.57.37:802][  0]LogTemp: Display: Loaded TP TVOSTargetPlatform
[2020.02.20-17.57.37:848][  0]LogTemp: Display: Loaded TP LinuxClientTargetPlatform
[2020.02.20-17.57.37:893][  0]LogTemp: Display: Loaded TP LinuxNoEditorTargetPlatform
[2020.02.20-17.57.37:937][  0]LogTemp: Display: Loaded TP LinuxServerTargetPlatform
[2020.02.20-17.57.37:987][  0]LogTemp: Display: Loaded TP LinuxTargetPlatform
[2020.02.20-17.57.37:987][  0]LogTargetPlatformManager: Display: Building Assets For Windows
[2020.02.20-17.57.38:683][  0]LogDerivedDataCache: Display: Max Cache Size: 512 MB
[2020.02.20-17.57.38:756][  0]LogDerivedDataCache: Loaded boot cache 0.07s 79MB C:/Users/fuckm/AppData/Local/UnrealEngine/4.18/DerivedDataCache/Boot.ddc.
[2020.02.20-17.57.38:756][  0]LogDerivedDataCache: Display: Loaded Boot cache: C:/Users/fuckm/AppData/Local/UnrealEngine/4.18/DerivedDataCache/Boot.ddc
[2020.02.20-17.57.38:756][  0]LogDerivedDataCache: FDerivedDataBackendGraph:  Pak pak cache file C:/Users/fuckm/Documents/GitHub/AIbs_Demo/Dialogue_BS/DerivedDataCache/DDC.ddp not found, will not use a pak cache.
[2020.02.20-17.57.38:756][  0]LogDerivedDataCache: Unable to find inner node Pak for hierarchical cache Hierarchy.
[2020.02.20-17.57.38:756][  0]LogDerivedDataCache: FDerivedDataBackendGraph:  CompressedPak pak cache file C:/Users/fuckm/Documents/GitHub/AIbs_Demo/Dialogue_BS/DerivedDataCache/Compressed.ddp not found, will not use a pak cache.
[2020.02.20-17.57.38:756][  0]LogDerivedDataCache: Unable to find inner node CompressedPak for hierarchical cache Hierarchy.
[2020.02.20-17.57.38:779][  0]LogDerivedDataCache: Display: Pak cache opened for reading ../../../Engine/DerivedDataCache/Compressed.ddp.
[2020.02.20-17.57.38:792][  0]LogDerivedDataCache: Using Local data cache path C:/Users/fuckm/AppData/Local/UnrealEngine/Common/DerivedDataCache: Writable
[2020.02.20-17.57.38:802][  0]LogMaterial: Verifying Global Shaders for PCD3D_SM5
[2020.02.20-17.57.38:802][  0]LogSlate: Using Freetype 2.6.0
[2020.02.20-17.57.38:820][  0]LogSlate: SlateFontCache - WITH_FREETYPE: 1, WITH_HARFBUZZ: 1
[2020.02.20-17.57.38:820][  0]LogSlate: SlateFontCache - WITH_FREETYPE: 1, WITH_HARFBUZZ: 1
[2020.02.20-17.57.41:654][  0]LogInit: Selected Device Profile: [Windows]
[2020.02.20-17.57.42:104][  0]LogSimplygon: Simplygon DLL not present - disabling.
[2020.02.20-17.57.42:139][  0]LogMeshReduction: Using SimplygonSwarm for distributed automatic mesh merging
[2020.02.20-17.57.42:139][  0]LogMeshReduction: Using QuadricMeshReduction for automatic static mesh reduction
[2020.02.20-17.57.42:139][  0]LogMeshReduction: No automatic skeletal mesh reduction module available
[2020.02.20-17.57.42:139][  0]LogMeshReduction: No automatic mesh merging module available
[2020.02.20-17.57.42:139][  0]LogMeshMerging: No automatic mesh merging module available
[2020.02.20-17.57.42:192][  0]LogNetVersion: Dialogue_BS , NetCL: 3709383, EngineNetVer: 2, GameNetVer: 0 (Checksum: 2721781782)
[2020.02.20-17.57.42:623][  0]LogAssetRegistry: FAssetRegistry took 0.0266 seconds to start up
[2020.02.20-17.57.43:644][  0]LogPackageLocalizationCache: Processed 7 localized package path(s) for 2 prioritized culture(s) in 0.075376 seconds
[2020.02.20-17.57.43:650][  0]LogUObjectArray: 35870 objects as part of root set at end of initial load.
[2020.02.20-17.57.43:650][  0]LogUObjectAllocator: 7363696 out of 0 bytes used by permanent object pool.
[2020.02.20-17.57.43:650][  0]LogUObjectArray: CloseDisregardForGC: 0/0 objects in disregard for GC pool
[2020.02.20-17.57.43:703][  0]LogInit: WinSock: version 1.1 (2.2), MaxSocks=32767, MaxUdp=65467
[2020.02.20-17.57.48:143][  0]LogTcpMessaging: Initializing TcpMessaging bridge
[2020.02.20-17.57.48:181][  0]LogUdpMessaging: Initializing bridge on interface 0.0.0.0:0 to multicast group 230.0.0.1:6666.
[2020.02.20-17.57.49:294][  0]LogMaterial: Uniform references updated for custom material expression Custom.
[2020.02.20-17.57.49:807][  0]SourceControl: Source control is disabled
[2020.02.20-17.57.49:807][  0]SourceControl: Source control is disabled
[2020.02.20-17.57.49:852][  0]SourceControl: Source control is disabled
[2020.02.20-17.57.49:898][  0]SourceControl: Source control is disabled
[2020.02.20-17.57.50:665][  0]LogAndroidPermission: UAndroidPermissionCallbackProxy::GetInstance
[2020.02.20-17.57.50:896][  0]LogOcInput: OculusInput pre-init called
[2020.02.20-17.57.51:165][  0]LogEngine: Initializing Engine...
[2020.02.20-17.57.51:168][  0]LogHMD: Failed to initialize OpenVR with code 110
[2020.02.20-17.57.51:596][  0]LogStats: UGameplayTagsManager::ConstructGameplayTagTree: Construct from data asset -  0.000 s
[2020.02.20-17.57.51:596][  0]LogStats: UGameplayTagsManager::ConstructGameplayTagTree: GameplayTagTreeChangedEvent.Broadcast -  0.000 s
[2020.02.20-17.57.51:707][  0]LogAIModule: Creating AISystem for world Untitled
[2020.02.20-17.57.51:735][  0]LogInit: XAudio2 using 'Speakers (Realtek High Definition Audio)' : 6 channels at 48 kHz using 32 bits per sample (channel mask 0x3f)
[2020.02.20-17.57.51:823][  0]LogInit: FAudioDevice initialized.
[2020.02.20-17.57.51:912][  0]LogDerivedDataCache: Saved boot cache 0.09s 79MB C:/Users/fuckm/AppData/Local/UnrealEngine/4.18/DerivedDataCache/Boot.ddc.
[2020.02.20-17.57.51:930][  0]LogInit: Texture streaming: Enabled
[2020.02.20-17.57.52:024][  0]LogEngineSessionManager: EngineSessionManager initialized
[2020.02.20-17.57.52:138][  0]LogInit: Transaction tracking system initialized
[2020.02.20-17.57.52:415][  0]BlueprintLog: New page: Editor Load
[2020.02.20-17.57.53:239][  0]LocalizationService: Localization service is disabled
[2020.02.20-17.57.53:903][  0]LogConsoleResponse: Display: 
[2020.02.20-17.57.54:519][  0]LogCook: Display: Max memory allowance for cook 16384mb min free memory 0mb
[2020.02.20-17.57.54:519][  0]LogCook: Display: Mobile HDR setting 1
[2020.02.20-17.57.54:519][  0]LogGameplayTags: Display: UGameplayTagsManager::DoneAddingNativeTags. DelegateIsBound: 0
[2020.02.20-17.57.55:586][  0]LogFileCache: Scanning file cache for directory 'C:/Users/fuckm/Documents/GitHub/AIbs_Demo/Dialogue_BS/Content/' took 0.02s
[2020.02.20-17.57.55:633][  0]SourceControl: Source control is disabled
[2020.02.20-17.57.55:633][  0]Cmd: MAP LOAD FILE="C:/Users/fuckm/Documents/GitHub/AIbs_Demo/Dialogue_BS/Content/ThirdPersonCPP/Maps/ThirdPersonExampleMap.umap" TEMPLATE=0 SHOWPROGRESS=1 FEATURELEVEL=3
[2020.02.20-17.57.55:634][  0]LightingResults: New page: Lighting Build
[2020.02.20-17.57.55:671][  0]MapCheck: New page: Map Check
[2020.02.20-17.57.55:671][  0]LightingResults: New page: Lighting Build
[2020.02.20-17.57.56:512][  0]LogAIModule: Creating AISystem for world ThirdPersonExampleMap
[2020.02.20-17.57.56:532][  0]LogEditorServer: Finished looking for orphan Actors (0.000 secs)
[2020.02.20-17.57.56:546][  0]Cmd: MAP CHECKDEP NOCLEARLOG
[2020.02.20-17.57.56:597][  0]MapCheck: Map check complete: 0 Error(s), 0 Warning(s), took 50.785ms to complete.
[2020.02.20-17.57.56:597][  0]LogFileHelpers: Loading map 'ThirdPersonExampleMap' took 0.965
[2020.02.20-17.57.56:785][  0]LogCollectionManager: Loaded 0 collections in 0.001004 seconds
[2020.02.20-17.57.56:861][  0]LogFileCache: Scanning file cache for directory 'C:/Users/fuckm/Documents/GitHub/AIbs_Demo/Dialogue_BS/Saved/Collections/' took 0.01s
[2020.02.20-17.57.56:861][  0]LogFileCache: Scanning file cache for directory 'C:/Users/fuckm/Documents/GitHub/AIbs_Demo/Dialogue_BS/Content/Developers/fuckm/Collections/' took 0.01s
[2020.02.20-17.57.56:861][  0]LogFileCache: Scanning file cache for directory 'C:/Users/fuckm/Documents/GitHub/AIbs_Demo/Dialogue_BS/Content/Collections/' took 0.01s
[2020.02.20-17.57.56:861][  0]LogCollectionManager: Rebuilt the GUID cache for 0 collections in 0.000000 seconds
[2020.02.20-17.57.56:870][  0]LogContentBrowser: Native class hierarchy populated in 0.0095 seconds. Added 2366 classes and 522 folders.
[2020.02.20-17.57.56:930][  0]LogContentBrowser: Native class hierarchy updated for 'WidgetCarousel' in 0.0012 seconds. Added 0 classes and 0 folders.
[2020.02.20-17.57.57:235][  0]LogContentBrowser: Native class hierarchy updated for 'AddContentDialog' in 0.0012 seconds. Added 0 classes and 0 folders.
[2020.02.20-17.57.57:275][  0]LogContentBrowser: Native class hierarchy updated for 'SceneOutliner' in 0.0011 seconds. Added 1 classes and 2 folders.
[2020.02.20-17.57.57:379][  0]LogContentBrowser: Native class hierarchy updated for 'HierarchicalLODOutliner' in 0.0011 seconds. Added 1 classes and 2 folders.
[2020.02.20-17.57.57:379][  0]LogLoad: (Engine Initialization) Total time: 31.10 seconds
[2020.02.20-17.57.57:379][  0]LogLoad: (Engine Initialization) Total Blueprint compile time: 0.00 seconds
[2020.02.20-17.57.57:379][  0]LogExternalProfiler: No external profilers were discovered.  External profiling features will not be available.
[2020.02.20-17.57.57:418][  0]LogContentStreaming: Texture pool size now 1000 MB
[2020.02.20-17.57.57:424][  0]LogSlate: Took 0.005079 seconds to synchronously load lazily loaded font '../../../Engine/Content/Slate/Fonts/Roboto-Regular.ttf' (155K)
[2020.02.20-17.57.57:431][  0]LogSlate: Took 0.005329 seconds to synchronously load lazily loaded font '../../../Engine/Content/Slate/Fonts/Roboto-Bold.ttf' (160K)
[2020.02.20-17.57.57:442][  0]LogSlate: Took 0.005614 seconds to synchronously load lazily loaded font '../../../Engine/Content/Editor/Slate/Fonts/FontAwesome.ttf' (139K)
[2020.02.20-17.57.57:630][  0]LogSlate: Took 0.006582 seconds to synchronously load lazily loaded font '../../../Engine/Content/Slate/Fonts/Roboto-Light.ttf' (159K)
[2020.02.20-17.57.57:657][  1]LogAssetRegistry: Asset discovery search completed in 15.0568 seconds
[2020.02.20-17.57.57:659][  1]LogCollectionManager: Rebuilt the object cache for 0 collections in 0.000000 seconds (found 0 objects)
[2020.02.20-17.57.57:659][  1]LogCollectionManager: Fixed up redirectors for 0 collections in 0.000065 seconds (updated 0 objects)
[2020.02.20-17.57.57:687][  2]LogRenderer: Reallocating scene render targets to support 904x472 Format 10 NumSamples 1 (Frame:1).
[2020.02.20-17.58.15:667][ 69]LogSlate: Took 0.000185 seconds to synchronously load lazily loaded font '../../../Engine/Content/Slate/Fonts/Roboto-Light.ttf' (159K)
[2020.02.20-17.58.41:867][383]Candidate modules for hot reload:
[2020.02.20-17.58.41:867][383]  Dialogue_BS
[2020.02.20-17.58.41:867][383]Launching UnrealBuildTool... [D:/GameDevelopment/Engines/UE_4.18/Engine/Binaries/DotNET/UnrealBuildTool.exe Dialogue_BS -ModuleWithSuffix Dialogue_BS 1838 Win64 Development -editorrecompile -canskiplink "C:/Users/fuckm/Documents/GitHub/AIbs_Demo/Dialogue_BS/Dialogue_BS.uproject" ]
[2020.02.20-17.58.41:869][383]Warning: Starting HotReload took  0.0s.
[2020.02.20-17.59.01:230][543]CompilerResultsLog: New page: Compilation - Feb 20, 2020, 7:59:01 AM
[2020.02.20-17.59.01:231][543]CompilerResultsLog: Using 'git status' to determine working set for adaptive non-unity build.
[2020.02.20-17.59.01:231][543]CompilerResultsLog: Creating makefile for hot reloading Dialogue_BS (no existing makefile)
[2020.02.20-17.59.01:231][543]CompilerResultsLog: Compiling game modules for hot reload
[2020.02.20-17.59.01:231][543]CompilerResultsLog: Parsing headers for Dialogue_BSEditor
[2020.02.20-17.59.01:231][543]CompilerResultsLog:   Running UnrealHeaderTool "C:\Users\fuckm\Documents\GitHub\AIbs_Demo\Dialogue_BS\Dialogue_BS.uproject" "C:\Users\fuckm\Documents\GitHub\AIbs_Demo\Dialogue_BS\Intermediate\Build\Win64\Dialogue_BSEditor\Development\Dialogue_BSEditor.uhtmanifest" -LogCmds="loginit warning, logexit warning, logdatabase error" -Unattended -WarningsAsErrors -installed
[2020.02.20-17.59.01:231][543]CompilerResultsLog: Error: C:/Users/fuckm/Documents/GitHub/AIbs_Demo/Dialogue_BS/Source/Dialogue_BS/Public/PresetModifier.h(60)  : Error: Expected an include at the top of the header: '#include "PresetModifier.generated.h"'
[2020.02.20-17.59.01:231][543]CompilerResultsLog: Error: UnrealHeaderTool failed for target 'Dialogue_BSEditor' (platform: Win64, module info: C:\Users\fuckm\Documents\GitHub\AIbs_Demo\Dialogue_BS\Intermediate\Build\Win64\Dialogue_BSEditor\Development\Dialogue_BSEditor.uhtmanifest, exit code: OtherCompilationError (5)).
[2020.02.20-17.59.01:231][543]LogMainFrame: MainFrame: Module compiling took 19.370 seconds
[2020.02.20-17.59.01:231][543]Warning: HotReload failed, recompile failed
[2020.02.20-18.01.29:971][466]Candidate modules for hot reload:
[2020.02.20-18.01.29:972][466]  Dialogue_BS
[2020.02.20-18.01.29:972][466]Launching UnrealBuildTool... [D:/GameDevelopment/Engines/UE_4.18/Engine/Binaries/DotNET/UnrealBuildTool.exe Dialogue_BS -ModuleWithSuffix Dialogue_BS 7615 Win64 Development -editorrecompile -canskiplink "C:/Users/fuckm/Documents/GitHub/AIbs_Demo/Dialogue_BS/Dialogue_BS.uproject" ]
[2020.02.20-18.01.29:976][466]Warning: Starting HotReload took  0.0s.
[2020.02.20-18.01.43:708][605]CompilerResultsLog: New page: Compilation - Feb 20, 2020, 8:01:43 AM
[2020.02.20-18.01.43:708][605]CompilerResultsLog: Using 'git status' to determine working set for adaptive non-unity build.
[2020.02.20-18.01.43:708][605]CompilerResultsLog: Creating makefile for hot reloading Dialogue_BS (no existing makefile)
[2020.02.20-18.01.43:708][605]CompilerResultsLog: Compiling game modules for hot reload
[2020.02.20-18.01.43:708][605]CompilerResultsLog: Parsing headers for Dialogue_BSEditor
[2020.02.20-18.01.43:708][605]CompilerResultsLog:   Running UnrealHeaderTool "C:\Users\fuckm\Documents\GitHub\AIbs_Demo\Dialogue_BS\Dialogue_BS.uproject" "C:\Users\fuckm\Documents\GitHub\AIbs_Demo\Dialogue_BS\Intermediate\Build\Win64\Dialogue_BSEditor\Development\Dialogue_BSEditor.uhtmanifest" -LogCmds="loginit warning, logexit warning, logdatabase error" -Unattended -WarningsAsErrors -installed
[2020.02.20-18.01.43:708][605]CompilerResultsLog: Error: C:/Users/fuckm/Documents/GitHub/AIbs_Demo/Dialogue_BS/Source/Dialogue_BS/Public/PresetModifier.h(60)  : Error: Expected an include at the top of the header: '#include "PresetModifier.generated.h"'
[2020.02.20-18.01.43:708][605]CompilerResultsLog: Error: UnrealHeaderTool failed for target 'Dialogue_BSEditor' (platform: Win64, module info: C:\Users\fuckm\Documents\GitHub\AIbs_Demo\Dialogue_BS\Intermediate\Build\Win64\Dialogue_BSEditor\Development\Dialogue_BSEditor.uhtmanifest, exit code: OtherCompilationError (5)).
[2020.02.20-18.01.43:708][605]LogMainFrame: MainFrame: Module compiling took 13.742 seconds
[2020.02.20-18.01.43:708][605]Warning: HotReload failed, recompile failed
[2020.02.20-18.02.14:433][184]Candidate modules for hot reload:
[2020.02.20-18.02.14:433][184]  Dialogue_BS
[2020.02.20-18.02.14:433][184]Launching UnrealBuildTool... [D:/GameDevelopment/Engines/UE_4.18/Engine/Binaries/DotNET/UnrealBuildTool.exe Dialogue_BS -ModuleWithSuffix Dialogue_BS 1059 Win64 Development -editorrecompile -canskiplink "C:/Users/fuckm/Documents/GitHub/AIbs_Demo/Dialogue_BS/Dialogue_BS.uproject" ]
[2020.02.20-18.02.14:436][184]Warning: Starting HotReload took  0.0s.
[2020.02.20-18.02.35:834][468]CompilerResultsLog: New page: Compilation - Feb 20, 2020, 8:02:35 AM
[2020.02.20-18.02.35:834][468]CompilerResultsLog: Using 'git status' to determine working set for adaptive non-unity build.
[2020.02.20-18.02.35:834][468]CompilerResultsLog: Creating makefile for hot reloading Dialogue_BS (no existing makefile)
[2020.02.20-18.02.35:834][468]CompilerResultsLog: Compiling game modules for hot reload
[2020.02.20-18.02.35:834][468]CompilerResultsLog: Parsing headers for Dialogue_BSEditor
[2020.02.20-18.02.35:834][468]CompilerResultsLog:   Running UnrealHeaderTool "C:\Users\fuckm\Documents\GitHub\AIbs_Demo\Dialogue_BS\Dialogue_BS.uproject" "C:\Users\fuckm\Documents\GitHub\AIbs_Demo\Dialogue_BS\Intermediate\Build\Win64\Dialogue_BSEditor\Development\Dialogue_BSEditor.uhtmanifest" -LogCmds="loginit warning, logexit warning, logdatabase error" -Unattended -WarningsAsErrors -installed
[2020.02.20-18.02.35:834][468]CompilerResultsLog: Reflection code generated for Dialogue_BSEditor in 12.6192207 seconds
[2020.02.20-18.02.35:834][468]CompilerResultsLog: Performing 7 actions (4 in parallel)
[2020.02.20-18.02.35:834][468]CompilerResultsLog: PresetModifier.cpp
[2020.02.20-18.02.35:834][468]CompilerResultsLog: Modifier.gen.cpp
[2020.02.20-18.02.35:834][468]CompilerResultsLog: MyClass.cpp
[2020.02.20-18.02.35:834][468]CompilerResultsLog: Dialogue_BS.init.gen.cpp
[2020.02.20-18.02.35:834][468]CompilerResultsLog: Error: C:\Users\fuckm\Documents\GitHub\AIbs_Demo\Dialogue_BS\Source\Dialogue_BS\Private\MyClass.cpp(3) : fatal error C1083: Cannot open include file: 'MyClass.h': No such file or directory
[2020.02.20-18.02.35:834][468]CompilerResultsLog: PresetModifier.gen.cpp
[2020.02.20-18.02.35:834][468]CompilerResultsLog: Error: C:\Users\fuckm\Documents\GitHub\AIbs_Demo\Dialogue_BS\Source\Dialogue_BS\Public\PresetModifier.h(8) : fatal error C1083: Cannot open include file: 'Modifiers.h': No such file or directory
[2020.02.20-18.02.35:834][468]CompilerResultsLog: Error: C:\Users\fuckm\Documents\GitHub\AIbs_Demo\Dialogue_BS\Source\Dialogue_BS\Public/PresetModifier.h(8) : fatal error C1083: Cannot open include file: 'Modifiers.h': No such file or directory
[2020.02.20-18.02.35:834][468]CompilerResultsLog: ERROR: UBT ERROR: Failed to produce item: C:\Users\fuckm\Documents\GitHub\AIbs_Demo\Dialogue_BS\Binaries\Win64\UE4Editor-Dialogue_BS-1059.dll
[2020.02.20-18.02.35:834][468]CompilerResultsLog: Total build time: 21.08 seconds (Local executor: 0.00 seconds)
[2020.02.20-18.02.35:834][468]LogMainFrame: MainFrame: Module compiling took 21.407 seconds
[2020.02.20-18.02.35:834][468]Warning: HotReload failed, recompile failed
[2020.02.20-18.26.21:327][102]Candidate modules for hot reload:
[2020.02.20-18.26.21:327][102]  Dialogue_BS
[2020.02.20-18.26.21:327][102]Launching UnrealBuildTool... [D:/GameDevelopment/Engines/UE_4.18/Engine/Binaries/DotNET/UnrealBuildTool.exe Dialogue_BS -ModuleWithSuffix Dialogue_BS 8317 Win64 Development -editorrecompile -canskiplink "C:/Users/fuckm/Documents/GitHub/AIbs_Demo/Dialogue_BS/Dialogue_BS.uproject" ]
[2020.02.20-18.26.21:330][102]Warning: Starting HotReload took  0.0s.
[2020.02.20-18.26.38:291][119]CompilerResultsLog: New page: Compilation - Feb 20, 2020, 8:26:38 AM
[2020.02.20-18.26.38:292][119]CompilerResultsLog: Using 'git status' to determine working set for adaptive non-unity build.
[2020.02.20-18.26.38:292][119]CompilerResultsLog: Compiling game modules for hot reload
[2020.02.20-18.26.38:292][119]CompilerResultsLog: Parsing headers for Dialogue_BSEditor
[2020.02.20-18.26.38:292][119]CompilerResultsLog:   Running UnrealHeaderTool "C:\Users\fuckm\Documents\GitHub\AIbs_Demo\Dialogue_BS\Dialogue_BS.uproject" "C:\Users\fuckm\Documents\GitHub\AIbs_Demo\Dialogue_BS\Intermediate\Build\Win64\Dialogue_BSEditor\Development\Dialogue_BSEditor.uhtmanifest" -LogCmds="loginit warning, logexit warning, logdatabase error" -Unattended -WarningsAsErrors -installed
[2020.02.20-18.26.38:292][119]CompilerResultsLog: Reflection code generated for Dialogue_BSEditor in 12.7350406 seconds
[2020.02.20-18.26.38:292][119]CompilerResultsLog: Performing 6 actions (4 in parallel)
[2020.02.20-18.26.38:292][119]CompilerResultsLog: PresetModifier.cpp
[2020.02.20-18.26.38:292][119]CompilerResultsLog: PresetModifier.gen.cpp
[2020.02.20-18.26.38:292][119]CompilerResultsLog: Dialogue_BS.init.gen.cpp
[2020.02.20-18.26.38:292][119]CompilerResultsLog: MyClass.cpp
[2020.02.20-18.26.38:292][119]CompilerResultsLog: c1xx: fatal error C1083: Cannot open source file: 'C:\Users\fuckm\Documents\GitHub\AIbs_Demo\Dialogue_BS\Source\Dialogue_BS\Private\MyClass.cpp': No such file or directory
[2020.02.20-18.26.38:292][119]CompilerResultsLog: Error: C:\Users\fuckm\Documents\GitHub\AIbs_Demo\Dialogue_BS\Source\Dialogue_BS\Private\PresetModifier.cpp(117) : error C2065: 'base': undeclared identifier
[2020.02.20-18.26.38:292][119]CompilerResultsLog: Error: C:\Users\fuckm\Documents\GitHub\AIbs_Demo\Dialogue_BS\Source\Dialogue_BS\Private\PresetModifier.cpp(118) : error C2065: 'base': undeclared identifier
[2020.02.20-18.26.38:292][119]CompilerResultsLog: Error: C:\Users\fuckm\Documents\GitHub\AIbs_Demo\Dialogue_BS\Source\Dialogue_BS\Private\PresetModifier.cpp(119) : error C2065: 'base': undeclared identifier
[2020.02.20-18.26.38:292][119]CompilerResultsLog: Error: C:\Users\fuckm\Documents\GitHub\AIbs_Demo\Dialogue_BS\Source\Dialogue_BS\Private\PresetModifier.cpp(120) : error C2065: 'base': undeclared identifier
[2020.02.20-18.26.38:292][119]CompilerResultsLog: Error: C:\Users\fuckm\Documents\GitHub\AIbs_Demo\Dialogue_BS\Source\Dialogue_BS\Private\PresetModifier.cpp(122) : error C2065: 'base': undeclared identifier
[2020.02.20-18.26.38:293][119]CompilerResultsLog: Error: C:\Users\fuckm\Documents\GitHub\AIbs_Demo\Dialogue_BS\Source\Dialogue_BS\Private\PresetModifier.cpp(123) : error C2065: 'base': undeclared identifier
[2020.02.20-18.26.38:293][119]CompilerResultsLog: Error: C:\Users\fuckm\Documents\GitHub\AIbs_Demo\Dialogue_BS\Source\Dialogue_BS\Private\PresetModifier.cpp(124) : error C2065: 'base': undeclared identifier
[2020.02.20-18.26.38:293][119]CompilerResultsLog: Error: C:\Users\fuckm\Documents\GitHub\AIbs_Demo\Dialogue_BS\Source\Dialogue_BS\Private\PresetModifier.cpp(125) : error C2065: 'base': undeclared identifier
[2020.02.20-18.26.38:293][119]CompilerResultsLog: Error: C:\Users\fuckm\Documents\GitHub\AIbs_Demo\Dialogue_BS\Source\Dialogue_BS\Private\PresetModifier.cpp(130) : error C2065: 'base': undeclared identifier
[2020.02.20-18.26.38:293][119]CompilerResultsLog: Error: C:\Users\fuckm\Documents\GitHub\AIbs_Demo\Dialogue_BS\Source\Dialogue_BS\Private\PresetModifier.cpp(131) : error C2065: 'base': undeclared identifier
[2020.02.20-18.26.38:293][119]CompilerResultsLog: Error: C:\Users\fuckm\Documents\GitHub\AIbs_Demo\Dialogue_BS\Source\Dialogue_BS\Private\PresetModifier.cpp(136) : error C2065: 'base': undeclared identifier
[2020.02.20-18.26.38:293][119]CompilerResultsLog: Error: C:\Users\fuckm\Documents\GitHub\AIbs_Demo\Dialogue_BS\Source\Dialogue_BS\Private\PresetModifier.cpp(137) : error C2065: 'base': undeclared identifier
[2020.02.20-18.26.38:293][119]CompilerResultsLog: Error: C:\Users\fuckm\Documents\GitHub\AIbs_Demo\Dialogue_BS\Source\Dialogue_BS\Private\PresetModifier.cpp(138) : error C2065: 'base': undeclared identifier
[2020.02.20-18.26.38:293][119]CompilerResultsLog: Error: C:\Users\fuckm\Documents\GitHub\AIbs_Demo\Dialogue_BS\Source\Dialogue_BS\Private\PresetModifier.cpp(139) : error C2065: 'base': undeclared identifier
[2020.02.20-18.26.38:293][119]CompilerResultsLog: Error: C:\Users\fuckm\Documents\GitHub\AIbs_Demo\Dialogue_BS\Source\Dialogue_BS\Private\PresetModifier.cpp(144) : error C2065: 'base': undeclared identifier
[2020.02.20-18.26.38:293][119]CompilerResultsLog: Error: C:\Users\fuckm\Documents\GitHub\AIbs_Demo\Dialogue_BS\Source\Dialogue_BS\Private\PresetModifier.cpp(145) : error C2065: 'base': undeclared identifier
[2020.02.20-18.26.38:293][119]CompilerResultsLog: Error: C:\Users\fuckm\Documents\GitHub\AIbs_Demo\Dialogue_BS\Source\Dialogue_BS\Private\PresetModifier.cpp(146) : error C2065: 'base': undeclared identifier
[2020.02.20-18.26.38:293][119]CompilerResultsLog: Error: C:\Users\fuckm\Documents\GitHub\AIbs_Demo\Dialogue_BS\Source\Dialogue_BS\Private\PresetModifier.cpp(147) : error C2065: 'base': undeclared identifier
[2020.02.20-18.26.38:293][119]CompilerResultsLog: Error: C:\Users\fuckm\Documents\GitHub\AIbs_Demo\Dialogue_BS\Source\Dialogue_BS\Private\PresetModifier.cpp(148) : error C2065: 'base': undeclared identifier
[2020.02.20-18.26.38:293][119]CompilerResultsLog: ERROR: UBT ERROR: Failed to produce item: C:\Users\fuckm\Documents\GitHub\AIbs_Demo\Dialogue_BS\Binaries\Win64\UE4Editor-Dialogue_BS-8317.dll
[2020.02.20-18.26.38:293][119]CompilerResultsLog: Total build time: 16.66 seconds (Local executor: 0.00 seconds)
[2020.02.20-18.26.38:293][119]LogMainFrame: MainFrame: Module compiling took 16.972 seconds
[2020.02.20-18.26.38:294][119]Warning: HotReload failed, recompile failed
[2020.02.20-18.50.20:221][871]Candidate modules for hot reload:
[2020.02.20-18.50.20:221][871]  Dialogue_BS
[2020.02.20-18.50.20:221][871]Launching UnrealBuildTool... [D:/GameDevelopment/Engines/UE_4.18/Engine/Binaries/DotNET/UnrealBuildTool.exe Dialogue_BS -ModuleWithSuffix Dialogue_BS 2712 Win64 Development -editorrecompile -canskiplink "C:/Users/fuckm/Documents/GitHub/AIbs_Demo/Dialogue_BS/Dialogue_BS.uproject" ]
[2020.02.20-18.50.20:223][871]Warning: Starting HotReload took  0.0s.
[2020.02.20-18.50.36:121][823]CompilerResultsLog: New page: Compilation - Feb 20, 2020, 8:50:36 AM
[2020.02.20-18.50.36:122][823]CompilerResultsLog: Using 'git status' to determine working set for adaptive non-unity build.
[2020.02.20-18.50.36:122][823]CompilerResultsLog: Compiling game modules for hot reload
[2020.02.20-18.50.36:122][823]CompilerResultsLog: Parsing headers for Dialogue_BSEditor
[2020.02.20-18.50.36:122][823]CompilerResultsLog:   Running UnrealHeaderTool "C:\Users\fuckm\Documents\GitHub\AIbs_Demo\Dialogue_BS\Dialogue_BS.uproject" "C:\Users\fuckm\Documents\GitHub\AIbs_Demo\Dialogue_BS\Intermediate\Build\Win64\Dialogue_BSEditor\Development\Dialogue_BSEditor.uhtmanifest" -LogCmds="loginit warning, logexit warning, logdatabase error" -Unattended -WarningsAsErrors -installed
[2020.02.20-18.50.36:122][823]CompilerResultsLog: Reflection code generated for Dialogue_BSEditor in 12.5165442 seconds
[2020.02.20-18.50.36:122][823]CompilerResultsLog: Performing 5 actions (4 in parallel)
[2020.02.20-18.50.36:122][823]CompilerResultsLog: MyClass.cpp
[2020.02.20-18.50.36:122][823]CompilerResultsLog: PresetModifier.cpp
[2020.02.20-18.50.36:122][823]CompilerResultsLog: PresetModifier.gen.cpp
[2020.02.20-18.50.36:122][823]CompilerResultsLog: c1xx: fatal error C1083: Cannot open source file: 'C:\Users\fuckm\Documents\GitHub\AIbs_Demo\Dialogue_BS\Source\Dialogue_BS\Private\MyClass.cpp': No such file or directory
[2020.02.20-18.50.36:122][823]CompilerResultsLog: Error: C:\Users\fuckm\Documents\GitHub\AIbs_Demo\Dialogue_BS\Source\Dialogue_BS\Public\PresetModifier.h(19) : error C3646: 'base': unknown override specifier
[2020.02.20-18.50.36:122][823]CompilerResultsLog: Error: C:\Users\fuckm\Documents\GitHub\AIbs_Demo\Dialogue_BS\Source\Dialogue_BS\Public\PresetModifier.h(19) : error C4430: missing type specifier - int assumed. Note: C++ does not support default-int
[2020.02.20-18.50.36:122][823]CompilerResultsLog: Error: C:\Users\fuckm\Documents\GitHub\AIbs_Demo\Dialogue_BS\Source\Dialogue_BS\Private\PresetModifier.cpp(117) : error C2065: 'base': undeclared identifier
[2020.02.20-18.50.36:122][823]CompilerResultsLog: Error: C:\Users\fuckm\Documents\GitHub\AIbs_Demo\Dialogue_BS\Source\Dialogue_BS\Private\PresetModifier.cpp(118) : error C2065: 'base': undeclared identifier
[2020.02.20-18.50.36:122][823]CompilerResultsLog: Error: C:\Users\fuckm\Documents\GitHub\AIbs_Demo\Dialogue_BS\Source\Dialogue_BS\Private\PresetModifier.cpp(119) : error C2065: 'base': undeclared identifier
[2020.02.20-18.50.36:122][823]CompilerResultsLog: Error: C:\Users\fuckm\Documents\GitHub\AIbs_Demo\Dialogue_BS\Source\Dialogue_BS\Private\PresetModifier.cpp(120) : error C2065: 'base': undeclared identifier
[2020.02.20-18.50.36:122][823]CompilerResultsLog: Error: C:\Users\fuckm\Documents\GitHub\AIbs_Demo\Dialogue_BS\Source\Dialogue_BS\Private\PresetModifier.cpp(122) : error C2065: 'base': undeclared identifier
[2020.02.20-18.50.36:122][823]CompilerResultsLog: Error: C:\Users\fuckm\Documents\GitHub\AIbs_Demo\Dialogue_BS\Source\Dialogue_BS\Private\PresetModifier.cpp(123) : error C2065: 'base': undeclared identifier
[2020.02.20-18.50.36:123][823]CompilerResultsLog: Error: C:\Users\fuckm\Documents\GitHub\AIbs_Demo\Dialogue_BS\Source\Dialogue_BS\Private\PresetModifier.cpp(124) : error C2065: 'base': undeclared identifier
[2020.02.20-18.50.36:123][823]CompilerResultsLog: Error: C:\Users\fuckm\Documents\GitHub\AIbs_Demo\Dialogue_BS\Source\Dialogue_BS\Private\PresetModifier.cpp(125) : error C2065: 'base': undeclared identifier
[2020.02.20-18.50.36:123][823]CompilerResultsLog: Error: C:\Users\fuckm\Documents\GitHub\AIbs_Demo\Dialogue_BS\Source\Dialogue_BS\Private\PresetModifier.cpp(130) : error C2065: 'base': undeclared identifier
[2020.02.20-18.50.36:123][823]CompilerResultsLog: Error: C:\Users\fuckm\Documents\GitHub\AIbs_Demo\Dialogue_BS\Source\Dialogue_BS\Private\PresetModifier.cpp(131) : error C2065: 'base': undeclared identifier
[2020.02.20-18.50.36:123][823]CompilerResultsLog: Error: C:\Users\fuckm\Documents\GitHub\AIbs_Demo\Dialogue_BS\Source\Dialogue_BS\Private\PresetModifier.cpp(136) : error C2065: 'base': undeclared identifier
[2020.02.20-18.50.36:123][823]CompilerResultsLog: Error: C:\Users\fuckm\Documents\GitHub\AIbs_Demo\Dialogue_BS\Source\Dialogue_BS\Private\PresetModifier.cpp(137) : error C2065: 'base': undeclared identifier
[2020.02.20-18.50.36:123][823]CompilerResultsLog: Error: C:\Users\fuckm\Documents\GitHub\AIbs_Demo\Dialogue_BS\Source\Dialogue_BS\Private\PresetModifier.cpp(138) : error C2065: 'base': undeclared identifier
[2020.02.20-18.50.36:123][823]CompilerResultsLog: Error: C:\Users\fuckm\Documents\GitHub\AIbs_Demo\Dialogue_BS\Source\Dialogue_BS\Private\PresetModifier.cpp(139) : error C2065: 'base': undeclared identifier
[2020.02.20-18.50.36:123][823]CompilerResultsLog: Error: C:\Users\fuckm\Documents\GitHub\AIbs_Demo\Dialogue_BS\Source\Dialogue_BS\Private\PresetModifier.cpp(144) : error C2065: 'base': undeclared identifier
[2020.02.20-18.50.36:123][823]CompilerResultsLog: Error: C:\Users\fuckm\Documents\GitHub\AIbs_Demo\Dialogue_BS\Source\Dialogue_BS\Private\PresetModifier.cpp(145) : error C2065: 'base': undeclared identifier
[2020.02.20-18.50.36:123][823]CompilerResultsLog: Error: C:\Users\fuckm\Documents\GitHub\AIbs_Demo\Dialogue_BS\Source\Dialogue_BS\Private\PresetModifier.cpp(146) : error C2065: 'base': undeclared identifier
[2020.02.20-18.50.36:123][823]CompilerResultsLog: Error: C:\Users\fuckm\Documents\GitHub\AIbs_Demo\Dialogue_BS\Source\Dialogue_BS\Private\PresetModifier.cpp(147) : error C2065: 'base': undeclared identifier
[2020.02.20-18.50.36:123][823]CompilerResultsLog: Error: C:\Users\fuckm\Documents\GitHub\AIbs_Demo\Dialogue_BS\Source\Dialogue_BS\Private\PresetModifier.cpp(148) : error C2065: 'base': undeclared identifier
[2020.02.20-18.50.36:123][823]CompilerResultsLog: Error: C:\Users\fuckm\Documents\GitHub\AIbs_Demo\Dialogue_BS\Source\Dialogue_BS\Public/PresetModifier.h(19) : error C3646: 'base': unknown override specifier
[2020.02.20-18.50.36:123][823]CompilerResultsLog: Error: C:\Users\fuckm\Documents\GitHub\AIbs_Demo\Dialogue_BS\Source\Dialogue_BS\Public/PresetModifier.h(19) : error C4430: missing type specifier - int assumed. Note: C++ does not support default-int
[2020.02.20-18.50.36:123][823]CompilerResultsLog: ERROR: UBT ERROR: Failed to produce item: C:\Users\fuckm\Documents\GitHub\AIbs_Demo\Dialogue_BS\Binaries\Win64\UE4Editor-Dialogue_BS-2712.dll
[2020.02.20-18.50.36:123][823]CompilerResultsLog: Total build time: 15.60 seconds (Local executor: 0.00 seconds)
[2020.02.20-18.50.36:123][823]LogMainFrame: MainFrame: Module compiling took 15.909 seconds
[2020.02.20-18.50.36:123][823]Warning: HotReload failed, recompile failed
[2020.02.20-18.52.06:928][558]Candidate modules for hot reload:
[2020.02.20-18.52.06:928][558]  Dialogue_BS
[2020.02.20-18.52.06:928][558]Launching UnrealBuildTool... [D:/GameDevelopment/Engines/UE_4.18/Engine/Binaries/DotNET/UnrealBuildTool.exe Dialogue_BS -ModuleWithSuffix Dialogue_BS 1199 Win64 Development -editorrecompile -canskiplink "C:/Users/fuckm/Documents/GitHub/AIbs_Demo/Dialogue_BS/Dialogue_BS.uproject" ]
[2020.02.20-18.52.06:930][558]Warning: Starting HotReload took  0.0s.
[2020.02.20-18.52.24:149][591]CompilerResultsLog: New page: Compilation - Feb 20, 2020, 8:52:24 AM
[2020.02.20-18.52.24:149][591]CompilerResultsLog: Using 'git status' to determine working set for adaptive non-unity build.
[2020.02.20-18.52.24:149][591]CompilerResultsLog: Compiling game modules for hot reload
[2020.02.20-18.52.24:149][591]CompilerResultsLog: Parsing headers for Dialogue_BSEditor
[2020.02.20-18.52.24:149][591]CompilerResultsLog:   Running UnrealHeaderTool "C:\Users\fuckm\Documents\GitHub\AIbs_Demo\Dialogue_BS\Dialogue_BS.uproject" "C:\Users\fuckm\Documents\GitHub\AIbs_Demo\Dialogue_BS\Intermediate\Build\Win64\Dialogue_BSEditor\Development\Dialogue_BSEditor.uhtmanifest" -LogCmds="loginit warning, logexit warning, logdatabase error" -Unattended -WarningsAsErrors -installed
[2020.02.20-18.52.24:149][591]CompilerResultsLog: Reflection code generated for Dialogue_BSEditor in 12.8077019 seconds
[2020.02.20-18.52.24:149][591]CompilerResultsLog: Performing 5 actions (4 in parallel)
[2020.02.20-18.52.24:149][591]CompilerResultsLog: PresetModifier.gen.cpp
[2020.02.20-18.52.24:149][591]CompilerResultsLog: MyClass.cpp
[2020.02.20-18.52.24:149][591]CompilerResultsLog: PresetModifier.cpp
[2020.02.20-18.52.24:149][591]CompilerResultsLog: c1xx: fatal error C1083: Cannot open source file: 'C:\Users\fuckm\Documents\GitHub\AIbs_Demo\Dialogue_BS\Source\Dialogue_BS\Private\MyClass.cpp': No such file or directory
[2020.02.20-18.52.24:150][591]CompilerResultsLog: Error: c:\users\fuckm\documents\github\aibs_demo\dialogue_bs\source\dialogue_bs\private\presetmodifier.cpp(332)  : warning C4701: potentially uninitialized local variable 'weight' used
[2020.02.20-18.52.24:150][591]CompilerResultsLog: ERROR: UBT ERROR: Failed to produce item: C:\Users\fuckm\Documents\GitHub\AIbs_Demo\Dialogue_BS\Binaries\Win64\UE4Editor-Dialogue_BS-1199.dll
[2020.02.20-18.52.24:150][591]CompilerResultsLog: Total build time: 16.90 seconds (Local executor: 0.00 seconds)
[2020.02.20-18.52.24:150][591]LogMainFrame: MainFrame: Module compiling took 17.229 seconds
[2020.02.20-18.52.24:150][591]Warning: HotReload failed, recompile failed
[2020.02.20-18.55.02:274][106]Candidate modules for hot reload:
[2020.02.20-18.55.02:274][106]  Dialogue_BS
[2020.02.20-18.55.02:274][106]Launching UnrealBuildTool... [D:/GameDevelopment/Engines/UE_4.18/Engine/Binaries/DotNET/UnrealBuildTool.exe Dialogue_BS -ModuleWithSuffix Dialogue_BS 9350 Win64 Development -editorrecompile -canskiplink "C:/Users/fuckm/Documents/GitHub/AIbs_Demo/Dialogue_BS/Dialogue_BS.uproject" ]
[2020.02.20-18.55.02:279][106]Warning: Starting HotReload took  0.0s.
[2020.02.20-18.55.03:923][205]CompilerResultsLog: New page: Compilation - Feb 20, 2020, 8:55:03 AM
[2020.02.20-18.55.03:923][205]CompilerResultsLog: Using 'git status' to determine working set for adaptive non-unity build.
[2020.02.20-18.55.03:923][205]CompilerResultsLog: Compiling game modules for hot reload
[2020.02.20-18.55.03:923][205]CompilerResultsLog: Performing 3 actions (4 in parallel)
[2020.02.20-18.55.03:923][205]CompilerResultsLog: MyClass.cpp
[2020.02.20-18.55.03:923][205]CompilerResultsLog: c1xx: fatal error C1083: Cannot open source file: 'C:\Users\fuckm\Documents\GitHub\AIbs_Demo\Dialogue_BS\Source\Dialogue_BS\Private\MyClass.cpp': No such file or directory
[2020.02.20-18.55.03:923][205]CompilerResultsLog: ERROR: UBT ERROR: Failed to produce item: C:\Users\fuckm\Documents\GitHub\AIbs_Demo\Dialogue_BS\Binaries\Win64\UE4Editor-Dialogue_BS-9350.dll
[2020.02.20-18.55.03:923][205]CompilerResultsLog: Total build time: 1.36 seconds (Local executor: 0.00 seconds)
[2020.02.20-18.55.03:923][205]LogMainFrame: MainFrame: Module compiling took 1.653 seconds
[2020.02.20-18.55.03:923][205]Warning: HotReload failed, recompile failed
[2020.02.20-19.05.04:076][210]Candidate modules for hot reload:
[2020.02.20-19.05.04:076][210]  Dialogue_BS
[2020.02.20-19.05.04:076][210]Launching UnrealBuildTool... [D:/GameDevelopment/Engines/UE_4.18/Engine/Binaries/DotNET/UnrealBuildTool.exe Dialogue_BS -ModuleWithSuffix Dialogue_BS 1181 Win64 Development -editorrecompile -canskiplink "C:/Users/fuckm/Documents/GitHub/AIbs_Demo/Dialogue_BS/Dialogue_BS.uproject" ]
[2020.02.20-19.05.04:078][210]Warning: Starting HotReload took  0.0s.
[2020.02.20-19.05.05:706][308]CompilerResultsLog: New page: Compilation - Feb 20, 2020, 9:05:05 AM
[2020.02.20-19.05.05:706][308]CompilerResultsLog: Using 'git status' to determine working set for adaptive non-unity build.
[2020.02.20-19.05.05:706][308]CompilerResultsLog: Compiling game modules for hot reload
[2020.02.20-19.05.05:706][308]CompilerResultsLog: Performing 3 actions (4 in parallel)
[2020.02.20-19.05.05:706][308]CompilerResultsLog: MyClass.cpp
[2020.02.20-19.05.05:706][308]CompilerResultsLog: c1xx: fatal error C1083: Cannot open source file: 'C:\Users\fuckm\Documents\GitHub\AIbs_Demo\Dialogue_BS\Source\Dialogue_BS\Private\MyClass.cpp': No such file or directory
[2020.02.20-19.05.05:706][308]CompilerResultsLog: ERROR: UBT ERROR: Failed to produce item: C:\Users\fuckm\Documents\GitHub\AIbs_Demo\Dialogue_BS\Binaries\Win64\UE4Editor-Dialogue_BS-1181.dll
[2020.02.20-19.05.05:706][308]CompilerResultsLog: Total build time: 1.35 seconds (Local executor: 0.00 seconds)
[2020.02.20-19.05.05:706][308]LogMainFrame: MainFrame: Module compiling took 1.635 seconds
[2020.02.20-19.05.05:706][308]Warning: HotReload failed, recompile failed
[2020.02.20-19.40.46:619][279]LogSlate: Took 0.000286 seconds to synchronously load lazily loaded font '../../../Engine/Content/Slate/Fonts/Roboto-Light.ttf' (159K)
[2020.02.20-19.47.24:703][281]LogD3D11RHI: Timed out while waiting for GPU to catch up. (0.5 s)
[2020.02.20-19.49.02:762][798]LogD3D11RHI: Timed out while waiting for GPU to catch up. (0.5 s)
[2020.02.20-19.50.46:730][303]LogD3D11RHI: Timed out while waiting for GPU to catch up. (0.5 s)
[2020.02.20-19.52.24:871][758]LogD3D11RHI: Timed out while waiting for GPU to catch up. (0.5 s)
[2020.02.20-20.09.35:136][286]LogD3D11RHI: Timed out while waiting for GPU to catch up. (0.5 s)
[2020.02.20-20.17.06:337][633]LogD3D11RHI: Timed out while waiting for GPU to catch up. (0.5 s)
[2020.02.20-20.20.20:915][267]LogD3D11RHI: Timed out while waiting for GPU to catch up. (0.5 s)
[2020.02.20-20.31.05:200][557]LogD3D11RHI: Timed out while waiting for GPU to catch up. (0.5 s)
[2020.02.20-20.37.39:609][832]LogD3D11RHI: Timed out while waiting for GPU to catch up. (0.5 s)
[2020.02.20-20.50.46:995][667]LogD3D11RHI: Timed out while waiting for GPU to catch up. (0.5 s)
[2020.02.20-20.56.24:759][350]LogD3D11RHI: Timed out while waiting for GPU to catch up. (0.5 s)
[2020.02.20-21.05.22:685][180]LogD3D11RHI: Timed out while waiting for GPU to catch up. (0.5 s)
[2020.02.20-21.11.08:589][928]LogD3D11RHI: Timed out while waiting for GPU to catch up. (0.5 s)
[2020.02.20-21.14.20:826][ 73]LogD3D11RHI: Timed out while waiting for GPU to catch up. (0.5 s)
[2020.02.20-21.16.37:293][780]LogD3D11RHI: Timed out while waiting for GPU to catch up. (0.5 s)
[2020.02.20-21.17.23:311][988]LogD3D11RHI: Timed out while waiting for GPU to catch up. (0.5 s)
[2020.02.20-21.22.39:277][606]LogD3D11RHI: Timed out while waiting for GPU to catch up. (0.5 s)
[2020.02.20-21.23.10:807][746]LogD3D11RHI: Timed out while waiting for GPU to catch up. (0.5 s)
[2020.02.20-21.38.21:136][696]LogD3D11RHI: Timed out while waiting for GPU to catch up. (0.5 s)
[2020.02.20-21.44.12:761][633]LogD3D11RHI: Timed out while waiting for GPU to catch up. (0.5 s)
[2020.02.20-21.44.42:714][763]LogD3D11RHI: Timed out while waiting for GPU to catch up. (0.5 s)
[2020.02.20-21.56.02:700][192]LogD3D11RHI: Timed out while waiting for GPU to catch up. (0.5 s)
[2020.02.20-21.56.29:510][334]LogD3D11RHI: Timed out while waiting for GPU to catch up. (0.5 s)
[2020.02.20-21.58.53:954][222]LogD3D11RHI: Timed out while waiting for GPU to catch up. (0.5 s)
[2020.02.20-22.03.22:496][570]LogD3D11RHI: Timed out while waiting for GPU to catch up. (0.5 s)
[2020.02.20-22.13.09:513][637]LogD3D11RHI: Timed out while waiting for GPU to catch up. (0.5 s)
[2020.02.20-22.13.34:639][795]LogD3D11RHI: Timed out while waiting for GPU to catch up. (0.5 s)
[2020.02.20-22.16.22:573][785]LogD3D11RHI: Timed out while waiting for GPU to catch up. (0.5 s)
[2020.02.20-22.25.50:279][660]LogD3D11RHI: Timed out while waiting for GPU to catch up. (0.5 s)
[2020.02.20-22.27.57:712][283]LogD3D11RHI: Timed out while waiting for GPU to catch up. (0.5 s)
[2020.02.20-22.29.57:750][934]LogD3D11RHI: Timed out while waiting for GPU to catch up. (0.5 s)
[2020.02.20-22.34.28:264][308]LogD3D11RHI: Timed out while waiting for GPU to catch up. (0.5 s)
[2020.02.20-22.39.27:271][816]LogWindowsTextInputMethodSystem: Display: IME system now deactivated.
[2020.02.20-22.39.27:480][817]Cmd: QUIT_EDITOR
[2020.02.20-22.39.27:518][817]LogExit: Preparing to exit.
[2020.02.20-22.39.28:055][817]LogExit: Editor shut down
[2020.02.20-22.39.28:070][817]LogExit: Transaction tracking system shut down
[2020.02.20-22.39.28:217][817]LogDirectoryWatcher: A directory notification for '../../../Engine/Content/' was aborted.
[2020.02.20-22.39.28:217][817]LogDirectoryWatcher: A directory notification for 'C:/Users/fuckm/Documents/GitHub/AIbs_Demo/Dialogue_BS/Content/' was aborted.
[2020.02.20-22.39.28:217][817]LogDirectoryWatcher: A directory notification for '../../../Engine/Plugins/2D/Paper2D/Content/' was aborted.
[2020.02.20-22.39.28:217][817]LogDirectoryWatcher: A directory notification for '../../../Engine/Plugins/Media/MediaCompositing/Content/' was aborted.
[2020.02.20-22.39.28:218][817]LogDirectoryWatcher: A directory notification for '../../../Engine/Plugins/Runtime/AppleARKit/Content/' was aborted.
[2020.02.20-22.39.28:218][817]LogDirectoryWatcher: A directory notification for '../../../Engine/Plugins/Runtime/Oculus/OculusVR/Content/' was aborted.
[2020.02.20-22.39.28:218][817]LogDirectoryWatcher: A directory notification for '../../../Engine/Plugins/Runtime/Steam/SteamVR/Content/' was aborted.
[2020.02.20-22.39.28:264][817]LogExit: Object subsystem successfully closed.
[2020.02.20-22.39.28:281][817]LogD3D11RHI: Shutdown
[2020.02.20-22.39.28:281][817]LogD3D11RHI: CleanupD3DDevice
[2020.02.20-22.39.28:285][817]LogD3D11RHI: ~FD3D11DynamicRHI
[2020.02.20-22.39.28:295][817]LogModuleManager: Shutting down and abandoning module HierarchicalLODOutliner (550)
[2020.02.20-22.39.28:295][817]LogModuleManager: Shutting down and abandoning module DesktopPlatform (548)
[2020.02.20-22.39.28:296][817]LogModuleManager: Shutting down and abandoning module SceneOutliner (546)
[2020.02.20-22.39.28:296][817]LogModuleManager: Shutting down and abandoning module AddContentDialog (544)
[2020.02.20-22.39.28:296][817]LogDirectoryWatcher: A directory notification for 'D:/GameDevelopment/Engines/UE_4.18/FeaturePacks/' was aborted.
[2020.02.20-22.39.28:297][817]LogModuleManager: Shutting down and abandoning module WidgetCarousel (543)
[2020.02.20-22.39.28:297][817]LogModuleManager: Shutting down and abandoning module EditorWidgets (540)
[2020.02.20-22.39.28:297][817]LogModuleManager: Shutting down and abandoning module CollectionManager (538)
[2020.02.20-22.39.28:297][817]LogDirectoryWatcher: A directory notification for 'C:/Users/fuckm/Documents/GitHub/AIbs_Demo/Dialogue_BS/Content/Collections/' was aborted.
[2020.02.20-22.39.28:297][817]LogDirectoryWatcher: A directory notification for 'C:/Users/fuckm/Documents/GitHub/AIbs_Demo/Dialogue_BS/Content/Developers/fuckm/Collections/' was aborted.
[2020.02.20-22.39.28:297][817]LogDirectoryWatcher: A directory notification for 'C:/Users/fuckm/Documents/GitHub/AIbs_Demo/Dialogue_BS/Saved/Collections/' was aborted.
[2020.02.20-22.39.28:297][817]LogModuleManager: Shutting down and abandoning module StatsViewer (536)
[2020.02.20-22.39.28:298][817]LogModuleManager: Shutting down and abandoning module FoliageEdit (534)
[2020.02.20-22.39.28:298][817]LogModuleManager: Shutting down and abandoning module LandscapeEditor (532)
[2020.02.20-22.39.28:298][817]LogModuleManager: Shutting down and abandoning module MeshPaintMode (530)
[2020.02.20-22.39.28:298][817]LogModuleManager: Shutting down and abandoning module SceneDepthPickerMode (528)
[2020.02.20-22.39.28:298][817]LogModuleManager: Shutting down and abandoning module ActorPickerMode (526)
[2020.02.20-22.39.28:298][817]LogModuleManager: Shutting down and abandoning module GeometryMode (524)
[2020.02.20-22.39.28:298][817]LogModuleManager: Shutting down and abandoning module TextureAlignMode (522)
[2020.02.20-22.39.28:298][817]LogModuleManager: Shutting down and abandoning module BspMode (520)
[2020.02.20-22.39.28:298][817]LogModuleManager: Shutting down and abandoning module PIEPreviewDeviceProfileSelector (518)
[2020.02.20-22.39.28:298][817]LogModuleManager: Shutting down and abandoning module HardwareSurvey (516)
[2020.02.20-22.39.28:298][817]LogModuleManager: Shutting down and abandoning module SequenceRecorderSections (514)
[2020.02.20-22.39.28:298][817]LogModuleManager: Shutting down and abandoning module AutomationWorker (512)
[2020.02.20-22.39.28:298][817]LogModuleManager: Shutting down and abandoning module MatineeToLevelSequence (510)
[2020.02.20-22.39.28:299][817]LogModuleManager: Shutting down and abandoning module LevelSequenceEditor (508)
[2020.02.20-22.39.28:299][817]LogModuleManager: Shutting down and abandoning module PlacementMode (507)
[2020.02.20-22.39.28:299][817]LogModuleManager: Shutting down and abandoning module WmfMediaFactory (504)
[2020.02.20-22.39.28:299][817]LogModuleManager: Shutting down and abandoning module WmfMediaEditor (502)
[2020.02.20-22.39.28:299][817]LogModuleManager: Shutting down and abandoning module OpenExrWrapper (500)
[2020.02.20-22.39.28:299][817]LogModuleManager: Shutting down and abandoning module ImgMediaFactory (498)
[2020.02.20-22.39.28:299][817]LogModuleManager: Shutting down and abandoning module ImgMediaEditor (496)
[2020.02.20-22.39.28:299][817]LogModuleManager: Shutting down and abandoning module AvfMediaFactory (494)
[2020.02.20-22.39.28:299][817]LogModuleManager: Shutting down and abandoning module AvfMediaEditor (492)
[2020.02.20-22.39.28:299][817]LogModuleManager: Shutting down and abandoning module AndroidMediaFactory (490)
[2020.02.20-22.39.28:299][817]LogModuleManager: Shutting down and abandoning module AndroidMediaEditor (488)
[2020.02.20-22.39.28:299][817]LogModuleManager: Shutting down and abandoning module CharacterAI (486)
[2020.02.20-22.39.28:299][817]LogModuleManager: Shutting down and abandoning module AudioCapture (484)
[2020.02.20-22.39.28:299][817]LogModuleManager: Shutting down and abandoning module SequenceRecorder (483)
[2020.02.20-22.39.28:299][817]LogModuleManager: Shutting down and abandoning module SmartSnapping (480)
[2020.02.20-22.39.28:299][817]LogModuleManager: Shutting down and abandoning module SessionServices (478)
[2020.02.20-22.39.28:299][817]LogModuleManager: Shutting down and abandoning module ViewportSnapping (476)
[2020.02.20-22.39.28:299][817]LogModuleManager: Shutting down and abandoning module ViewportInteraction (474)
[2020.02.20-22.39.28:299][817]LogModuleManager: Shutting down and abandoning module ClothPainter (472)
[2020.02.20-22.39.28:299][817]LogModuleManager: Shutting down and abandoning module SkeletalMeshEditor (471)
[2020.02.20-22.39.28:299][817]LogModuleManager: Shutting down and abandoning module LogVisualizer (468)
[2020.02.20-22.39.28:300][817]LogModuleManager: Shutting down and abandoning module IntroTutorials (466)
[2020.02.20-22.39.28:300][817]LogModuleManager: Shutting down and abandoning module GameProjectGeneration (465)
[2020.02.20-22.39.28:300][817]LogModuleManager: Shutting down and abandoning module IOSPlatformEditor (462)
[2020.02.20-22.39.28:300][817]LogModuleManager: Shutting down and abandoning module HTML5PlatformEditor (460)
[2020.02.20-22.39.28:300][817]LogModuleManager: Shutting down and abandoning module AndroidPlatformEditor (458)
[2020.02.20-22.39.28:300][817]LogModuleManager: Shutting down and abandoning module AndroidDeviceDetection (457)
[2020.02.20-22.39.29:269][817]LogModuleManager: Shutting down and abandoning module WindowsPlatformEditor (454)
[2020.02.20-22.39.29:269][817]LogModuleManager: Shutting down and abandoning module IOSRuntimeSettings (452)
[2020.02.20-22.39.29:269][817]LogModuleManager: Shutting down and abandoning module AndroidRuntimeSettings (450)
[2020.02.20-22.39.29:269][817]LogModuleManager: Shutting down and abandoning module InputBindingEditor (448)
[2020.02.20-22.39.29:269][817]LogModuleManager: Shutting down and abandoning module MergeActors (446)
[2020.02.20-22.39.29:270][817]LogModuleManager: Shutting down and abandoning module SizeMap (444)
[2020.02.20-22.39.29:270][817]LogModuleManager: Shutting down and abandoning module TreeMap (442)
[2020.02.20-22.39.29:270][817]LogModuleManager: Shutting down and abandoning module ReferenceViewer (440)
[2020.02.20-22.39.29:270][817]LogModuleManager: Shutting down and abandoning module LocalizationDashboard (438)
[2020.02.20-22.39.29:270][817]LogModuleManager: Shutting down and abandoning module LocalizationService (437)
[2020.02.20-22.39.29:270][817]LogModuleManager: Shutting down and abandoning module HardwareTargeting (434)
[2020.02.20-22.39.29:270][817]LogModuleManager: Shutting down and abandoning module DeviceProfileEditor (432)
[2020.02.20-22.39.29:270][817]LogModuleManager: Shutting down and abandoning module UndoHistory (430)
[2020.02.20-22.39.29:270][817]LogModuleManager: Shutting down and abandoning module XmlParser (428)
[2020.02.20-22.39.29:270][817]LogModuleManager: Shutting down and abandoning module Blutility (426)
[2020.02.20-22.39.29:270][817]LogModuleManager: Shutting down and abandoning module ProjectSettingsViewer (424)
[2020.02.20-22.39.29:270][817]LogModuleManager: Shutting down and abandoning module ProjectTargetPlatformEditor (423)
[2020.02.20-22.39.29:270][817]LogModuleManager: Shutting down and abandoning module EditorSettingsViewer (420)
[2020.02.20-22.39.29:270][817]LogModuleManager: Shutting down and abandoning module SettingsEditor (418)
[2020.02.20-22.39.29:270][817]LogModuleManager: Shutting down and abandoning module ProjectLauncher (416)
[2020.02.20-22.39.29:270][817]LogModuleManager: Shutting down and abandoning module SessionFrontend (414)
[2020.02.20-22.39.29:270][817]LogModuleManager: Shutting down and abandoning module ProfilerClient (412)
[2020.02.20-22.39.29:270][817]LogModuleManager: Shutting down and abandoning module DeviceManager (410)
[2020.02.20-22.39.29:271][817]LogModuleManager: Shutting down and abandoning module TargetDeviceServices (409)
[2020.02.20-22.39.29:337][817]LogModuleManager: Shutting down and abandoning module AutomationController (406)
[2020.02.20-22.39.29:337][817]LogModuleManager: Shutting down and abandoning module AutomationWindow (404)
[2020.02.20-22.39.29:337][817]LogModuleManager: Shutting down and abandoning module Layers (402)
[2020.02.20-22.39.29:337][817]LogModuleManager: Shutting down and abandoning module ComponentVisualizers (400)
[2020.02.20-22.39.29:337][817]LogModuleManager: Shutting down and abandoning module DetailCustomizations (398)
[2020.02.20-22.39.29:337][817]LogModuleManager: Shutting down and abandoning module PackagesDialog (396)
[2020.02.20-22.39.29:337][817]LogModuleManager: Shutting down and abandoning module Persona (394)
[2020.02.20-22.39.29:337][817]LogModuleManager: Shutting down and abandoning module AdvancedPreviewScene (393)
[2020.02.20-22.39.29:337][817]LogModuleManager: Shutting down and abandoning module AnimGraph (391)
[2020.02.20-22.39.29:337][817]LogModuleManager: Shutting down and abandoning module Kismet (388)
[2020.02.20-22.39.29:338][817]LogModuleManager: Shutting down and abandoning module ClassViewer (386)
[2020.02.20-22.39.29:338][817]LogModuleManager: Shutting down and abandoning module Toolbox (384)
[2020.02.20-22.39.29:338][817]LogModuleManager: Shutting down and abandoning module ModuleUI (382)
[2020.02.20-22.39.29:338][817]LogModuleManager: Shutting down and abandoning module MovieSceneTools (380)
[2020.02.20-22.39.29:338][817]LogModuleManager: Shutting down and abandoning module OutputLog (378)
[2020.02.20-22.39.29:338][817]LogModuleManager: Shutting down and abandoning module GammaUI (376)
[2020.02.20-22.39.29:338][817]LogModuleManager: Shutting down and abandoning module Documentation (374)
[2020.02.20-22.39.29:338][817]LogModuleManager: Shutting down and abandoning module MovieSceneTracks (372)
[2020.02.20-22.39.29:339][817]LogModuleManager: Shutting down and abandoning module MovieScene (370)
[2020.02.20-22.39.29:339][817]LogModuleManager: Shutting down and abandoning module StreamingPauseRendering (368)
[2020.02.20-22.39.29:339][817]LogModuleManager: Shutting down and abandoning module LauncherPlatform (366)
[2020.02.20-22.39.29:339][817]LogModuleManager: Shutting down and abandoning module AnalyticsET (364)
[2020.02.20-22.39.29:339][817]LogModuleManager: Shutting down and abandoning module PortalServices (362)
[2020.02.20-22.39.29:339][817]LogModuleManager: Shutting down and abandoning module PortalRpc (360)
[2020.02.20-22.39.29:339][817]LogModuleManager: Shutting down and abandoning module MessagingRpc (358)
[2020.02.20-22.39.29:339][817]LogModuleManager: Shutting down and abandoning module AIModule (356)
[2020.02.20-22.39.29:339][817]LogModuleManager: Shutting down and abandoning module GameplayDebugger (355)
[2020.02.20-22.39.29:339][817]LogModuleManager: Shutting down and abandoning module AITestSuite (353)
[2020.02.20-22.39.29:339][817]LogModuleManager: Shutting down and abandoning module ProfilerService (350)
[2020.02.20-22.39.29:555][817]LogModuleManager: Shutting down and abandoning module TaskGraph (348)
[2020.02.20-22.39.29:555][817]LogModuleManager: Shutting down and abandoning module SteamVRController (346)
[2020.02.20-22.39.29:555][817]LogModuleManager: Shutting down and abandoning module ProceduralMeshComponentEditor (344)
[2020.02.20-22.39.29:555][817]LogModuleManager: Shutting down and abandoning module ProceduralMeshComponent (342)
[2020.02.20-22.39.29:555][817]LogModuleManager: Shutting down and abandoning module OculusInput (340)
[2020.02.20-22.39.29:555][817]LogModuleManager: Shutting down and abandoning module MobilePatchingUtils (338)
[2020.02.20-22.39.29:555][817]LogModuleManager: Shutting down and abandoning module CustomMeshComponent (336)
[2020.02.20-22.39.29:555][817]LogModuleManager: Shutting down and abandoning module CableComponent (334)
[2020.02.20-22.39.29:555][817]LogModuleManager: Shutting down and abandoning module ArchVisCharacter (332)
[2020.02.20-22.39.29:555][817]LogModuleManager: Shutting down and abandoning module AndroidPermission (330)
[2020.02.20-22.39.29:555][817]LogModuleManager: Shutting down and abandoning module ActorSequence (326)
[2020.02.20-22.39.29:556][817]LogModuleManager: Shutting down and abandoning module MediaPlayerEditor (324)
[2020.02.20-22.39.29:556][817]LogModuleManager: Shutting down and abandoning module MediaCompositingEditor (322)
[2020.02.20-22.39.29:556][817]LogModuleManager: Shutting down and abandoning module MediaCompositing (320)
[2020.02.20-22.39.29:556][817]LogModuleManager: Shutting down and abandoning module HTML5Networking (318)
[2020.02.20-22.39.29:556][817]LogModuleManager: Shutting down and abandoning module AlembicImporter (316)
[2020.02.20-22.39.29:556][817]LogModuleManager: Shutting down and abandoning module AlembicLibrary (315)
[2020.02.20-22.39.29:556][817]LogModuleManager: Shutting down and abandoning module GeometryCache (314)
[2020.02.20-22.39.29:556][817]LogModuleManager: Shutting down and abandoning module GeometryCacheEd (313)
[2020.02.20-22.39.29:556][817]LogModuleManager: Shutting down and abandoning module SpeedTreeImporter (308)
[2020.02.20-22.39.29:556][817]LogModuleManager: Shutting down and abandoning module PluginBrowser (306)
[2020.02.20-22.39.29:556][817]LogModuleManager: Shutting down and abandoning module MobileLauncherProfileWizard (304)
[2020.02.20-22.39.29:556][817]LogModuleManager: Shutting down and abandoning module VisualStudioSourceCodeAccess (302)
[2020.02.20-22.39.29:556][817]LogModuleManager: Shutting down and abandoning module VisualStudioCodeSourceCodeAccess (300)
[2020.02.20-22.39.29:556][817]LogModuleManager: Shutting down and abandoning module UObjectPlugin (298)
[2020.02.20-22.39.29:556][817]LogModuleManager: Shutting down and abandoning module SubversionSourceControl (296)
[2020.02.20-22.39.29:556][817]LogModuleManager: Shutting down and abandoning module PerforceSourceControl (294)
[2020.02.20-22.39.29:556][817]LogModuleManager: Shutting down and abandoning module GitSourceControl (292)
[2020.02.20-22.39.29:556][817]LogModuleManager: Shutting down and abandoning module SourceControl (291)
[2020.02.20-22.39.29:556][817]LogModuleManager: Shutting down and abandoning module LightPropagationVolumeEditor (288)
[2020.02.20-22.39.29:556][817]LogModuleManager: Shutting down and abandoning module PaperTiledImporter (286)
[2020.02.20-22.39.29:556][817]LogModuleManager: Shutting down and abandoning module PaperSpriteSheetImporter (284)
[2020.02.20-22.39.29:556][817]LogModuleManager: Shutting down and abandoning module Paper2DEditor (282)
[2020.02.20-22.39.29:556][817]LogModuleManager: Shutting down and abandoning module MeshPaint (281)
[2020.02.20-22.39.29:556][817]LogModuleManager: Shutting down and abandoning module LevelEditor (279)
[2020.02.20-22.39.29:557][817]LogModuleManager: Shutting down and abandoning module PixelInspectorModule (278)
[2020.02.20-22.39.29:557][817]LogModuleManager: Shutting down and abandoning module MainFrame (276)
[2020.02.20-22.39.29:557][817]LogModuleManager: Shutting down and abandoning module HotReload (275)
[2020.02.20-22.39.29:557][817]LogDirectoryWatcher: A directory notification for 'C:/Users/fuckm/Documents/GitHub/AIbs_Demo/Dialogue_BS/Binaries/Win64' was aborted.
[2020.02.20-22.39.29:558][817]LogModuleManager: Shutting down and abandoning module Dialogue_BS (270)
[2020.02.20-22.39.29:558][817]LogModuleManager: Shutting down and abandoning module RuntimePhysXCooking (268)
[2020.02.20-22.39.29:558][817]LogModuleManager: Shutting down and abandoning module PhysXVehiclesEditor (266)
[2020.02.20-22.39.29:558][817]LogModuleManager: Shutting down and abandoning module PhysXVehicles (264)
[2020.02.20-22.39.29:558][817]LogModuleManager: Shutting down and abandoning module OculusEditor (262)
[2020.02.20-22.39.29:558][817]LogModuleManager: Shutting down and abandoning module LocationServicesBPLibrary (260)
[2020.02.20-22.39.29:558][817]LogModuleManager: Shutting down and abandoning module ImmediatePhysicsEditor (258)
[2020.02.20-22.39.29:558][817]LogModuleManager: Shutting down and abandoning module ImmediatePhysics (256)
[2020.02.20-22.39.29:558][817]LogModuleManager: Shutting down and abandoning module UdpMessaging (254)
[2020.02.20-22.39.29:659][817]LogModuleManager: Shutting down and abandoning module TcpMessaging (252)
[2020.02.20-22.39.29:759][817]LogModuleManager: Shutting down and abandoning module GameplayTagsEditor (250)
[2020.02.20-22.39.29:759][817]LogModuleManager: Shutting down and abandoning module FacialAnimationEditor (248)
[2020.02.20-22.39.29:759][817]LogModuleManager: Shutting down and abandoning module FacialAnimation (246)
[2020.02.20-22.39.29:759][817]LogModuleManager: Shutting down and abandoning module AssetManagerEditor (244)
[2020.02.20-22.39.29:759][817]LogModuleManager: Shutting down and abandoning module GraphEditor (243)
[2020.02.20-22.39.29:759][817]LogModuleManager: Shutting down and abandoning module ContentBrowser (241)
[2020.02.20-22.39.29:760][817]LogModuleManager: Shutting down and abandoning module LightPropagationVolumeRuntime (238)
[2020.02.20-22.39.29:760][817]LogModuleManager: Shutting down and abandoning module Paper2D (236)
[2020.02.20-22.39.29:760][817]LogModuleManager: Shutting down and abandoning module WindowsMoviePlayer (234)
[2020.02.20-22.39.29:760][817]LogModuleManager: Shutting down and abandoning module WmfMedia (232)
[2020.02.20-22.39.29:761][817]LogModuleManager: Shutting down and abandoning module ImgMedia (230)
[2020.02.20-22.39.29:761][817]LogModuleManager: Shutting down and abandoning module PacketHandler (228)
[2020.02.20-22.39.29:761][817]LogModuleManager: Shutting down and abandoning module ClothingSystemEditor (226)
[2020.02.20-22.39.29:761][817]LogModuleManager: Shutting down and abandoning module ClothingSystemRuntime (224)
[2020.02.20-22.39.29:761][817]LogModuleManager: Shutting down and abandoning module MediaAssets (222)
[2020.02.20-22.39.29:761][817]LogModuleManager: Shutting down and abandoning module Media (221)
[2020.02.20-22.39.29:767][817]LogModuleManager: Shutting down and abandoning module Overlay (218)
[2020.02.20-22.39.29:767][817]LogModuleManager: Shutting down and abandoning module OverlayEditor (217)
[2020.02.20-22.39.29:767][817]LogModuleManager: Shutting down and abandoning module VREditor (214)
[2020.02.20-22.39.29:767][817]LogModuleManager: Shutting down and abandoning module StringTableEditor (212)
[2020.02.20-22.39.29:768][817]LogModuleManager: Shutting down and abandoning module GameplayTasksEditor (210)
[2020.02.20-22.39.29:768][817]LogModuleManager: Shutting down and abandoning module BehaviorTreeEditor (208)
[2020.02.20-22.39.29:768][817]LogModuleManager: Shutting down and abandoning module FunctionalTesting (206)
[2020.02.20-22.39.29:768][817]LogModuleManager: Shutting down and abandoning module CollisionAnalyzer (204)
[2020.02.20-22.39.29:768][817]LogModuleManager: Shutting down and abandoning module WorkspaceMenuStructure (203)
[2020.02.20-22.39.29:768][817]LogModuleManager: Shutting down and abandoning module UMG (200)
[2020.02.20-22.39.29:768][817]LogModuleManager: Shutting down and abandoning module UMGEditor (199)
[2020.02.20-22.39.29:768][817]LogModuleManager: Shutting down and abandoning module Sequencer (198)
[2020.02.20-22.39.29:768][817]LogModuleManager: Shutting down and abandoning module MessageLog (195)
[2020.02.20-22.39.29:768][817]LogModuleManager: Shutting down and abandoning module SlateReflector (190)
[2020.02.20-22.39.29:768][817]LogModuleManager: Shutting down and abandoning module Slate (188)
[2020.02.20-22.39.29:768][817]LogModuleManager: Shutting down and abandoning module EditorStyle (186)
[2020.02.20-22.39.29:771][817]LogModuleManager: Shutting down and abandoning module MRMesh (184)
[2020.02.20-22.39.29:771][817]LogModuleManager: Shutting down and abandoning module SourceCodeAccess (182)
[2020.02.20-22.39.29:771][817]LogModuleManager: Shutting down and abandoning module HeadMountedDisplay (180)
[2020.02.20-22.39.29:771][817]LogModuleManager: Shutting down and abandoning module XAudio2 (178)
[2020.02.20-22.39.29:772][817]LogModuleManager: Shutting down and abandoning module Networking (176)
[2020.02.20-22.39.29:772][817]LogModuleManager: Shutting down and abandoning module Core (172)
[2020.02.20-22.39.29:772][817]LogModuleManager: Shutting down and abandoning module LevelSequence (168)
[2020.02.20-22.39.29:772][817]LogModuleManager: Shutting down and abandoning module DirectoryWatcher (166)
[2020.02.20-22.39.29:775][817]LogModuleManager: Shutting down and abandoning module KismetCompiler (164)
[2020.02.20-22.39.29:775][817]LogModuleManager: Shutting down and abandoning module MeshUtilities (162)
[2020.02.20-22.39.29:775][817]LogModuleManager: Shutting down and abandoning module MeshMergeUtilities (161)
[2020.02.20-22.39.29:775][817]LogModuleManager: Shutting down and abandoning module MeshReductionInterface (160)
[2020.02.20-22.39.29:775][817]LogModuleManager: Shutting down and abandoning module SimplygonSwarm (159)
[2020.02.20-22.39.29:776][817]LogModuleManager: Shutting down and abandoning module SimplygonMeshReduction (157)
[2020.02.20-22.39.29:776][817]LogModuleManager: Shutting down and abandoning module QuadricMeshReduction (155)
[2020.02.20-22.39.29:776][817]LogModuleManager: Shutting down and abandoning module MaterialBaking (151)
[2020.02.20-22.39.29:776][817]LogModuleManager: Shutting down and abandoning module DerivedDataCache (148)
[2020.02.20-22.39.29:799][817]LogDerivedDataCache: Shutdown
[2020.02.20-22.39.29:799][817]LogModuleManager: Shutting down and abandoning module TargetPlatform (146)
[2020.02.20-22.39.29:799][817]LogModuleManager: Shutting down and abandoning module VulkanShaderFormat (145)
[2020.02.20-22.39.29:799][817]LogModuleManager: Shutting down and abandoning module ShaderFormatVectorVM (143)
[2020.02.20-22.39.29:799][817]LogModuleManager: Shutting down and abandoning module ShaderFormatOpenGL (141)
[2020.02.20-22.39.29:799][817]LogModuleManager: Shutting down and abandoning module ShaderFormatD3D (139)
[2020.02.20-22.39.29:799][817]LogModuleManager: Shutting down and abandoning module MetalShaderFormat (137)
[2020.02.20-22.39.29:799][817]LogModuleManager: Shutting down and abandoning module TextureFormatUncompressed (135)
[2020.02.20-22.39.29:799][817]LogModuleManager: Shutting down and abandoning module TextureFormatPVR (133)
[2020.02.20-22.39.29:799][817]LogModuleManager: Shutting down and abandoning module TextureFormatDXT (131)
[2020.02.20-22.39.29:799][817]LogModuleManager: Shutting down and abandoning module TextureFormatIntelISPCTexComp (129)
[2020.02.20-22.39.29:799][817]LogModuleManager: Shutting down and abandoning module TextureFormatASTC (127)
[2020.02.20-22.39.29:799][817]LogModuleManager: Shutting down and abandoning module ImageWrapper (126)
[2020.02.20-22.39.29:799][817]LogModuleManager: Shutting down and abandoning module TextureFormatAndroid (123)
[2020.02.20-22.39.29:800][817]LogModuleManager: Shutting down and abandoning module AudioFormatOpus (121)
[2020.02.20-22.39.29:800][817]LogModuleManager: Shutting down and abandoning module AudioFormatOgg (119)
[2020.02.20-22.39.29:800][817]LogModuleManager: Shutting down and abandoning module AudioFormatADPCM (117)
[2020.02.20-22.39.29:800][817]LogModuleManager: Shutting down and abandoning module LinuxTargetPlatform (115)
[2020.02.20-22.39.29:800][817]LogModuleManager: Shutting down and abandoning module LinuxServerTargetPlatform (113)
[2020.02.20-22.39.29:800][817]LogModuleManager: Shutting down and abandoning module LinuxNoEditorTargetPlatform (111)
[2020.02.20-22.39.29:800][817]LogModuleManager: Shutting down and abandoning module LinuxClientTargetPlatform (109)
[2020.02.20-22.39.29:800][817]LogModuleManager: Shutting down and abandoning module TVOSTargetPlatform (107)
[2020.02.20-22.39.29:800][817]LogModuleManager: Shutting down and abandoning module Messaging (105)
[2020.02.20-22.39.29:800][817]LogModuleManager: Shutting down and abandoning module IOSTargetPlatform (103)
[2020.02.20-22.39.29:800][817]LogModuleManager: Shutting down and abandoning module HTML5TargetPlatform (101)
[2020.02.20-22.39.29:800][817]LogModuleManager: Shutting down and abandoning module AndroidTargetPlatform (99)
[2020.02.20-22.39.29:800][817]LogModuleManager: Shutting down and abandoning module Android_PVRTCTargetPlatform (97)
[2020.02.20-22.39.29:800][817]LogModuleManager: Shutting down and abandoning module Android_MultiTargetPlatform (95)
[2020.02.20-22.39.29:800][817]LogModuleManager: Shutting down and abandoning module Android_ETC2TargetPlatform (93)
[2020.02.20-22.39.29:800][817]LogModuleManager: Shutting down and abandoning module Android_ETC1TargetPlatform (91)
[2020.02.20-22.39.29:800][817]LogModuleManager: Shutting down and abandoning module Android_DXTTargetPlatform (89)
[2020.02.20-22.39.29:800][817]LogModuleManager: Shutting down and abandoning module Android_ATCTargetPlatform (87)
[2020.02.20-22.39.29:800][817]LogModuleManager: Shutting down and abandoning module Android_ASTCTargetPlatform (85)
[2020.02.20-22.39.29:800][817]LogModuleManager: Shutting down and abandoning module WindowsTargetPlatform (83)
[2020.02.20-22.39.29:800][817]LogModuleManager: Shutting down and abandoning module WindowsServerTargetPlatform (81)
[2020.02.20-22.39.29:800][817]LogModuleManager: Shutting down and abandoning module WindowsNoEditorTargetPlatform (79)
[2020.02.20-22.39.29:800][817]LogModuleManager: Shutting down and abandoning module WindowsClientTargetPlatform (77)
[2020.02.20-22.39.29:800][817]LogModuleManager: Shutting down and abandoning module MacTargetPlatform (75)
[2020.02.20-22.39.29:800][817]LogModuleManager: Shutting down and abandoning module MacServerTargetPlatform (73)
[2020.02.20-22.39.29:800][817]LogModuleManager: Shutting down and abandoning module MacNoEditorTargetPlatform (71)
[2020.02.20-22.39.29:800][817]LogModuleManager: Shutting down and abandoning module MacClientTargetPlatform (69)
[2020.02.20-22.39.29:800][817]LogModuleManager: Shutting down and abandoning module AllDesktopTargetPlatform (67)
[2020.02.20-22.39.29:800][817]LogModuleManager: Shutting down and abandoning module InputCore (64)
[2020.02.20-22.39.29:800][817]LogModuleManager: Shutting down and abandoning module Settings (62)
[2020.02.20-22.39.29:801][817]LogModuleManager: Shutting down and abandoning module PhysXCooking (60)
[2020.02.20-22.39.29:801][817]LogModuleManager: Shutting down and abandoning module SteamVR (58)
[2020.02.20-22.39.29:801][817]LogModuleManager: Shutting down and abandoning module OculusHMD (56)
[2020.02.20-22.39.29:801][817]LogModuleManager: Shutting down and abandoning module ExampleDeviceProfileSelector (54)
[2020.02.20-22.39.29:801][817]LogModuleManager: Shutting down and abandoning module AppleARKit (52)
[2020.02.20-22.39.29:801][817]LogModuleManager: Shutting down and abandoning module AugmentedReality (51)
[2020.02.20-22.39.29:801][817]LogModuleManager: Shutting down and abandoning module OnlineBlueprintSupport (48)
[2020.02.20-22.39.29:801][817]LogModuleManager: Shutting down and abandoning module OnlineSubsystem (44)
[2020.02.20-22.39.29:801][817]LogModuleManager: Shutting down and abandoning module XMPP (43)
[2020.02.20-22.39.29:801][817]LogModuleManager: Shutting down and abandoning module HTTP (41)
[2020.02.20-22.39.29:801][817]LogHttp: Display: Http module shutting down, but needs to wait on 1 outstanding Http requests:
[2020.02.20-22.39.29:801][817]LogHttp: Display: 	verb=[POST] url=[https://datarouter.ol.epicgames.com/datarouter/api/v1/public/data?SessionID=%7B83B27CD3-44F4-20BB-3AEF-848A09C7DA77%7D&AppID=UEEditor.Rocket.Release&AppVersion=4.18.3-3832480%2B%2B%2BUE4%2BRelease-4.18&UserID=f9a50b2544e9ff334c989db8cc03c83b%7Cafb0113ceeeb4a8386c4f7b35a90e63c%7C0d8c1c7a-310f-4e65-80f3-4f791f3bb21e&AppEnvironment=datacollector-binary&UploadType=eteventstream] status=Processing
[2020.02.20-22.39.29:833][817]LogModuleManager: Shutting down and abandoning module SSL (40)
[2020.02.20-22.39.29:834][817]LogModuleManager: Shutting down and abandoning module AnimationModifiers (36)
[2020.02.20-22.39.29:834][817]LogModuleManager: Shutting down and abandoning module PropertyEditor (35)
[2020.02.20-22.39.29:834][817]LogModuleManager: Shutting down and abandoning module AudioEditor (32)
[2020.02.20-22.39.29:834][817]LogModuleManager: Shutting down and abandoning module TextureCompressor (30)
[2020.02.20-22.39.29:834][817]LogModuleManager: Shutting down and abandoning module ShaderCore (28)
[2020.02.20-22.39.29:835][817]LogModuleManager: Shutting down and abandoning module Landscape (26)
[2020.02.20-22.39.29:835][817]LogModuleManager: Shutting down and abandoning module SlateRHIRenderer (24)
[2020.02.20-22.39.29:836][817]LogModuleManager: Shutting down and abandoning module OpenGLDrv (22)
[2020.02.20-22.39.29:836][817]LogModuleManager: Shutting down and abandoning module D3D11RHI (20)
[2020.02.20-22.39.29:836][817]LogModuleManager: Shutting down and abandoning module AnimGraphRuntime (18)
[2020.02.20-22.39.29:836][817]LogModuleManager: Shutting down and abandoning module Renderer (16)
[2020.02.20-22.39.29:836][817]LogModuleManager: Shutting down and abandoning module Engine (14)
[2020.02.20-22.39.29:836][817]LogModuleManager: Shutting down and abandoning module CoreUObject (12)
[2020.02.20-22.39.29:836][817]LogModuleManager: Shutting down and abandoning module NetworkFile (10)
[2020.02.20-22.39.29:836][817]LogModuleManager: Shutting down and abandoning module CookedIterativeFile (8)
[2020.02.20-22.39.29:836][817]LogModuleManager: Shutting down and abandoning module StreamingFile (6)
[2020.02.20-22.39.29:836][817]LogModuleManager: Shutting down and abandoning module SandboxFile (4)
[2020.02.20-22.39.29:837][817]LogModuleManager: Shutting down and abandoning module PakFile (2)
[2020.02.20-22.39.29:841][817]LogExit: Exiting.
[2020.02.20-22.39.29:856][817]Log file closed, 02/20/20 17:39:29
