Log file open, 02/29/20 21:04:57
LogWindows: Failed to load 'aqProf.dll' (GetLastError=126)
LogWindows: File 'aqProf.dll' does not exist
LogWindows: Failed to load 'VSPerf140.dll' (GetLastError=126)
LogWindows: File 'VSPerf140.dll' does not exist
LogWindows: Failed to load 'VtuneApi.dll' (GetLastError=126)
LogWindows: File 'VtuneApi.dll' does not exist
LogWindows: Failed to load 'VtuneApi32e.dll' (GetLastError=126)
LogWindows: File 'VtuneApi32e.dll' does not exist
LogInit: Display: Running engine for game: Dialogue_BS
LogPlatformFile: Not using cached read wrapper
LogInit: Display: RandInit(-1302787242) SRandInit(-1302787241).
LogInit: Read version file with build ID '3709383'
LogInit: Overriding engine version to CL 3832480, compatible CL 3709383
LogInit: Registered custom module enumerator with build ID '3709383'
LogTaskGraph: Started task graph with 5 named threads and 11 total threads with 3 sets of task threads.
LogStats: Stats thread started at 0.195384
LogD3D11RHI: Aftermath initialized
LogPluginManager: Mounting plugin Paper2D
LogPluginManager: Mounting plugin LightPropagationVolume
LogPluginManager: Mounting plugin CodeLiteSourceCodeAccess
LogPluginManager: Mounting plugin GitSourceControl
LogPluginManager: Mounting plugin KDevelopSourceCodeAccess
LogPluginManager: Mounting plugin NullSourceCodeAccess
LogPluginManager: Mounting plugin PerforceSourceControl
LogPluginManager: Mounting plugin SubversionSourceControl
LogPluginManager: Mounting plugin UObjectPlugin
LogPluginManager: Mounting plugin VisualStudioCodeSourceCodeAccess
LogPluginManager: Mounting plugin VisualStudioSourceCodeAccess
LogPluginManager: Mounting plugin XCodeSourceCodeAccess
LogPluginManager: Mounting plugin AssetManagerEditor
LogPluginManager: Mounting plugin AudioCapture
LogPluginManager: Mounting plugin FacialAnimation
LogPluginManager: Mounting plugin GameplayTagsEditor
LogPluginManager: Mounting plugin MobileLauncherProfileWizard
LogPluginManager: Mounting plugin PluginBrowser
LogPluginManager: Mounting plugin SpeedTreeImporter
LogPluginManager: Mounting plugin AlembicImporter
LogPluginManager: Mounting plugin CharacterAI
LogPluginManager: Mounting plugin HTML5Networking
LogPluginManager: Mounting plugin AndroidMedia
LogPluginManager: Mounting plugin AvfMedia
LogPluginManager: Mounting plugin ImgMedia
LogPluginManager: Mounting plugin MediaCompositing
LogPluginManager: Mounting plugin MediaPlayerEditor
LogPluginManager: Mounting plugin WmfMedia
LogPluginManager: Mounting plugin TcpMessaging
LogPluginManager: Mounting plugin UdpMessaging
LogPluginManager: Mounting plugin ActorSequence
LogPluginManager: Mounting plugin LevelSequenceEditor
LogPluginManager: Mounting plugin MatineeToLevelSequence
LogPluginManager: Mounting plugin OnlineSubsystemGooglePlay
LogPluginManager: Mounting plugin OnlineSubsystemIOS
LogPluginManager: Mounting plugin OnlineSubsystem
LogPluginManager: Mounting plugin OnlineSubsystemNull
LogPluginManager: Mounting plugin OnlineSubsystemUtils
LogPluginManager: Mounting plugin AndroidDeviceProfileSelector
LogPluginManager: Mounting plugin AndroidMoviePlayer
LogPluginManager: Mounting plugin AndroidPermission
LogPluginManager: Mounting plugin AppleARKit
LogPluginManager: Mounting plugin AppleMoviePlayer
LogPluginManager: Mounting plugin ArchVisCharacter
LogPluginManager: Mounting plugin CableComponent
LogPluginManager: Mounting plugin CustomMeshComponent
LogPluginManager: Mounting plugin ExampleDeviceProfileSelector
LogPluginManager: Mounting plugin GoogleCloudMessaging
LogPluginManager: Mounting plugin ImmediatePhysics
LogPluginManager: Mounting plugin IOSDeviceProfileSelector
LogPluginManager: Mounting plugin LinuxDeviceProfileSelector
LogPluginManager: Mounting plugin LocationServicesBPLibrary
LogPluginManager: Mounting plugin MobilePatchingUtils
LogPluginManager: Mounting plugin OculusVR
LogPluginManager: Plugin shader directory ../../../Engine/Plugins/Runtime/Oculus/OculusVR/Shaders found
LogPluginManager: Mapping shader source directory ../../../Engine/Plugins/Runtime/Oculus/OculusVR/Shaders to virtual directory /Plugin/OculusVR
LogPluginManager: Mounting plugin PhysXVehicles
LogPluginManager: Mounting plugin ProceduralMeshComponent
LogPluginManager: Mounting plugin RuntimePhysXCooking
LogPluginManager: Mounting plugin SteamVR
LogPluginManager: Mounting plugin WindowsMoviePlayer
LogModuleManager: Warning: Module file ../../../../../../Users/Delam/OneDrive/Documents/GitHub/AIbs_Demo/Dialogue_BS/Binaries/Win64/UE4Editor-Dialogue_BS-1808.dll is missing. This is likely a stale module that must be recompiled.
LogModuleManager: Display: Found up-to-date module file ../../../Engine/Plugins/2D/Paper2D/Binaries/Win64/UE4Editor-Paper2D.dll (API version 3709383).
LogModuleManager: Display: Found up-to-date module file ../../../Engine/Plugins/2D/Paper2D/Binaries/Win64/UE4Editor-Paper2DEditor.dll (API version 3709383).
LogModuleManager: Display: Found up-to-date module file ../../../Engine/Plugins/2D/Paper2D/Binaries/Win64/UE4Editor-PaperSpriteSheetImporter.dll (API version 3709383).
LogModuleManager: Display: Found up-to-date module file ../../../Engine/Plugins/2D/Paper2D/Binaries/Win64/UE4Editor-PaperTiledImporter.dll (API version 3709383).
LogModuleManager: Display: Found up-to-date module file ../../../Engine/Plugins/2D/Paper2D/Binaries/Win64/UE4Editor-SmartSnapping.dll (API version 3709383).
LogModuleManager: Display: Found up-to-date module file ../../../Engine/Plugins/Blendables/LightPropagationVolume/Binaries/Win64/UE4Editor-LightPropagationVolumeRuntime.dll (API version 3709383).
LogModuleManager: Display: Found up-to-date module file ../../../Engine/Plugins/Blendables/LightPropagationVolume/Binaries/Win64/UE4Editor-LightPropagationVolumeEditor.dll (API version 3709383).
LogModuleManager: Display: Found up-to-date module file ../../../Engine/Plugins/Developer/GitSourceControl/Binaries/Win64/UE4Editor-GitSourceControl.dll (API version 3709383).
LogModuleManager: Display: Found up-to-date module file ../../../Engine/Plugins/Developer/PerforceSourceControl/Binaries/Win64/UE4Editor-PerforceSourceControl.dll (API version 3709383).
LogModuleManager: Display: Found up-to-date module file ../../../Engine/Plugins/Developer/SubversionSourceControl/Binaries/Win64/UE4Editor-SubversionSourceControl.dll (API version 3709383).
LogModuleManager: Display: Found up-to-date module file ../../../Engine/Plugins/Developer/UObjectPlugin/Binaries/Win64/UE4Editor-UObjectPlugin.dll (API version 3709383).
LogModuleManager: Display: Found up-to-date module file ../../../Engine/Plugins/Developer/VisualStudioCodeSourceCodeAccess/Binaries/Win64/UE4Editor-VisualStudioCodeSourceCodeAccess.dll (API version 3709383).
LogModuleManager: Display: Found up-to-date module file ../../../Engine/Plugins/Developer/VisualStudioSourceCodeAccess/Binaries/Win64/UE4Editor-VisualStudioSourceCodeAccess.dll (API version 3709383).
LogModuleManager: Display: Found up-to-date module file ../../../Engine/Plugins/Editor/AssetManagerEditor/Binaries/Win64/UE4Editor-AssetManagerEditor.dll (API version 3709383).
LogModuleManager: Display: Found up-to-date module file ../../../Engine/Plugins/Editor/AudioCapture/Binaries/Win64/UE4Editor-AudioCapture.dll (API version 3709383).
LogModuleManager: Display: Found up-to-date module file ../../../Engine/Plugins/Editor/FacialAnimation/Binaries/Win64/UE4Editor-FacialAnimation.dll (API version 3709383).
LogModuleManager: Display: Found up-to-date module file ../../../Engine/Plugins/Editor/FacialAnimation/Binaries/Win64/UE4Editor-FacialAnimationEditor.dll (API version 3709383).
LogModuleManager: Display: Found up-to-date module file ../../../Engine/Plugins/Editor/GameplayTagsEditor/Binaries/Win64/UE4Editor-GameplayTagsEditor.dll (API version 3709383).
LogModuleManager: Display: Found up-to-date module file ../../../Engine/Plugins/Editor/MobileLauncherProfileWizard/Binaries/Win64/UE4Editor-MobileLauncherProfileWizard.dll (API version 3709383).
LogModuleManager: Display: Found up-to-date module file ../../../Engine/Plugins/Editor/PluginBrowser/Binaries/Win64/UE4Editor-PluginBrowser.dll (API version 3709383).
LogModuleManager: Display: Found up-to-date module file ../../../Engine/Plugins/Editor/SpeedTreeImporter/Binaries/Win64/UE4Editor-SpeedTreeImporter.dll (API version 3709383).
LogModuleManager: Display: Found up-to-date module file ../../../Engine/Plugins/Experimental/AlembicImporter/Binaries/Win64/UE4Editor-AlembicImporter.dll (API version 3709383).
LogModuleManager: Display: Found up-to-date module file ../../../Engine/Plugins/Experimental/AlembicImporter/Binaries/Win64/UE4Editor-AlembicLibrary.dll (API version 3709383).
LogModuleManager: Display: Found up-to-date module file ../../../Engine/Plugins/Experimental/CharacterAI/Binaries/Win64/UE4Editor-CharacterAI.dll (API version 3709383).
LogModuleManager: Display: Found up-to-date module file ../../../Engine/Plugins/Experimental/HTML5Networking/Binaries/Win64/UE4Editor-HTML5Networking.dll (API version 3709383).
LogModuleManager: Display: Found up-to-date module file ../../../Engine/Plugins/Media/AndroidMedia/Binaries/Win64/UE4Editor-AndroidMediaEditor.dll (API version 3709383).
LogModuleManager: Display: Found up-to-date module file ../../../Engine/Plugins/Media/AndroidMedia/Binaries/Win64/UE4Editor-AndroidMediaFactory.dll (API version 3709383).
LogModuleManager: Display: Found up-to-date module file ../../../Engine/Plugins/Media/AvfMedia/Binaries/Win64/UE4Editor-AvfMediaEditor.dll (API version 3709383).
LogModuleManager: Display: Found up-to-date module file ../../../Engine/Plugins/Media/AvfMedia/Binaries/Win64/UE4Editor-AvfMediaFactory.dll (API version 3709383).
LogModuleManager: Display: Found up-to-date module file ../../../Engine/Plugins/Media/AvfMedia/Binaries/Win64/UE4Editor-AvfMediaFactory.dll (API version 3709383).
LogModuleManager: Display: Found up-to-date module file ../../../Engine/Plugins/Media/ImgMedia/Binaries/Win64/UE4Editor-ImgMedia.dll (API version 3709383).
LogModuleManager: Display: Found up-to-date module file ../../../Engine/Plugins/Media/ImgMedia/Binaries/Win64/UE4Editor-ImgMediaEditor.dll (API version 3709383).
LogModuleManager: Display: Found up-to-date module file ../../../Engine/Plugins/Media/ImgMedia/Binaries/Win64/UE4Editor-ImgMediaFactory.dll (API version 3709383).
LogModuleManager: Display: Found up-to-date module file ../../../Engine/Plugins/Media/ImgMedia/Binaries/Win64/UE4Editor-ImgMediaFactory.dll (API version 3709383).
LogModuleManager: Display: Found up-to-date module file ../../../Engine/Plugins/Media/ImgMedia/Binaries/Win64/UE4Editor-OpenExrWrapper.dll (API version 3709383).
LogModuleManager: Display: Found up-to-date module file ../../../Engine/Plugins/Media/MediaCompositing/Binaries/Win64/UE4Editor-MediaCompositing.dll (API version 3709383).
LogModuleManager: Display: Found up-to-date module file ../../../Engine/Plugins/Media/MediaCompositing/Binaries/Win64/UE4Editor-MediaCompositingEditor.dll (API version 3709383).
LogModuleManager: Display: Found up-to-date module file ../../../Engine/Plugins/Media/MediaPlayerEditor/Binaries/Win64/UE4Editor-MediaPlayerEditor.dll (API version 3709383).
LogModuleManager: Display: Found up-to-date module file ../../../Engine/Plugins/Media/WmfMedia/Binaries/Win64/UE4Editor-WmfMedia.dll (API version 3709383).
LogModuleManager: Display: Found up-to-date module file ../../../Engine/Plugins/Media/WmfMedia/Binaries/Win64/UE4Editor-WmfMediaEditor.dll (API version 3709383).
LogModuleManager: Display: Found up-to-date module file ../../../Engine/Plugins/Media/WmfMedia/Binaries/Win64/UE4Editor-WmfMediaFactory.dll (API version 3709383).
LogModuleManager: Display: Found up-to-date module file ../../../Engine/Plugins/Media/WmfMedia/Binaries/Win64/UE4Editor-WmfMediaFactory.dll (API version 3709383).
LogModuleManager: Display: Found up-to-date module file ../../../Engine/Plugins/Messaging/TcpMessaging/Binaries/Win64/UE4Editor-TcpMessaging.dll (API version 3709383).
LogModuleManager: Display: Found up-to-date module file ../../../Engine/Plugins/Messaging/UdpMessaging/Binaries/Win64/UE4Editor-UdpMessaging.dll (API version 3709383).
LogModuleManager: Display: Found up-to-date module file ../../../Engine/Plugins/MovieScene/ActorSequence/Binaries/Win64/UE4Editor-ActorSequence.dll (API version 3709383).
LogModuleManager: Display: Found up-to-date module file ../../../Engine/Plugins/MovieScene/LevelSequenceEditor/Binaries/Win64/UE4Editor-LevelSequenceEditor.dll (API version 3709383).
LogModuleManager: Display: Found up-to-date module file ../../../Engine/Plugins/MovieScene/MatineeToLevelSequence/Binaries/Win64/UE4Editor-MatineeToLevelSequence.dll (API version 3709383).
LogModuleManager: Display: Found up-to-date module file ../../../Engine/Plugins/Online/OnlineSubsystem/Binaries/Win64/UE4Editor-OnlineSubsystem.dll (API version 3709383).
LogModuleManager: Display: Found up-to-date module file ../../../Engine/Plugins/Online/OnlineSubsystemNull/Binaries/Win64/UE4Editor-OnlineSubsystemNull.dll (API version 3709383).
LogModuleManager: Display: Found up-to-date module file ../../../Engine/Plugins/Online/OnlineSubsystemUtils/Binaries/Win64/UE4Editor-OnlineSubsystemUtils.dll (API version 3709383).
LogModuleManager: Display: Found up-to-date module file ../../../Engine/Plugins/Online/OnlineSubsystemUtils/Binaries/Win64/UE4Editor-OnlineBlueprintSupport.dll (API version 3709383).
LogModuleManager: Display: Found up-to-date module file ../../../Engine/Plugins/Runtime/AndroidDeviceProfileSelector/Binaries/Win64/UE4Editor-AndroidDeviceProfileSelector.dll (API version 3709383).
LogModuleManager: Display: Found up-to-date module file ../../../Engine/Plugins/Runtime/AndroidPermission/Binaries/Win64/UE4Editor-AndroidPermission.dll (API version 3709383).
LogModuleManager: Display: Found up-to-date module file ../../../Engine/Plugins/Runtime/AppleARKit/Binaries/Win64/UE4Editor-AppleARKit.dll (API version 3709383).
LogModuleManager: Display: Found up-to-date module file ../../../Engine/Plugins/Runtime/ArchVisCharacter/Binaries/Win64/UE4Editor-ArchVisCharacter.dll (API version 3709383).
LogModuleManager: Display: Found up-to-date module file ../../../Engine/Plugins/Runtime/CableComponent/Binaries/Win64/UE4Editor-CableComponent.dll (API version 3709383).
LogModuleManager: Display: Found up-to-date module file ../../../Engine/Plugins/Runtime/CustomMeshComponent/Binaries/Win64/UE4Editor-CustomMeshComponent.dll (API version 3709383).
LogModuleManager: Display: Found up-to-date module file ../../../Engine/Plugins/Runtime/ExampleDeviceProfileSelector/Binaries/Win64/UE4Editor-ExampleDeviceProfileSelector.dll (API version 3709383).
LogModuleManager: Display: Found up-to-date module file ../../../Engine/Plugins/Runtime/ImmediatePhysics/Binaries/Win64/UE4Editor-ImmediatePhysics.dll (API version 3709383).
LogModuleManager: Display: Found up-to-date module file ../../../Engine/Plugins/Runtime/ImmediatePhysics/Binaries/Win64/UE4Editor-ImmediatePhysicsEditor.dll (API version 3709383).
LogModuleManager: Display: Found up-to-date module file ../../../Engine/Plugins/Runtime/LocationServicesBPLibrary/Binaries/Win64/UE4Editor-LocationServicesBPLibrary.dll (API version 3709383).
LogModuleManager: Display: Found up-to-date module file ../../../Engine/Plugins/Runtime/MobilePatchingUtils/Binaries/Win64/UE4Editor-MobilePatchingUtils.dll (API version 3709383).
LogModuleManager: Display: Found up-to-date module file ../../../Engine/Plugins/Runtime/Oculus/OculusVR/Binaries/Win64/UE4Editor-OculusHMD.dll (API version 3709383).
LogModuleManager: Display: Found up-to-date module file ../../../Engine/Plugins/Runtime/Oculus/OculusVR/Binaries/Win64/UE4Editor-OculusInput.dll (API version 3709383).
LogModuleManager: Display: Found up-to-date module file ../../../Engine/Plugins/Runtime/Oculus/OculusVR/Binaries/Win64/UE4Editor-OculusEditor.dll (API version 3709383).
LogModuleManager: Display: Found up-to-date module file ../../../Engine/Plugins/Runtime/PhysXVehicles/Binaries/Win64/UE4Editor-PhysXVehicles.dll (API version 3709383).
LogModuleManager: Display: Found up-to-date module file ../../../Engine/Plugins/Runtime/PhysXVehicles/Binaries/Win64/UE4Editor-PhysXVehiclesEditor.dll (API version 3709383).
LogModuleManager: Display: Found up-to-date module file ../../../Engine/Plugins/Runtime/ProceduralMeshComponent/Binaries/Win64/UE4Editor-ProceduralMeshComponent.dll (API version 3709383).
LogModuleManager: Display: Found up-to-date module file ../../../Engine/Plugins/Runtime/ProceduralMeshComponent/Binaries/Win64/UE4Editor-ProceduralMeshComponentEditor.dll (API version 3709383).
LogModuleManager: Display: Found up-to-date module file ../../../Engine/Plugins/Runtime/RuntimePhysXCooking/Binaries/Win64/UE4Editor-RuntimePhysXCooking.dll (API version 3709383).
LogModuleManager: Display: Found up-to-date module file ../../../Engine/Plugins/Runtime/Steam/SteamVR/Binaries/Win64/UE4Editor-SteamVR.dll (API version 3709383).
LogModuleManager: Display: Found up-to-date module file ../../../Engine/Plugins/Runtime/Steam/SteamVR/Binaries/Win64/UE4Editor-SteamVRController.dll (API version 3709383).
LogModuleManager: Display: Found up-to-date module file ../../../Engine/Plugins/Runtime/WindowsMoviePlayer/Binaries/Win64/UE4Editor-WindowsMoviePlayer.dll (API version 3709383).
LogInit: Warning: Incompatible or missing module: UE4Editor-Dialogue_BS.dll
Running C:/Program Files/Epic Games/UE_4.18/Engine/Binaries/DotNET/UnrealBuildTool.exe Dialogue_BS Development Win64 -project="C:/Users/Delam/OneDrive/Documents/GitHub/AIbs_Demo/Dialogue_BS/Dialogue_BS.uproject" -editorrecompile -progress -NoHotReloadFromIDE
Using 'git status' to determine working set for adaptive non-unity build.
@progress push 5%
@progress pop
Deleting old hot reload file: "C:\Users\Delam\OneDrive\Documents\GitHub\AIbs_Demo\Dialogue_BS\Binaries\Win64\UE4Editor-Dialogue_BS-7090.dll".
Deleting old hot reload file: "C:\Users\Delam\OneDrive\Documents\GitHub\AIbs_Demo\Dialogue_BS\Binaries\Win64\UE4Editor-Dialogue_BS-7090.pdb".
Target is up to date
Deploying Dialogue_BSEditor Win64 Development...
Total build time: 3.68 seconds (NoActionsToExecute executor: 0.00 seconds)
LogModuleManager: Display: Found up-to-date module file ../../../../../../Users/Delam/OneDrive/Documents/GitHub/AIbs_Demo/Dialogue_BS/Binaries/Win64/UE4Editor-Dialogue_BS.dll (API version 3709383).
LogModuleManager: Display: Found up-to-date module file ../../../Engine/Plugins/2D/Paper2D/Binaries/Win64/UE4Editor-Paper2D.dll (API version 3709383).
LogModuleManager: Display: Found up-to-date module file ../../../Engine/Plugins/2D/Paper2D/Binaries/Win64/UE4Editor-Paper2DEditor.dll (API version 3709383).
LogModuleManager: Display: Found up-to-date module file ../../../Engine/Plugins/2D/Paper2D/Binaries/Win64/UE4Editor-PaperSpriteSheetImporter.dll (API version 3709383).
LogModuleManager: Display: Found up-to-date module file ../../../Engine/Plugins/2D/Paper2D/Binaries/Win64/UE4Editor-PaperTiledImporter.dll (API version 3709383).
LogModuleManager: Display: Found up-to-date module file ../../../Engine/Plugins/2D/Paper2D/Binaries/Win64/UE4Editor-SmartSnapping.dll (API version 3709383).
LogModuleManager: Display: Found up-to-date module file ../../../Engine/Plugins/Blendables/LightPropagationVolume/Binaries/Win64/UE4Editor-LightPropagationVolumeRuntime.dll (API version 3709383).
LogModuleManager: Display: Found up-to-date module file ../../../Engine/Plugins/Blendables/LightPropagationVolume/Binaries/Win64/UE4Editor-LightPropagationVolumeEditor.dll (API version 3709383).
LogModuleManager: Display: Found up-to-date module file ../../../Engine/Plugins/Developer/GitSourceControl/Binaries/Win64/UE4Editor-GitSourceControl.dll (API version 3709383).
LogModuleManager: Display: Found up-to-date module file ../../../Engine/Plugins/Developer/PerforceSourceControl/Binaries/Win64/UE4Editor-PerforceSourceControl.dll (API version 3709383).
LogModuleManager: Display: Found up-to-date module file ../../../Engine/Plugins/Developer/SubversionSourceControl/Binaries/Win64/UE4Editor-SubversionSourceControl.dll (API version 3709383).
LogModuleManager: Display: Found up-to-date module file ../../../Engine/Plugins/Developer/UObjectPlugin/Binaries/Win64/UE4Editor-UObjectPlugin.dll (API version 3709383).
LogModuleManager: Display: Found up-to-date module file ../../../Engine/Plugins/Developer/VisualStudioCodeSourceCodeAccess/Binaries/Win64/UE4Editor-VisualStudioCodeSourceCodeAccess.dll (API version 3709383).
LogModuleManager: Display: Found up-to-date module file ../../../Engine/Plugins/Developer/VisualStudioSourceCodeAccess/Binaries/Win64/UE4Editor-VisualStudioSourceCodeAccess.dll (API version 3709383).
LogModuleManager: Display: Found up-to-date module file ../../../Engine/Plugins/Editor/AssetManagerEditor/Binaries/Win64/UE4Editor-AssetManagerEditor.dll (API version 3709383).
LogModuleManager: Display: Found up-to-date module file ../../../Engine/Plugins/Editor/AudioCapture/Binaries/Win64/UE4Editor-AudioCapture.dll (API version 3709383).
LogModuleManager: Display: Found up-to-date module file ../../../Engine/Plugins/Editor/FacialAnimation/Binaries/Win64/UE4Editor-FacialAnimation.dll (API version 3709383).
LogModuleManager: Display: Found up-to-date module file ../../../Engine/Plugins/Editor/FacialAnimation/Binaries/Win64/UE4Editor-FacialAnimationEditor.dll (API version 3709383).
LogModuleManager: Display: Found up-to-date module file ../../../Engine/Plugins/Editor/GameplayTagsEditor/Binaries/Win64/UE4Editor-GameplayTagsEditor.dll (API version 3709383).
LogModuleManager: Display: Found up-to-date module file ../../../Engine/Plugins/Editor/MobileLauncherProfileWizard/Binaries/Win64/UE4Editor-MobileLauncherProfileWizard.dll (API version 3709383).
LogModuleManager: Display: Found up-to-date module file ../../../Engine/Plugins/Editor/PluginBrowser/Binaries/Win64/UE4Editor-PluginBrowser.dll (API version 3709383).
LogModuleManager: Display: Found up-to-date module file ../../../Engine/Plugins/Editor/SpeedTreeImporter/Binaries/Win64/UE4Editor-SpeedTreeImporter.dll (API version 3709383).
LogModuleManager: Display: Found up-to-date module file ../../../Engine/Plugins/Experimental/AlembicImporter/Binaries/Win64/UE4Editor-AlembicImporter.dll (API version 3709383).
LogModuleManager: Display: Found up-to-date module file ../../../Engine/Plugins/Experimental/AlembicImporter/Binaries/Win64/UE4Editor-AlembicLibrary.dll (API version 3709383).
LogModuleManager: Display: Found up-to-date module file ../../../Engine/Plugins/Experimental/CharacterAI/Binaries/Win64/UE4Editor-CharacterAI.dll (API version 3709383).
LogModuleManager: Display: Found up-to-date module file ../../../Engine/Plugins/Experimental/HTML5Networking/Binaries/Win64/UE4Editor-HTML5Networking.dll (API version 3709383).
LogModuleManager: Display: Found up-to-date module file ../../../Engine/Plugins/Media/AndroidMedia/Binaries/Win64/UE4Editor-AndroidMediaEditor.dll (API version 3709383).
LogModuleManager: Display: Found up-to-date module file ../../../Engine/Plugins/Media/AndroidMedia/Binaries/Win64/UE4Editor-AndroidMediaFactory.dll (API version 3709383).
LogModuleManager: Display: Found up-to-date module file ../../../Engine/Plugins/Media/AvfMedia/Binaries/Win64/UE4Editor-AvfMediaEditor.dll (API version 3709383).
LogModuleManager: Display: Found up-to-date module file ../../../Engine/Plugins/Media/AvfMedia/Binaries/Win64/UE4Editor-AvfMediaFactory.dll (API version 3709383).
LogModuleManager: Display: Found up-to-date module file ../../../Engine/Plugins/Media/AvfMedia/Binaries/Win64/UE4Editor-AvfMediaFactory.dll (API version 3709383).
LogModuleManager: Display: Found up-to-date module file ../../../Engine/Plugins/Media/ImgMedia/Binaries/Win64/UE4Editor-ImgMedia.dll (API version 3709383).
LogModuleManager: Display: Found up-to-date module file ../../../Engine/Plugins/Media/ImgMedia/Binaries/Win64/UE4Editor-ImgMediaEditor.dll (API version 3709383).
LogModuleManager: Display: Found up-to-date module file ../../../Engine/Plugins/Media/ImgMedia/Binaries/Win64/UE4Editor-ImgMediaFactory.dll (API version 3709383).
LogModuleManager: Display: Found up-to-date module file ../../../Engine/Plugins/Media/ImgMedia/Binaries/Win64/UE4Editor-ImgMediaFactory.dll (API version 3709383).
LogModuleManager: Display: Found up-to-date module file ../../../Engine/Plugins/Media/ImgMedia/Binaries/Win64/UE4Editor-OpenExrWrapper.dll (API version 3709383).
LogModuleManager: Display: Found up-to-date module file ../../../Engine/Plugins/Media/MediaCompositing/Binaries/Win64/UE4Editor-MediaCompositing.dll (API version 3709383).
LogModuleManager: Display: Found up-to-date module file ../../../Engine/Plugins/Media/MediaCompositing/Binaries/Win64/UE4Editor-MediaCompositingEditor.dll (API version 3709383).
LogModuleManager: Display: Found up-to-date module file ../../../Engine/Plugins/Media/MediaPlayerEditor/Binaries/Win64/UE4Editor-MediaPlayerEditor.dll (API version 3709383).
LogModuleManager: Display: Found up-to-date module file ../../../Engine/Plugins/Media/WmfMedia/Binaries/Win64/UE4Editor-WmfMedia.dll (API version 3709383).
LogModuleManager: Display: Found up-to-date module file ../../../Engine/Plugins/Media/WmfMedia/Binaries/Win64/UE4Editor-WmfMediaEditor.dll (API version 3709383).
LogModuleManager: Display: Found up-to-date module file ../../../Engine/Plugins/Media/WmfMedia/Binaries/Win64/UE4Editor-WmfMediaFactory.dll (API version 3709383).
LogModuleManager: Display: Found up-to-date module file ../../../Engine/Plugins/Media/WmfMedia/Binaries/Win64/UE4Editor-WmfMediaFactory.dll (API version 3709383).
LogModuleManager: Display: Found up-to-date module file ../../../Engine/Plugins/Messaging/TcpMessaging/Binaries/Win64/UE4Editor-TcpMessaging.dll (API version 3709383).
LogModuleManager: Display: Found up-to-date module file ../../../Engine/Plugins/Messaging/UdpMessaging/Binaries/Win64/UE4Editor-UdpMessaging.dll (API version 3709383).
LogModuleManager: Display: Found up-to-date module file ../../../Engine/Plugins/MovieScene/ActorSequence/Binaries/Win64/UE4Editor-ActorSequence.dll (API version 3709383).
LogModuleManager: Display: Found up-to-date module file ../../../Engine/Plugins/MovieScene/LevelSequenceEditor/Binaries/Win64/UE4Editor-LevelSequenceEditor.dll (API version 3709383).
LogModuleManager: Display: Found up-to-date module file ../../../Engine/Plugins/MovieScene/MatineeToLevelSequence/Binaries/Win64/UE4Editor-MatineeToLevelSequence.dll (API version 3709383).
LogModuleManager: Display: Found up-to-date module file ../../../Engine/Plugins/Online/OnlineSubsystem/Binaries/Win64/UE4Editor-OnlineSubsystem.dll (API version 3709383).
LogModuleManager: Display: Found up-to-date module file ../../../Engine/Plugins/Online/OnlineSubsystemNull/Binaries/Win64/UE4Editor-OnlineSubsystemNull.dll (API version 3709383).
LogModuleManager: Display: Found up-to-date module file ../../../Engine/Plugins/Online/OnlineSubsystemUtils/Binaries/Win64/UE4Editor-OnlineSubsystemUtils.dll (API version 3709383).
LogModuleManager: Display: Found up-to-date module file ../../../Engine/Plugins/Online/OnlineSubsystemUtils/Binaries/Win64/UE4Editor-OnlineBlueprintSupport.dll (API version 3709383).
LogModuleManager: Display: Found up-to-date module file ../../../Engine/Plugins/Runtime/AndroidDeviceProfileSelector/Binaries/Win64/UE4Editor-AndroidDeviceProfileSelector.dll (API version 3709383).
LogModuleManager: Display: Found up-to-date module file ../../../Engine/Plugins/Runtime/AndroidPermission/Binaries/Win64/UE4Editor-AndroidPermission.dll (API version 3709383).
LogModuleManager: Display: Found up-to-date module file ../../../Engine/Plugins/Runtime/AppleARKit/Binaries/Win64/UE4Editor-AppleARKit.dll (API version 3709383).
LogModuleManager: Display: Found up-to-date module file ../../../Engine/Plugins/Runtime/ArchVisCharacter/Binaries/Win64/UE4Editor-ArchVisCharacter.dll (API version 3709383).
LogModuleManager: Display: Found up-to-date module file ../../../Engine/Plugins/Runtime/CableComponent/Binaries/Win64/UE4Editor-CableComponent.dll (API version 3709383).
LogModuleManager: Display: Found up-to-date module file ../../../Engine/Plugins/Runtime/CustomMeshComponent/Binaries/Win64/UE4Editor-CustomMeshComponent.dll (API version 3709383).
LogModuleManager: Display: Found up-to-date module file ../../../Engine/Plugins/Runtime/ExampleDeviceProfileSelector/Binaries/Win64/UE4Editor-ExampleDeviceProfileSelector.dll (API version 3709383).
LogModuleManager: Display: Found up-to-date module file ../../../Engine/Plugins/Runtime/ImmediatePhysics/Binaries/Win64/UE4Editor-ImmediatePhysics.dll (API version 3709383).
LogModuleManager: Display: Found up-to-date module file ../../../Engine/Plugins/Runtime/ImmediatePhysics/Binaries/Win64/UE4Editor-ImmediatePhysicsEditor.dll (API version 3709383).
LogModuleManager: Display: Found up-to-date module file ../../../Engine/Plugins/Runtime/LocationServicesBPLibrary/Binaries/Win64/UE4Editor-LocationServicesBPLibrary.dll (API version 3709383).
LogModuleManager: Display: Found up-to-date module file ../../../Engine/Plugins/Runtime/MobilePatchingUtils/Binaries/Win64/UE4Editor-MobilePatchingUtils.dll (API version 3709383).
LogModuleManager: Display: Found up-to-date module file ../../../Engine/Plugins/Runtime/Oculus/OculusVR/Binaries/Win64/UE4Editor-OculusHMD.dll (API version 3709383).
LogModuleManager: Display: Found up-to-date module file ../../../Engine/Plugins/Runtime/Oculus/OculusVR/Binaries/Win64/UE4Editor-OculusInput.dll (API version 3709383).
LogModuleManager: Display: Found up-to-date module file ../../../Engine/Plugins/Runtime/Oculus/OculusVR/Binaries/Win64/UE4Editor-OculusEditor.dll (API version 3709383).
LogModuleManager: Display: Found up-to-date module file ../../../Engine/Plugins/Runtime/PhysXVehicles/Binaries/Win64/UE4Editor-PhysXVehicles.dll (API version 3709383).
LogModuleManager: Display: Found up-to-date module file ../../../Engine/Plugins/Runtime/PhysXVehicles/Binaries/Win64/UE4Editor-PhysXVehiclesEditor.dll (API version 3709383).
LogModuleManager: Display: Found up-to-date module file ../../../Engine/Plugins/Runtime/ProceduralMeshComponent/Binaries/Win64/UE4Editor-ProceduralMeshComponent.dll (API version 3709383).
LogModuleManager: Display: Found up-to-date module file ../../../Engine/Plugins/Runtime/ProceduralMeshComponent/Binaries/Win64/UE4Editor-ProceduralMeshComponentEditor.dll (API version 3709383).
LogModuleManager: Display: Found up-to-date module file ../../../Engine/Plugins/Runtime/RuntimePhysXCooking/Binaries/Win64/UE4Editor-RuntimePhysXCooking.dll (API version 3709383).
LogModuleManager: Display: Found up-to-date module file ../../../Engine/Plugins/Runtime/Steam/SteamVR/Binaries/Win64/UE4Editor-SteamVR.dll (API version 3709383).
LogModuleManager: Display: Found up-to-date module file ../../../Engine/Plugins/Runtime/Steam/SteamVR/Binaries/Win64/UE4Editor-SteamVRController.dll (API version 3709383).
LogModuleManager: Display: Found up-to-date module file ../../../Engine/Plugins/Runtime/WindowsMoviePlayer/Binaries/Win64/UE4Editor-WindowsMoviePlayer.dll (API version 3709383).
LogInit: Using libcurl 7.47.1
LogInit:  - built for x86_64-pc-win32
LogInit:  - supports SSL with OpenSSL/1.0.2g
LogInit:  - supports HTTP deflate (compression) using libz 1.2.8
LogInit:  - other features:
LogInit:      CURL_VERSION_SSL
LogInit:      CURL_VERSION_LIBZ
LogInit:      CURL_VERSION_IPV6
LogInit:      CURL_VERSION_ASYNCHDNS
LogInit:      CURL_VERSION_LARGEFILE
LogInit:      CURL_VERSION_IDN
LogInit:  CurlRequestOptions (configurable via config and command line):
LogInit:  - bVerifyPeer = false  - Libcurl will NOT verify peer certificate
LogInit:  - bUseHttpProxy = false  - Libcurl will NOT use HTTP proxy
LogInit:  - bDontReuseConnections = false  - Libcurl will reuse connections
LogInit:  - CertBundlePath = nullptr  - Libcurl will use whatever was configured at build time.
LogInit: Build: ++UE4+Release-4.18-CL-3832480
LogInit: Engine Version: 4.18.3-3832480+++UE4+Release-4.18
LogInit: Compatible Engine Version: 4.18.0-3709383+++UE4+Release-4.18
LogInit: Net CL: 3709383
LogDevObjectVersion: Number of dev versions registered: 16
LogDevObjectVersion:   Dev-Blueprints (B0D832E4-1F89-4F0D-ACCF-7EB736FD4AA2): 10
LogDevObjectVersion:   Dev-Build (E1C64328-A22C-4D53-A36C-8E866417BD8C): 0
LogDevObjectVersion:   Dev-Core (375EC13C-06E4-48FB-B500-84F0262A717E): 2
LogDevObjectVersion:   Dev-Editor (E4B068ED-F494-42E9-A231-DA0B2E46BB41): 20
LogDevObjectVersion:   Dev-Framework (CFFC743F-43B0-4480-9391-14DF171D2073): 30
LogDevObjectVersion:   Dev-Mobile (B02B49B5-BB20-44E9-A304-32B752E40360): 0
LogDevObjectVersion:   Dev-Networking (A4E4105C-59A1-49B5-A7C5-40C4547EDFEE): 0
LogDevObjectVersion:   Dev-Online (39C831C9-5AE6-47DC-9A44-9C173E1C8E7C): 0
LogDevObjectVersion:   Dev-Physics (78F01B33-EBEA-4F98-B9B4-84EACCB95AA2): 0
LogDevObjectVersion:   Dev-Platform (6631380F-2D4D-43E0-8009-CF276956A95A): 0
LogDevObjectVersion:   Dev-Rendering (12F88B9F-8875-4AFC-A67C-D90C383ABD29): 20
LogDevObjectVersion:   Dev-Sequencer (7B5AE74C-D270-4C10-A958-57980B212A5A): 4
LogDevObjectVersion:   Dev-VR (D7296918-1DD6-4BDD-9DE2-64A83CC13884): 0
LogDevObjectVersion:   Dev-LoadTimes (C2A15278-BFE7-4AFE-6C17-90FF531DF755): 1
LogDevObjectVersion:   Private-Geometry (6EACA3D4-40EC-4CC1-B786-8BED09428FC5): 1
LogDevObjectVersion:   Dev-AnimPhys (29E575DD-E0A3-4627-9D10-D276232CDCEA): 12
LogInit: Compiled (64-bit): Jan 12 2018 02:04:55
LogInit: Compiled with Visual C++: 19.00.24215.01
LogInit: Build Configuration: Development
LogInit: Branch Name: ++UE4+Release-4.18
LogInit: Command line:  
LogInit: Base directory: C:/Program Files/Epic Games/UE_4.18/Engine/Binaries/Win64/
LogInit: Installed Engine Build: 1
LogInit: Presizing for max 8388607 objects, including 0 objects not considered by GC, pre-allocating 0 bytes for permanent pool.
LogInit: Object subsystem initialized
[2020.03.01-02.05.10:818][  0]LogInit: Selected Device Profile: [Windows]
[2020.03.01-02.05.10:818][  0]LogInit: Applying CVar settings loaded from the selected device profile: [Windows]
[2020.03.01-02.05.10:840][  0]LogInit: Computer: DESKTOP-M25UTED
[2020.03.01-02.05.10:840][  0]LogInit: User: Delam
[2020.03.01-02.05.10:840][  0]LogInit: CPU Page size=4096, Cores=3
[2020.03.01-02.05.10:840][  0]LogInit: High frequency timer resolution =10.000000 MHz
[2020.03.01-02.05.10:840][  0]LogMemory: Memory total: Physical=8.0GB (8GB approx)
[2020.03.01-02.05.10:840][  0]LogMemory: Platform Memory Stats for Windows
[2020.03.01-02.05.10:840][  0]LogMemory: Process Physical Memory: 277.62 MB used, 277.62 MB peak
[2020.03.01-02.05.10:840][  0]LogMemory: Process Virtual Memory: 271.49 MB used, 271.49 MB peak
[2020.03.01-02.05.10:840][  0]LogMemory: Physical Memory: 5988.23 MB used,  2162.35 MB free, 8150.58 MB total
[2020.03.01-02.05.10:840][  0]LogMemory: Virtual Memory: 4809.21 MB used,  2162.35 MB free, 134217728.00 MB total
[2020.03.01-02.05.11:296][  0]LogInit: Using OS detected language (en-US).
[2020.03.01-02.05.11:296][  0]LogInit: Using OS detected locale (en-US).
[2020.03.01-02.05.11:301][  0]LogTextLocalizationManager: No specific localization for 'en-US' exists, so the 'en' localization will be used.
[2020.03.01-02.05.11:862][  0]LogInit: Setting process to per monitor DPI aware
[2020.03.01-02.05.12:412][  0]LogD3D11RHI: D3D11 adapters:
[2020.03.01-02.05.12:451][  0]LogD3D11RHI:    0. 'Radeon(TM) RX 460 Graphics' (Feature Level 11_0)
[2020.03.01-02.05.12:451][  0]LogD3D11RHI:       4043/0/4075 MB DedicatedVideo/DedicatedSystem/SharedSystem, Outputs:1, VendorId:0x1002
[2020.03.01-02.05.12:454][  0]LogD3D11RHI:    1. 'Microsoft Basic Render Driver' (Feature Level 11_0)
[2020.03.01-02.05.12:454][  0]LogD3D11RHI:       0/0/4075 MB DedicatedVideo/DedicatedSystem/SharedSystem, Outputs:0, VendorId:0x1414
[2020.03.01-02.05.12:454][  0]LogD3D11RHI: Chosen D3D11 Adapter: 0
[2020.03.01-02.05.12:470][  0]LogD3D11RHI: Creating new Direct3DDevice
[2020.03.01-02.05.12:470][  0]LogD3D11RHI:     GPU DeviceId: 0x67ef (for the marketing name, search the web for "GPU Device Id")
[2020.03.01-02.05.12:470][  0]LogWindows: EnumDisplayDevices:
[2020.03.01-02.05.12:471][  0]LogWindows:    0. 'Radeon(TM) RX 460 Graphics' (P:1 D:1)
[2020.03.01-02.05.12:471][  0]LogWindows:    1. 'Radeon(TM) RX 460 Graphics' (P:0 D:0)
[2020.03.01-02.05.12:471][  0]LogWindows:    2. 'Radeon(TM) RX 460 Graphics' (P:0 D:0)
[2020.03.01-02.05.12:472][  0]LogWindows:    3. 'Radeon(TM) RX 460 Graphics' (P:0 D:0)
[2020.03.01-02.05.12:472][  0]LogWindows:    4. 'Radeon(TM) RX 460 Graphics' (P:0 D:0)
[2020.03.01-02.05.12:472][  0]LogWindows: DebugString: GetVideoDriverDetailsInvalid PrimaryIsNotTheChoosenAdapter GetVideoDriverDetailsInvalid PrimaryIsNotTheChoosenAdapter GetVideoDriverDetailsInvalid PrimaryIsNotTheChoosenAdapter GetVideoDriverDetailsInvalid PrimaryIsNotTheChoosenAdapter GetVideoDriverDetailsInvalid PrimaryIsNotTheChoosenAdapter FoundDriverCount:0 
[2020.03.01-02.05.12:472][  0]LogD3D11RHI:     Adapter Name: Radeon(TM) RX 460 Graphics
[2020.03.01-02.05.12:473][  0]LogD3D11RHI:   Driver Version: Unknown (internal:Unknown, unified:Unknown)
[2020.03.01-02.05.12:473][  0]LogD3D11RHI:      Driver Date: Unknown
[2020.03.01-02.05.12:473][  0]LogRHI: Texture pool is 2830 MB (70% of 4043 MB)
[2020.03.01-02.05.12:529][  0]LogD3D11RHI: Async texture creation enabled
[2020.03.01-02.05.12:543][  0]LogD3D11RHI: GPU Timing Frequency: 25.000000 (Debug: 2 1)
[2020.03.01-02.05.12:544][  0]LogShaderCompilers: Guid format shader working directory is -32 characters bigger than the processId version (../../../../../../Users/Delam/OneDrive/Documents/GitHub/AIbs_Demo/Dialogue_BS/Intermediate/Shaders/WorkingDirectory/14080/).
[2020.03.01-02.05.12:544][  0]LogShaderCompilers: Cleaned the shader compiler working directory 'C:/Users/Delam/AppData/Local/Temp/UnrealShaderWorkingDir/B392D1004F945EB4B37A9F8EC8CD53FF/'.
[2020.03.01-02.05.12:545][  0]LogShaderCompilers: Display: Using Local Shader Compiler.
[2020.03.01-02.05.14:475][  0]LogTemp: Display: Loaded TP AllDesktopTargetPlatform
[2020.03.01-02.05.14:704][  0]LogTemp: Display: Loaded TP MacClientTargetPlatform
[2020.03.01-02.05.14:866][  0]LogTemp: Display: Loaded TP MacNoEditorTargetPlatform
[2020.03.01-02.05.15:001][  0]LogTemp: Display: Loaded TP MacServerTargetPlatform
[2020.03.01-02.05.15:132][  0]LogTemp: Display: Loaded TP MacTargetPlatform
[2020.03.01-02.05.15:269][  0]LogTemp: Display: Loaded TP WindowsClientTargetPlatform
[2020.03.01-02.05.15:408][  0]LogTemp: Display: Loaded TP WindowsNoEditorTargetPlatform
[2020.03.01-02.05.15:545][  0]LogTemp: Display: Loaded TP WindowsServerTargetPlatform
[2020.03.01-02.05.15:667][  0]LogTemp: Display: Loaded TP WindowsTargetPlatform
[2020.03.01-02.05.15:798][  0]LogTemp: Display: Loaded TP Android_ASTCTargetPlatform
[2020.03.01-02.05.15:927][  0]LogTemp: Display: Loaded TP Android_ATCTargetPlatform
[2020.03.01-02.05.16:058][  0]LogTemp: Display: Loaded TP Android_DXTTargetPlatform
[2020.03.01-02.05.16:192][  0]LogTemp: Display: Loaded TP Android_ETC1TargetPlatform
[2020.03.01-02.05.16:325][  0]LogTemp: Display: Loaded TP Android_ETC2TargetPlatform
[2020.03.01-02.05.16:600][  0]LogTemp: Display: Loaded TP Android_MultiTargetPlatform
[2020.03.01-02.05.16:600][  0]LogTemp: Display: Loaded TP Android_PVRTCTargetPlatform
[2020.03.01-02.05.16:737][  0]LogTemp: Display: Loaded TP AndroidTargetPlatform
[2020.03.01-02.05.16:851][  0]LogTemp: Display: Loaded TP HTML5TargetPlatform
[2020.03.01-02.05.17:067][  0]LogTemp: Display: Loaded TP IOSTargetPlatform
[2020.03.01-02.05.17:139][  0]LogTemp: Display: Loaded TP TVOSTargetPlatform
[2020.03.01-02.05.17:276][  0]LogTemp: Display: Loaded TP LinuxClientTargetPlatform
[2020.03.01-02.05.17:413][  0]LogTemp: Display: Loaded TP LinuxNoEditorTargetPlatform
[2020.03.01-02.05.17:546][  0]LogTemp: Display: Loaded TP LinuxServerTargetPlatform
[2020.03.01-02.05.17:677][  0]LogTemp: Display: Loaded TP LinuxTargetPlatform
[2020.03.01-02.05.17:677][  0]LogTargetPlatformManager: Display: Building Assets For Windows
[2020.03.01-02.05.19:023][  0]LogDerivedDataCache: Display: Max Cache Size: 512 MB
[2020.03.01-02.05.19:210][  0]LogDerivedDataCache: Loaded boot cache 0.19s 79MB C:/Users/Delam/AppData/Local/UnrealEngine/4.18/DerivedDataCache/Boot.ddc.
[2020.03.01-02.05.19:210][  0]LogDerivedDataCache: Display: Loaded Boot cache: C:/Users/Delam/AppData/Local/UnrealEngine/4.18/DerivedDataCache/Boot.ddc
[2020.03.01-02.05.19:211][  0]LogDerivedDataCache: FDerivedDataBackendGraph:  Pak pak cache file ../../../../../../Users/Delam/OneDrive/Documents/GitHub/AIbs_Demo/Dialogue_BS/DerivedDataCache/DDC.ddp not found, will not use a pak cache.
[2020.03.01-02.05.19:211][  0]LogDerivedDataCache: Unable to find inner node Pak for hierarchical cache Hierarchy.
[2020.03.01-02.05.19:211][  0]LogDerivedDataCache: FDerivedDataBackendGraph:  CompressedPak pak cache file ../../../../../../Users/Delam/OneDrive/Documents/GitHub/AIbs_Demo/Dialogue_BS/DerivedDataCache/Compressed.ddp not found, will not use a pak cache.
[2020.03.01-02.05.19:211][  0]LogDerivedDataCache: Unable to find inner node CompressedPak for hierarchical cache Hierarchy.
[2020.03.01-02.05.19:235][  0]LogDerivedDataCache: Display: Pak cache opened for reading ../../../Engine/DerivedDataCache/Compressed.ddp.
[2020.03.01-02.05.19:248][  0]LogDerivedDataCache: Using Local data cache path C:/Users/Delam/AppData/Local/UnrealEngine/Common/DerivedDataCache: Writable
[2020.03.01-02.05.19:267][  0]LogMaterial: Verifying Global Shaders for PCD3D_SM5
[2020.03.01-02.05.19:267][  0]LogSlate: Using Freetype 2.6.0
[2020.03.01-02.05.19:268][  0]LogSlate: SlateFontCache - WITH_FREETYPE: 1, WITH_HARFBUZZ: 1
[2020.03.01-02.05.19:268][  0]LogSlate: SlateFontCache - WITH_FREETYPE: 1, WITH_HARFBUZZ: 1
[2020.03.01-02.05.19:933][  0]LogInit: Selected Device Profile: [Windows]
[2020.03.01-02.05.20:738][  0]LogSimplygon: Simplygon DLL not present - disabling.
[2020.03.01-02.05.20:856][  0]LogMeshReduction: Using SimplygonSwarm for distributed automatic mesh merging
[2020.03.01-02.05.20:856][  0]LogMeshReduction: Using QuadricMeshReduction for automatic static mesh reduction
[2020.03.01-02.05.20:856][  0]LogMeshReduction: No automatic skeletal mesh reduction module available
[2020.03.01-02.05.20:856][  0]LogMeshReduction: No automatic mesh merging module available
[2020.03.01-02.05.20:856][  0]LogMeshMerging: No automatic mesh merging module available
[2020.03.01-02.05.20:906][  0]LogNetVersion: Dialogue_BS , NetCL: 3709383, EngineNetVer: 2, GameNetVer: 0 (Checksum: 2721781782)
[2020.03.01-02.05.21:209][  0]LogAssetRegistry: FAssetRegistry took 0.0298 seconds to start up
[2020.03.01-02.05.22:260][  0]LogPackageLocalizationCache: Processed 7 localized package path(s) for 2 prioritized culture(s) in 0.157751 seconds
[2020.03.01-02.05.22:268][  0]LogUObjectArray: 35870 objects as part of root set at end of initial load.
[2020.03.01-02.05.22:268][  0]LogUObjectAllocator: 7363696 out of 0 bytes used by permanent object pool.
[2020.03.01-02.05.22:268][  0]LogUObjectArray: CloseDisregardForGC: 0/0 objects in disregard for GC pool
[2020.03.01-02.05.22:448][  0]LogInit: WinSock: version 1.1 (2.2), MaxSocks=32767, MaxUdp=65467
[2020.03.01-02.05.29:485][  0]LogTcpMessaging: Initializing TcpMessaging bridge
[2020.03.01-02.05.29:585][  0]LogUdpMessaging: Initializing bridge on interface 0.0.0.0:0 to multicast group 230.0.0.1:6666.
[2020.03.01-02.05.31:840][  0]LogMaterial: Uniform references updated for custom material expression Custom.
[2020.03.01-02.05.32:991][  0]SourceControl: Source control is disabled
[2020.03.01-02.05.32:991][  0]SourceControl: Source control is disabled
[2020.03.01-02.05.33:144][  0]SourceControl: Source control is disabled
[2020.03.01-02.05.33:298][  0]SourceControl: Source control is disabled
[2020.03.01-02.05.35:714][  0]LogAndroidPermission: UAndroidPermissionCallbackProxy::GetInstance
[2020.03.01-02.05.36:554][  0]LogOcInput: OculusInput pre-init called
[2020.03.01-02.05.37:356][  0]LogEngine: Initializing Engine...
[2020.03.01-02.05.37:359][  0]LogHMD: Failed to initialize OpenVR with code 110
[2020.03.01-02.05.37:814][  0]LogStats: UGameplayTagsManager::ConstructGameplayTagTree: Construct from data asset -  0.000 s
[2020.03.01-02.05.37:814][  0]LogStats: UGameplayTagsManager::ConstructGameplayTagTree: GameplayTagTreeChangedEvent.Broadcast -  0.000 s
[2020.03.01-02.05.38:220][  0]LogAIModule: Creating AISystem for world Untitled
[2020.03.01-02.05.38:267][  0]LogInit: XAudio2 using 'Speakers (2- Sennheiser USB headset)' : 2 channels at 48 kHz using 16 bits per sample (channel mask 0x3)
[2020.03.01-02.05.38:307][  0]LogInit: FAudioDevice initialized.
[2020.03.01-02.05.38:654][  0]LogDerivedDataCache: Saved boot cache 0.35s 79MB C:/Users/Delam/AppData/Local/UnrealEngine/4.18/DerivedDataCache/Boot.ddc.
[2020.03.01-02.05.38:699][  0]LogInit: Texture streaming: Enabled
[2020.03.01-02.05.39:043][  0]LogEngineSessionManager: EngineSessionManager initialized
[2020.03.01-02.05.39:465][  0]LogInit: Transaction tracking system initialized
[2020.03.01-02.05.40:458][  0]BlueprintLog: New page: Editor Load
[2020.03.01-02.05.43:147][  0]LocalizationService: Localization service is disabled
[2020.03.01-02.05.45:499][  0]LogConsoleResponse: Display: 
[2020.03.01-02.05.46:018][  0]LogCook: Display: Max memory allowance for cook 16384mb min free memory 0mb
[2020.03.01-02.05.46:019][  0]LogCook: Display: Mobile HDR setting 1
[2020.03.01-02.05.46:019][  0]LogGameplayTags: Display: UGameplayTagsManager::DoneAddingNativeTags. DelegateIsBound: 0
[2020.03.01-02.05.47:088][  0]LogFileCache: Scanning file cache for directory 'C:/Users/Delam/OneDrive/Documents/GitHub/AIbs_Demo/Dialogue_BS/Content/' took 0.02s
[2020.03.01-02.05.49:519][  0]SourceControl: Source control is disabled
[2020.03.01-02.05.49:519][  0]Cmd: MAP LOAD FILE="../../../../../../Users/Delam/OneDrive/Documents/GitHub/AIbs_Demo/Dialogue_BS/Content/ThirdPersonCPP/Maps/ThirdPersonExampleMap.umap" TEMPLATE=0 SHOWPROGRESS=1 FEATURELEVEL=3
[2020.03.01-02.05.49:520][  0]LightingResults: New page: Lighting Build
[2020.03.01-02.05.49:637][  0]MapCheck: New page: Map Check
[2020.03.01-02.05.49:637][  0]LightingResults: New page: Lighting Build
[2020.03.01-02.05.50:021][  0]LogLinker: Warning: Can't find file '/Game/ThirdPersonCPP/Maps/ThirdPersonExampleMap_BuiltData'
[2020.03.01-02.05.50:021][  0]LogLinker: Warning: Can't find file for asset '/Game/ThirdPersonCPP/Maps/ThirdPersonExampleMap_BuiltData' while loading ../../../../../../Users/Delam/OneDrive/Documents/GitHub/AIbs_Demo/Dialogue_BS/Content/ThirdPersonCPP/Maps/ThirdPersonExampleMap.umap.
[2020.03.01-02.05.50:021][  0]LoadErrors: Error: /Game/ThirdPersonCPP/Maps/ThirdPersonExampleMap : Can't find file for asset. /Game/ThirdPersonCPP/Maps/ThirdPersonExampleMap_BuiltData
[2020.03.01-02.05.50:077][  0]LogLinker: Warning: Can't find file '/Game/ThirdPersonCPP/Maps/ThirdPersonExampleMap_BuiltData'
[2020.03.01-02.05.50:078][  0]LogLinker: Warning: Can't find file for asset '/Game/ThirdPersonCPP/Maps/ThirdPersonExampleMap_BuiltData' while loading ../../../../../../Users/Delam/OneDrive/Documents/GitHub/AIbs_Demo/Dialogue_BS/Content/ThirdPersonCPP/Maps/ThirdPersonExampleMap.umap.
[2020.03.01-02.05.50:078][  0]LoadErrors: Error: /Game/ThirdPersonCPP/Maps/ThirdPersonExampleMap : Can't find file for asset. /Game/ThirdPersonCPP/Maps/ThirdPersonExampleMap_BuiltData
[2020.03.01-02.05.50:083][  0]LogLinker: Warning: Can't find file '/Game/ThirdPersonCPP/Maps/ThirdPersonExampleMap_BuiltData'
[2020.03.01-02.05.50:083][  0]LogLinker: Warning: Can't find file for asset '/Game/ThirdPersonCPP/Maps/ThirdPersonExampleMap_BuiltData' while loading NULL.
[2020.03.01-02.05.50:083][  0]LogLinker: Warning: Can't find file '/Game/ThirdPersonCPP/Maps/ThirdPersonExampleMap_BuiltData'
[2020.03.01-02.05.50:083][  0]LogLinker: Warning: Can't find file for asset '/Game/ThirdPersonCPP/Maps/ThirdPersonExampleMap_BuiltData' while loading NULL.
[2020.03.01-02.05.50:120][  0]LogLinker: Warning: Can't find file '/Game/ThirdPersonCPP/Maps/ThirdPersonExampleMap_BuiltData'
[2020.03.01-02.05.50:120][  0]LoadErrors: Failed to load /Game/ThirdPersonCPP/Maps/ThirdPersonExampleMap_BuiltData.ThirdPersonExampleMap_BuiltData Referenced by PersistentLevel
[2020.03.01-02.05.50:120][  0]LogLinker: Warning: Can't find file for asset '/Game/ThirdPersonCPP/Maps/ThirdPersonExampleMap_BuiltData' while loading NULL.
[2020.03.01-02.05.50:120][  0]LoadErrors: Failed to load /Game/ThirdPersonCPP/Maps/ThirdPersonExampleMap_BuiltData.ThirdPersonExampleMap_BuiltData Referenced by PersistentLevel
[2020.03.01-02.05.50:482][  0]LogAIModule: Creating AISystem for world ThirdPersonExampleMap
[2020.03.01-02.05.50:503][  0]LogEditorServer: Finished looking for orphan Actors (0.000 secs)
[2020.03.01-02.05.50:533][  0]Cmd: MAP CHECKDEP NOCLEARLOG
[2020.03.01-02.05.50:658][  0]MapCheck: Map check complete: 0 Error(s), 0 Warning(s), took 125.589ms to complete.
[2020.03.01-02.05.50:658][  0]LogFileHelpers: Loading map 'ThirdPersonExampleMap' took 1.140
[2020.03.01-02.05.50:887][  0]LogCollectionManager: Loaded 0 collections in 0.003016 seconds
[2020.03.01-02.05.51:052][  0]LogFileCache: Scanning file cache for directory 'C:/Users/Delam/OneDrive/Documents/GitHub/AIbs_Demo/Dialogue_BS/Saved/Collections/' took 0.01s
[2020.03.01-02.05.51:052][  0]LogFileCache: Scanning file cache for directory 'C:/Users/Delam/OneDrive/Documents/GitHub/AIbs_Demo/Dialogue_BS/Content/Developers/Delam/Collections/' took 0.01s
[2020.03.01-02.05.51:052][  0]LogFileCache: Scanning file cache for directory 'C:/Users/Delam/OneDrive/Documents/GitHub/AIbs_Demo/Dialogue_BS/Content/Collections/' took 0.01s
[2020.03.01-02.05.51:052][  0]LogCollectionManager: Rebuilt the GUID cache for 0 collections in 0.000000 seconds
[2020.03.01-02.05.51:068][  0]LogContentBrowser: Native class hierarchy populated in 0.0163 seconds. Added 2367 classes and 522 folders.
[2020.03.01-02.05.51:263][  0]LogContentBrowser: Native class hierarchy updated for 'WidgetCarousel' in 0.0017 seconds. Added 0 classes and 0 folders.
[2020.03.01-02.05.51:345][  0]LogContentBrowser: Native class hierarchy updated for 'AddContentDialog' in 0.0017 seconds. Added 0 classes and 0 folders.
[2020.03.01-02.05.51:470][  0]LogContentBrowser: Native class hierarchy updated for 'SceneOutliner' in 0.0018 seconds. Added 1 classes and 2 folders.
[2020.03.01-02.05.51:645][  0]LogContentBrowser: Native class hierarchy updated for 'HierarchicalLODOutliner' in 0.0019 seconds. Added 1 classes and 2 folders.
[2020.03.01-02.05.51:645][  0]LogLoad: (Engine Initialization) Total time: 56.27 seconds
[2020.03.01-02.05.51:645][  0]LogLoad: (Engine Initialization) Total Blueprint compile time: 0.00 seconds
[2020.03.01-02.05.51:646][  0]LogExternalProfiler: No external profilers were discovered.  External profiling features will not be available.
[2020.03.01-02.05.51:678][  0]LogContentStreaming: Texture pool size now 1000 MB
[2020.03.01-02.05.51:681][  0]LogSlate: Took 0.000401 seconds to synchronously load lazily loaded font '../../../Engine/Content/Slate/Fonts/Roboto-Regular.ttf' (155K)
[2020.03.01-02.05.51:794][  2]LogAssetRegistry: Asset discovery search completed in 30.6077 seconds
[2020.03.01-02.05.51:796][  2]LogCollectionManager: Rebuilt the object cache for 0 collections in 0.000000 seconds (found 0 objects)
[2020.03.01-02.05.51:796][  2]LogCollectionManager: Fixed up redirectors for 0 collections in 0.000082 seconds (updated 0 objects)
[2020.03.01-02.05.51:869][  3]LogRenderer: Reallocating scene render targets to support 128x128 Format 10 NumSamples 1 (Frame:0).
[2020.03.01-02.05.52:699][ 87]LogSlate: Took 0.000358 seconds to synchronously load lazily loaded font '../../../Engine/Content/Slate/Fonts/Roboto-Light.ttf' (159K)
[2020.03.01-02.07.01:208][630]LogSlate: Took 0.000487 seconds to synchronously load lazily loaded font '../../../Engine/Content/Slate/Fonts/Roboto-Bold.ttf' (160K)
[2020.03.01-02.07.01:268][630]LogSlate: Took 0.053875 seconds to synchronously load lazily loaded font '../../../Engine/Content/Editor/Slate/Fonts/FontAwesome.ttf' (139K)
[2020.03.01-02.07.01:654][630]LogRenderer: Reallocating scene render targets to support 864x472 Format 10 NumSamples 1 (Frame:1).
[2020.03.01-02.07.01:654][630]LogSlate: Took 0.000286 seconds to synchronously load lazily loaded font '../../../Engine/Content/Slate/Fonts/Roboto-Light.ttf' (159K)
[2020.03.01-02.07.05:824][910]LogSlate: Took 0.000400 seconds to synchronously load lazily loaded font '../../../Engine/Content/Slate/Fonts/Roboto-Light.ttf' (159K)
[2020.03.01-02.07.06:395][910]LogContentBrowser: Native class hierarchy updated for 'BlueprintGraph' in 0.0019 seconds. Added 116 classes and 0 folders.
[2020.03.01-02.07.07:695][910]LogSlate: Took 0.000308 seconds to synchronously load lazily loaded font '../../../Engine/Content/Slate/Fonts/Roboto-Regular.ttf' (155K)
[2020.03.01-02.07.07:895][910]LogSlate: Took 0.015237 seconds to synchronously load lazily loaded font '../../../Engine/Content/Editor/Slate/Fonts/Roboto-BoldCondensed.ttf' (158K)
[2020.03.01-02.07.08:254][911]LogSlate: Took 0.067658 seconds to synchronously load lazily loaded font '../../../Engine/Content/Editor/Slate/Fonts/Roboto-Italic.ttf' (157K)
[2020.03.01-02.17.01:216][855]LogActorComponent: UnregisterComponent: (/Engine/Transient.EditorFloorComp) Not registered. Aborting.
[2020.03.01-02.17.01:868][856]Cmd: QUIT_EDITOR
[2020.03.01-02.17.02:291][856]LogWindowsTextInputMethodSystem: Display: IME system now deactivated.
[2020.03.01-02.17.02:424][856]LogExit: Preparing to exit.
[2020.03.01-02.17.03:284][856]LogDirectoryWatcher: A directory notification for 'C:/Users/Delam/OneDrive/Documents/GitHub/AIbs_Demo/Dialogue_BS/Content/' was aborted.
[2020.03.01-02.17.03:524][856]LogExit: Editor shut down
[2020.03.01-02.17.03:538][856]LogExit: Transaction tracking system shut down
[2020.03.01-02.17.04:063][856]LogDirectoryWatcher: A directory notification for '../../../Engine/Content/' was aborted.
[2020.03.01-02.17.04:063][856]LogDirectoryWatcher: A directory notification for '../../../../../../Users/Delam/OneDrive/Documents/GitHub/AIbs_Demo/Dialogue_BS/Content/' was aborted.
[2020.03.01-02.17.04:063][856]LogDirectoryWatcher: A directory notification for '../../../Engine/Plugins/2D/Paper2D/Content/' was aborted.
[2020.03.01-02.17.04:063][856]LogDirectoryWatcher: A directory notification for '../../../Engine/Plugins/Media/MediaCompositing/Content/' was aborted.
[2020.03.01-02.17.04:063][856]LogDirectoryWatcher: A directory notification for '../../../Engine/Plugins/Runtime/AppleARKit/Content/' was aborted.
[2020.03.01-02.17.04:063][856]LogDirectoryWatcher: A directory notification for '../../../Engine/Plugins/Runtime/Oculus/OculusVR/Content/' was aborted.
[2020.03.01-02.17.04:063][856]LogDirectoryWatcher: A directory notification for '../../../Engine/Plugins/Runtime/Steam/SteamVR/Content/' was aborted.
[2020.03.01-02.18.00:898][856]LogWindows: Error: === Critical error: ===
[2020.03.01-02.18.00:899][856]LogWindows: Error: 
[2020.03.01-02.18.00:899][856]LogWindows: Error: Fatal error!
[2020.03.01-02.18.00:899][856]LogWindows: Error: 
[2020.03.01-02.18.00:899][856]LogWindows: Error: Unhandled Exception: EXCEPTION_ACCESS_VIOLATION reading address 0xffffffff
[2020.03.01-02.18.00:899][856]LogWindows: Error: 
[2020.03.01-02.18.00:899][856]LogWindows: Error: [Callstack] 0x0000000081172605 UE4Editor-Dialogue_BS.dll!UnknownFunction []
[2020.03.01-02.18.00:899][856]LogWindows: Error: [Callstack] 0x0000000081179900 UE4Editor-Dialogue_BS.dll!UnknownFunction []
[2020.03.01-02.18.00:899][856]LogWindows: Error: [Callstack] 0x00000000811799BB UE4Editor-Dialogue_BS.dll!UnknownFunction []
[2020.03.01-02.18.00:899][856]LogWindows: Error: [Callstack] 0x00000000BA558CE4 UE4Editor-CoreUObject.dll!UnknownFunction []
[2020.03.01-02.18.00:899][856]LogWindows: Error: [Callstack] 0x00000000BA5EE56F UE4Editor-CoreUObject.dll!UnknownFunction []
[2020.03.01-02.18.00:899][856]LogWindows: Error: [Callstack] 0x00000000BA432547 UE4Editor-CoreUObject.dll!UnknownFunction []
[2020.03.01-02.18.00:899][856]LogWindows: Error: [Callstack] 0x00000000EC5A0AE5 UE4Editor.exe!UnknownFunction []
[2020.03.01-02.18.00:899][856]LogWindows: Error: [Callstack] 0x00000000EC5A0953 UE4Editor.exe!UnknownFunction []
[2020.03.01-02.18.00:899][856]LogWindows: Error: [Callstack] 0x00000000EC5A4791 UE4Editor.exe!UnknownFunction []
[2020.03.01-02.18.00:899][856]LogWindows: Error: [Callstack] 0x00000000EC5A5465 UE4Editor.exe!UnknownFunction []
[2020.03.01-02.18.00:899][856]LogWindows: Error: [Callstack] 0x00000000EC5A54AA UE4Editor.exe!UnknownFunction []
[2020.03.01-02.18.00:899][856]LogWindows: Error: [Callstack] 0x00000000EC5B2379 UE4Editor.exe!UnknownFunction []
[2020.03.01-02.18.00:899][856]LogWindows: Error: [Callstack] 0x00000000EC5B3D57 UE4Editor.exe!UnknownFunction []
[2020.03.01-02.18.00:899][856]LogWindows: Error: [Callstack] 0x00000000F8D17974 KERNEL32.DLL!UnknownFunction []
[2020.03.01-02.18.00:899][856]LogWindows: Error: [Callstack] 0x00000000FA05A261 ntdll.dll!UnknownFunction []
[2020.03.01-02.18.00:899][856]LogWindows: Error: [Callstack] 0x00000000FA05A261 ntdll.dll!UnknownFunction []
[2020.03.01-02.18.00:899][856]LogWindows: Error: 
