Log file open, 03/20/20 16:04:22
LogWindows: Failed to load 'aqProf.dll' (GetLastError=126)
LogWindows: File 'aqProf.dll' does not exist
LogWindows: Failed to load 'VSPerf140.dll' (GetLastError=126)
LogWindows: File 'VSPerf140.dll' does not exist
LogWindows: Failed to load 'VtuneApi.dll' (GetLastError=126)
LogWindows: File 'VtuneApi.dll' does not exist
LogWindows: Failed to load 'VtuneApi32e.dll' (GetLastError=126)
LogWindows: File 'VtuneApi32e.dll' does not exist
LogInit: Display: Running engine for game: Dialogue_BS
LogPlatformFile: Not using cached read wrapper
LogInit: Display: RandInit(-550450345) SRandInit(-550450345).
LogInit: Read version file with build ID '3709383'
LogInit: Overriding engine version to CL 3832480, compatible CL 3709383
LogInit: Registered custom module enumerator with build ID '3709383'
LogTaskGraph: Started task graph with 5 named threads and 14 total threads with 3 sets of task threads.
LogStats: Stats thread started at 0.177411
LogD3D11RHI: Aftermath initialized
LogPluginManager: Mounting plugin Paper2D
LogPluginManager: Mounting plugin LightPropagationVolume
LogPluginManager: Mounting plugin CodeLiteSourceCodeAccess
LogPluginManager: Mounting plugin GitSourceControl
LogPluginManager: Mounting plugin KDevelopSourceCodeAccess
LogPluginManager: Mounting plugin NullSourceCodeAccess
LogPluginManager: Mounting plugin PerforceSourceControl
LogPluginManager: Mounting plugin SubversionSourceControl
LogPluginManager: Mounting plugin UObjectPlugin
LogPluginManager: Mounting plugin VisualStudioCodeSourceCodeAccess
LogPluginManager: Mounting plugin VisualStudioSourceCodeAccess
LogPluginManager: Mounting plugin XCodeSourceCodeAccess
LogPluginManager: Mounting plugin AssetManagerEditor
LogPluginManager: Mounting plugin AudioCapture
LogPluginManager: Mounting plugin FacialAnimation
LogPluginManager: Mounting plugin GameplayTagsEditor
LogPluginManager: Mounting plugin MobileLauncherProfileWizard
LogPluginManager: Mounting plugin PluginBrowser
LogPluginManager: Mounting plugin SpeedTreeImporter
LogPluginManager: Mounting plugin AlembicImporter
LogPluginManager: Mounting plugin CharacterAI
LogPluginManager: Mounting plugin HTML5Networking
LogPluginManager: Mounting plugin AndroidMedia
LogPluginManager: Mounting plugin AvfMedia
LogPluginManager: Mounting plugin ImgMedia
LogPluginManager: Mounting plugin MediaCompositing
LogPluginManager: Mounting plugin MediaPlayerEditor
LogPluginManager: Mounting plugin WmfMedia
LogPluginManager: Mounting plugin TcpMessaging
LogPluginManager: Mounting plugin UdpMessaging
LogPluginManager: Mounting plugin ActorSequence
LogPluginManager: Mounting plugin LevelSequenceEditor
LogPluginManager: Mounting plugin MatineeToLevelSequence
LogPluginManager: Mounting plugin OnlineSubsystemGooglePlay
LogPluginManager: Mounting plugin OnlineSubsystemIOS
LogPluginManager: Mounting plugin OnlineSubsystem
LogPluginManager: Mounting plugin OnlineSubsystemNull
LogPluginManager: Mounting plugin OnlineSubsystemUtils
LogPluginManager: Mounting plugin AndroidDeviceProfileSelector
LogPluginManager: Mounting plugin AndroidMoviePlayer
LogPluginManager: Mounting plugin AndroidPermission
LogPluginManager: Mounting plugin AppleARKit
LogPluginManager: Mounting plugin AppleMoviePlayer
LogPluginManager: Mounting plugin ArchVisCharacter
LogPluginManager: Mounting plugin CableComponent
LogPluginManager: Mounting plugin CustomMeshComponent
LogPluginManager: Mounting plugin ExampleDeviceProfileSelector
LogPluginManager: Mounting plugin GoogleCloudMessaging
LogPluginManager: Mounting plugin ImmediatePhysics
LogPluginManager: Mounting plugin IOSDeviceProfileSelector
LogPluginManager: Mounting plugin LinuxDeviceProfileSelector
LogPluginManager: Mounting plugin LocationServicesBPLibrary
LogPluginManager: Mounting plugin MobilePatchingUtils
LogPluginManager: Mounting plugin OculusVR
LogPluginManager: Plugin shader directory ../../../Engine/Plugins/Runtime/Oculus/OculusVR/Shaders found
LogPluginManager: Mapping shader source directory ../../../Engine/Plugins/Runtime/Oculus/OculusVR/Shaders to virtual directory /Plugin/OculusVR
LogPluginManager: Mounting plugin PhysXVehicles
LogPluginManager: Mounting plugin ProceduralMeshComponent
LogPluginManager: Mounting plugin RuntimePhysXCooking
LogPluginManager: Mounting plugin SteamVR
LogPluginManager: Mounting plugin WindowsMoviePlayer
LogModuleManager: Display: Found up-to-date module file C:/Users/Dong Hyeong Lee/Documents/GitHub/AIbs_Demo/Dialogue_BS/Binaries/Win64/UE4Editor-Dialogue_BS.dll (API version 3709383).
LogModuleManager: Display: Found up-to-date module file ../../../Engine/Plugins/2D/Paper2D/Binaries/Win64/UE4Editor-Paper2D.dll (API version 3709383).
LogModuleManager: Display: Found up-to-date module file ../../../Engine/Plugins/2D/Paper2D/Binaries/Win64/UE4Editor-Paper2DEditor.dll (API version 3709383).
LogModuleManager: Display: Found up-to-date module file ../../../Engine/Plugins/2D/Paper2D/Binaries/Win64/UE4Editor-PaperSpriteSheetImporter.dll (API version 3709383).
LogModuleManager: Display: Found up-to-date module file ../../../Engine/Plugins/2D/Paper2D/Binaries/Win64/UE4Editor-PaperTiledImporter.dll (API version 3709383).
LogModuleManager: Display: Found up-to-date module file ../../../Engine/Plugins/2D/Paper2D/Binaries/Win64/UE4Editor-SmartSnapping.dll (API version 3709383).
LogModuleManager: Display: Found up-to-date module file ../../../Engine/Plugins/Blendables/LightPropagationVolume/Binaries/Win64/UE4Editor-LightPropagationVolumeRuntime.dll (API version 3709383).
LogModuleManager: Display: Found up-to-date module file ../../../Engine/Plugins/Blendables/LightPropagationVolume/Binaries/Win64/UE4Editor-LightPropagationVolumeEditor.dll (API version 3709383).
LogModuleManager: Display: Found up-to-date module file ../../../Engine/Plugins/Developer/GitSourceControl/Binaries/Win64/UE4Editor-GitSourceControl.dll (API version 3709383).
LogModuleManager: Display: Found up-to-date module file ../../../Engine/Plugins/Developer/PerforceSourceControl/Binaries/Win64/UE4Editor-PerforceSourceControl.dll (API version 3709383).
LogModuleManager: Display: Found up-to-date module file ../../../Engine/Plugins/Developer/SubversionSourceControl/Binaries/Win64/UE4Editor-SubversionSourceControl.dll (API version 3709383).
LogModuleManager: Display: Found up-to-date module file ../../../Engine/Plugins/Developer/UObjectPlugin/Binaries/Win64/UE4Editor-UObjectPlugin.dll (API version 3709383).
LogModuleManager: Display: Found up-to-date module file ../../../Engine/Plugins/Developer/VisualStudioCodeSourceCodeAccess/Binaries/Win64/UE4Editor-VisualStudioCodeSourceCodeAccess.dll (API version 3709383).
LogModuleManager: Display: Found up-to-date module file ../../../Engine/Plugins/Developer/VisualStudioSourceCodeAccess/Binaries/Win64/UE4Editor-VisualStudioSourceCodeAccess.dll (API version 3709383).
LogModuleManager: Display: Found up-to-date module file ../../../Engine/Plugins/Editor/AssetManagerEditor/Binaries/Win64/UE4Editor-AssetManagerEditor.dll (API version 3709383).
LogModuleManager: Display: Found up-to-date module file ../../../Engine/Plugins/Editor/AudioCapture/Binaries/Win64/UE4Editor-AudioCapture.dll (API version 3709383).
LogModuleManager: Display: Found up-to-date module file ../../../Engine/Plugins/Editor/FacialAnimation/Binaries/Win64/UE4Editor-FacialAnimation.dll (API version 3709383).
LogModuleManager: Display: Found up-to-date module file ../../../Engine/Plugins/Editor/FacialAnimation/Binaries/Win64/UE4Editor-FacialAnimationEditor.dll (API version 3709383).
LogModuleManager: Display: Found up-to-date module file ../../../Engine/Plugins/Editor/GameplayTagsEditor/Binaries/Win64/UE4Editor-GameplayTagsEditor.dll (API version 3709383).
LogModuleManager: Display: Found up-to-date module file ../../../Engine/Plugins/Editor/MobileLauncherProfileWizard/Binaries/Win64/UE4Editor-MobileLauncherProfileWizard.dll (API version 3709383).
LogModuleManager: Display: Found up-to-date module file ../../../Engine/Plugins/Editor/PluginBrowser/Binaries/Win64/UE4Editor-PluginBrowser.dll (API version 3709383).
LogModuleManager: Display: Found up-to-date module file ../../../Engine/Plugins/Editor/SpeedTreeImporter/Binaries/Win64/UE4Editor-SpeedTreeImporter.dll (API version 3709383).
LogModuleManager: Display: Found up-to-date module file ../../../Engine/Plugins/Experimental/AlembicImporter/Binaries/Win64/UE4Editor-AlembicImporter.dll (API version 3709383).
LogModuleManager: Display: Found up-to-date module file ../../../Engine/Plugins/Experimental/AlembicImporter/Binaries/Win64/UE4Editor-AlembicLibrary.dll (API version 3709383).
LogModuleManager: Display: Found up-to-date module file ../../../Engine/Plugins/Experimental/CharacterAI/Binaries/Win64/UE4Editor-CharacterAI.dll (API version 3709383).
LogModuleManager: Display: Found up-to-date module file ../../../Engine/Plugins/Experimental/HTML5Networking/Binaries/Win64/UE4Editor-HTML5Networking.dll (API version 3709383).
LogModuleManager: Display: Found up-to-date module file ../../../Engine/Plugins/Media/AndroidMedia/Binaries/Win64/UE4Editor-AndroidMediaEditor.dll (API version 3709383).
LogModuleManager: Display: Found up-to-date module file ../../../Engine/Plugins/Media/AndroidMedia/Binaries/Win64/UE4Editor-AndroidMediaFactory.dll (API version 3709383).
LogModuleManager: Display: Found up-to-date module file ../../../Engine/Plugins/Media/AvfMedia/Binaries/Win64/UE4Editor-AvfMediaEditor.dll (API version 3709383).
LogModuleManager: Display: Found up-to-date module file ../../../Engine/Plugins/Media/AvfMedia/Binaries/Win64/UE4Editor-AvfMediaFactory.dll (API version 3709383).
LogModuleManager: Display: Found up-to-date module file ../../../Engine/Plugins/Media/AvfMedia/Binaries/Win64/UE4Editor-AvfMediaFactory.dll (API version 3709383).
LogModuleManager: Display: Found up-to-date module file ../../../Engine/Plugins/Media/ImgMedia/Binaries/Win64/UE4Editor-ImgMedia.dll (API version 3709383).
LogModuleManager: Display: Found up-to-date module file ../../../Engine/Plugins/Media/ImgMedia/Binaries/Win64/UE4Editor-ImgMediaEditor.dll (API version 3709383).
LogModuleManager: Display: Found up-to-date module file ../../../Engine/Plugins/Media/ImgMedia/Binaries/Win64/UE4Editor-ImgMediaFactory.dll (API version 3709383).
LogModuleManager: Display: Found up-to-date module file ../../../Engine/Plugins/Media/ImgMedia/Binaries/Win64/UE4Editor-ImgMediaFactory.dll (API version 3709383).
LogModuleManager: Display: Found up-to-date module file ../../../Engine/Plugins/Media/ImgMedia/Binaries/Win64/UE4Editor-OpenExrWrapper.dll (API version 3709383).
LogModuleManager: Display: Found up-to-date module file ../../../Engine/Plugins/Media/MediaCompositing/Binaries/Win64/UE4Editor-MediaCompositing.dll (API version 3709383).
LogModuleManager: Display: Found up-to-date module file ../../../Engine/Plugins/Media/MediaCompositing/Binaries/Win64/UE4Editor-MediaCompositingEditor.dll (API version 3709383).
LogModuleManager: Display: Found up-to-date module file ../../../Engine/Plugins/Media/MediaPlayerEditor/Binaries/Win64/UE4Editor-MediaPlayerEditor.dll (API version 3709383).
LogModuleManager: Display: Found up-to-date module file ../../../Engine/Plugins/Media/WmfMedia/Binaries/Win64/UE4Editor-WmfMedia.dll (API version 3709383).
LogModuleManager: Display: Found up-to-date module file ../../../Engine/Plugins/Media/WmfMedia/Binaries/Win64/UE4Editor-WmfMediaEditor.dll (API version 3709383).
LogModuleManager: Display: Found up-to-date module file ../../../Engine/Plugins/Media/WmfMedia/Binaries/Win64/UE4Editor-WmfMediaFactory.dll (API version 3709383).
LogModuleManager: Display: Found up-to-date module file ../../../Engine/Plugins/Media/WmfMedia/Binaries/Win64/UE4Editor-WmfMediaFactory.dll (API version 3709383).
LogModuleManager: Display: Found up-to-date module file ../../../Engine/Plugins/Messaging/TcpMessaging/Binaries/Win64/UE4Editor-TcpMessaging.dll (API version 3709383).
LogModuleManager: Display: Found up-to-date module file ../../../Engine/Plugins/Messaging/UdpMessaging/Binaries/Win64/UE4Editor-UdpMessaging.dll (API version 3709383).
LogModuleManager: Display: Found up-to-date module file ../../../Engine/Plugins/MovieScene/ActorSequence/Binaries/Win64/UE4Editor-ActorSequence.dll (API version 3709383).
LogModuleManager: Display: Found up-to-date module file ../../../Engine/Plugins/MovieScene/LevelSequenceEditor/Binaries/Win64/UE4Editor-LevelSequenceEditor.dll (API version 3709383).
LogModuleManager: Display: Found up-to-date module file ../../../Engine/Plugins/MovieScene/MatineeToLevelSequence/Binaries/Win64/UE4Editor-MatineeToLevelSequence.dll (API version 3709383).
LogModuleManager: Display: Found up-to-date module file ../../../Engine/Plugins/Online/OnlineSubsystem/Binaries/Win64/UE4Editor-OnlineSubsystem.dll (API version 3709383).
LogModuleManager: Display: Found up-to-date module file ../../../Engine/Plugins/Online/OnlineSubsystemNull/Binaries/Win64/UE4Editor-OnlineSubsystemNull.dll (API version 3709383).
LogModuleManager: Display: Found up-to-date module file ../../../Engine/Plugins/Online/OnlineSubsystemUtils/Binaries/Win64/UE4Editor-OnlineSubsystemUtils.dll (API version 3709383).
LogModuleManager: Display: Found up-to-date module file ../../../Engine/Plugins/Online/OnlineSubsystemUtils/Binaries/Win64/UE4Editor-OnlineBlueprintSupport.dll (API version 3709383).
LogModuleManager: Display: Found up-to-date module file ../../../Engine/Plugins/Runtime/AndroidDeviceProfileSelector/Binaries/Win64/UE4Editor-AndroidDeviceProfileSelector.dll (API version 3709383).
LogModuleManager: Display: Found up-to-date module file ../../../Engine/Plugins/Runtime/AndroidPermission/Binaries/Win64/UE4Editor-AndroidPermission.dll (API version 3709383).
LogModuleManager: Display: Found up-to-date module file ../../../Engine/Plugins/Runtime/AppleARKit/Binaries/Win64/UE4Editor-AppleARKit.dll (API version 3709383).
LogModuleManager: Display: Found up-to-date module file ../../../Engine/Plugins/Runtime/ArchVisCharacter/Binaries/Win64/UE4Editor-ArchVisCharacter.dll (API version 3709383).
LogModuleManager: Display: Found up-to-date module file ../../../Engine/Plugins/Runtime/CableComponent/Binaries/Win64/UE4Editor-CableComponent.dll (API version 3709383).
LogModuleManager: Display: Found up-to-date module file ../../../Engine/Plugins/Runtime/CustomMeshComponent/Binaries/Win64/UE4Editor-CustomMeshComponent.dll (API version 3709383).
LogModuleManager: Display: Found up-to-date module file ../../../Engine/Plugins/Runtime/ExampleDeviceProfileSelector/Binaries/Win64/UE4Editor-ExampleDeviceProfileSelector.dll (API version 3709383).
LogModuleManager: Display: Found up-to-date module file ../../../Engine/Plugins/Runtime/ImmediatePhysics/Binaries/Win64/UE4Editor-ImmediatePhysics.dll (API version 3709383).
LogModuleManager: Display: Found up-to-date module file ../../../Engine/Plugins/Runtime/ImmediatePhysics/Binaries/Win64/UE4Editor-ImmediatePhysicsEditor.dll (API version 3709383).
LogModuleManager: Display: Found up-to-date module file ../../../Engine/Plugins/Runtime/LocationServicesBPLibrary/Binaries/Win64/UE4Editor-LocationServicesBPLibrary.dll (API version 3709383).
LogModuleManager: Display: Found up-to-date module file ../../../Engine/Plugins/Runtime/MobilePatchingUtils/Binaries/Win64/UE4Editor-MobilePatchingUtils.dll (API version 3709383).
LogModuleManager: Display: Found up-to-date module file ../../../Engine/Plugins/Runtime/Oculus/OculusVR/Binaries/Win64/UE4Editor-OculusHMD.dll (API version 3709383).
LogModuleManager: Display: Found up-to-date module file ../../../Engine/Plugins/Runtime/Oculus/OculusVR/Binaries/Win64/UE4Editor-OculusInput.dll (API version 3709383).
LogModuleManager: Display: Found up-to-date module file ../../../Engine/Plugins/Runtime/Oculus/OculusVR/Binaries/Win64/UE4Editor-OculusEditor.dll (API version 3709383).
LogModuleManager: Display: Found up-to-date module file ../../../Engine/Plugins/Runtime/PhysXVehicles/Binaries/Win64/UE4Editor-PhysXVehicles.dll (API version 3709383).
LogModuleManager: Display: Found up-to-date module file ../../../Engine/Plugins/Runtime/PhysXVehicles/Binaries/Win64/UE4Editor-PhysXVehiclesEditor.dll (API version 3709383).
LogModuleManager: Display: Found up-to-date module file ../../../Engine/Plugins/Runtime/ProceduralMeshComponent/Binaries/Win64/UE4Editor-ProceduralMeshComponent.dll (API version 3709383).
LogModuleManager: Display: Found up-to-date module file ../../../Engine/Plugins/Runtime/ProceduralMeshComponent/Binaries/Win64/UE4Editor-ProceduralMeshComponentEditor.dll (API version 3709383).
LogModuleManager: Display: Found up-to-date module file ../../../Engine/Plugins/Runtime/RuntimePhysXCooking/Binaries/Win64/UE4Editor-RuntimePhysXCooking.dll (API version 3709383).
LogModuleManager: Display: Found up-to-date module file ../../../Engine/Plugins/Runtime/Steam/SteamVR/Binaries/Win64/UE4Editor-SteamVR.dll (API version 3709383).
LogModuleManager: Display: Found up-to-date module file ../../../Engine/Plugins/Runtime/Steam/SteamVR/Binaries/Win64/UE4Editor-SteamVRController.dll (API version 3709383).
LogModuleManager: Display: Found up-to-date module file ../../../Engine/Plugins/Runtime/WindowsMoviePlayer/Binaries/Win64/UE4Editor-WindowsMoviePlayer.dll (API version 3709383).
LogInit: Using libcurl 7.47.1
LogInit:  - built for x86_64-pc-win32
LogInit:  - supports SSL with OpenSSL/1.0.2g
LogInit:  - supports HTTP deflate (compression) using libz 1.2.8
LogInit:  - other features:
LogInit:      CURL_VERSION_SSL
LogInit:      CURL_VERSION_LIBZ
LogInit:      CURL_VERSION_IPV6
LogInit:      CURL_VERSION_ASYNCHDNS
LogInit:      CURL_VERSION_LARGEFILE
LogInit:      CURL_VERSION_IDN
LogInit:  CurlRequestOptions (configurable via config and command line):
LogInit:  - bVerifyPeer = false  - Libcurl will NOT verify peer certificate
LogInit:  - bUseHttpProxy = false  - Libcurl will NOT use HTTP proxy
LogInit:  - bDontReuseConnections = false  - Libcurl will reuse connections
LogInit:  - CertBundlePath = nullptr  - Libcurl will use whatever was configured at build time.
LogInit: Build: ++UE4+Release-4.18-CL-3832480
LogInit: Engine Version: 4.18.3-3832480+++UE4+Release-4.18
LogInit: Compatible Engine Version: 4.18.0-3709383+++UE4+Release-4.18
LogInit: Net CL: 3709383
LogDevObjectVersion: Number of dev versions registered: 16
LogDevObjectVersion:   Dev-Blueprints (B0D832E4-1F89-4F0D-ACCF-7EB736FD4AA2): 10
LogDevObjectVersion:   Dev-Build (E1C64328-A22C-4D53-A36C-8E866417BD8C): 0
LogDevObjectVersion:   Dev-Core (375EC13C-06E4-48FB-B500-84F0262A717E): 2
LogDevObjectVersion:   Dev-Editor (E4B068ED-F494-42E9-A231-DA0B2E46BB41): 20
LogDevObjectVersion:   Dev-Framework (CFFC743F-43B0-4480-9391-14DF171D2073): 30
LogDevObjectVersion:   Dev-Mobile (B02B49B5-BB20-44E9-A304-32B752E40360): 0
LogDevObjectVersion:   Dev-Networking (A4E4105C-59A1-49B5-A7C5-40C4547EDFEE): 0
LogDevObjectVersion:   Dev-Online (39C831C9-5AE6-47DC-9A44-9C173E1C8E7C): 0
LogDevObjectVersion:   Dev-Physics (78F01B33-EBEA-4F98-B9B4-84EACCB95AA2): 0
LogDevObjectVersion:   Dev-Platform (6631380F-2D4D-43E0-8009-CF276956A95A): 0
LogDevObjectVersion:   Dev-Rendering (12F88B9F-8875-4AFC-A67C-D90C383ABD29): 20
LogDevObjectVersion:   Dev-Sequencer (7B5AE74C-D270-4C10-A958-57980B212A5A): 4
LogDevObjectVersion:   Dev-VR (D7296918-1DD6-4BDD-9DE2-64A83CC13884): 0
LogDevObjectVersion:   Dev-LoadTimes (C2A15278-BFE7-4AFE-6C17-90FF531DF755): 1
LogDevObjectVersion:   Private-Geometry (6EACA3D4-40EC-4CC1-B786-8BED09428FC5): 1
LogDevObjectVersion:   Dev-AnimPhys (29E575DD-E0A3-4627-9D10-D276232CDCEA): 12
LogInit: Compiled (64-bit): Jan 12 2018 02:04:55
LogInit: Compiled with Visual C++: 19.00.24215.01
LogInit: Build Configuration: Development
LogInit: Branch Name: ++UE4+Release-4.18
LogInit: Command line: 
LogInit: Base directory: D:/EpicGames/UE_4.18/Engine/Binaries/Win64/
LogInit: Installed Engine Build: 1
LogInit: Presizing for max 8388607 objects, including 0 objects not considered by GC, pre-allocating 0 bytes for permanent pool.
LogInit: Object subsystem initialized
[2020.03.20-20.04.23:548][  0]LogInit: Selected Device Profile: [Windows]
[2020.03.20-20.04.23:548][  0]LogInit: Applying CVar settings loaded from the selected device profile: [Windows]
[2020.03.20-20.04.23:561][  0]LogInit: Computer: MSI
[2020.03.20-20.04.23:561][  0]LogInit: User: DongHyeongLee
[2020.03.20-20.04.23:561][  0]LogInit: CPU Page size=4096, Cores=4
[2020.03.20-20.04.23:561][  0]LogInit: High frequency timer resolution =10.000000 MHz
[2020.03.20-20.04.23:562][  0]LogMemory: Memory total: Physical=15.9GB (16GB approx)
[2020.03.20-20.04.23:562][  0]LogMemory: Platform Memory Stats for Windows
[2020.03.20-20.04.23:562][  0]LogMemory: Process Physical Memory: 276.48 MB used, 276.49 MB peak
[2020.03.20-20.04.23:562][  0]LogMemory: Process Virtual Memory: 272.03 MB used, 272.03 MB peak
[2020.03.20-20.04.23:562][  0]LogMemory: Physical Memory: 9373.99 MB used,  6930.12 MB free, 16304.11 MB total
[2020.03.20-20.04.23:562][  0]LogMemory: Virtual Memory: 4765.51 MB used,  6930.12 MB free, 134217728.00 MB total
[2020.03.20-20.04.23:897][  0]LogInit: Overriding language with editor language configuration option (en).
[2020.03.20-20.04.23:897][  0]LogInit: Overriding locale with editor locale configuration option (en).
[2020.03.20-20.04.24:320][  0]LogInit: Setting process to per monitor DPI aware
[2020.03.20-20.04.24:573][  0]LogD3D11RHI: D3D11 adapters:
[2020.03.20-20.04.24:645][  0]LogD3D11RHI:    0. 'NVIDIA GeForce GTX 1050 Ti' (Feature Level 11_0)
[2020.03.20-20.04.24:645][  0]LogD3D11RHI:       4021/0/8152 MB DedicatedVideo/DedicatedSystem/SharedSystem, Outputs:1, VendorId:0x10de
[2020.03.20-20.04.24:661][  0]LogD3D11RHI:    1. 'Intel(R) HD Graphics 630' (Feature Level 11_0)
[2020.03.20-20.04.24:661][  0]LogD3D11RHI:       128/0/8152 MB DedicatedVideo/DedicatedSystem/SharedSystem, Outputs:0, VendorId:0x8086
[2020.03.20-20.04.24:663][  0]LogD3D11RHI:    2. 'Microsoft Basic Render Driver' (Feature Level 11_0)
[2020.03.20-20.04.24:663][  0]LogD3D11RHI:       0/0/8152 MB DedicatedVideo/DedicatedSystem/SharedSystem, Outputs:0, VendorId:0x1414
[2020.03.20-20.04.24:663][  0]LogD3D11RHI: Chosen D3D11 Adapter: 0
[2020.03.20-20.04.24:675][  0]LogD3D11RHI: Creating new Direct3DDevice
[2020.03.20-20.04.24:676][  0]LogD3D11RHI:     GPU DeviceId: 0x1c8c (for the marketing name, search the web for "GPU Device Id")
[2020.03.20-20.04.24:676][  0]LogWindows: EnumDisplayDevices:
[2020.03.20-20.04.24:676][  0]LogWindows:    0. 'Intel(R) HD Graphics 630' (P:1 D:1)
[2020.03.20-20.04.24:676][  0]LogWindows:    1. 'Intel(R) HD Graphics 630' (P:0 D:0)
[2020.03.20-20.04.24:676][  0]LogWindows:    2. 'Intel(R) HD Graphics 630' (P:0 D:0)
[2020.03.20-20.04.24:676][  0]LogWindows: DebugString: GetVideoDriverDetailsInvalid PrimaryIsNotTheChoosenAdapter GetVideoDriverDetailsInvalid PrimaryIsNotTheChoosenAdapter GetVideoDriverDetailsInvalid PrimaryIsNotTheChoosenAdapter FoundDriverCount:0 
[2020.03.20-20.04.24:676][  0]LogD3D11RHI:     Adapter Name: NVIDIA GeForce GTX 1050 Ti
[2020.03.20-20.04.24:676][  0]LogD3D11RHI:   Driver Version: Unknown (internal:Unknown, unified:Unknown)
[2020.03.20-20.04.24:676][  0]LogD3D11RHI:      Driver Date: Unknown
[2020.03.20-20.04.24:676][  0]LogRHI: Texture pool is 2814 MB (70% of 4021 MB)
[2020.03.20-20.04.24:721][  0]LogD3D11RHI: Async texture creation enabled
[2020.03.20-20.04.24:732][  0]LogD3D11RHI: GPU Timing Frequency: 1000.000000 (Debug: 2 1)
[2020.03.20-20.04.24:733][  0]LogShaderCompilers: Guid format shader working directory is -8 characters bigger than the processId version (C:/Users/Dong Hyeong Lee/Documents/GitHub/AIbs_Demo/Dialogue_BS/Intermediate/Shaders/WorkingDirectory/21732/).
[2020.03.20-20.04.24:733][  0]LogShaderCompilers: Cleaned the shader compiler working directory 'C:/Users/Dong Hyeong Lee/AppData/Local/Temp/UnrealShaderWorkingDir/C206D6004D2A8D2162438F99D641D35E/'.
[2020.03.20-20.04.24:733][  0]LogShaderCompilers: Display: Using Local Shader Compiler.
[2020.03.20-20.04.25:679][  0]LogTemp: Display: Loaded TP AllDesktopTargetPlatform
[2020.03.20-20.04.25:721][  0]LogTemp: Display: Loaded TP MacClientTargetPlatform
[2020.03.20-20.04.25:766][  0]LogTemp: Display: Loaded TP MacNoEditorTargetPlatform
[2020.03.20-20.04.25:807][  0]LogTemp: Display: Loaded TP MacServerTargetPlatform
[2020.03.20-20.04.25:847][  0]LogTemp: Display: Loaded TP MacTargetPlatform
[2020.03.20-20.04.25:894][  0]LogTemp: Display: Loaded TP WindowsClientTargetPlatform
[2020.03.20-20.04.25:935][  0]LogTemp: Display: Loaded TP WindowsNoEditorTargetPlatform
[2020.03.20-20.04.25:975][  0]LogTemp: Display: Loaded TP WindowsServerTargetPlatform
[2020.03.20-20.04.26:014][  0]LogTemp: Display: Loaded TP WindowsTargetPlatform
[2020.03.20-20.04.26:055][  0]LogTemp: Display: Loaded TP Android_ASTCTargetPlatform
[2020.03.20-20.04.26:097][  0]LogTemp: Display: Loaded TP Android_ATCTargetPlatform
[2020.03.20-20.04.26:144][  0]LogTemp: Display: Loaded TP Android_DXTTargetPlatform
[2020.03.20-20.04.26:186][  0]LogTemp: Display: Loaded TP Android_ETC1TargetPlatform
[2020.03.20-20.04.26:225][  0]LogTemp: Display: Loaded TP Android_ETC2TargetPlatform
[2020.03.20-20.04.26:308][  0]LogTemp: Display: Loaded TP Android_MultiTargetPlatform
[2020.03.20-20.04.26:308][  0]LogTemp: Display: Loaded TP Android_PVRTCTargetPlatform
[2020.03.20-20.04.26:353][  0]LogTemp: Display: Loaded TP AndroidTargetPlatform
[2020.03.20-20.04.26:386][  0]LogTemp: Display: Loaded TP HTML5TargetPlatform
[2020.03.20-20.04.26:473][  0]LogTemp: Display: Loaded TP IOSTargetPlatform
[2020.03.20-20.04.26:501][  0]LogTemp: Display: Loaded TP TVOSTargetPlatform
[2020.03.20-20.04.26:539][  0]LogTemp: Display: Loaded TP LinuxClientTargetPlatform
[2020.03.20-20.04.26:580][  0]LogTemp: Display: Loaded TP LinuxNoEditorTargetPlatform
[2020.03.20-20.04.26:620][  0]LogTemp: Display: Loaded TP LinuxServerTargetPlatform
[2020.03.20-20.04.26:660][  0]LogTemp: Display: Loaded TP LinuxTargetPlatform
[2020.03.20-20.04.26:660][  0]LogTargetPlatformManager: Display: Building Assets For Windows
[2020.03.20-20.04.27:024][  0]LogDerivedDataCache: Display: Max Cache Size: 512 MB
[2020.03.20-20.04.27:121][  0]LogDerivedDataCache: Loaded boot cache 0.10s 79MB C:/Users/Dong Hyeong Lee/AppData/Local/UnrealEngine/4.18/DerivedDataCache/Boot.ddc.
[2020.03.20-20.04.27:121][  0]LogDerivedDataCache: Display: Loaded Boot cache: C:/Users/Dong Hyeong Lee/AppData/Local/UnrealEngine/4.18/DerivedDataCache/Boot.ddc
[2020.03.20-20.04.27:121][  0]LogDerivedDataCache: FDerivedDataBackendGraph:  Pak pak cache file C:/Users/Dong Hyeong Lee/Documents/GitHub/AIbs_Demo/Dialogue_BS/DerivedDataCache/DDC.ddp not found, will not use a pak cache.
[2020.03.20-20.04.27:121][  0]LogDerivedDataCache: Unable to find inner node Pak for hierarchical cache Hierarchy.
[2020.03.20-20.04.27:121][  0]LogDerivedDataCache: FDerivedDataBackendGraph:  CompressedPak pak cache file C:/Users/Dong Hyeong Lee/Documents/GitHub/AIbs_Demo/Dialogue_BS/DerivedDataCache/Compressed.ddp not found, will not use a pak cache.
[2020.03.20-20.04.27:121][  0]LogDerivedDataCache: Unable to find inner node CompressedPak for hierarchical cache Hierarchy.
[2020.03.20-20.04.27:140][  0]LogDerivedDataCache: Display: Pak cache opened for reading ../../../Engine/DerivedDataCache/Compressed.ddp.
[2020.03.20-20.04.27:153][  0]LogDerivedDataCache: Using Local data cache path C:/Users/Dong Hyeong Lee/AppData/Local/UnrealEngine/Common/DerivedDataCache: Writable
[2020.03.20-20.04.27:164][  0]LogMaterial: Verifying Global Shaders for PCD3D_SM5
[2020.03.20-20.04.27:164][  0]LogSlate: Using Freetype 2.6.0
[2020.03.20-20.04.27:165][  0]LogSlate: SlateFontCache - WITH_FREETYPE: 1, WITH_HARFBUZZ: 1
[2020.03.20-20.04.27:165][  0]LogSlate: SlateFontCache - WITH_FREETYPE: 1, WITH_HARFBUZZ: 1
[2020.03.20-20.04.27:546][  0]LogInit: Selected Device Profile: [Windows]
[2020.03.20-20.04.27:821][  0]LogSimplygon: Simplygon DLL not present - disabling.
[2020.03.20-20.04.27:856][  0]LogMeshReduction: Using SimplygonSwarm for distributed automatic mesh merging
[2020.03.20-20.04.27:856][  0]LogMeshReduction: Using QuadricMeshReduction for automatic static mesh reduction
[2020.03.20-20.04.27:856][  0]LogMeshReduction: No automatic skeletal mesh reduction module available
[2020.03.20-20.04.27:856][  0]LogMeshReduction: No automatic mesh merging module available
[2020.03.20-20.04.27:856][  0]LogMeshMerging: No automatic mesh merging module available
[2020.03.20-20.04.27:881][  0]LogNetVersion: Dialogue_BS , NetCL: 3709383, EngineNetVer: 2, GameNetVer: 0 (Checksum: 2721781782)
[2020.03.20-20.04.28:049][  0]LogAssetRegistry: FAssetRegistry took 0.0312 seconds to start up
[2020.03.20-20.04.28:501][  0]LogPackageLocalizationCache: Processed 7 localized package path(s) for 1 prioritized culture(s) in 0.031628 seconds
[2020.03.20-20.04.28:507][  0]LogUObjectArray: 35870 objects as part of root set at end of initial load.
[2020.03.20-20.04.28:507][  0]LogUObjectAllocator: 7363704 out of 0 bytes used by permanent object pool.
[2020.03.20-20.04.28:507][  0]LogUObjectArray: CloseDisregardForGC: 0/0 objects in disregard for GC pool
[2020.03.20-20.04.28:543][  0]LogInit: WinSock: version 1.1 (2.2), MaxSocks=32767, MaxUdp=65467
[2020.03.20-20.04.30:881][  0]LogTcpMessaging: Initializing TcpMessaging bridge
[2020.03.20-20.04.30:913][  0]LogUdpMessaging: Initializing bridge on interface 0.0.0.0:0 to multicast group 230.0.0.1:6666.
[2020.03.20-20.04.31:628][  0]LogMaterial: Uniform references updated for custom material expression Custom.
[2020.03.20-20.04.31:975][  0]SourceControl: Source control is disabled
[2020.03.20-20.04.31:975][  0]SourceControl: Source control is disabled
[2020.03.20-20.04.32:018][  0]SourceControl: Source control is disabled
[2020.03.20-20.04.32:057][  0]SourceControl: Source control is disabled
[2020.03.20-20.04.32:685][  0]LogAndroidPermission: UAndroidPermissionCallbackProxy::GetInstance
[2020.03.20-20.04.32:892][  0]LogOcInput: OculusInput pre-init called
[2020.03.20-20.04.33:120][  0]LogEngine: Initializing Engine...
[2020.03.20-20.04.33:124][  0]LogHMD: Failed to initialize OpenVR with code 110
[2020.03.20-20.04.33:361][  0]LogStats: UGameplayTagsManager::ConstructGameplayTagTree: Construct from data asset -  0.000 s
[2020.03.20-20.04.33:361][  0]LogStats: UGameplayTagsManager::ConstructGameplayTagTree: GameplayTagTreeChangedEvent.Broadcast -  0.000 s
[2020.03.20-20.04.33:466][  0]LogAIModule: Creating AISystem for world Untitled
[2020.03.20-20.04.33:480][  0]LogInit: XAudio2 using '스피커(Realtek High Definition Audio)' : 6 channels at 48 kHz using 32 bits per sample (channel mask 0x3f)
[2020.03.20-20.04.33:564][  0]LogInit: FAudioDevice initialized.
[2020.03.20-20.04.33:655][  0]LogDerivedDataCache: Saved boot cache 0.09s 79MB C:/Users/Dong Hyeong Lee/AppData/Local/UnrealEngine/4.18/DerivedDataCache/Boot.ddc.
[2020.03.20-20.04.33:678][  0]LogInit: Texture streaming: Enabled
[2020.03.20-20.04.33:754][  0]LogEngineSessionManager: EngineSessionManager initialized
[2020.03.20-20.04.33:845][  0]LogInit: Transaction tracking system initialized
[2020.03.20-20.04.34:081][  0]BlueprintLog: New page: Editor Load
[2020.03.20-20.04.34:813][  0]LocalizationService: Localization service is disabled
[2020.03.20-20.04.35:364][  0]LogConsoleResponse: Display: 
[2020.03.20-20.04.35:520][  0]LogCook: Display: Max memory allowance for cook 16384mb min free memory 0mb
[2020.03.20-20.04.35:520][  0]LogCook: Display: Mobile HDR setting 1
[2020.03.20-20.04.35:520][  0]LogGameplayTags: Display: UGameplayTagsManager::DoneAddingNativeTags. DelegateIsBound: 0
[2020.03.20-20.04.36:049][  0]LogFileCache: Scanning file cache for directory 'C:/Users/Dong Hyeong Lee/Documents/GitHub/AIbs_Demo/Dialogue_BS/Content/' took 0.01s
[2020.03.20-20.04.36:412][  0]SourceControl: Source control is disabled
[2020.03.20-20.04.36:412][  0]Cmd: MAP LOAD FILE="C:/Users/Dong Hyeong Lee/Documents/GitHub/AIbs_Demo/Dialogue_BS/Content/ThirdPersonCPP/Maps/ThirdPersonExampleMap.umap" TEMPLATE=0 SHOWPROGRESS=1 FEATURELEVEL=3
[2020.03.20-20.04.36:413][  0]LightingResults: New page: Lighting Build
[2020.03.20-20.04.36:444][  0]MapCheck: New page: Map Check
[2020.03.20-20.04.36:444][  0]LightingResults: New page: Lighting Build
[2020.03.20-20.04.37:073][  0]LogAIModule: Creating AISystem for world ThirdPersonExampleMap
[2020.03.20-20.04.37:090][  0]LogEditorServer: Finished looking for orphan Actors (0.000 secs)
[2020.03.20-20.04.37:110][  0]Cmd: MAP CHECKDEP NOCLEARLOG
[2020.03.20-20.04.37:156][  0]MapCheck: Map check complete: 0 Error(s), 0 Warning(s), took 45.773ms to complete.
[2020.03.20-20.04.37:156][  0]LogFileHelpers: Loading map 'ThirdPersonExampleMap' took 0.744
[2020.03.20-20.04.37:313][  0]LogCollectionManager: Loaded 0 collections in 0.000831 seconds
[2020.03.20-20.04.37:381][  0]LogFileCache: Scanning file cache for directory 'C:/Users/Dong Hyeong Lee/Documents/GitHub/AIbs_Demo/Dialogue_BS/Saved/Collections/' took 0.01s
[2020.03.20-20.04.37:381][  0]LogFileCache: Scanning file cache for directory 'C:/Users/Dong Hyeong Lee/Documents/GitHub/AIbs_Demo/Dialogue_BS/Content/Developers/DongHyeongLee/Collections/' took 0.01s
[2020.03.20-20.04.37:381][  0]LogFileCache: Scanning file cache for directory 'C:/Users/Dong Hyeong Lee/Documents/GitHub/AIbs_Demo/Dialogue_BS/Content/Collections/' took 0.01s
[2020.03.20-20.04.37:381][  0]LogCollectionManager: Rebuilt the GUID cache for 0 collections in 0.000000 seconds
[2020.03.20-20.04.37:391][  0]LogContentBrowser: Native class hierarchy populated in 0.0105 seconds. Added 2367 classes and 522 folders.
[2020.03.20-20.04.37:441][  0]LogContentBrowser: Native class hierarchy updated for 'WidgetCarousel' in 0.0008 seconds. Added 0 classes and 0 folders.
[2020.03.20-20.04.37:471][  0]LogContentBrowser: Native class hierarchy updated for 'AddContentDialog' in 0.0009 seconds. Added 0 classes and 0 folders.
[2020.03.20-20.04.37:509][  0]LogContentBrowser: Native class hierarchy updated for 'SceneOutliner' in 0.0010 seconds. Added 1 classes and 2 folders.
[2020.03.20-20.04.37:550][  0]LogSlate: Took 0.000215 seconds to synchronously load lazily loaded font '../../../Engine/Content/Slate/Fonts/Roboto-Regular.ttf' (155K)
[2020.03.20-20.04.37:552][  0]LogSlate: Took 0.000238 seconds to synchronously load lazily loaded font '../../../Engine/Content/Slate/Fonts/Roboto-Bold.ttf' (160K)
[2020.03.20-20.04.37:560][  0]LogSlate: Took 0.000178 seconds to synchronously load lazily loaded font '../../../Engine/Content/Editor/Slate/Fonts/FontAwesome.ttf' (139K)
[2020.03.20-20.04.37:668][  0]LogRenderer: Reallocating scene render targets to support 964x436 Format 10 NumSamples 1 (Frame:1).
[2020.03.20-20.04.37:905][  0]LogContentBrowser: Native class hierarchy updated for 'HierarchicalLODOutliner' in 0.0009 seconds. Added 1 classes and 2 folders.
[2020.03.20-20.04.37:905][  0]LogLoad: (Engine Initialization) Total time: 16.56 seconds
[2020.03.20-20.04.37:905][  0]LogLoad: (Engine Initialization) Total Blueprint compile time: 0.00 seconds
[2020.03.20-20.04.37:905][  0]LogExternalProfiler: No external profilers were discovered.  External profiling features will not be available.
[2020.03.20-20.04.37:946][  0]LogContentStreaming: Texture pool size now 1000 MB
[2020.03.20-20.04.38:007][  0]LogSlate: Took 0.000623 seconds to synchronously load lazily loaded font '../../../Engine/Content/Slate/Fonts/Roboto-Light.ttf' (159K)
[2020.03.20-20.04.38:026][  1]LogCollectionManager: Rebuilt the object cache for 0 collections in 0.000001 seconds (found 0 objects)
[2020.03.20-20.04.38:209][  1]LogAssetRegistry: Asset discovery search completed in 10.1819 seconds
[2020.03.20-20.04.38:211][  1]LogCollectionManager: Fixed up redirectors for 0 collections in 0.000005 seconds (updated 0 objects)
[2020.03.20-20.04.38:943][ 38]LogSlate: Took 0.000162 seconds to synchronously load lazily loaded font '../../../Engine/Content/Slate/Fonts/Roboto-Light.ttf' (159K)
[2020.03.20-20.04.43:328][297]LogTemp: Repeating last play command: New Editor Window (PIE)
[2020.03.20-20.04.43:372][297]LogBlueprintUserMessages: Early PlayInEditor Detection: Level '/Game/ThirdPersonCPP/Maps/ThirdPersonExampleMap.ThirdPersonExampleMap:PersistentLevel' has LevelScriptBlueprint '/Game/ThirdPersonCPP/Maps/ThirdPersonExampleMap.ThirdPersonExampleMap:PersistentLevel.ThirdPersonExampleMap' with GeneratedClass '/Game/ThirdPersonCPP/Maps/ThirdPersonExampleMap.ThirdPersonExampleMap_C' with ClassGeneratedBy '/Game/ThirdPersonCPP/Maps/ThirdPersonExampleMap.ThirdPersonExampleMap:PersistentLevel.ThirdPersonExampleMap'
[2020.03.20-20.04.43:372][297]LogPlayLevel: PlayLevel: No blueprints needed recompiling
[2020.03.20-20.04.43:372][297]PIE: New page: PIE session: ThirdPersonExampleMap (Mar 20, 2020, 12:04:43 PM)
[2020.03.20-20.04.43:372][297]LogPlayLevel: Creating play world package: /Game/ThirdPersonCPP/Maps/UEDPIE_0_ThirdPersonExampleMap
[2020.03.20-20.04.43:405][297]LogPlayLevel: PIE: StaticDuplicateObject took: (0.032403s)
[2020.03.20-20.04.43:406][297]LogAIModule: Creating AISystem for world ThirdPersonExampleMap
[2020.03.20-20.04.43:406][297]LogPlayLevel: PIE: World Init took: (0.001158s)
[2020.03.20-20.04.43:406][297]LogPlayLevel: PIE: Created PIE world by copying editor world from /Game/ThirdPersonCPP/Maps/ThirdPersonExampleMap.ThirdPersonExampleMap to /Game/ThirdPersonCPP/Maps/UEDPIE_0_ThirdPersonExampleMap.ThirdPersonExampleMap (0.034127s)
[2020.03.20-20.04.43:426][297]LogInit: XAudio2 using '스피커(Realtek High Definition Audio)' : 6 channels at 48 kHz using 32 bits per sample (channel mask 0x3f)
[2020.03.20-20.04.43:497][297]LogInit: FAudioDevice initialized.
[2020.03.20-20.04.43:663][297]LogLoad: Game class is 'Dialogue_BSGameMode'
[2020.03.20-20.04.43:669][297]LogWorld: Bringing World /Game/ThirdPersonCPP/Maps/UEDPIE_0_ThirdPersonExampleMap.ThirdPersonExampleMap up for play (max tick rate 60) at 2020.03.20-16.04.43
[2020.03.20-20.04.43:670][297]LogWorld: Bringing up level for play took: 0.005104
[2020.03.20-20.04.43:704][297]LogContentBrowser: Native class hierarchy updated for 'MovieSceneCapture' in 0.0013 seconds. Added 11 classes and 0 folders.
[2020.03.20-20.04.43:705][297]LogBlueprintUserMessages: [NPC_AI_C_0] Movement Speed: 0.29414
[2020.03.20-20.04.43:706][297]LogBlueprintUserMessages: [NPC_AI_C_0] 0.933425Patrol Frequency: 
[2020.03.20-20.04.43:706][297]LogBlueprintUserMessages: [NPC_AI_C_0] 283.840088Intercept Speed
[2020.03.20-20.04.43:706][297]LogBlueprintUserMessages: [NPC_AI_C_0] 124.987892Patrol Speed: 
[2020.03.20-20.04.43:711][297]PIE: Play in editor start time for /Game/ThirdPersonCPP/Maps/UEDPIE_0_ThirdPersonExampleMap 0.108
[2020.03.20-20.04.43:711][297]LogBlueprintUserMessages: Late PlayInEditor Detection: Level '/Game/ThirdPersonCPP/Maps/ThirdPersonExampleMap.ThirdPersonExampleMap:PersistentLevel' has LevelScriptBlueprint '/Game/ThirdPersonCPP/Maps/ThirdPersonExampleMap.ThirdPersonExampleMap:PersistentLevel.ThirdPersonExampleMap' with GeneratedClass '/Game/ThirdPersonCPP/Maps/ThirdPersonExampleMap.ThirdPersonExampleMap_C' with ClassGeneratedBy '/Game/ThirdPersonCPP/Maps/ThirdPersonExampleMap.ThirdPersonExampleMap:PersistentLevel.ThirdPersonExampleMap'
[2020.03.20-20.04.43:747][297]LogRenderer: Reallocating scene render targets to support 1024x576 Format 10 NumSamples 1 (Frame:1).
[2020.03.20-20.04.46:724][472]LogBlueprintUserMessages: [DialogueV2_C_0] Dialogue: Dialogue Weight = INTJ
[2020.03.20-20.04.46:724][472]LogBlueprintUserMessages: [DialogueV2_C_0] Dialogue: Gathering Data.
[2020.03.20-20.04.46:724][472]LogBlueprintUserMessages: [DialogueV2_C_0] Searching Through Library
[2020.03.20-20.04.46:724][472]LogBlueprintUserMessages: [DialogueV2_C_0] No Dialogue Found
[2020.03.20-20.04.46:724][472]LogBlueprintUserMessages: [DialogueV2_C_0] No Dialogue Found
[2020.03.20-20.04.46:725][472]LogBlueprintUserMessages: [DialogueV2_C_0] Loading Button Creation
[2020.03.20-20.04.46:725][472]LogBlueprintUserMessages: [DialogueV2_C_0] Linear Path Initiated (false)
[2020.03.20-20.04.46:725][472]LogBlueprintUserMessages: [DialogueV2_C_0] Dialogue: Finished Creating Buttons
[2020.03.20-20.05.02:812][824]LogBlueprintUserMessages: [DialogueV2_C_0] Loading Button Creation
[2020.03.20-20.05.02:812][824]LogBlueprintUserMessages: [DialogueV2_C_0] Linear Path Initiated (false)
[2020.03.20-20.05.02:813][824]LogBlueprintUserMessages: [DialogueV2_C_0] Dialogue: Finished Creating Buttons
[2020.03.20-20.16.48:480][251]LogBlueprintUserMessages: Early EndPlayMap Detection: Level '/Game/ThirdPersonCPP/Maps/ThirdPersonExampleMap.ThirdPersonExampleMap:PersistentLevel' has LevelScriptBlueprint '/Game/ThirdPersonCPP/Maps/ThirdPersonExampleMap.ThirdPersonExampleMap:PersistentLevel.ThirdPersonExampleMap' with GeneratedClass '/Game/ThirdPersonCPP/Maps/ThirdPersonExampleMap.ThirdPersonExampleMap_C' with ClassGeneratedBy '/Game/ThirdPersonCPP/Maps/ThirdPersonExampleMap.ThirdPersonExampleMap:PersistentLevel.ThirdPersonExampleMap'
[2020.03.20-20.16.48:525][251]LogBlueprintUserMessages: Late EndPlayMap Detection: Level '/Game/ThirdPersonCPP/Maps/ThirdPersonExampleMap.ThirdPersonExampleMap:PersistentLevel' has LevelScriptBlueprint '/Game/ThirdPersonCPP/Maps/ThirdPersonExampleMap.ThirdPersonExampleMap:PersistentLevel.ThirdPersonExampleMap' with GeneratedClass '/Game/ThirdPersonCPP/Maps/ThirdPersonExampleMap.ThirdPersonExampleMap_C' with ClassGeneratedBy '/Game/ThirdPersonCPP/Maps/ThirdPersonExampleMap.ThirdPersonExampleMap:PersistentLevel.ThirdPersonExampleMap'
[2020.03.20-20.16.51:530][356]LogSlate: Took 0.000250 seconds to synchronously load lazily loaded font '../../../Engine/Content/Slate/Fonts/Roboto-Light.ttf' (159K)
[2020.03.20-20.16.51:853][356]LogContentBrowser: Native class hierarchy updated for 'BlueprintGraph' in 0.0012 seconds. Added 116 classes and 0 folders.
[2020.03.20-20.16.53:172][356]LogSlate: Took 0.000194 seconds to synchronously load lazily loaded font '../../../Engine/Content/Editor/Slate/Fonts/Roboto-BoldCondensed.ttf' (158K)
[2020.03.20-20.16.53:245][357]LogSlate: Took 0.000196 seconds to synchronously load lazily loaded font '../../../Engine/Content/Editor/Slate/Fonts/Roboto-Italic.ttf' (157K)
[2020.03.20-20.17.25:162][911]BlueprintLog: New page: Compile UI_DialogueChoice
[2020.03.20-20.17.26:460][951]LogSavePackage: Save=23.18ms
[2020.03.20-20.17.26:460][951]LogSavePackage: Moving 'C:/Users/Dong Hyeong Lee/Documents/GitHub/AIbs_Demo/Dialogue_BS/Saved/UI_DialogueChoice96BD5CF8489406D0CECB58A7325B7F30.tmp' to 'C:/Users/Dong Hyeong Lee/Documents/GitHub/AIbs_Demo/Dialogue_BS/Content/ThirdPersonCPP/Dialogue/UI_DialogueChoice.uasset'
[2020.03.20-20.17.26:462][951]LogSavePackage: Display: Finished SavePackage C:/Users/Dong Hyeong Lee/Documents/GitHub/AIbs_Demo/Dialogue_BS/Content/ThirdPersonCPP/Dialogue/UI_DialogueChoice.uasset
[2020.03.20-20.17.27:287][982]LogTemp: Repeating last play command: New Editor Window (PIE)
[2020.03.20-20.17.27:318][982]LogBlueprintUserMessages: Early PlayInEditor Detection: Level '/Game/ThirdPersonCPP/Maps/ThirdPersonExampleMap.ThirdPersonExampleMap:PersistentLevel' has LevelScriptBlueprint '/Game/ThirdPersonCPP/Maps/ThirdPersonExampleMap.ThirdPersonExampleMap:PersistentLevel.ThirdPersonExampleMap' with GeneratedClass '/Game/ThirdPersonCPP/Maps/ThirdPersonExampleMap.ThirdPersonExampleMap_C' with ClassGeneratedBy '/Game/ThirdPersonCPP/Maps/ThirdPersonExampleMap.ThirdPersonExampleMap:PersistentLevel.ThirdPersonExampleMap'
[2020.03.20-20.17.27:318][982]LogPlayLevel: PlayLevel: No blueprints needed recompiling
[2020.03.20-20.17.27:318][982]PIE: New page: PIE session: ThirdPersonExampleMap (Mar 20, 2020, 12:17:27 PM)
[2020.03.20-20.17.27:318][982]LogPlayLevel: Creating play world package: /Game/ThirdPersonCPP/Maps/UEDPIE_0_ThirdPersonExampleMap
[2020.03.20-20.17.27:341][982]LogPlayLevel: PIE: StaticDuplicateObject took: (0.022058s)
[2020.03.20-20.17.27:341][982]LogAIModule: Creating AISystem for world ThirdPersonExampleMap
[2020.03.20-20.17.27:341][982]LogPlayLevel: PIE: World Init took: (0.000915s)
[2020.03.20-20.17.27:341][982]LogPlayLevel: PIE: Created PIE world by copying editor world from /Game/ThirdPersonCPP/Maps/ThirdPersonExampleMap.ThirdPersonExampleMap to /Game/ThirdPersonCPP/Maps/UEDPIE_0_ThirdPersonExampleMap.ThirdPersonExampleMap (0.023359s)
[2020.03.20-20.17.27:376][982]LogInit: XAudio2 using '스피커(Realtek High Definition Audio)' : 6 channels at 48 kHz using 32 bits per sample (channel mask 0x3f)
[2020.03.20-20.17.27:440][982]LogInit: FAudioDevice initialized.
[2020.03.20-20.17.27:584][982]LogLoad: Game class is 'Dialogue_BSGameMode'
[2020.03.20-20.17.27:589][982]LogWorld: Bringing World /Game/ThirdPersonCPP/Maps/UEDPIE_0_ThirdPersonExampleMap.ThirdPersonExampleMap up for play (max tick rate 60) at 2020.03.20-16.17.27
[2020.03.20-20.17.27:589][982]LogWorld: Bringing up level for play took: 0.004815
[2020.03.20-20.17.27:591][982]LogBlueprintUserMessages: [NPC_AI_C_0] Movement Speed: -0.913731
[2020.03.20-20.17.27:592][982]LogBlueprintUserMessages: [NPC_AI_C_0] 0.150598Patrol Frequency: 
[2020.03.20-20.17.27:592][982]LogBlueprintUserMessages: [NPC_AI_C_0] 142.046661Intercept Speed
[2020.03.20-20.17.27:592][982]LogBlueprintUserMessages: [NPC_AI_C_0] 25.207222Patrol Speed: 
[2020.03.20-20.17.27:598][982]PIE: Play in editor start time for /Game/ThirdPersonCPP/Maps/UEDPIE_0_ThirdPersonExampleMap -0.004
[2020.03.20-20.17.27:599][982]LogBlueprintUserMessages: Late PlayInEditor Detection: Level '/Game/ThirdPersonCPP/Maps/ThirdPersonExampleMap.ThirdPersonExampleMap:PersistentLevel' has LevelScriptBlueprint '/Game/ThirdPersonCPP/Maps/ThirdPersonExampleMap.ThirdPersonExampleMap:PersistentLevel.ThirdPersonExampleMap' with GeneratedClass '/Game/ThirdPersonCPP/Maps/ThirdPersonExampleMap.ThirdPersonExampleMap_C' with ClassGeneratedBy '/Game/ThirdPersonCPP/Maps/ThirdPersonExampleMap.ThirdPersonExampleMap:PersistentLevel.ThirdPersonExampleMap'
[2020.03.20-20.17.30:523][ 87]LogBlueprintUserMessages: [DialogueV2_C_6] Dialogue: Dialogue Weight = INTJ
[2020.03.20-20.17.30:523][ 87]LogBlueprintUserMessages: [DialogueV2_C_6] Dialogue: Gathering Data.
[2020.03.20-20.17.30:523][ 87]LogBlueprintUserMessages: [DialogueV2_C_6] Searching Through Library
[2020.03.20-20.17.30:523][ 87]LogBlueprintUserMessages: [DialogueV2_C_6] No Dialogue Found
[2020.03.20-20.17.30:523][ 87]LogBlueprintUserMessages: [DialogueV2_C_6] No Dialogue Found
[2020.03.20-20.17.30:524][ 87]LogBlueprintUserMessages: [DialogueV2_C_6] Loading Button Creation
[2020.03.20-20.17.30:524][ 87]LogBlueprintUserMessages: [DialogueV2_C_6] Linear Path Initiated (false)
[2020.03.20-20.17.30:524][ 87]LogBlueprintUserMessages: [DialogueV2_C_6] Dialogue: Finished Creating Buttons
[2020.03.20-20.17.31:792][133]LogBlueprintUserMessages: [DialogueV2_C_6] Loading Button Creation
[2020.03.20-20.17.31:792][133]LogBlueprintUserMessages: [DialogueV2_C_6] Linear Path Initiated (false)
[2020.03.20-20.17.31:793][133]LogBlueprintUserMessages: [DialogueV2_C_6] Dialogue: Finished Creating Buttons
[2020.03.20-20.17.35:774][280]LogBlueprintUserMessages: Early EndPlayMap Detection: Level '/Game/ThirdPersonCPP/Maps/ThirdPersonExampleMap.ThirdPersonExampleMap:PersistentLevel' has LevelScriptBlueprint '/Game/ThirdPersonCPP/Maps/ThirdPersonExampleMap.ThirdPersonExampleMap:PersistentLevel.ThirdPersonExampleMap' with GeneratedClass '/Game/ThirdPersonCPP/Maps/ThirdPersonExampleMap.ThirdPersonExampleMap_C' with ClassGeneratedBy '/Game/ThirdPersonCPP/Maps/ThirdPersonExampleMap.ThirdPersonExampleMap:PersistentLevel.ThirdPersonExampleMap'
[2020.03.20-20.17.35:846][280]LogBlueprintUserMessages: Late EndPlayMap Detection: Level '/Game/ThirdPersonCPP/Maps/ThirdPersonExampleMap.ThirdPersonExampleMap:PersistentLevel' has LevelScriptBlueprint '/Game/ThirdPersonCPP/Maps/ThirdPersonExampleMap.ThirdPersonExampleMap:PersistentLevel.ThirdPersonExampleMap' with GeneratedClass '/Game/ThirdPersonCPP/Maps/ThirdPersonExampleMap.ThirdPersonExampleMap_C' with ClassGeneratedBy '/Game/ThirdPersonCPP/Maps/ThirdPersonExampleMap.ThirdPersonExampleMap:PersistentLevel.ThirdPersonExampleMap'
[2020.03.20-20.18.17:023][484]BlueprintLog: New page: Compile UI_DialogueChoice
[2020.03.20-20.18.17:582][502]LogSavePackage: Save=21.90ms
[2020.03.20-20.18.17:583][502]LogSavePackage: Moving 'C:/Users/Dong Hyeong Lee/Documents/GitHub/AIbs_Demo/Dialogue_BS/Saved/UI_DialogueChoiceA208F40D4A50895803FC168584A1FEE5.tmp' to 'C:/Users/Dong Hyeong Lee/Documents/GitHub/AIbs_Demo/Dialogue_BS/Content/ThirdPersonCPP/Dialogue/UI_DialogueChoice.uasset'
[2020.03.20-20.18.17:584][502]LogSavePackage: Display: Finished SavePackage C:/Users/Dong Hyeong Lee/Documents/GitHub/AIbs_Demo/Dialogue_BS/Content/ThirdPersonCPP/Dialogue/UI_DialogueChoice.uasset
[2020.03.20-20.18.23:189][802]LogActorComponent: UnregisterComponent: (/Engine/Transient.EditorFloorComp) Not registered. Aborting.
[2020.03.20-20.18.23:248][802]LogWindowsTextInputMethodSystem: Display: IME system now activated using TSF (Microsoft 입력기).
[2020.03.20-20.18.23:532][803]Cmd: QUIT_EDITOR
[2020.03.20-20.18.23:944][803]LogExit: Preparing to exit.
[2020.03.20-20.18.24:405][803]LogExit: Editor shut down
[2020.03.20-20.18.24:409][803]LogExit: Transaction tracking system shut down
[2020.03.20-20.18.24:545][803]LogDirectoryWatcher: A directory notification for '../../../Engine/Content/' was aborted.
[2020.03.20-20.18.24:546][803]LogDirectoryWatcher: A directory notification for 'C:/Users/Dong Hyeong Lee/Documents/GitHub/AIbs_Demo/Dialogue_BS/Content/' was aborted.
[2020.03.20-20.18.24:546][803]LogDirectoryWatcher: A directory notification for '../../../Engine/Plugins/2D/Paper2D/Content/' was aborted.
[2020.03.20-20.18.24:546][803]LogDirectoryWatcher: A directory notification for '../../../Engine/Plugins/Media/MediaCompositing/Content/' was aborted.
[2020.03.20-20.18.24:546][803]LogDirectoryWatcher: A directory notification for '../../../Engine/Plugins/Runtime/AppleARKit/Content/' was aborted.
[2020.03.20-20.18.24:546][803]LogDirectoryWatcher: A directory notification for '../../../Engine/Plugins/Runtime/Oculus/OculusVR/Content/' was aborted.
[2020.03.20-20.18.24:546][803]LogDirectoryWatcher: A directory notification for '../../../Engine/Plugins/Runtime/Steam/SteamVR/Content/' was aborted.
[2020.03.20-20.18.24:626][803]LogExit: Object subsystem successfully closed.
[2020.03.20-20.18.24:644][803]LogD3D11RHI: Shutdown
[2020.03.20-20.18.24:644][803]LogD3D11RHI: CleanupD3DDevice
[2020.03.20-20.18.24:646][803]LogD3D11RHI: ~FD3D11DynamicRHI
[2020.03.20-20.18.24:656][803]LogModuleManager: Shutting down and abandoning module SequencerWidgets (556)
[2020.03.20-20.18.24:656][803]LogModuleManager: Shutting down and abandoning module BlueprintGraph (554)
[2020.03.20-20.18.24:656][803]LogModuleManager: Shutting down and abandoning module MovieSceneCapture (552)
[2020.03.20-20.18.24:656][803]LogModuleManager: Shutting down and abandoning module HierarchicalLODOutliner (550)
[2020.03.20-20.18.24:656][803]LogModuleManager: Shutting down and abandoning module DesktopPlatform (548)
[2020.03.20-20.18.24:656][803]LogModuleManager: Shutting down and abandoning module SceneOutliner (546)
[2020.03.20-20.18.24:656][803]LogModuleManager: Shutting down and abandoning module AddContentDialog (544)
[2020.03.20-20.18.24:656][803]LogDirectoryWatcher: A directory notification for 'D:/EpicGames/UE_4.18/FeaturePacks/' was aborted.
[2020.03.20-20.18.24:657][803]LogModuleManager: Shutting down and abandoning module WidgetCarousel (543)
[2020.03.20-20.18.24:657][803]LogModuleManager: Shutting down and abandoning module EditorWidgets (540)
[2020.03.20-20.18.24:657][803]LogModuleManager: Shutting down and abandoning module CollectionManager (538)
[2020.03.20-20.18.24:657][803]LogDirectoryWatcher: A directory notification for 'C:/Users/Dong Hyeong Lee/Documents/GitHub/AIbs_Demo/Dialogue_BS/Content/Collections/' was aborted.
[2020.03.20-20.18.24:657][803]LogDirectoryWatcher: A directory notification for 'C:/Users/Dong Hyeong Lee/Documents/GitHub/AIbs_Demo/Dialogue_BS/Content/Developers/DongHyeongLee/Collections/' was aborted.
[2020.03.20-20.18.24:657][803]LogDirectoryWatcher: A directory notification for 'C:/Users/Dong Hyeong Lee/Documents/GitHub/AIbs_Demo/Dialogue_BS/Saved/Collections/' was aborted.
[2020.03.20-20.18.24:657][803]LogModuleManager: Shutting down and abandoning module StatsViewer (536)
[2020.03.20-20.18.24:658][803]LogModuleManager: Shutting down and abandoning module FoliageEdit (534)
[2020.03.20-20.18.24:658][803]LogModuleManager: Shutting down and abandoning module LandscapeEditor (532)
[2020.03.20-20.18.24:658][803]LogModuleManager: Shutting down and abandoning module MeshPaintMode (530)
[2020.03.20-20.18.24:658][803]LogModuleManager: Shutting down and abandoning module SceneDepthPickerMode (528)
[2020.03.20-20.18.24:658][803]LogModuleManager: Shutting down and abandoning module ActorPickerMode (526)
[2020.03.20-20.18.24:658][803]LogModuleManager: Shutting down and abandoning module GeometryMode (524)
[2020.03.20-20.18.24:658][803]LogModuleManager: Shutting down and abandoning module TextureAlignMode (522)
[2020.03.20-20.18.24:658][803]LogModuleManager: Shutting down and abandoning module BspMode (520)
[2020.03.20-20.18.24:658][803]LogModuleManager: Shutting down and abandoning module PIEPreviewDeviceProfileSelector (518)
[2020.03.20-20.18.24:658][803]LogModuleManager: Shutting down and abandoning module HardwareSurvey (516)
[2020.03.20-20.18.24:658][803]LogModuleManager: Shutting down and abandoning module SequenceRecorderSections (514)
[2020.03.20-20.18.24:658][803]LogModuleManager: Shutting down and abandoning module AutomationWorker (512)
[2020.03.20-20.18.24:658][803]LogModuleManager: Shutting down and abandoning module MatineeToLevelSequence (510)
[2020.03.20-20.18.24:658][803]LogModuleManager: Shutting down and abandoning module LevelSequenceEditor (508)
[2020.03.20-20.18.24:658][803]LogModuleManager: Shutting down and abandoning module PlacementMode (507)
[2020.03.20-20.18.24:658][803]LogModuleManager: Shutting down and abandoning module WmfMediaFactory (504)
[2020.03.20-20.18.24:658][803]LogModuleManager: Shutting down and abandoning module WmfMediaEditor (502)
[2020.03.20-20.18.24:658][803]LogModuleManager: Shutting down and abandoning module OpenExrWrapper (500)
[2020.03.20-20.18.24:658][803]LogModuleManager: Shutting down and abandoning module ImgMediaFactory (498)
[2020.03.20-20.18.24:658][803]LogModuleManager: Shutting down and abandoning module ImgMediaEditor (496)
[2020.03.20-20.18.24:658][803]LogModuleManager: Shutting down and abandoning module AvfMediaFactory (494)
[2020.03.20-20.18.24:658][803]LogModuleManager: Shutting down and abandoning module AvfMediaEditor (492)
[2020.03.20-20.18.24:658][803]LogModuleManager: Shutting down and abandoning module AndroidMediaFactory (490)
[2020.03.20-20.18.24:658][803]LogModuleManager: Shutting down and abandoning module AndroidMediaEditor (488)
[2020.03.20-20.18.24:658][803]LogModuleManager: Shutting down and abandoning module CharacterAI (486)
[2020.03.20-20.18.24:658][803]LogModuleManager: Shutting down and abandoning module AudioCapture (484)
[2020.03.20-20.18.24:658][803]LogModuleManager: Shutting down and abandoning module SequenceRecorder (483)
[2020.03.20-20.18.24:658][803]LogModuleManager: Shutting down and abandoning module SmartSnapping (480)
[2020.03.20-20.18.24:658][803]LogModuleManager: Shutting down and abandoning module SessionServices (478)
[2020.03.20-20.18.24:658][803]LogModuleManager: Shutting down and abandoning module ViewportSnapping (476)
[2020.03.20-20.18.24:658][803]LogModuleManager: Shutting down and abandoning module ViewportInteraction (474)
[2020.03.20-20.18.24:658][803]LogModuleManager: Shutting down and abandoning module ClothPainter (472)
[2020.03.20-20.18.24:658][803]LogModuleManager: Shutting down and abandoning module SkeletalMeshEditor (471)
[2020.03.20-20.18.24:658][803]LogModuleManager: Shutting down and abandoning module LogVisualizer (468)
[2020.03.20-20.18.24:658][803]LogModuleManager: Shutting down and abandoning module IntroTutorials (466)
[2020.03.20-20.18.24:658][803]LogModuleManager: Shutting down and abandoning module GameProjectGeneration (465)
[2020.03.20-20.18.24:658][803]LogModuleManager: Shutting down and abandoning module IOSPlatformEditor (462)
[2020.03.20-20.18.24:659][803]LogModuleManager: Shutting down and abandoning module HTML5PlatformEditor (460)
[2020.03.20-20.18.24:659][803]LogModuleManager: Shutting down and abandoning module AndroidPlatformEditor (458)
[2020.03.20-20.18.24:659][803]LogModuleManager: Shutting down and abandoning module AndroidDeviceDetection (457)
[2020.03.20-20.18.25:545][803]LogModuleManager: Shutting down and abandoning module WindowsPlatformEditor (454)
[2020.03.20-20.18.25:545][803]LogModuleManager: Shutting down and abandoning module IOSRuntimeSettings (452)
[2020.03.20-20.18.25:545][803]LogModuleManager: Shutting down and abandoning module AndroidRuntimeSettings (450)
[2020.03.20-20.18.25:545][803]LogModuleManager: Shutting down and abandoning module InputBindingEditor (448)
[2020.03.20-20.18.25:545][803]LogModuleManager: Shutting down and abandoning module MergeActors (446)
[2020.03.20-20.18.25:545][803]LogModuleManager: Shutting down and abandoning module SizeMap (444)
[2020.03.20-20.18.25:545][803]LogModuleManager: Shutting down and abandoning module TreeMap (442)
[2020.03.20-20.18.25:545][803]LogModuleManager: Shutting down and abandoning module ReferenceViewer (440)
[2020.03.20-20.18.25:545][803]LogModuleManager: Shutting down and abandoning module LocalizationDashboard (438)
[2020.03.20-20.18.25:545][803]LogModuleManager: Shutting down and abandoning module LocalizationService (437)
[2020.03.20-20.18.25:545][803]LogModuleManager: Shutting down and abandoning module HardwareTargeting (434)
[2020.03.20-20.18.25:545][803]LogModuleManager: Shutting down and abandoning module DeviceProfileEditor (432)
[2020.03.20-20.18.25:546][803]LogModuleManager: Shutting down and abandoning module UndoHistory (430)
[2020.03.20-20.18.25:546][803]LogModuleManager: Shutting down and abandoning module XmlParser (428)
[2020.03.20-20.18.25:546][803]LogModuleManager: Shutting down and abandoning module Blutility (426)
[2020.03.20-20.18.25:546][803]LogModuleManager: Shutting down and abandoning module ProjectSettingsViewer (424)
[2020.03.20-20.18.25:546][803]LogModuleManager: Shutting down and abandoning module ProjectTargetPlatformEditor (423)
[2020.03.20-20.18.25:546][803]LogModuleManager: Shutting down and abandoning module EditorSettingsViewer (420)
[2020.03.20-20.18.25:546][803]LogModuleManager: Shutting down and abandoning module SettingsEditor (418)
[2020.03.20-20.18.25:546][803]LogModuleManager: Shutting down and abandoning module ProjectLauncher (416)
[2020.03.20-20.18.25:546][803]LogModuleManager: Shutting down and abandoning module SessionFrontend (414)
[2020.03.20-20.18.25:546][803]LogModuleManager: Shutting down and abandoning module ProfilerClient (412)
[2020.03.20-20.18.25:546][803]LogModuleManager: Shutting down and abandoning module DeviceManager (410)
[2020.03.20-20.18.25:546][803]LogModuleManager: Shutting down and abandoning module TargetDeviceServices (409)
[2020.03.20-20.18.25:599][803]LogModuleManager: Shutting down and abandoning module AutomationController (406)
[2020.03.20-20.18.25:599][803]LogModuleManager: Shutting down and abandoning module AutomationWindow (404)
[2020.03.20-20.18.25:599][803]LogModuleManager: Shutting down and abandoning module Layers (402)
[2020.03.20-20.18.25:599][803]LogModuleManager: Shutting down and abandoning module ComponentVisualizers (400)
[2020.03.20-20.18.25:599][803]LogModuleManager: Shutting down and abandoning module DetailCustomizations (398)
[2020.03.20-20.18.25:599][803]LogModuleManager: Shutting down and abandoning module PackagesDialog (396)
[2020.03.20-20.18.25:599][803]LogModuleManager: Shutting down and abandoning module Persona (394)
[2020.03.20-20.18.25:599][803]LogModuleManager: Shutting down and abandoning module AdvancedPreviewScene (393)
[2020.03.20-20.18.25:599][803]LogModuleManager: Shutting down and abandoning module AnimGraph (391)
[2020.03.20-20.18.25:599][803]LogModuleManager: Shutting down and abandoning module Kismet (388)
[2020.03.20-20.18.25:607][803]LogModuleManager: Shutting down and abandoning module ClassViewer (386)
[2020.03.20-20.18.25:607][803]LogModuleManager: Shutting down and abandoning module Toolbox (384)
[2020.03.20-20.18.25:607][803]LogModuleManager: Shutting down and abandoning module ModuleUI (382)
[2020.03.20-20.18.25:607][803]LogModuleManager: Shutting down and abandoning module MovieSceneTools (380)
[2020.03.20-20.18.25:607][803]LogModuleManager: Shutting down and abandoning module OutputLog (378)
[2020.03.20-20.18.25:607][803]LogModuleManager: Shutting down and abandoning module GammaUI (376)
[2020.03.20-20.18.25:607][803]LogModuleManager: Shutting down and abandoning module Documentation (374)
[2020.03.20-20.18.25:607][803]LogModuleManager: Shutting down and abandoning module MovieSceneTracks (372)
[2020.03.20-20.18.25:607][803]LogModuleManager: Shutting down and abandoning module MovieScene (370)
[2020.03.20-20.18.25:607][803]LogModuleManager: Shutting down and abandoning module StreamingPauseRendering (368)
[2020.03.20-20.18.25:607][803]LogModuleManager: Shutting down and abandoning module LauncherPlatform (366)
[2020.03.20-20.18.25:607][803]LogModuleManager: Shutting down and abandoning module AnalyticsET (364)
[2020.03.20-20.18.25:607][803]LogModuleManager: Shutting down and abandoning module PortalServices (362)
[2020.03.20-20.18.25:607][803]LogModuleManager: Shutting down and abandoning module PortalRpc (360)
[2020.03.20-20.18.25:607][803]LogModuleManager: Shutting down and abandoning module MessagingRpc (358)
[2020.03.20-20.18.25:607][803]LogModuleManager: Shutting down and abandoning module AIModule (356)
[2020.03.20-20.18.25:607][803]LogModuleManager: Shutting down and abandoning module GameplayDebugger (355)
[2020.03.20-20.18.25:608][803]LogModuleManager: Shutting down and abandoning module AITestSuite (353)
[2020.03.20-20.18.25:608][803]LogModuleManager: Shutting down and abandoning module ProfilerService (350)
[2020.03.20-20.18.25:758][803]LogModuleManager: Shutting down and abandoning module TaskGraph (348)
[2020.03.20-20.18.25:758][803]LogModuleManager: Shutting down and abandoning module SteamVRController (346)
[2020.03.20-20.18.25:758][803]LogModuleManager: Shutting down and abandoning module ProceduralMeshComponentEditor (344)
[2020.03.20-20.18.25:758][803]LogModuleManager: Shutting down and abandoning module ProceduralMeshComponent (342)
[2020.03.20-20.18.25:758][803]LogModuleManager: Shutting down and abandoning module OculusInput (340)
[2020.03.20-20.18.25:758][803]LogModuleManager: Shutting down and abandoning module MobilePatchingUtils (338)
[2020.03.20-20.18.25:758][803]LogModuleManager: Shutting down and abandoning module CustomMeshComponent (336)
[2020.03.20-20.18.25:758][803]LogModuleManager: Shutting down and abandoning module CableComponent (334)
[2020.03.20-20.18.25:758][803]LogModuleManager: Shutting down and abandoning module ArchVisCharacter (332)
[2020.03.20-20.18.25:758][803]LogModuleManager: Shutting down and abandoning module AndroidPermission (330)
[2020.03.20-20.18.25:758][803]LogModuleManager: Shutting down and abandoning module ActorSequence (326)
[2020.03.20-20.18.25:758][803]LogModuleManager: Shutting down and abandoning module MediaPlayerEditor (324)
[2020.03.20-20.18.25:758][803]LogModuleManager: Shutting down and abandoning module MediaCompositingEditor (322)
[2020.03.20-20.18.25:758][803]LogModuleManager: Shutting down and abandoning module MediaCompositing (320)
[2020.03.20-20.18.25:758][803]LogModuleManager: Shutting down and abandoning module HTML5Networking (318)
[2020.03.20-20.18.25:759][803]LogModuleManager: Shutting down and abandoning module AlembicImporter (316)
[2020.03.20-20.18.25:759][803]LogModuleManager: Shutting down and abandoning module AlembicLibrary (315)
[2020.03.20-20.18.25:759][803]LogModuleManager: Shutting down and abandoning module GeometryCache (314)
[2020.03.20-20.18.25:759][803]LogModuleManager: Shutting down and abandoning module GeometryCacheEd (313)
[2020.03.20-20.18.25:759][803]LogModuleManager: Shutting down and abandoning module SpeedTreeImporter (308)
[2020.03.20-20.18.25:759][803]LogModuleManager: Shutting down and abandoning module PluginBrowser (306)
[2020.03.20-20.18.25:759][803]LogModuleManager: Shutting down and abandoning module MobileLauncherProfileWizard (304)
[2020.03.20-20.18.25:759][803]LogModuleManager: Shutting down and abandoning module VisualStudioSourceCodeAccess (302)
[2020.03.20-20.18.25:759][803]LogModuleManager: Shutting down and abandoning module VisualStudioCodeSourceCodeAccess (300)
[2020.03.20-20.18.25:759][803]LogModuleManager: Shutting down and abandoning module UObjectPlugin (298)
[2020.03.20-20.18.25:759][803]LogModuleManager: Shutting down and abandoning module SubversionSourceControl (296)
[2020.03.20-20.18.25:759][803]LogModuleManager: Shutting down and abandoning module PerforceSourceControl (294)
[2020.03.20-20.18.25:759][803]LogModuleManager: Shutting down and abandoning module GitSourceControl (292)
[2020.03.20-20.18.25:759][803]LogModuleManager: Shutting down and abandoning module SourceControl (291)
[2020.03.20-20.18.25:759][803]LogModuleManager: Shutting down and abandoning module LightPropagationVolumeEditor (288)
[2020.03.20-20.18.25:759][803]LogModuleManager: Shutting down and abandoning module PaperTiledImporter (286)
[2020.03.20-20.18.25:759][803]LogModuleManager: Shutting down and abandoning module PaperSpriteSheetImporter (284)
[2020.03.20-20.18.25:759][803]LogModuleManager: Shutting down and abandoning module Paper2DEditor (282)
[2020.03.20-20.18.25:759][803]LogModuleManager: Shutting down and abandoning module MeshPaint (281)
[2020.03.20-20.18.25:759][803]LogModuleManager: Shutting down and abandoning module LevelEditor (279)
[2020.03.20-20.18.25:760][803]LogModuleManager: Shutting down and abandoning module PixelInspectorModule (278)
[2020.03.20-20.18.25:760][803]LogModuleManager: Shutting down and abandoning module MainFrame (276)
[2020.03.20-20.18.25:760][803]LogModuleManager: Shutting down and abandoning module HotReload (275)
[2020.03.20-20.18.25:760][803]LogDirectoryWatcher: A directory notification for 'C:/Users/Dong Hyeong Lee/Documents/GitHub/AIbs_Demo/Dialogue_BS/Binaries/Win64' was aborted.
[2020.03.20-20.18.25:760][803]LogModuleManager: Shutting down and abandoning module Dialogue_BS (270)
[2020.03.20-20.18.25:760][803]LogModuleManager: Shutting down and abandoning module RuntimePhysXCooking (268)
[2020.03.20-20.18.25:760][803]LogModuleManager: Shutting down and abandoning module PhysXVehiclesEditor (266)
[2020.03.20-20.18.25:760][803]LogModuleManager: Shutting down and abandoning module PhysXVehicles (264)
[2020.03.20-20.18.25:760][803]LogModuleManager: Shutting down and abandoning module OculusEditor (262)
[2020.03.20-20.18.25:760][803]LogModuleManager: Shutting down and abandoning module LocationServicesBPLibrary (260)
[2020.03.20-20.18.25:760][803]LogModuleManager: Shutting down and abandoning module ImmediatePhysicsEditor (258)
[2020.03.20-20.18.25:760][803]LogModuleManager: Shutting down and abandoning module ImmediatePhysics (256)
[2020.03.20-20.18.25:760][803]LogModuleManager: Shutting down and abandoning module UdpMessaging (254)
[2020.03.20-20.18.25:861][803]LogModuleManager: Shutting down and abandoning module TcpMessaging (252)
[2020.03.20-20.18.25:962][803]LogModuleManager: Shutting down and abandoning module GameplayTagsEditor (250)
[2020.03.20-20.18.25:962][803]LogModuleManager: Shutting down and abandoning module FacialAnimationEditor (248)
[2020.03.20-20.18.25:962][803]LogModuleManager: Shutting down and abandoning module FacialAnimation (246)
[2020.03.20-20.18.25:962][803]LogModuleManager: Shutting down and abandoning module AssetManagerEditor (244)
[2020.03.20-20.18.25:962][803]LogModuleManager: Shutting down and abandoning module GraphEditor (243)
[2020.03.20-20.18.25:962][803]LogModuleManager: Shutting down and abandoning module ContentBrowser (241)
[2020.03.20-20.18.25:963][803]LogModuleManager: Shutting down and abandoning module LightPropagationVolumeRuntime (238)
[2020.03.20-20.18.25:963][803]LogModuleManager: Shutting down and abandoning module Paper2D (236)
[2020.03.20-20.18.25:963][803]LogModuleManager: Shutting down and abandoning module WindowsMoviePlayer (234)
[2020.03.20-20.18.25:963][803]LogModuleManager: Shutting down and abandoning module WmfMedia (232)
[2020.03.20-20.18.25:965][803]LogModuleManager: Shutting down and abandoning module ImgMedia (230)
[2020.03.20-20.18.25:965][803]LogModuleManager: Shutting down and abandoning module PacketHandler (228)
[2020.03.20-20.18.25:965][803]LogModuleManager: Shutting down and abandoning module ClothingSystemEditor (226)
[2020.03.20-20.18.25:965][803]LogModuleManager: Shutting down and abandoning module ClothingSystemRuntime (224)
[2020.03.20-20.18.25:965][803]LogModuleManager: Shutting down and abandoning module MediaAssets (222)
[2020.03.20-20.18.25:965][803]LogModuleManager: Shutting down and abandoning module Media (221)
[2020.03.20-20.18.25:971][803]LogModuleManager: Shutting down and abandoning module Overlay (218)
[2020.03.20-20.18.25:971][803]LogModuleManager: Shutting down and abandoning module OverlayEditor (217)
[2020.03.20-20.18.25:971][803]LogModuleManager: Shutting down and abandoning module VREditor (214)
[2020.03.20-20.18.25:971][803]LogModuleManager: Shutting down and abandoning module StringTableEditor (212)
[2020.03.20-20.18.25:971][803]LogModuleManager: Shutting down and abandoning module GameplayTasksEditor (210)
[2020.03.20-20.18.25:971][803]LogModuleManager: Shutting down and abandoning module BehaviorTreeEditor (208)
[2020.03.20-20.18.25:971][803]LogModuleManager: Shutting down and abandoning module FunctionalTesting (206)
[2020.03.20-20.18.25:971][803]LogModuleManager: Shutting down and abandoning module CollisionAnalyzer (204)
[2020.03.20-20.18.25:971][803]LogModuleManager: Shutting down and abandoning module WorkspaceMenuStructure (203)
[2020.03.20-20.18.25:971][803]LogModuleManager: Shutting down and abandoning module UMG (200)
[2020.03.20-20.18.25:971][803]LogModuleManager: Shutting down and abandoning module UMGEditor (199)
[2020.03.20-20.18.25:971][803]LogModuleManager: Shutting down and abandoning module Sequencer (198)
[2020.03.20-20.18.25:972][803]LogModuleManager: Shutting down and abandoning module MessageLog (195)
[2020.03.20-20.18.25:972][803]LogModuleManager: Shutting down and abandoning module SlateReflector (190)
[2020.03.20-20.18.25:972][803]LogModuleManager: Shutting down and abandoning module Slate (188)
[2020.03.20-20.18.25:972][803]LogModuleManager: Shutting down and abandoning module EditorStyle (186)
[2020.03.20-20.18.25:973][803]LogModuleManager: Shutting down and abandoning module MRMesh (184)
[2020.03.20-20.18.25:973][803]LogModuleManager: Shutting down and abandoning module SourceCodeAccess (182)
[2020.03.20-20.18.25:973][803]LogModuleManager: Shutting down and abandoning module HeadMountedDisplay (180)
[2020.03.20-20.18.25:973][803]LogModuleManager: Shutting down and abandoning module XAudio2 (178)
[2020.03.20-20.18.25:973][803]LogModuleManager: Shutting down and abandoning module Networking (176)
[2020.03.20-20.18.25:973][803]LogModuleManager: Shutting down and abandoning module Core (172)
[2020.03.20-20.18.25:973][803]LogModuleManager: Shutting down and abandoning module LevelSequence (168)
[2020.03.20-20.18.25:973][803]LogModuleManager: Shutting down and abandoning module DirectoryWatcher (166)
[2020.03.20-20.18.25:974][803]LogModuleManager: Shutting down and abandoning module KismetCompiler (164)
[2020.03.20-20.18.25:974][803]LogModuleManager: Shutting down and abandoning module MeshUtilities (162)
[2020.03.20-20.18.25:974][803]LogModuleManager: Shutting down and abandoning module MeshMergeUtilities (161)
[2020.03.20-20.18.25:974][803]LogModuleManager: Shutting down and abandoning module MeshReductionInterface (160)
[2020.03.20-20.18.25:974][803]LogModuleManager: Shutting down and abandoning module SimplygonSwarm (159)
[2020.03.20-20.18.25:974][803]LogModuleManager: Shutting down and abandoning module SimplygonMeshReduction (157)
[2020.03.20-20.18.25:974][803]LogModuleManager: Shutting down and abandoning module QuadricMeshReduction (155)
[2020.03.20-20.18.25:974][803]LogModuleManager: Shutting down and abandoning module MaterialBaking (151)
[2020.03.20-20.18.25:974][803]LogModuleManager: Shutting down and abandoning module DerivedDataCache (148)
[2020.03.20-20.18.26:021][803]LogDerivedDataCache: Shutdown
[2020.03.20-20.18.26:021][803]LogModuleManager: Shutting down and abandoning module TargetPlatform (146)
[2020.03.20-20.18.26:021][803]LogModuleManager: Shutting down and abandoning module VulkanShaderFormat (145)
[2020.03.20-20.18.26:021][803]LogModuleManager: Shutting down and abandoning module ShaderFormatVectorVM (143)
[2020.03.20-20.18.26:021][803]LogModuleManager: Shutting down and abandoning module ShaderFormatOpenGL (141)
[2020.03.20-20.18.26:021][803]LogModuleManager: Shutting down and abandoning module ShaderFormatD3D (139)
[2020.03.20-20.18.26:021][803]LogModuleManager: Shutting down and abandoning module MetalShaderFormat (137)
[2020.03.20-20.18.26:022][803]LogModuleManager: Shutting down and abandoning module TextureFormatUncompressed (135)
[2020.03.20-20.18.26:022][803]LogModuleManager: Shutting down and abandoning module TextureFormatPVR (133)
[2020.03.20-20.18.26:022][803]LogModuleManager: Shutting down and abandoning module TextureFormatDXT (131)
[2020.03.20-20.18.26:022][803]LogModuleManager: Shutting down and abandoning module TextureFormatIntelISPCTexComp (129)
[2020.03.20-20.18.26:022][803]LogModuleManager: Shutting down and abandoning module TextureFormatASTC (127)
[2020.03.20-20.18.26:022][803]LogModuleManager: Shutting down and abandoning module ImageWrapper (126)
[2020.03.20-20.18.26:022][803]LogModuleManager: Shutting down and abandoning module TextureFormatAndroid (123)
[2020.03.20-20.18.26:022][803]LogModuleManager: Shutting down and abandoning module AudioFormatOpus (121)
[2020.03.20-20.18.26:022][803]LogModuleManager: Shutting down and abandoning module AudioFormatOgg (119)
[2020.03.20-20.18.26:022][803]LogModuleManager: Shutting down and abandoning module AudioFormatADPCM (117)
[2020.03.20-20.18.26:022][803]LogModuleManager: Shutting down and abandoning module LinuxTargetPlatform (115)
[2020.03.20-20.18.26:022][803]LogModuleManager: Shutting down and abandoning module LinuxServerTargetPlatform (113)
[2020.03.20-20.18.26:022][803]LogModuleManager: Shutting down and abandoning module LinuxNoEditorTargetPlatform (111)
[2020.03.20-20.18.26:022][803]LogModuleManager: Shutting down and abandoning module LinuxClientTargetPlatform (109)
[2020.03.20-20.18.26:022][803]LogModuleManager: Shutting down and abandoning module TVOSTargetPlatform (107)
[2020.03.20-20.18.26:022][803]LogModuleManager: Shutting down and abandoning module Messaging (105)
[2020.03.20-20.18.26:022][803]LogModuleManager: Shutting down and abandoning module IOSTargetPlatform (103)
[2020.03.20-20.18.26:022][803]LogModuleManager: Shutting down and abandoning module HTML5TargetPlatform (101)
[2020.03.20-20.18.26:022][803]LogModuleManager: Shutting down and abandoning module AndroidTargetPlatform (99)
[2020.03.20-20.18.26:022][803]LogModuleManager: Shutting down and abandoning module Android_PVRTCTargetPlatform (97)
[2020.03.20-20.18.26:022][803]LogModuleManager: Shutting down and abandoning module Android_MultiTargetPlatform (95)
[2020.03.20-20.18.26:022][803]LogModuleManager: Shutting down and abandoning module Android_ETC2TargetPlatform (93)
[2020.03.20-20.18.26:022][803]LogModuleManager: Shutting down and abandoning module Android_ETC1TargetPlatform (91)
[2020.03.20-20.18.26:022][803]LogModuleManager: Shutting down and abandoning module Android_DXTTargetPlatform (89)
[2020.03.20-20.18.26:022][803]LogModuleManager: Shutting down and abandoning module Android_ATCTargetPlatform (87)
[2020.03.20-20.18.26:022][803]LogModuleManager: Shutting down and abandoning module Android_ASTCTargetPlatform (85)
[2020.03.20-20.18.26:022][803]LogModuleManager: Shutting down and abandoning module WindowsTargetPlatform (83)
[2020.03.20-20.18.26:022][803]LogModuleManager: Shutting down and abandoning module WindowsServerTargetPlatform (81)
[2020.03.20-20.18.26:022][803]LogModuleManager: Shutting down and abandoning module WindowsNoEditorTargetPlatform (79)
[2020.03.20-20.18.26:022][803]LogModuleManager: Shutting down and abandoning module WindowsClientTargetPlatform (77)
[2020.03.20-20.18.26:022][803]LogModuleManager: Shutting down and abandoning module MacTargetPlatform (75)
[2020.03.20-20.18.26:022][803]LogModuleManager: Shutting down and abandoning module MacServerTargetPlatform (73)
[2020.03.20-20.18.26:022][803]LogModuleManager: Shutting down and abandoning module MacNoEditorTargetPlatform (71)
[2020.03.20-20.18.26:022][803]LogModuleManager: Shutting down and abandoning module MacClientTargetPlatform (69)
[2020.03.20-20.18.26:022][803]LogModuleManager: Shutting down and abandoning module AllDesktopTargetPlatform (67)
[2020.03.20-20.18.26:022][803]LogModuleManager: Shutting down and abandoning module InputCore (64)
[2020.03.20-20.18.26:022][803]LogModuleManager: Shutting down and abandoning module Settings (62)
[2020.03.20-20.18.26:022][803]LogModuleManager: Shutting down and abandoning module PhysXCooking (60)
[2020.03.20-20.18.26:022][803]LogModuleManager: Shutting down and abandoning module SteamVR (58)
[2020.03.20-20.18.26:022][803]LogModuleManager: Shutting down and abandoning module OculusHMD (56)
[2020.03.20-20.18.26:023][803]LogModuleManager: Shutting down and abandoning module ExampleDeviceProfileSelector (54)
[2020.03.20-20.18.26:023][803]LogModuleManager: Shutting down and abandoning module AppleARKit (52)
[2020.03.20-20.18.26:023][803]LogModuleManager: Shutting down and abandoning module AugmentedReality (51)
[2020.03.20-20.18.26:023][803]LogModuleManager: Shutting down and abandoning module OnlineBlueprintSupport (48)
[2020.03.20-20.18.26:023][803]LogModuleManager: Shutting down and abandoning module OnlineSubsystem (44)
[2020.03.20-20.18.26:023][803]LogModuleManager: Shutting down and abandoning module XMPP (43)
[2020.03.20-20.18.26:023][803]LogModuleManager: Shutting down and abandoning module HTTP (41)
[2020.03.20-20.18.26:023][803]LogHttp: Display: Http module shutting down, but needs to wait on 1 outstanding Http requests:
[2020.03.20-20.18.26:023][803]LogHttp: Display: 	verb=[POST] url=[https://datarouter.ol.epicgames.com/datarouter/api/v1/public/data?SessionID=%7B2B457990-4C1A-C578-C516-45A1E26CE7DE%7D&AppID=UEEditor.Rocket.Release&AppVersion=4.18.3-3832480%2B%2B%2BUE4%2BRelease-4.18&UserID=56c8a1144d03872e3e543198f618894f%7Cf7d31359d5164f9c8fd51a5ffce8700a%7Cd055f830-bd36-4d32-9cd8-1c1e3a960e0b&AppEnvironment=datacollector-binary&UploadType=eteventstream] status=Processing
[2020.03.20-20.18.26:045][803]LogModuleManager: Shutting down and abandoning module SSL (40)
[2020.03.20-20.18.26:046][803]LogModuleManager: Shutting down and abandoning module AnimationModifiers (36)
[2020.03.20-20.18.26:046][803]LogModuleManager: Shutting down and abandoning module PropertyEditor (35)
[2020.03.20-20.18.26:046][803]LogModuleManager: Shutting down and abandoning module AudioEditor (32)
[2020.03.20-20.18.26:046][803]LogModuleManager: Shutting down and abandoning module TextureCompressor (30)
[2020.03.20-20.18.26:046][803]LogModuleManager: Shutting down and abandoning module ShaderCore (28)
[2020.03.20-20.18.26:046][803]LogModuleManager: Shutting down and abandoning module Landscape (26)
[2020.03.20-20.18.26:046][803]LogModuleManager: Shutting down and abandoning module SlateRHIRenderer (24)
[2020.03.20-20.18.26:047][803]LogModuleManager: Shutting down and abandoning module OpenGLDrv (22)
[2020.03.20-20.18.26:047][803]LogModuleManager: Shutting down and abandoning module D3D11RHI (20)
[2020.03.20-20.18.26:047][803]LogModuleManager: Shutting down and abandoning module AnimGraphRuntime (18)
[2020.03.20-20.18.26:047][803]LogModuleManager: Shutting down and abandoning module Renderer (16)
[2020.03.20-20.18.26:047][803]LogModuleManager: Shutting down and abandoning module Engine (14)
[2020.03.20-20.18.26:047][803]LogModuleManager: Shutting down and abandoning module CoreUObject (12)
[2020.03.20-20.18.26:047][803]LogModuleManager: Shutting down and abandoning module NetworkFile (10)
[2020.03.20-20.18.26:047][803]LogModuleManager: Shutting down and abandoning module CookedIterativeFile (8)
[2020.03.20-20.18.26:047][803]LogModuleManager: Shutting down and abandoning module StreamingFile (6)
[2020.03.20-20.18.26:047][803]LogModuleManager: Shutting down and abandoning module SandboxFile (4)
[2020.03.20-20.18.26:047][803]LogModuleManager: Shutting down and abandoning module PakFile (2)
[2020.03.20-20.18.26:051][803]LogExit: Exiting.
[2020.03.20-20.18.26:066][803]Log file closed, 03/20/20 16:18:26
