Log file open, 02/15/20 16:35:27
LogWindows: Failed to load 'aqProf.dll' (GetLastError=126)
LogWindows: File 'aqProf.dll' does not exist
LogWindows: Failed to load 'VSPerf140.dll' (GetLastError=126)
LogWindows: File 'VSPerf140.dll' does not exist
LogWindows: Failed to load 'VtuneApi.dll' (GetLastError=126)
LogWindows: File 'VtuneApi.dll' does not exist
LogWindows: Failed to load 'VtuneApi32e.dll' (GetLastError=126)
LogWindows: File 'VtuneApi32e.dll' does not exist
LogInit: Display: Running engine for game: Dialogue_BS
LogPlatformFile: Not using cached read wrapper
LogInit: Display: RandInit(-1465661445) SRandInit(-1465661445).
LogInit: Read version file with build ID '3709383'
LogInit: Overriding engine version to CL 3832480, compatible CL 3709383
LogInit: Registered custom module enumerator with build ID '3709383'
LogTaskGraph: Started task graph with 5 named threads and 14 total threads with 3 sets of task threads.
LogStats: Stats thread started at 0.183369
LogD3D11RHI: Aftermath initialized
LogPluginManager: Mounting plugin Paper2D
LogPluginManager: Mounting plugin LightPropagationVolume
LogPluginManager: Mounting plugin CodeLiteSourceCodeAccess
LogPluginManager: Mounting plugin GitSourceControl
LogPluginManager: Mounting plugin KDevelopSourceCodeAccess
LogPluginManager: Mounting plugin NullSourceCodeAccess
LogPluginManager: Mounting plugin PerforceSourceControl
LogPluginManager: Mounting plugin SubversionSourceControl
LogPluginManager: Mounting plugin UObjectPlugin
LogPluginManager: Mounting plugin VisualStudioCodeSourceCodeAccess
LogPluginManager: Mounting plugin VisualStudioSourceCodeAccess
LogPluginManager: Mounting plugin XCodeSourceCodeAccess
LogPluginManager: Mounting plugin AssetManagerEditor
LogPluginManager: Mounting plugin AudioCapture
LogPluginManager: Mounting plugin FacialAnimation
LogPluginManager: Mounting plugin GameplayTagsEditor
LogPluginManager: Mounting plugin MobileLauncherProfileWizard
LogPluginManager: Mounting plugin PluginBrowser
LogPluginManager: Mounting plugin SpeedTreeImporter
LogPluginManager: Mounting plugin AlembicImporter
LogPluginManager: Mounting plugin CharacterAI
LogPluginManager: Mounting plugin HTML5Networking
LogPluginManager: Mounting plugin AndroidMedia
LogPluginManager: Mounting plugin AvfMedia
LogPluginManager: Mounting plugin ImgMedia
LogPluginManager: Mounting plugin MediaCompositing
LogPluginManager: Mounting plugin MediaPlayerEditor
LogPluginManager: Mounting plugin WmfMedia
LogPluginManager: Mounting plugin TcpMessaging
LogPluginManager: Mounting plugin UdpMessaging
LogPluginManager: Mounting plugin ActorSequence
LogPluginManager: Mounting plugin LevelSequenceEditor
LogPluginManager: Mounting plugin MatineeToLevelSequence
LogPluginManager: Mounting plugin OnlineSubsystemGooglePlay
LogPluginManager: Mounting plugin OnlineSubsystemIOS
LogPluginManager: Mounting plugin OnlineSubsystem
LogPluginManager: Mounting plugin OnlineSubsystemNull
LogPluginManager: Mounting plugin OnlineSubsystemUtils
LogPluginManager: Mounting plugin AndroidDeviceProfileSelector
LogPluginManager: Mounting plugin AndroidMoviePlayer
LogPluginManager: Mounting plugin AndroidPermission
LogPluginManager: Mounting plugin AppleARKit
LogPluginManager: Mounting plugin AppleMoviePlayer
LogPluginManager: Mounting plugin ArchVisCharacter
LogPluginManager: Mounting plugin CableComponent
LogPluginManager: Mounting plugin CustomMeshComponent
LogPluginManager: Mounting plugin ExampleDeviceProfileSelector
LogPluginManager: Mounting plugin GoogleCloudMessaging
LogPluginManager: Mounting plugin ImmediatePhysics
LogPluginManager: Mounting plugin IOSDeviceProfileSelector
LogPluginManager: Mounting plugin LinuxDeviceProfileSelector
LogPluginManager: Mounting plugin LocationServicesBPLibrary
LogPluginManager: Mounting plugin MobilePatchingUtils
LogPluginManager: Mounting plugin OculusVR
LogPluginManager: Plugin shader directory ../../../Engine/Plugins/Runtime/Oculus/OculusVR/Shaders found
LogPluginManager: Mapping shader source directory ../../../Engine/Plugins/Runtime/Oculus/OculusVR/Shaders to virtual directory /Plugin/OculusVR
LogPluginManager: Mounting plugin PhysXVehicles
LogPluginManager: Mounting plugin ProceduralMeshComponent
LogPluginManager: Mounting plugin RuntimePhysXCooking
LogPluginManager: Mounting plugin SteamVR
LogPluginManager: Mounting plugin WindowsMoviePlayer
LogModuleManager: Warning: Module file C:/Users/Dong Hyeong Lee/Documents/GitHub/AIbs_Demo/Dialogue_BS/Binaries/Win64/UE4Editor-Dialogue_BS-5788.dll is missing. This is likely a stale module that must be recompiled.
LogModuleManager: Display: Found up-to-date module file ../../../Engine/Plugins/2D/Paper2D/Binaries/Win64/UE4Editor-Paper2D.dll (API version 3709383).
LogModuleManager: Display: Found up-to-date module file ../../../Engine/Plugins/2D/Paper2D/Binaries/Win64/UE4Editor-Paper2DEditor.dll (API version 3709383).
LogModuleManager: Display: Found up-to-date module file ../../../Engine/Plugins/2D/Paper2D/Binaries/Win64/UE4Editor-PaperSpriteSheetImporter.dll (API version 3709383).
LogModuleManager: Display: Found up-to-date module file ../../../Engine/Plugins/2D/Paper2D/Binaries/Win64/UE4Editor-PaperTiledImporter.dll (API version 3709383).
LogModuleManager: Display: Found up-to-date module file ../../../Engine/Plugins/2D/Paper2D/Binaries/Win64/UE4Editor-SmartSnapping.dll (API version 3709383).
LogModuleManager: Display: Found up-to-date module file ../../../Engine/Plugins/Blendables/LightPropagationVolume/Binaries/Win64/UE4Editor-LightPropagationVolumeRuntime.dll (API version 3709383).
LogModuleManager: Display: Found up-to-date module file ../../../Engine/Plugins/Blendables/LightPropagationVolume/Binaries/Win64/UE4Editor-LightPropagationVolumeEditor.dll (API version 3709383).
LogModuleManager: Display: Found up-to-date module file ../../../Engine/Plugins/Developer/GitSourceControl/Binaries/Win64/UE4Editor-GitSourceControl.dll (API version 3709383).
LogModuleManager: Display: Found up-to-date module file ../../../Engine/Plugins/Developer/PerforceSourceControl/Binaries/Win64/UE4Editor-PerforceSourceControl.dll (API version 3709383).
LogModuleManager: Display: Found up-to-date module file ../../../Engine/Plugins/Developer/SubversionSourceControl/Binaries/Win64/UE4Editor-SubversionSourceControl.dll (API version 3709383).
LogModuleManager: Display: Found up-to-date module file ../../../Engine/Plugins/Developer/UObjectPlugin/Binaries/Win64/UE4Editor-UObjectPlugin.dll (API version 3709383).
LogModuleManager: Display: Found up-to-date module file ../../../Engine/Plugins/Developer/VisualStudioCodeSourceCodeAccess/Binaries/Win64/UE4Editor-VisualStudioCodeSourceCodeAccess.dll (API version 3709383).
LogModuleManager: Display: Found up-to-date module file ../../../Engine/Plugins/Developer/VisualStudioSourceCodeAccess/Binaries/Win64/UE4Editor-VisualStudioSourceCodeAccess.dll (API version 3709383).
LogModuleManager: Display: Found up-to-date module file ../../../Engine/Plugins/Editor/AssetManagerEditor/Binaries/Win64/UE4Editor-AssetManagerEditor.dll (API version 3709383).
LogModuleManager: Display: Found up-to-date module file ../../../Engine/Plugins/Editor/AudioCapture/Binaries/Win64/UE4Editor-AudioCapture.dll (API version 3709383).
LogModuleManager: Display: Found up-to-date module file ../../../Engine/Plugins/Editor/FacialAnimation/Binaries/Win64/UE4Editor-FacialAnimation.dll (API version 3709383).
LogModuleManager: Display: Found up-to-date module file ../../../Engine/Plugins/Editor/FacialAnimation/Binaries/Win64/UE4Editor-FacialAnimationEditor.dll (API version 3709383).
LogModuleManager: Display: Found up-to-date module file ../../../Engine/Plugins/Editor/GameplayTagsEditor/Binaries/Win64/UE4Editor-GameplayTagsEditor.dll (API version 3709383).
LogModuleManager: Display: Found up-to-date module file ../../../Engine/Plugins/Editor/MobileLauncherProfileWizard/Binaries/Win64/UE4Editor-MobileLauncherProfileWizard.dll (API version 3709383).
LogModuleManager: Display: Found up-to-date module file ../../../Engine/Plugins/Editor/PluginBrowser/Binaries/Win64/UE4Editor-PluginBrowser.dll (API version 3709383).
LogModuleManager: Display: Found up-to-date module file ../../../Engine/Plugins/Editor/SpeedTreeImporter/Binaries/Win64/UE4Editor-SpeedTreeImporter.dll (API version 3709383).
LogModuleManager: Display: Found up-to-date module file ../../../Engine/Plugins/Experimental/AlembicImporter/Binaries/Win64/UE4Editor-AlembicImporter.dll (API version 3709383).
LogModuleManager: Display: Found up-to-date module file ../../../Engine/Plugins/Experimental/AlembicImporter/Binaries/Win64/UE4Editor-AlembicLibrary.dll (API version 3709383).
LogModuleManager: Display: Found up-to-date module file ../../../Engine/Plugins/Experimental/CharacterAI/Binaries/Win64/UE4Editor-CharacterAI.dll (API version 3709383).
LogModuleManager: Display: Found up-to-date module file ../../../Engine/Plugins/Experimental/HTML5Networking/Binaries/Win64/UE4Editor-HTML5Networking.dll (API version 3709383).
LogModuleManager: Display: Found up-to-date module file ../../../Engine/Plugins/Media/AndroidMedia/Binaries/Win64/UE4Editor-AndroidMediaEditor.dll (API version 3709383).
LogModuleManager: Display: Found up-to-date module file ../../../Engine/Plugins/Media/AndroidMedia/Binaries/Win64/UE4Editor-AndroidMediaFactory.dll (API version 3709383).
LogModuleManager: Display: Found up-to-date module file ../../../Engine/Plugins/Media/AvfMedia/Binaries/Win64/UE4Editor-AvfMediaEditor.dll (API version 3709383).
LogModuleManager: Display: Found up-to-date module file ../../../Engine/Plugins/Media/AvfMedia/Binaries/Win64/UE4Editor-AvfMediaFactory.dll (API version 3709383).
LogModuleManager: Display: Found up-to-date module file ../../../Engine/Plugins/Media/AvfMedia/Binaries/Win64/UE4Editor-AvfMediaFactory.dll (API version 3709383).
LogModuleManager: Display: Found up-to-date module file ../../../Engine/Plugins/Media/ImgMedia/Binaries/Win64/UE4Editor-ImgMedia.dll (API version 3709383).
LogModuleManager: Display: Found up-to-date module file ../../../Engine/Plugins/Media/ImgMedia/Binaries/Win64/UE4Editor-ImgMediaEditor.dll (API version 3709383).
LogModuleManager: Display: Found up-to-date module file ../../../Engine/Plugins/Media/ImgMedia/Binaries/Win64/UE4Editor-ImgMediaFactory.dll (API version 3709383).
LogModuleManager: Display: Found up-to-date module file ../../../Engine/Plugins/Media/ImgMedia/Binaries/Win64/UE4Editor-ImgMediaFactory.dll (API version 3709383).
LogModuleManager: Display: Found up-to-date module file ../../../Engine/Plugins/Media/ImgMedia/Binaries/Win64/UE4Editor-OpenExrWrapper.dll (API version 3709383).
LogModuleManager: Display: Found up-to-date module file ../../../Engine/Plugins/Media/MediaCompositing/Binaries/Win64/UE4Editor-MediaCompositing.dll (API version 3709383).
LogModuleManager: Display: Found up-to-date module file ../../../Engine/Plugins/Media/MediaCompositing/Binaries/Win64/UE4Editor-MediaCompositingEditor.dll (API version 3709383).
LogModuleManager: Display: Found up-to-date module file ../../../Engine/Plugins/Media/MediaPlayerEditor/Binaries/Win64/UE4Editor-MediaPlayerEditor.dll (API version 3709383).
LogModuleManager: Display: Found up-to-date module file ../../../Engine/Plugins/Media/WmfMedia/Binaries/Win64/UE4Editor-WmfMedia.dll (API version 3709383).
LogModuleManager: Display: Found up-to-date module file ../../../Engine/Plugins/Media/WmfMedia/Binaries/Win64/UE4Editor-WmfMediaEditor.dll (API version 3709383).
LogModuleManager: Display: Found up-to-date module file ../../../Engine/Plugins/Media/WmfMedia/Binaries/Win64/UE4Editor-WmfMediaFactory.dll (API version 3709383).
LogModuleManager: Display: Found up-to-date module file ../../../Engine/Plugins/Media/WmfMedia/Binaries/Win64/UE4Editor-WmfMediaFactory.dll (API version 3709383).
LogModuleManager: Display: Found up-to-date module file ../../../Engine/Plugins/Messaging/TcpMessaging/Binaries/Win64/UE4Editor-TcpMessaging.dll (API version 3709383).
LogModuleManager: Display: Found up-to-date module file ../../../Engine/Plugins/Messaging/UdpMessaging/Binaries/Win64/UE4Editor-UdpMessaging.dll (API version 3709383).
LogModuleManager: Display: Found up-to-date module file ../../../Engine/Plugins/MovieScene/ActorSequence/Binaries/Win64/UE4Editor-ActorSequence.dll (API version 3709383).
LogModuleManager: Display: Found up-to-date module file ../../../Engine/Plugins/MovieScene/LevelSequenceEditor/Binaries/Win64/UE4Editor-LevelSequenceEditor.dll (API version 3709383).
LogModuleManager: Display: Found up-to-date module file ../../../Engine/Plugins/MovieScene/MatineeToLevelSequence/Binaries/Win64/UE4Editor-MatineeToLevelSequence.dll (API version 3709383).
LogModuleManager: Display: Found up-to-date module file ../../../Engine/Plugins/Online/OnlineSubsystem/Binaries/Win64/UE4Editor-OnlineSubsystem.dll (API version 3709383).
LogModuleManager: Display: Found up-to-date module file ../../../Engine/Plugins/Online/OnlineSubsystemNull/Binaries/Win64/UE4Editor-OnlineSubsystemNull.dll (API version 3709383).
LogModuleManager: Display: Found up-to-date module file ../../../Engine/Plugins/Online/OnlineSubsystemUtils/Binaries/Win64/UE4Editor-OnlineSubsystemUtils.dll (API version 3709383).
LogModuleManager: Display: Found up-to-date module file ../../../Engine/Plugins/Online/OnlineSubsystemUtils/Binaries/Win64/UE4Editor-OnlineBlueprintSupport.dll (API version 3709383).
LogModuleManager: Display: Found up-to-date module file ../../../Engine/Plugins/Runtime/AndroidDeviceProfileSelector/Binaries/Win64/UE4Editor-AndroidDeviceProfileSelector.dll (API version 3709383).
LogModuleManager: Display: Found up-to-date module file ../../../Engine/Plugins/Runtime/AndroidPermission/Binaries/Win64/UE4Editor-AndroidPermission.dll (API version 3709383).
LogModuleManager: Display: Found up-to-date module file ../../../Engine/Plugins/Runtime/AppleARKit/Binaries/Win64/UE4Editor-AppleARKit.dll (API version 3709383).
LogModuleManager: Display: Found up-to-date module file ../../../Engine/Plugins/Runtime/ArchVisCharacter/Binaries/Win64/UE4Editor-ArchVisCharacter.dll (API version 3709383).
LogModuleManager: Display: Found up-to-date module file ../../../Engine/Plugins/Runtime/CableComponent/Binaries/Win64/UE4Editor-CableComponent.dll (API version 3709383).
LogModuleManager: Display: Found up-to-date module file ../../../Engine/Plugins/Runtime/CustomMeshComponent/Binaries/Win64/UE4Editor-CustomMeshComponent.dll (API version 3709383).
LogModuleManager: Display: Found up-to-date module file ../../../Engine/Plugins/Runtime/ExampleDeviceProfileSelector/Binaries/Win64/UE4Editor-ExampleDeviceProfileSelector.dll (API version 3709383).
LogModuleManager: Display: Found up-to-date module file ../../../Engine/Plugins/Runtime/ImmediatePhysics/Binaries/Win64/UE4Editor-ImmediatePhysics.dll (API version 3709383).
LogModuleManager: Display: Found up-to-date module file ../../../Engine/Plugins/Runtime/ImmediatePhysics/Binaries/Win64/UE4Editor-ImmediatePhysicsEditor.dll (API version 3709383).
LogModuleManager: Display: Found up-to-date module file ../../../Engine/Plugins/Runtime/LocationServicesBPLibrary/Binaries/Win64/UE4Editor-LocationServicesBPLibrary.dll (API version 3709383).
LogModuleManager: Display: Found up-to-date module file ../../../Engine/Plugins/Runtime/MobilePatchingUtils/Binaries/Win64/UE4Editor-MobilePatchingUtils.dll (API version 3709383).
LogModuleManager: Display: Found up-to-date module file ../../../Engine/Plugins/Runtime/Oculus/OculusVR/Binaries/Win64/UE4Editor-OculusHMD.dll (API version 3709383).
LogModuleManager: Display: Found up-to-date module file ../../../Engine/Plugins/Runtime/Oculus/OculusVR/Binaries/Win64/UE4Editor-OculusInput.dll (API version 3709383).
LogModuleManager: Display: Found up-to-date module file ../../../Engine/Plugins/Runtime/Oculus/OculusVR/Binaries/Win64/UE4Editor-OculusEditor.dll (API version 3709383).
LogModuleManager: Display: Found up-to-date module file ../../../Engine/Plugins/Runtime/PhysXVehicles/Binaries/Win64/UE4Editor-PhysXVehicles.dll (API version 3709383).
LogModuleManager: Display: Found up-to-date module file ../../../Engine/Plugins/Runtime/PhysXVehicles/Binaries/Win64/UE4Editor-PhysXVehiclesEditor.dll (API version 3709383).
LogModuleManager: Display: Found up-to-date module file ../../../Engine/Plugins/Runtime/ProceduralMeshComponent/Binaries/Win64/UE4Editor-ProceduralMeshComponent.dll (API version 3709383).
LogModuleManager: Display: Found up-to-date module file ../../../Engine/Plugins/Runtime/ProceduralMeshComponent/Binaries/Win64/UE4Editor-ProceduralMeshComponentEditor.dll (API version 3709383).
LogModuleManager: Display: Found up-to-date module file ../../../Engine/Plugins/Runtime/RuntimePhysXCooking/Binaries/Win64/UE4Editor-RuntimePhysXCooking.dll (API version 3709383).
LogModuleManager: Display: Found up-to-date module file ../../../Engine/Plugins/Runtime/Steam/SteamVR/Binaries/Win64/UE4Editor-SteamVR.dll (API version 3709383).
LogModuleManager: Display: Found up-to-date module file ../../../Engine/Plugins/Runtime/Steam/SteamVR/Binaries/Win64/UE4Editor-SteamVRController.dll (API version 3709383).
LogModuleManager: Display: Found up-to-date module file ../../../Engine/Plugins/Runtime/WindowsMoviePlayer/Binaries/Win64/UE4Editor-WindowsMoviePlayer.dll (API version 3709383).
LogInit: Warning: Incompatible or missing module: UE4Editor-Dialogue_BS.dll
Running D:/EpicGames/UE_4.18/Engine/Binaries/DotNET/UnrealBuildTool.exe Dialogue_BS Development Win64 -project="C:/Users/Dong Hyeong Lee/Documents/GitHub/AIbs_Demo/Dialogue_BS/Dialogue_BS.uproject" -editorrecompile -progress -NoHotReloadFromIDE
Using 'git status' to determine working set for adaptive non-unity build.
Creating makefile for Dialogue_BS (no existing makefile)
@progress push 5%
Parsing headers for Dialogue_BSEditor
  Running UnrealHeaderTool "C:\Users\Dong Hyeong Lee\Documents\GitHub\AIbs_Demo\Dialogue_BS\Dialogue_BS.uproject" "C:\Users\Dong Hyeong Lee\Documents\GitHub\AIbs_Demo\Dialogue_BS\Intermediate\Build\Win64\Dialogue_BSEditor\Development\Dialogue_BSEditor.uhtmanifest" -LogCmds="loginit warning, logexit warning, logdatabase error" -Unattended -WarningsAsErrors -installed
Reflection code generated for Dialogue_BSEditor in 13.1493008 seconds
@progress pop
Performing 19 actions (4 in parallel)
StatsModifier.cpp
Dialogue_BS.init.gen.cpp
TF.cpp
Personality.cpp
PersonalityFrameWork.cpp
SN.cpp
Relationship.cpp
Dialogue_BSCharacter.gen.cpp
JP.cpp
IDHashTable.cpp
IDStore.cpp
Dialogue_BSGameMode.cpp
Dialogue_BSCharacter.cpp
Dialogue_BS.cpp
BehaviourModifier.cpp
IE.cpp
Dialogue_BSGameMode.gen.cpp
[18/19] Link UE4Editor-Dialogue_BS.dll
[19/19] Link UE4Editor-Dialogue_BS.lib
   Creating library C:\Users\Dong Hyeong Lee\Documents\GitHub\AIbs_Demo\Dialogue_BS\Intermediate\Build\Win64\UE4Editor\Development\UE4Editor-Dialogue_BS.lib and object C:\Users\Dong Hyeong Lee\Documents\GitHub\AIbs_Demo\Dialogue_BS\Intermediate\Build\Win64\UE4Editor\Development\UE4Editor-Dialogue_BS.exp
   Creating library C:\Users\Dong Hyeong Lee\Documents\GitHub\AIbs_Demo\Dialogue_BS\Intermediate\Build\Win64\UE4Editor\Development\UE4Editor-Dialogue_BS.suppressed.lib and object C:\Users\Dong Hyeong Lee\Documents\GitHub\AIbs_Demo\Dialogue_BS\Intermediate\Build\Win64\UE4Editor\Development\UE4Editor-Dialogue_BS.suppressed.exp
Total build time: 83.70 seconds (Local executor: 12.51 seconds)
LogModuleManager: Display: Found up-to-date module file C:/Users/Dong Hyeong Lee/Documents/GitHub/AIbs_Demo/Dialogue_BS/Binaries/Win64/UE4Editor-Dialogue_BS.dll (API version 3709383).
LogModuleManager: Display: Found up-to-date module file ../../../Engine/Plugins/2D/Paper2D/Binaries/Win64/UE4Editor-Paper2D.dll (API version 3709383).
LogModuleManager: Display: Found up-to-date module file ../../../Engine/Plugins/2D/Paper2D/Binaries/Win64/UE4Editor-Paper2DEditor.dll (API version 3709383).
LogModuleManager: Display: Found up-to-date module file ../../../Engine/Plugins/2D/Paper2D/Binaries/Win64/UE4Editor-PaperSpriteSheetImporter.dll (API version 3709383).
LogModuleManager: Display: Found up-to-date module file ../../../Engine/Plugins/2D/Paper2D/Binaries/Win64/UE4Editor-PaperTiledImporter.dll (API version 3709383).
LogModuleManager: Display: Found up-to-date module file ../../../Engine/Plugins/2D/Paper2D/Binaries/Win64/UE4Editor-SmartSnapping.dll (API version 3709383).
LogModuleManager: Display: Found up-to-date module file ../../../Engine/Plugins/Blendables/LightPropagationVolume/Binaries/Win64/UE4Editor-LightPropagationVolumeRuntime.dll (API version 3709383).
LogModuleManager: Display: Found up-to-date module file ../../../Engine/Plugins/Blendables/LightPropagationVolume/Binaries/Win64/UE4Editor-LightPropagationVolumeEditor.dll (API version 3709383).
LogModuleManager: Display: Found up-to-date module file ../../../Engine/Plugins/Developer/GitSourceControl/Binaries/Win64/UE4Editor-GitSourceControl.dll (API version 3709383).
LogModuleManager: Display: Found up-to-date module file ../../../Engine/Plugins/Developer/PerforceSourceControl/Binaries/Win64/UE4Editor-PerforceSourceControl.dll (API version 3709383).
LogModuleManager: Display: Found up-to-date module file ../../../Engine/Plugins/Developer/SubversionSourceControl/Binaries/Win64/UE4Editor-SubversionSourceControl.dll (API version 3709383).
LogModuleManager: Display: Found up-to-date module file ../../../Engine/Plugins/Developer/UObjectPlugin/Binaries/Win64/UE4Editor-UObjectPlugin.dll (API version 3709383).
LogModuleManager: Display: Found up-to-date module file ../../../Engine/Plugins/Developer/VisualStudioCodeSourceCodeAccess/Binaries/Win64/UE4Editor-VisualStudioCodeSourceCodeAccess.dll (API version 3709383).
LogModuleManager: Display: Found up-to-date module file ../../../Engine/Plugins/Developer/VisualStudioSourceCodeAccess/Binaries/Win64/UE4Editor-VisualStudioSourceCodeAccess.dll (API version 3709383).
LogModuleManager: Display: Found up-to-date module file ../../../Engine/Plugins/Editor/AssetManagerEditor/Binaries/Win64/UE4Editor-AssetManagerEditor.dll (API version 3709383).
LogModuleManager: Display: Found up-to-date module file ../../../Engine/Plugins/Editor/AudioCapture/Binaries/Win64/UE4Editor-AudioCapture.dll (API version 3709383).
LogModuleManager: Display: Found up-to-date module file ../../../Engine/Plugins/Editor/FacialAnimation/Binaries/Win64/UE4Editor-FacialAnimation.dll (API version 3709383).
LogModuleManager: Display: Found up-to-date module file ../../../Engine/Plugins/Editor/FacialAnimation/Binaries/Win64/UE4Editor-FacialAnimationEditor.dll (API version 3709383).
LogModuleManager: Display: Found up-to-date module file ../../../Engine/Plugins/Editor/GameplayTagsEditor/Binaries/Win64/UE4Editor-GameplayTagsEditor.dll (API version 3709383).
LogModuleManager: Display: Found up-to-date module file ../../../Engine/Plugins/Editor/MobileLauncherProfileWizard/Binaries/Win64/UE4Editor-MobileLauncherProfileWizard.dll (API version 3709383).
LogModuleManager: Display: Found up-to-date module file ../../../Engine/Plugins/Editor/PluginBrowser/Binaries/Win64/UE4Editor-PluginBrowser.dll (API version 3709383).
LogModuleManager: Display: Found up-to-date module file ../../../Engine/Plugins/Editor/SpeedTreeImporter/Binaries/Win64/UE4Editor-SpeedTreeImporter.dll (API version 3709383).
LogModuleManager: Display: Found up-to-date module file ../../../Engine/Plugins/Experimental/AlembicImporter/Binaries/Win64/UE4Editor-AlembicImporter.dll (API version 3709383).
LogModuleManager: Display: Found up-to-date module file ../../../Engine/Plugins/Experimental/AlembicImporter/Binaries/Win64/UE4Editor-AlembicLibrary.dll (API version 3709383).
LogModuleManager: Display: Found up-to-date module file ../../../Engine/Plugins/Experimental/CharacterAI/Binaries/Win64/UE4Editor-CharacterAI.dll (API version 3709383).
LogModuleManager: Display: Found up-to-date module file ../../../Engine/Plugins/Experimental/HTML5Networking/Binaries/Win64/UE4Editor-HTML5Networking.dll (API version 3709383).
LogModuleManager: Display: Found up-to-date module file ../../../Engine/Plugins/Media/AndroidMedia/Binaries/Win64/UE4Editor-AndroidMediaEditor.dll (API version 3709383).
LogModuleManager: Display: Found up-to-date module file ../../../Engine/Plugins/Media/AndroidMedia/Binaries/Win64/UE4Editor-AndroidMediaFactory.dll (API version 3709383).
LogModuleManager: Display: Found up-to-date module file ../../../Engine/Plugins/Media/AvfMedia/Binaries/Win64/UE4Editor-AvfMediaEditor.dll (API version 3709383).
LogModuleManager: Display: Found up-to-date module file ../../../Engine/Plugins/Media/AvfMedia/Binaries/Win64/UE4Editor-AvfMediaFactory.dll (API version 3709383).
LogModuleManager: Display: Found up-to-date module file ../../../Engine/Plugins/Media/AvfMedia/Binaries/Win64/UE4Editor-AvfMediaFactory.dll (API version 3709383).
LogModuleManager: Display: Found up-to-date module file ../../../Engine/Plugins/Media/ImgMedia/Binaries/Win64/UE4Editor-ImgMedia.dll (API version 3709383).
LogModuleManager: Display: Found up-to-date module file ../../../Engine/Plugins/Media/ImgMedia/Binaries/Win64/UE4Editor-ImgMediaEditor.dll (API version 3709383).
LogModuleManager: Display: Found up-to-date module file ../../../Engine/Plugins/Media/ImgMedia/Binaries/Win64/UE4Editor-ImgMediaFactory.dll (API version 3709383).
LogModuleManager: Display: Found up-to-date module file ../../../Engine/Plugins/Media/ImgMedia/Binaries/Win64/UE4Editor-ImgMediaFactory.dll (API version 3709383).
LogModuleManager: Display: Found up-to-date module file ../../../Engine/Plugins/Media/ImgMedia/Binaries/Win64/UE4Editor-OpenExrWrapper.dll (API version 3709383).
LogModuleManager: Display: Found up-to-date module file ../../../Engine/Plugins/Media/MediaCompositing/Binaries/Win64/UE4Editor-MediaCompositing.dll (API version 3709383).
LogModuleManager: Display: Found up-to-date module file ../../../Engine/Plugins/Media/MediaCompositing/Binaries/Win64/UE4Editor-MediaCompositingEditor.dll (API version 3709383).
LogModuleManager: Display: Found up-to-date module file ../../../Engine/Plugins/Media/MediaPlayerEditor/Binaries/Win64/UE4Editor-MediaPlayerEditor.dll (API version 3709383).
LogModuleManager: Display: Found up-to-date module file ../../../Engine/Plugins/Media/WmfMedia/Binaries/Win64/UE4Editor-WmfMedia.dll (API version 3709383).
LogModuleManager: Display: Found up-to-date module file ../../../Engine/Plugins/Media/WmfMedia/Binaries/Win64/UE4Editor-WmfMediaEditor.dll (API version 3709383).
LogModuleManager: Display: Found up-to-date module file ../../../Engine/Plugins/Media/WmfMedia/Binaries/Win64/UE4Editor-WmfMediaFactory.dll (API version 3709383).
LogModuleManager: Display: Found up-to-date module file ../../../Engine/Plugins/Media/WmfMedia/Binaries/Win64/UE4Editor-WmfMediaFactory.dll (API version 3709383).
LogModuleManager: Display: Found up-to-date module file ../../../Engine/Plugins/Messaging/TcpMessaging/Binaries/Win64/UE4Editor-TcpMessaging.dll (API version 3709383).
LogModuleManager: Display: Found up-to-date module file ../../../Engine/Plugins/Messaging/UdpMessaging/Binaries/Win64/UE4Editor-UdpMessaging.dll (API version 3709383).
LogModuleManager: Display: Found up-to-date module file ../../../Engine/Plugins/MovieScene/ActorSequence/Binaries/Win64/UE4Editor-ActorSequence.dll (API version 3709383).
LogModuleManager: Display: Found up-to-date module file ../../../Engine/Plugins/MovieScene/LevelSequenceEditor/Binaries/Win64/UE4Editor-LevelSequenceEditor.dll (API version 3709383).
LogModuleManager: Display: Found up-to-date module file ../../../Engine/Plugins/MovieScene/MatineeToLevelSequence/Binaries/Win64/UE4Editor-MatineeToLevelSequence.dll (API version 3709383).
LogModuleManager: Display: Found up-to-date module file ../../../Engine/Plugins/Online/OnlineSubsystem/Binaries/Win64/UE4Editor-OnlineSubsystem.dll (API version 3709383).
LogModuleManager: Display: Found up-to-date module file ../../../Engine/Plugins/Online/OnlineSubsystemNull/Binaries/Win64/UE4Editor-OnlineSubsystemNull.dll (API version 3709383).
LogModuleManager: Display: Found up-to-date module file ../../../Engine/Plugins/Online/OnlineSubsystemUtils/Binaries/Win64/UE4Editor-OnlineSubsystemUtils.dll (API version 3709383).
LogModuleManager: Display: Found up-to-date module file ../../../Engine/Plugins/Online/OnlineSubsystemUtils/Binaries/Win64/UE4Editor-OnlineBlueprintSupport.dll (API version 3709383).
LogModuleManager: Display: Found up-to-date module file ../../../Engine/Plugins/Runtime/AndroidDeviceProfileSelector/Binaries/Win64/UE4Editor-AndroidDeviceProfileSelector.dll (API version 3709383).
LogModuleManager: Display: Found up-to-date module file ../../../Engine/Plugins/Runtime/AndroidPermission/Binaries/Win64/UE4Editor-AndroidPermission.dll (API version 3709383).
LogModuleManager: Display: Found up-to-date module file ../../../Engine/Plugins/Runtime/AppleARKit/Binaries/Win64/UE4Editor-AppleARKit.dll (API version 3709383).
LogModuleManager: Display: Found up-to-date module file ../../../Engine/Plugins/Runtime/ArchVisCharacter/Binaries/Win64/UE4Editor-ArchVisCharacter.dll (API version 3709383).
LogModuleManager: Display: Found up-to-date module file ../../../Engine/Plugins/Runtime/CableComponent/Binaries/Win64/UE4Editor-CableComponent.dll (API version 3709383).
LogModuleManager: Display: Found up-to-date module file ../../../Engine/Plugins/Runtime/CustomMeshComponent/Binaries/Win64/UE4Editor-CustomMeshComponent.dll (API version 3709383).
LogModuleManager: Display: Found up-to-date module file ../../../Engine/Plugins/Runtime/ExampleDeviceProfileSelector/Binaries/Win64/UE4Editor-ExampleDeviceProfileSelector.dll (API version 3709383).
LogModuleManager: Display: Found up-to-date module file ../../../Engine/Plugins/Runtime/ImmediatePhysics/Binaries/Win64/UE4Editor-ImmediatePhysics.dll (API version 3709383).
LogModuleManager: Display: Found up-to-date module file ../../../Engine/Plugins/Runtime/ImmediatePhysics/Binaries/Win64/UE4Editor-ImmediatePhysicsEditor.dll (API version 3709383).
LogModuleManager: Display: Found up-to-date module file ../../../Engine/Plugins/Runtime/LocationServicesBPLibrary/Binaries/Win64/UE4Editor-LocationServicesBPLibrary.dll (API version 3709383).
LogModuleManager: Display: Found up-to-date module file ../../../Engine/Plugins/Runtime/MobilePatchingUtils/Binaries/Win64/UE4Editor-MobilePatchingUtils.dll (API version 3709383).
LogModuleManager: Display: Found up-to-date module file ../../../Engine/Plugins/Runtime/Oculus/OculusVR/Binaries/Win64/UE4Editor-OculusHMD.dll (API version 3709383).
LogModuleManager: Display: Found up-to-date module file ../../../Engine/Plugins/Runtime/Oculus/OculusVR/Binaries/Win64/UE4Editor-OculusInput.dll (API version 3709383).
LogModuleManager: Display: Found up-to-date module file ../../../Engine/Plugins/Runtime/Oculus/OculusVR/Binaries/Win64/UE4Editor-OculusEditor.dll (API version 3709383).
LogModuleManager: Display: Found up-to-date module file ../../../Engine/Plugins/Runtime/PhysXVehicles/Binaries/Win64/UE4Editor-PhysXVehicles.dll (API version 3709383).
LogModuleManager: Display: Found up-to-date module file ../../../Engine/Plugins/Runtime/PhysXVehicles/Binaries/Win64/UE4Editor-PhysXVehiclesEditor.dll (API version 3709383).
LogModuleManager: Display: Found up-to-date module file ../../../Engine/Plugins/Runtime/ProceduralMeshComponent/Binaries/Win64/UE4Editor-ProceduralMeshComponent.dll (API version 3709383).
LogModuleManager: Display: Found up-to-date module file ../../../Engine/Plugins/Runtime/ProceduralMeshComponent/Binaries/Win64/UE4Editor-ProceduralMeshComponentEditor.dll (API version 3709383).
LogModuleManager: Display: Found up-to-date module file ../../../Engine/Plugins/Runtime/RuntimePhysXCooking/Binaries/Win64/UE4Editor-RuntimePhysXCooking.dll (API version 3709383).
LogModuleManager: Display: Found up-to-date module file ../../../Engine/Plugins/Runtime/Steam/SteamVR/Binaries/Win64/UE4Editor-SteamVR.dll (API version 3709383).
LogModuleManager: Display: Found up-to-date module file ../../../Engine/Plugins/Runtime/Steam/SteamVR/Binaries/Win64/UE4Editor-SteamVRController.dll (API version 3709383).
LogModuleManager: Display: Found up-to-date module file ../../../Engine/Plugins/Runtime/WindowsMoviePlayer/Binaries/Win64/UE4Editor-WindowsMoviePlayer.dll (API version 3709383).
LogInit: Using libcurl 7.47.1
LogInit:  - built for x86_64-pc-win32
LogInit:  - supports SSL with OpenSSL/1.0.2g
LogInit:  - supports HTTP deflate (compression) using libz 1.2.8
LogInit:  - other features:
LogInit:      CURL_VERSION_SSL
LogInit:      CURL_VERSION_LIBZ
LogInit:      CURL_VERSION_IPV6
LogInit:      CURL_VERSION_ASYNCHDNS
LogInit:      CURL_VERSION_LARGEFILE
LogInit:      CURL_VERSION_IDN
LogInit:  CurlRequestOptions (configurable via config and command line):
LogInit:  - bVerifyPeer = false  - Libcurl will NOT verify peer certificate
LogInit:  - bUseHttpProxy = false  - Libcurl will NOT use HTTP proxy
LogInit:  - bDontReuseConnections = false  - Libcurl will reuse connections
LogInit:  - CertBundlePath = nullptr  - Libcurl will use whatever was configured at build time.
LogInit: Build: ++UE4+Release-4.18-CL-3832480
LogInit: Engine Version: 4.18.3-3832480+++UE4+Release-4.18
LogInit: Compatible Engine Version: 4.18.0-3709383+++UE4+Release-4.18
LogInit: Net CL: 3709383
LogDevObjectVersion: Number of dev versions registered: 16
LogDevObjectVersion:   Dev-Blueprints (B0D832E4-1F89-4F0D-ACCF-7EB736FD4AA2): 10
LogDevObjectVersion:   Dev-Build (E1C64328-A22C-4D53-A36C-8E866417BD8C): 0
LogDevObjectVersion:   Dev-Core (375EC13C-06E4-48FB-B500-84F0262A717E): 2
LogDevObjectVersion:   Dev-Editor (E4B068ED-F494-42E9-A231-DA0B2E46BB41): 20
LogDevObjectVersion:   Dev-Framework (CFFC743F-43B0-4480-9391-14DF171D2073): 30
LogDevObjectVersion:   Dev-Mobile (B02B49B5-BB20-44E9-A304-32B752E40360): 0
LogDevObjectVersion:   Dev-Networking (A4E4105C-59A1-49B5-A7C5-40C4547EDFEE): 0
LogDevObjectVersion:   Dev-Online (39C831C9-5AE6-47DC-9A44-9C173E1C8E7C): 0
LogDevObjectVersion:   Dev-Physics (78F01B33-EBEA-4F98-B9B4-84EACCB95AA2): 0
LogDevObjectVersion:   Dev-Platform (6631380F-2D4D-43E0-8009-CF276956A95A): 0
LogDevObjectVersion:   Dev-Rendering (12F88B9F-8875-4AFC-A67C-D90C383ABD29): 20
LogDevObjectVersion:   Dev-Sequencer (7B5AE74C-D270-4C10-A958-57980B212A5A): 4
LogDevObjectVersion:   Dev-VR (D7296918-1DD6-4BDD-9DE2-64A83CC13884): 0
LogDevObjectVersion:   Dev-LoadTimes (C2A15278-BFE7-4AFE-6C17-90FF531DF755): 1
LogDevObjectVersion:   Private-Geometry (6EACA3D4-40EC-4CC1-B786-8BED09428FC5): 1
LogDevObjectVersion:   Dev-AnimPhys (29E575DD-E0A3-4627-9D10-D276232CDCEA): 12
LogInit: Compiled (64-bit): Jan 12 2018 02:04:55
LogInit: Compiled with Visual C++: 19.00.24215.01
LogInit: Build Configuration: Development
LogInit: Branch Name: ++UE4+Release-4.18
LogInit: Command line: 
LogInit: Base directory: D:/EpicGames/UE_4.18/Engine/Binaries/Win64/
LogInit: Installed Engine Build: 1
LogInit: Presizing for max 8388607 objects, including 0 objects not considered by GC, pre-allocating 0 bytes for permanent pool.
LogInit: Object subsystem initialized
[2020.02.15-21.36.58:648][  0]LogInit: Selected Device Profile: [Windows]
[2020.02.15-21.36.58:648][  0]LogInit: Applying CVar settings loaded from the selected device profile: [Windows]
[2020.02.15-21.36.58:669][  0]LogInit: Computer: MSI
[2020.02.15-21.36.58:669][  0]LogInit: User: DongHyeongLee
[2020.02.15-21.36.58:669][  0]LogInit: CPU Page size=4096, Cores=4
[2020.02.15-21.36.58:669][  0]LogInit: High frequency timer resolution =10.000000 MHz
[2020.02.15-21.36.58:669][  0]LogMemory: Memory total: Physical=15.9GB (16GB approx)
[2020.02.15-21.36.58:669][  0]LogMemory: Platform Memory Stats for Windows
[2020.02.15-21.36.58:669][  0]LogMemory: Process Physical Memory: 282.87 MB used, 282.88 MB peak
[2020.02.15-21.36.58:669][  0]LogMemory: Process Virtual Memory: 273.02 MB used, 273.02 MB peak
[2020.02.15-21.36.58:669][  0]LogMemory: Physical Memory: 7737.45 MB used,  8566.67 MB free, 16304.11 MB total
[2020.02.15-21.36.58:669][  0]LogMemory: Virtual Memory: 4829.09 MB used,  8566.67 MB free, 134217728.00 MB total
[2020.02.15-21.36.58:804][  0]LogInit: Overriding language with editor language configuration option (en).
[2020.02.15-21.36.58:804][  0]LogInit: Overriding locale with editor locale configuration option (en).
[2020.02.15-21.36.59:294][  0]LogInit: Setting process to per monitor DPI aware
[2020.02.15-21.36.59:635][  0]LogD3D11RHI: D3D11 adapters:
[2020.02.15-21.36.59:722][  0]LogD3D11RHI:    0. 'NVIDIA GeForce GTX 1050 Ti' (Feature Level 11_0)
[2020.02.15-21.36.59:722][  0]LogD3D11RHI:       4021/0/8152 MB DedicatedVideo/DedicatedSystem/SharedSystem, Outputs:1, VendorId:0x10de
[2020.02.15-21.36.59:743][  0]LogD3D11RHI:    1. 'Intel(R) HD Graphics 630' (Feature Level 11_0)
[2020.02.15-21.36.59:743][  0]LogD3D11RHI:       128/0/8152 MB DedicatedVideo/DedicatedSystem/SharedSystem, Outputs:0, VendorId:0x8086
[2020.02.15-21.36.59:747][  0]LogD3D11RHI:    2. 'Microsoft Basic Render Driver' (Feature Level 11_0)
[2020.02.15-21.36.59:747][  0]LogD3D11RHI:       0/0/8152 MB DedicatedVideo/DedicatedSystem/SharedSystem, Outputs:0, VendorId:0x1414
[2020.02.15-21.36.59:747][  0]LogD3D11RHI: Chosen D3D11 Adapter: 0
[2020.02.15-21.36.59:761][  0]LogD3D11RHI: Creating new Direct3DDevice
[2020.02.15-21.36.59:761][  0]LogD3D11RHI:     GPU DeviceId: 0x1c8c (for the marketing name, search the web for "GPU Device Id")
[2020.02.15-21.36.59:761][  0]LogWindows: EnumDisplayDevices:
[2020.02.15-21.36.59:761][  0]LogWindows:    0. 'Intel(R) HD Graphics 630' (P:1 D:1)
[2020.02.15-21.36.59:762][  0]LogWindows:    1. 'Intel(R) HD Graphics 630' (P:0 D:0)
[2020.02.15-21.36.59:762][  0]LogWindows:    2. 'Intel(R) HD Graphics 630' (P:0 D:0)
[2020.02.15-21.36.59:762][  0]LogWindows: DebugString: GetVideoDriverDetailsInvalid PrimaryIsNotTheChoosenAdapter GetVideoDriverDetailsInvalid PrimaryIsNotTheChoosenAdapter GetVideoDriverDetailsInvalid PrimaryIsNotTheChoosenAdapter FoundDriverCount:0 
[2020.02.15-21.36.59:762][  0]LogD3D11RHI:     Adapter Name: NVIDIA GeForce GTX 1050 Ti
[2020.02.15-21.36.59:762][  0]LogD3D11RHI:   Driver Version: Unknown (internal:Unknown, unified:Unknown)
[2020.02.15-21.36.59:762][  0]LogD3D11RHI:      Driver Date: Unknown
[2020.02.15-21.36.59:762][  0]LogRHI: Texture pool is 2814 MB (70% of 4021 MB)
[2020.02.15-21.36.59:817][  0]LogD3D11RHI: Async texture creation enabled
[2020.02.15-21.36.59:829][  0]LogD3D11RHI: GPU Timing Frequency: 1000.000000 (Debug: 2 1)
[2020.02.15-21.36.59:831][  0]LogShaderCompilers: Guid format shader working directory is -7 characters bigger than the processId version (C:/Users/Dong Hyeong Lee/Documents/GitHub/AIbs_Demo/Dialogue_BS/Intermediate/Shaders/WorkingDirectory/4876/).
[2020.02.15-21.36.59:831][  0]LogShaderCompilers: Cleaned the shader compiler working directory 'C:/Users/Dong Hyeong Lee/AppData/Local/Temp/UnrealShaderWorkingDir/525104724188B5D006AEFF9232987B5E/'.
[2020.02.15-21.36.59:831][  0]LogShaderCompilers: Display: Using Local Shader Compiler.
[2020.02.15-21.37.00:894][  0]LogTemp: Display: Loaded TP AllDesktopTargetPlatform
[2020.02.15-21.37.00:939][  0]LogTemp: Display: Loaded TP MacClientTargetPlatform
[2020.02.15-21.37.00:986][  0]LogTemp: Display: Loaded TP MacNoEditorTargetPlatform
[2020.02.15-21.37.01:039][  0]LogTemp: Display: Loaded TP MacServerTargetPlatform
[2020.02.15-21.37.01:095][  0]LogTemp: Display: Loaded TP MacTargetPlatform
[2020.02.15-21.37.01:148][  0]LogTemp: Display: Loaded TP WindowsClientTargetPlatform
[2020.02.15-21.37.01:196][  0]LogTemp: Display: Loaded TP WindowsNoEditorTargetPlatform
[2020.02.15-21.37.01:250][  0]LogTemp: Display: Loaded TP WindowsServerTargetPlatform
[2020.02.15-21.37.01:288][  0]LogTemp: Display: Loaded TP WindowsTargetPlatform
[2020.02.15-21.37.01:334][  0]LogTemp: Display: Loaded TP Android_ASTCTargetPlatform
[2020.02.15-21.37.01:377][  0]LogTemp: Display: Loaded TP Android_ATCTargetPlatform
[2020.02.15-21.37.01:421][  0]LogTemp: Display: Loaded TP Android_DXTTargetPlatform
[2020.02.15-21.37.01:465][  0]LogTemp: Display: Loaded TP Android_ETC1TargetPlatform
[2020.02.15-21.37.01:509][  0]LogTemp: Display: Loaded TP Android_ETC2TargetPlatform
[2020.02.15-21.37.01:604][  0]LogTemp: Display: Loaded TP Android_MultiTargetPlatform
[2020.02.15-21.37.01:604][  0]LogTemp: Display: Loaded TP Android_PVRTCTargetPlatform
[2020.02.15-21.37.01:654][  0]LogTemp: Display: Loaded TP AndroidTargetPlatform
[2020.02.15-21.37.01:691][  0]LogTemp: Display: Loaded TP HTML5TargetPlatform
[2020.02.15-21.37.01:778][  0]LogTemp: Display: Loaded TP IOSTargetPlatform
[2020.02.15-21.37.01:805][  0]LogTemp: Display: Loaded TP TVOSTargetPlatform
[2020.02.15-21.37.01:852][  0]LogTemp: Display: Loaded TP LinuxClientTargetPlatform
[2020.02.15-21.37.01:898][  0]LogTemp: Display: Loaded TP LinuxNoEditorTargetPlatform
[2020.02.15-21.37.01:944][  0]LogTemp: Display: Loaded TP LinuxServerTargetPlatform
[2020.02.15-21.37.01:990][  0]LogTemp: Display: Loaded TP LinuxTargetPlatform
[2020.02.15-21.37.01:990][  0]LogTargetPlatformManager: Display: Building Assets For Windows
[2020.02.15-21.37.02:427][  0]LogDerivedDataCache: Display: Max Cache Size: 512 MB
[2020.02.15-21.37.02:526][  0]LogDerivedDataCache: Loaded boot cache 0.10s 79MB C:/Users/Dong Hyeong Lee/AppData/Local/UnrealEngine/4.18/DerivedDataCache/Boot.ddc.
[2020.02.15-21.37.02:526][  0]LogDerivedDataCache: Display: Loaded Boot cache: C:/Users/Dong Hyeong Lee/AppData/Local/UnrealEngine/4.18/DerivedDataCache/Boot.ddc
[2020.02.15-21.37.02:527][  0]LogDerivedDataCache: FDerivedDataBackendGraph:  Pak pak cache file C:/Users/Dong Hyeong Lee/Documents/GitHub/AIbs_Demo/Dialogue_BS/DerivedDataCache/DDC.ddp not found, will not use a pak cache.
[2020.02.15-21.37.02:527][  0]LogDerivedDataCache: Unable to find inner node Pak for hierarchical cache Hierarchy.
[2020.02.15-21.37.02:527][  0]LogDerivedDataCache: FDerivedDataBackendGraph:  CompressedPak pak cache file C:/Users/Dong Hyeong Lee/Documents/GitHub/AIbs_Demo/Dialogue_BS/DerivedDataCache/Compressed.ddp not found, will not use a pak cache.
[2020.02.15-21.37.02:527][  0]LogDerivedDataCache: Unable to find inner node CompressedPak for hierarchical cache Hierarchy.
[2020.02.15-21.37.02:548][  0]LogDerivedDataCache: Display: Pak cache opened for reading ../../../Engine/DerivedDataCache/Compressed.ddp.
[2020.02.15-21.37.02:561][  0]LogDerivedDataCache: Using Local data cache path C:/Users/Dong Hyeong Lee/AppData/Local/UnrealEngine/Common/DerivedDataCache: Writable
[2020.02.15-21.37.02:572][  0]LogMaterial: Verifying Global Shaders for PCD3D_SM5
[2020.02.15-21.37.02:572][  0]LogSlate: Using Freetype 2.6.0
[2020.02.15-21.37.02:573][  0]LogSlate: SlateFontCache - WITH_FREETYPE: 1, WITH_HARFBUZZ: 1
[2020.02.15-21.37.02:573][  0]LogSlate: SlateFontCache - WITH_FREETYPE: 1, WITH_HARFBUZZ: 1
[2020.02.15-21.37.02:975][  0]LogInit: Selected Device Profile: [Windows]
[2020.02.15-21.37.03:274][  0]LogSimplygon: Simplygon DLL not present - disabling.
[2020.02.15-21.37.03:307][  0]LogMeshReduction: Using SimplygonSwarm for distributed automatic mesh merging
[2020.02.15-21.37.03:307][  0]LogMeshReduction: Using QuadricMeshReduction for automatic static mesh reduction
[2020.02.15-21.37.03:307][  0]LogMeshReduction: No automatic skeletal mesh reduction module available
[2020.02.15-21.37.03:307][  0]LogMeshReduction: No automatic mesh merging module available
[2020.02.15-21.37.03:307][  0]LogMeshMerging: No automatic mesh merging module available
[2020.02.15-21.37.03:337][  0]LogNetVersion: Dialogue_BS , NetCL: 3709383, EngineNetVer: 2, GameNetVer: 0 (Checksum: 2721781782)
[2020.02.15-21.37.03:511][  0]LogAssetRegistry: FAssetRegistry took 0.0276 seconds to start up
[2020.02.15-21.37.04:095][  0]LogPackageLocalizationCache: Processed 7 localized package path(s) for 1 prioritized culture(s) in 0.052190 seconds
[2020.02.15-21.37.04:102][  0]LogUObjectArray: 35870 objects as part of root set at end of initial load.
[2020.02.15-21.37.04:102][  0]LogUObjectAllocator: 7363704 out of 0 bytes used by permanent object pool.
[2020.02.15-21.37.04:102][  0]LogUObjectArray: CloseDisregardForGC: 0/0 objects in disregard for GC pool
[2020.02.15-21.37.04:142][  0]LogInit: WinSock: version 1.1 (2.2), MaxSocks=32767, MaxUdp=65467
[2020.02.15-21.37.06:977][  0]LogTcpMessaging: Initializing TcpMessaging bridge
[2020.02.15-21.37.07:026][  0]LogUdpMessaging: Initializing bridge on interface 0.0.0.0:0 to multicast group 230.0.0.1:6666.
[2020.02.15-21.37.08:166][  0]LogMaterial: Uniform references updated for custom material expression Custom.
[2020.02.15-21.37.08:585][  0]SourceControl: Source control is disabled
[2020.02.15-21.37.08:585][  0]SourceControl: Source control is disabled
[2020.02.15-21.37.08:642][  0]SourceControl: Source control is disabled
[2020.02.15-21.37.08:695][  0]SourceControl: Source control is disabled
[2020.02.15-21.37.09:476][  0]LogAndroidPermission: UAndroidPermissionCallbackProxy::GetInstance
[2020.02.15-21.37.09:740][  0]LogOcInput: OculusInput pre-init called
[2020.02.15-21.37.10:009][  0]LogEngine: Initializing Engine...
[2020.02.15-21.37.10:013][  0]LogHMD: Failed to initialize OpenVR with code 110
[2020.02.15-21.37.10:326][  0]LogStats: UGameplayTagsManager::ConstructGameplayTagTree: Construct from data asset -  0.000 s
[2020.02.15-21.37.10:326][  0]LogStats: UGameplayTagsManager::ConstructGameplayTagTree: GameplayTagTreeChangedEvent.Broadcast -  0.000 s
[2020.02.15-21.37.10:466][  0]LogAIModule: Creating AISystem for world Untitled
[2020.02.15-21.37.10:494][  0]LogInit: XAudio2 using 'SAMSUNG(인텔(R) 디스플레이 오디오)' : 2 channels at 48 kHz using 16 bits per sample (channel mask 0x3)
[2020.02.15-21.37.10:510][  0]LogInit: FAudioDevice initialized.
[2020.02.15-21.37.10:610][  0]LogDerivedDataCache: Saved boot cache 0.10s 79MB C:/Users/Dong Hyeong Lee/AppData/Local/UnrealEngine/4.18/DerivedDataCache/Boot.ddc.
[2020.02.15-21.37.10:631][  0]LogInit: Texture streaming: Enabled
[2020.02.15-21.37.10:728][  0]LogEngineSessionManager: EngineSessionManager initialized
[2020.02.15-21.37.10:855][  0]LogInit: Transaction tracking system initialized
[2020.02.15-21.37.11:159][  0]BlueprintLog: New page: Editor Load
[2020.02.15-21.37.12:117][  0]LocalizationService: Localization service is disabled
[2020.02.15-21.37.12:818][  0]LogConsoleResponse: Display: 
[2020.02.15-21.37.13:023][  0]LogCook: Display: Max memory allowance for cook 16384mb min free memory 0mb
[2020.02.15-21.37.13:023][  0]LogCook: Display: Mobile HDR setting 1
[2020.02.15-21.37.13:023][  0]LogGameplayTags: Display: UGameplayTagsManager::DoneAddingNativeTags. DelegateIsBound: 0
[2020.02.15-21.37.13:032][  0]LogFileCache: Scanning file cache for directory 'C:/Users/Dong Hyeong Lee/Documents/GitHub/AIbs_Demo/Dialogue_BS/Content/' took 0.02s
[2020.02.15-21.37.14:120][  0]SourceControl: Source control is disabled
[2020.02.15-21.37.14:120][  0]Cmd: MAP LOAD FILE="C:/Users/Dong Hyeong Lee/Documents/GitHub/AIbs_Demo/Dialogue_BS/Content/ThirdPersonCPP/Maps/ThirdPersonExampleMap.umap" TEMPLATE=0 SHOWPROGRESS=1 FEATURELEVEL=3
[2020.02.15-21.37.14:129][  0]LightingResults: New page: Lighting Build
[2020.02.15-21.37.14:161][  0]MapCheck: New page: Map Check
[2020.02.15-21.37.14:161][  0]LightingResults: New page: Lighting Build
[2020.02.15-21.37.14:601][  0]LogAIModule: Creating AISystem for world ThirdPersonExampleMap
[2020.02.15-21.37.14:617][  0]LogEditorServer: Finished looking for orphan Actors (0.000 secs)
[2020.02.15-21.37.14:631][  0]Cmd: MAP CHECKDEP NOCLEARLOG
[2020.02.15-21.37.14:686][  0]MapCheck: Map check complete: 0 Error(s), 0 Warning(s), took 55.116ms to complete.
[2020.02.15-21.37.14:686][  0]LogFileHelpers: Loading map 'ThirdPersonExampleMap' took 0.567
[2020.02.15-21.37.14:846][  0]LogCollectionManager: Loaded 0 collections in 0.000908 seconds
[2020.02.15-21.37.14:925][  0]LogFileCache: Scanning file cache for directory 'C:/Users/Dong Hyeong Lee/Documents/GitHub/AIbs_Demo/Dialogue_BS/Saved/Collections/' took 0.01s
[2020.02.15-21.37.14:925][  0]LogFileCache: Scanning file cache for directory 'C:/Users/Dong Hyeong Lee/Documents/GitHub/AIbs_Demo/Dialogue_BS/Content/Developers/DongHyeongLee/Collections/' took 0.01s
[2020.02.15-21.37.14:925][  0]LogFileCache: Scanning file cache for directory 'C:/Users/Dong Hyeong Lee/Documents/GitHub/AIbs_Demo/Dialogue_BS/Content/Collections/' took 0.01s
[2020.02.15-21.37.14:925][  0]LogCollectionManager: Rebuilt the GUID cache for 0 collections in 0.000000 seconds
[2020.02.15-21.37.14:934][  0]LogContentBrowser: Native class hierarchy populated in 0.0089 seconds. Added 2365 classes and 521 folders.
[2020.02.15-21.37.14:992][  0]LogContentBrowser: Native class hierarchy updated for 'WidgetCarousel' in 0.0007 seconds. Added 0 classes and 0 folders.
[2020.02.15-21.37.15:022][  0]LogContentBrowser: Native class hierarchy updated for 'AddContentDialog' in 0.0007 seconds. Added 0 classes and 0 folders.
[2020.02.15-21.37.15:067][  0]LogContentBrowser: Native class hierarchy updated for 'SceneOutliner' in 0.0007 seconds. Added 1 classes and 2 folders.
[2020.02.15-21.37.15:172][  0]LogContentBrowser: Native class hierarchy updated for 'HierarchicalLODOutliner' in 0.0012 seconds. Added 1 classes and 2 folders.
[2020.02.15-21.37.15:172][  0]LogLoad: (Engine Initialization) Total time: 108.87 seconds
[2020.02.15-21.37.15:172][  0]LogLoad: (Engine Initialization) Total Blueprint compile time: 0.00 seconds
[2020.02.15-21.37.15:172][  0]LogExternalProfiler: No external profilers were discovered.  External profiling features will not be available.
[2020.02.15-21.37.15:212][  0]LogContentStreaming: Texture pool size now 1000 MB
[2020.02.15-21.37.15:213][  0]LogSlate: Took 0.000178 seconds to synchronously load lazily loaded font '../../../Engine/Content/Slate/Fonts/Roboto-Regular.ttf' (155K)
[2020.02.15-21.37.15:215][  0]LogSlate: Took 0.000355 seconds to synchronously load lazily loaded font '../../../Engine/Content/Slate/Fonts/Roboto-Bold.ttf' (160K)
[2020.02.15-21.37.15:224][  0]LogSlate: Took 0.000357 seconds to synchronously load lazily loaded font '../../../Engine/Content/Editor/Slate/Fonts/FontAwesome.ttf' (139K)
[2020.02.15-21.37.15:356][  0]LogSlate: Took 0.000369 seconds to synchronously load lazily loaded font '../../../Engine/Content/Slate/Fonts/Roboto-Light.ttf' (159K)
[2020.02.15-21.37.15:420][  2]LogRenderer: Reallocating scene render targets to support 904x484 Format 10 NumSamples 1 (Frame:1).
[2020.02.15-21.37.15:822][ 11]LogAssetRegistry: Asset discovery search completed in 12.3339 seconds
[2020.02.15-21.37.15:834][ 11]LogCollectionManager: Rebuilt the object cache for 0 collections in 0.000000 seconds (found 0 objects)
[2020.02.15-21.37.15:834][ 11]LogCollectionManager: Fixed up redirectors for 0 collections in 0.000102 seconds (updated 0 objects)
[2020.02.15-21.37.29:266][805]LogSlate: Took 0.000214 seconds to synchronously load lazily loaded font '../../../Engine/Content/Slate/Fonts/Roboto-Light.ttf' (159K)
[2020.02.15-21.37.49:659][977]LogVSAccessor: Warning: Couldn't goto line number '0' in 'C:/Users/Dong Hyeong Lee/Documents/GitHub/AIbs_Demo/Dialogue_BS/Source/Dialogue_BS/Dialogue_BSCharacter.h'
[2020.02.15-21.37.49:916][977]LogVSAccessor: Warning: Couldn't goto line number '0' in 'C:/Users/Dong Hyeong Lee/Documents/GitHub/AIbs_Demo/Dialogue_BS/Source/Dialogue_BS/Dialogue_BSCharacter.cpp'
[2020.02.15-21.39.51:757][568]Candidate modules for hot reload:
[2020.02.15-21.39.51:757][568]  Dialogue_BS
[2020.02.15-21.39.51:757][568]Launching UnrealBuildTool... [D:/EpicGames/UE_4.18/Engine/Binaries/DotNET/UnrealBuildTool.exe Dialogue_BS -ModuleWithSuffix Dialogue_BS 8090 Win64 Development -editorrecompile -canskiplink "C:/Users/Dong Hyeong Lee/Documents/GitHub/AIbs_Demo/Dialogue_BS/Dialogue_BS.uproject" ]
[2020.02.15-21.39.51:761][568]Warning: Starting HotReload took  0.0s.
[2020.02.15-21.40.01:791][155]CompilerResultsLog: New page: Compilation - Feb 15, 2020, 11:40:01 AM
[2020.02.15-21.40.01:791][155]CompilerResultsLog: Using 'git status' to determine working set for adaptive non-unity build.
[2020.02.15-21.40.01:791][155]CompilerResultsLog: Creating makefile for hot reloading Dialogue_BS (game project files are newer)
[2020.02.15-21.40.01:791][155]CompilerResultsLog: Compiling game modules for hot reload
[2020.02.15-21.40.01:791][155]CompilerResultsLog: Performing full C++ include scan (no include cache file)
[2020.02.15-21.40.01:791][155]CompilerResultsLog: Target is up to date
[2020.02.15-21.40.01:791][155]CompilerResultsLog: Total build time: 9.62 seconds (NoActionsToExecute executor: 0.00 seconds)
[2020.02.15-21.40.01:791][155]LogMainFrame: MainFrame: Module compiling took 10.047 seconds
[2020.02.15-21.40.01:832][155]LogContentBrowser: Native class hierarchy populated in 0.0175 seconds. Added 2367 classes and 525 folders.
[2020.02.15-21.40.01:834][155]Display: HotReload took 10.1s.
[2020.02.15-21.40.23:131][775]LogVSAccessor: Warning: Visual Studio is open but could not be queried - it may be blocked by a modal operation
[2020.02.15-21.40.27:457][776]LogVSAccessor: Warning: Couldn't goto line number '0' in 'C:/Users/Dong Hyeong Lee/Documents/GitHub/AIbs_Demo/Dialogue_BS/Source/Dialogue_BS/Dialogue_BSCharacter.h'
[2020.02.15-21.40.27:672][776]LogVSAccessor: Warning: Couldn't goto line number '0' in 'C:/Users/Dong Hyeong Lee/Documents/GitHub/AIbs_Demo/Dialogue_BS/Source/Dialogue_BS/Dialogue_BSCharacter.cpp'
[2020.02.15-21.41.51:822][445]LogTemp: Repeating last play command: Selected Viewport
[2020.02.15-21.41.51:936][445]LogBlueprintUserMessages: Early PlayInEditor Detection: Level '/Game/ThirdPersonCPP/Maps/ThirdPersonExampleMap.ThirdPersonExampleMap:PersistentLevel' has LevelScriptBlueprint '/Game/ThirdPersonCPP/Maps/ThirdPersonExampleMap.ThirdPersonExampleMap:PersistentLevel.ThirdPersonExampleMap' with GeneratedClass '/Game/ThirdPersonCPP/Maps/ThirdPersonExampleMap.ThirdPersonExampleMap_C' with ClassGeneratedBy '/Game/ThirdPersonCPP/Maps/ThirdPersonExampleMap.ThirdPersonExampleMap:PersistentLevel.ThirdPersonExampleMap'
[2020.02.15-21.41.51:937][445]LogPlayLevel: PlayLevel: No blueprints needed recompiling
[2020.02.15-21.41.51:938][445]PIE: New page: PIE session: ThirdPersonExampleMap (Feb 15, 2020, 11:41:51 AM)
[2020.02.15-21.41.51:938][445]LogPlayLevel: Creating play world package: /Game/ThirdPersonCPP/Maps/UEDPIE_0_ThirdPersonExampleMap
[2020.02.15-21.41.51:975][445]LogPlayLevel: PIE: StaticDuplicateObject took: (0.036302s)
[2020.02.15-21.41.51:976][445]LogAIModule: Creating AISystem for world ThirdPersonExampleMap
[2020.02.15-21.41.51:977][445]LogPlayLevel: PIE: World Init took: (0.001632s)
[2020.02.15-21.41.51:977][445]LogPlayLevel: PIE: Created PIE world by copying editor world from /Game/ThirdPersonCPP/Maps/ThirdPersonExampleMap.ThirdPersonExampleMap to /Game/ThirdPersonCPP/Maps/UEDPIE_0_ThirdPersonExampleMap.ThirdPersonExampleMap (0.038564s)
[2020.02.15-21.41.52:011][445]LogInit: XAudio2 using 'SAMSUNG(인텔(R) 디스플레이 오디오)' : 2 channels at 48 kHz using 16 bits per sample (channel mask 0x3)
[2020.02.15-21.41.52:022][445]LogInit: FAudioDevice initialized.
[2020.02.15-21.41.52:073][445]LogLoad: Game class is 'Dialogue_BSGameMode'
[2020.02.15-21.41.52:076][445]LogWorld: Bringing World /Game/ThirdPersonCPP/Maps/UEDPIE_0_ThirdPersonExampleMap.ThirdPersonExampleMap up for play (max tick rate 60) at 2020.02.15-16.41.52
[2020.02.15-21.41.52:078][445]LogWorld: Bringing up level for play took: 0.003160
[2020.02.15-21.41.52:141][445]LogContentBrowser: Native class hierarchy updated for 'MovieSceneCapture' in 0.0008 seconds. Added 11 classes and 0 folders.
[2020.02.15-21.41.52:144][445]PIE: Play in editor start time for /Game/ThirdPersonCPP/Maps/UEDPIE_0_ThirdPersonExampleMap -0.178
[2020.02.15-21.41.52:144][445]LogBlueprintUserMessages: Late PlayInEditor Detection: Level '/Game/ThirdPersonCPP/Maps/ThirdPersonExampleMap.ThirdPersonExampleMap:PersistentLevel' has LevelScriptBlueprint '/Game/ThirdPersonCPP/Maps/ThirdPersonExampleMap.ThirdPersonExampleMap:PersistentLevel.ThirdPersonExampleMap' with GeneratedClass '/Game/ThirdPersonCPP/Maps/ThirdPersonExampleMap.ThirdPersonExampleMap_C' with ClassGeneratedBy '/Game/ThirdPersonCPP/Maps/ThirdPersonExampleMap.ThirdPersonExampleMap:PersistentLevel.ThirdPersonExampleMap'
[2020.02.15-21.41.59:471][877]LogBlueprintUserMessages: Early EndPlayMap Detection: Level '/Game/ThirdPersonCPP/Maps/ThirdPersonExampleMap.ThirdPersonExampleMap:PersistentLevel' has LevelScriptBlueprint '/Game/ThirdPersonCPP/Maps/ThirdPersonExampleMap.ThirdPersonExampleMap:PersistentLevel.ThirdPersonExampleMap' with GeneratedClass '/Game/ThirdPersonCPP/Maps/ThirdPersonExampleMap.ThirdPersonExampleMap_C' with ClassGeneratedBy '/Game/ThirdPersonCPP/Maps/ThirdPersonExampleMap.ThirdPersonExampleMap:PersistentLevel.ThirdPersonExampleMap'
[2020.02.15-21.41.59:514][877]LogBlueprintUserMessages: Late EndPlayMap Detection: Level '/Game/ThirdPersonCPP/Maps/ThirdPersonExampleMap.ThirdPersonExampleMap:PersistentLevel' has LevelScriptBlueprint '/Game/ThirdPersonCPP/Maps/ThirdPersonExampleMap.ThirdPersonExampleMap:PersistentLevel.ThirdPersonExampleMap' with GeneratedClass '/Game/ThirdPersonCPP/Maps/ThirdPersonExampleMap.ThirdPersonExampleMap_C' with ClassGeneratedBy '/Game/ThirdPersonCPP/Maps/ThirdPersonExampleMap.ThirdPersonExampleMap:PersistentLevel.ThirdPersonExampleMap'
[2020.02.15-21.42.03:630][116]LogWindowsTextInputMethodSystem: Display: IME system now activated using TSF (Microsoft 입력기).
[2020.02.15-21.42.03:877][117]Cmd: QUIT_EDITOR
[2020.02.15-21.42.04:519][117]LogExit: Preparing to exit.
[2020.02.15-21.42.05:255][117]LogExit: Editor shut down
[2020.02.15-21.42.05:259][117]LogExit: Transaction tracking system shut down
[2020.02.15-21.42.05:441][117]LogDirectoryWatcher: A directory notification for '../../../Engine/Content/' was aborted.
[2020.02.15-21.42.05:441][117]LogDirectoryWatcher: A directory notification for 'C:/Users/Dong Hyeong Lee/Documents/GitHub/AIbs_Demo/Dialogue_BS/Content/' was aborted.
[2020.02.15-21.42.05:441][117]LogDirectoryWatcher: A directory notification for '../../../Engine/Plugins/2D/Paper2D/Content/' was aborted.
[2020.02.15-21.42.05:441][117]LogDirectoryWatcher: A directory notification for '../../../Engine/Plugins/Media/MediaCompositing/Content/' was aborted.
[2020.02.15-21.42.05:441][117]LogDirectoryWatcher: A directory notification for '../../../Engine/Plugins/Runtime/AppleARKit/Content/' was aborted.
[2020.02.15-21.42.05:441][117]LogDirectoryWatcher: A directory notification for '../../../Engine/Plugins/Runtime/Oculus/OculusVR/Content/' was aborted.
[2020.02.15-21.42.05:441][117]LogDirectoryWatcher: A directory notification for '../../../Engine/Plugins/Runtime/Steam/SteamVR/Content/' was aborted.
[2020.02.15-21.42.05:494][117]LogExit: Object subsystem successfully closed.
[2020.02.15-21.42.05:518][117]LogD3D11RHI: Shutdown
[2020.02.15-21.42.05:518][117]LogD3D11RHI: CleanupD3DDevice
[2020.02.15-21.42.05:520][117]LogD3D11RHI: ~FD3D11DynamicRHI
[2020.02.15-21.42.05:529][117]LogModuleManager: Shutting down and abandoning module MovieSceneCapture (552)
[2020.02.15-21.42.05:529][117]LogModuleManager: Shutting down and abandoning module HierarchicalLODOutliner (550)
[2020.02.15-21.42.05:529][117]LogModuleManager: Shutting down and abandoning module SceneOutliner (548)
[2020.02.15-21.42.05:529][117]LogModuleManager: Shutting down and abandoning module AddContentDialog (546)
[2020.02.15-21.42.05:529][117]LogDirectoryWatcher: A directory notification for 'D:/EpicGames/UE_4.18/FeaturePacks/' was aborted.
[2020.02.15-21.42.05:531][117]LogModuleManager: Shutting down and abandoning module WidgetCarousel (545)
[2020.02.15-21.42.05:531][117]LogModuleManager: Shutting down and abandoning module EditorWidgets (542)
[2020.02.15-21.42.05:531][117]LogModuleManager: Shutting down and abandoning module CollectionManager (540)
[2020.02.15-21.42.05:531][117]LogDirectoryWatcher: A directory notification for 'C:/Users/Dong Hyeong Lee/Documents/GitHub/AIbs_Demo/Dialogue_BS/Content/Collections/' was aborted.
[2020.02.15-21.42.05:531][117]LogDirectoryWatcher: A directory notification for 'C:/Users/Dong Hyeong Lee/Documents/GitHub/AIbs_Demo/Dialogue_BS/Content/Developers/DongHyeongLee/Collections/' was aborted.
[2020.02.15-21.42.05:531][117]LogDirectoryWatcher: A directory notification for 'C:/Users/Dong Hyeong Lee/Documents/GitHub/AIbs_Demo/Dialogue_BS/Saved/Collections/' was aborted.
[2020.02.15-21.42.05:531][117]LogModuleManager: Shutting down and abandoning module StatsViewer (538)
[2020.02.15-21.42.05:531][117]LogModuleManager: Shutting down and abandoning module FoliageEdit (536)
[2020.02.15-21.42.05:532][117]LogModuleManager: Shutting down and abandoning module LandscapeEditor (534)
[2020.02.15-21.42.05:532][117]LogModuleManager: Shutting down and abandoning module MeshPaintMode (532)
[2020.02.15-21.42.05:532][117]LogModuleManager: Shutting down and abandoning module SceneDepthPickerMode (530)
[2020.02.15-21.42.05:532][117]LogModuleManager: Shutting down and abandoning module ActorPickerMode (528)
[2020.02.15-21.42.05:532][117]LogModuleManager: Shutting down and abandoning module GeometryMode (526)
[2020.02.15-21.42.05:532][117]LogModuleManager: Shutting down and abandoning module TextureAlignMode (524)
[2020.02.15-21.42.05:532][117]LogModuleManager: Shutting down and abandoning module BspMode (522)
[2020.02.15-21.42.05:532][117]LogModuleManager: Shutting down and abandoning module PIEPreviewDeviceProfileSelector (520)
[2020.02.15-21.42.05:532][117]LogModuleManager: Shutting down and abandoning module HardwareSurvey (518)
[2020.02.15-21.42.05:532][117]LogModuleManager: Shutting down and abandoning module SequenceRecorderSections (516)
[2020.02.15-21.42.05:532][117]LogModuleManager: Shutting down and abandoning module AutomationWorker (514)
[2020.02.15-21.42.05:532][117]LogModuleManager: Shutting down and abandoning module MatineeToLevelSequence (512)
[2020.02.15-21.42.05:532][117]LogModuleManager: Shutting down and abandoning module LevelSequenceEditor (510)
[2020.02.15-21.42.05:532][117]LogModuleManager: Shutting down and abandoning module PlacementMode (509)
[2020.02.15-21.42.05:532][117]LogModuleManager: Shutting down and abandoning module WmfMediaFactory (506)
[2020.02.15-21.42.05:532][117]LogModuleManager: Shutting down and abandoning module WmfMediaEditor (504)
[2020.02.15-21.42.05:532][117]LogModuleManager: Shutting down and abandoning module OpenExrWrapper (502)
[2020.02.15-21.42.05:532][117]LogModuleManager: Shutting down and abandoning module ImgMediaFactory (500)
[2020.02.15-21.42.05:532][117]LogModuleManager: Shutting down and abandoning module ImgMediaEditor (498)
[2020.02.15-21.42.05:532][117]LogModuleManager: Shutting down and abandoning module AvfMediaFactory (496)
[2020.02.15-21.42.05:532][117]LogModuleManager: Shutting down and abandoning module AvfMediaEditor (494)
[2020.02.15-21.42.05:532][117]LogModuleManager: Shutting down and abandoning module AndroidMediaFactory (492)
[2020.02.15-21.42.05:533][117]LogModuleManager: Shutting down and abandoning module AndroidMediaEditor (490)
[2020.02.15-21.42.05:533][117]LogModuleManager: Shutting down and abandoning module CharacterAI (488)
[2020.02.15-21.42.05:533][117]LogModuleManager: Shutting down and abandoning module AudioCapture (486)
[2020.02.15-21.42.05:533][117]LogModuleManager: Shutting down and abandoning module SequenceRecorder (485)
[2020.02.15-21.42.05:533][117]LogModuleManager: Shutting down and abandoning module SmartSnapping (482)
[2020.02.15-21.42.05:533][117]LogModuleManager: Shutting down and abandoning module SessionServices (480)
[2020.02.15-21.42.05:533][117]LogModuleManager: Shutting down and abandoning module ViewportSnapping (478)
[2020.02.15-21.42.05:533][117]LogModuleManager: Shutting down and abandoning module ViewportInteraction (476)
[2020.02.15-21.42.05:533][117]LogModuleManager: Shutting down and abandoning module ClothPainter (474)
[2020.02.15-21.42.05:533][117]LogModuleManager: Shutting down and abandoning module SkeletalMeshEditor (473)
[2020.02.15-21.42.05:533][117]LogModuleManager: Shutting down and abandoning module LogVisualizer (470)
[2020.02.15-21.42.05:533][117]LogModuleManager: Shutting down and abandoning module IntroTutorials (468)
[2020.02.15-21.42.05:533][117]LogModuleManager: Shutting down and abandoning module GameProjectGeneration (467)
[2020.02.15-21.42.05:534][117]LogModuleManager: Shutting down and abandoning module IOSPlatformEditor (464)
[2020.02.15-21.42.05:534][117]LogModuleManager: Shutting down and abandoning module HTML5PlatformEditor (462)
[2020.02.15-21.42.05:534][117]LogModuleManager: Shutting down and abandoning module AndroidPlatformEditor (460)
[2020.02.15-21.42.05:534][117]LogModuleManager: Shutting down and abandoning module AndroidDeviceDetection (459)
[2020.02.15-21.42.05:693][117]LogModuleManager: Shutting down and abandoning module WindowsPlatformEditor (456)
[2020.02.15-21.42.05:693][117]LogModuleManager: Shutting down and abandoning module IOSRuntimeSettings (454)
[2020.02.15-21.42.05:693][117]LogModuleManager: Shutting down and abandoning module AndroidRuntimeSettings (452)
[2020.02.15-21.42.05:693][117]LogModuleManager: Shutting down and abandoning module InputBindingEditor (450)
[2020.02.15-21.42.05:693][117]LogModuleManager: Shutting down and abandoning module MergeActors (448)
[2020.02.15-21.42.05:693][117]LogModuleManager: Shutting down and abandoning module SizeMap (446)
[2020.02.15-21.42.05:693][117]LogModuleManager: Shutting down and abandoning module TreeMap (444)
[2020.02.15-21.42.05:693][117]LogModuleManager: Shutting down and abandoning module ReferenceViewer (442)
[2020.02.15-21.42.05:693][117]LogModuleManager: Shutting down and abandoning module LocalizationDashboard (440)
[2020.02.15-21.42.05:693][117]LogModuleManager: Shutting down and abandoning module LocalizationService (439)
[2020.02.15-21.42.05:693][117]LogModuleManager: Shutting down and abandoning module HardwareTargeting (436)
[2020.02.15-21.42.05:693][117]LogModuleManager: Shutting down and abandoning module DeviceProfileEditor (434)
[2020.02.15-21.42.05:693][117]LogModuleManager: Shutting down and abandoning module UndoHistory (432)
[2020.02.15-21.42.05:693][117]LogModuleManager: Shutting down and abandoning module XmlParser (430)
[2020.02.15-21.42.05:693][117]LogModuleManager: Shutting down and abandoning module Blutility (428)
[2020.02.15-21.42.05:693][117]LogModuleManager: Shutting down and abandoning module ProjectSettingsViewer (426)
[2020.02.15-21.42.05:693][117]LogModuleManager: Shutting down and abandoning module ProjectTargetPlatformEditor (425)
[2020.02.15-21.42.05:693][117]LogModuleManager: Shutting down and abandoning module EditorSettingsViewer (422)
[2020.02.15-21.42.05:694][117]LogModuleManager: Shutting down and abandoning module SettingsEditor (420)
[2020.02.15-21.42.05:694][117]LogModuleManager: Shutting down and abandoning module ProjectLauncher (418)
[2020.02.15-21.42.05:694][117]LogModuleManager: Shutting down and abandoning module SessionFrontend (416)
[2020.02.15-21.42.05:694][117]LogModuleManager: Shutting down and abandoning module ProfilerClient (414)
[2020.02.15-21.42.05:694][117]LogModuleManager: Shutting down and abandoning module DeviceManager (412)
[2020.02.15-21.42.05:694][117]LogModuleManager: Shutting down and abandoning module TargetDeviceServices (411)
[2020.02.15-21.42.05:747][117]LogModuleManager: Shutting down and abandoning module AutomationController (408)
[2020.02.15-21.42.05:747][117]LogModuleManager: Shutting down and abandoning module AutomationWindow (406)
[2020.02.15-21.42.05:747][117]LogModuleManager: Shutting down and abandoning module Layers (404)
[2020.02.15-21.42.05:747][117]LogModuleManager: Shutting down and abandoning module ComponentVisualizers (402)
[2020.02.15-21.42.05:747][117]LogModuleManager: Shutting down and abandoning module DetailCustomizations (400)
[2020.02.15-21.42.05:747][117]LogModuleManager: Shutting down and abandoning module PackagesDialog (398)
[2020.02.15-21.42.05:747][117]LogModuleManager: Shutting down and abandoning module Persona (396)
[2020.02.15-21.42.05:747][117]LogModuleManager: Shutting down and abandoning module AdvancedPreviewScene (395)
[2020.02.15-21.42.05:747][117]LogModuleManager: Shutting down and abandoning module AnimGraph (393)
[2020.02.15-21.42.05:747][117]LogModuleManager: Shutting down and abandoning module Kismet (390)
[2020.02.15-21.42.05:748][117]LogModuleManager: Shutting down and abandoning module ClassViewer (388)
[2020.02.15-21.42.05:748][117]LogModuleManager: Shutting down and abandoning module Toolbox (386)
[2020.02.15-21.42.05:749][117]LogModuleManager: Shutting down and abandoning module ModuleUI (384)
[2020.02.15-21.42.05:749][117]LogModuleManager: Shutting down and abandoning module MovieSceneTools (382)
[2020.02.15-21.42.05:749][117]LogModuleManager: Shutting down and abandoning module OutputLog (380)
[2020.02.15-21.42.05:749][117]LogModuleManager: Shutting down and abandoning module GammaUI (378)
[2020.02.15-21.42.05:749][117]LogModuleManager: Shutting down and abandoning module Documentation (376)
[2020.02.15-21.42.05:749][117]LogModuleManager: Shutting down and abandoning module MovieSceneTracks (374)
[2020.02.15-21.42.05:749][117]LogModuleManager: Shutting down and abandoning module MovieScene (372)
[2020.02.15-21.42.05:749][117]LogModuleManager: Shutting down and abandoning module StreamingPauseRendering (370)
[2020.02.15-21.42.05:749][117]LogModuleManager: Shutting down and abandoning module LauncherPlatform (368)
[2020.02.15-21.42.05:749][117]LogModuleManager: Shutting down and abandoning module AnalyticsET (366)
[2020.02.15-21.42.05:749][117]LogModuleManager: Shutting down and abandoning module PortalServices (364)
[2020.02.15-21.42.05:749][117]LogModuleManager: Shutting down and abandoning module PortalRpc (362)
[2020.02.15-21.42.05:749][117]LogModuleManager: Shutting down and abandoning module MessagingRpc (360)
[2020.02.15-21.42.05:749][117]LogModuleManager: Shutting down and abandoning module AIModule (358)
[2020.02.15-21.42.05:749][117]LogModuleManager: Shutting down and abandoning module GameplayDebugger (357)
[2020.02.15-21.42.05:749][117]LogModuleManager: Shutting down and abandoning module AITestSuite (355)
[2020.02.15-21.42.05:749][117]LogModuleManager: Shutting down and abandoning module ProfilerService (352)
[2020.02.15-21.42.05:919][117]LogModuleManager: Shutting down and abandoning module TaskGraph (350)
[2020.02.15-21.42.05:919][117]LogModuleManager: Shutting down and abandoning module SteamVRController (348)
[2020.02.15-21.42.05:919][117]LogModuleManager: Shutting down and abandoning module ProceduralMeshComponentEditor (346)
[2020.02.15-21.42.05:919][117]LogModuleManager: Shutting down and abandoning module ProceduralMeshComponent (344)
[2020.02.15-21.42.05:919][117]LogModuleManager: Shutting down and abandoning module OculusInput (342)
[2020.02.15-21.42.05:920][117]LogModuleManager: Shutting down and abandoning module MobilePatchingUtils (340)
[2020.02.15-21.42.05:920][117]LogModuleManager: Shutting down and abandoning module CustomMeshComponent (338)
[2020.02.15-21.42.05:920][117]LogModuleManager: Shutting down and abandoning module CableComponent (336)
[2020.02.15-21.42.05:920][117]LogModuleManager: Shutting down and abandoning module ArchVisCharacter (334)
[2020.02.15-21.42.05:920][117]LogModuleManager: Shutting down and abandoning module AndroidPermission (332)
[2020.02.15-21.42.05:920][117]LogModuleManager: Shutting down and abandoning module ActorSequence (328)
[2020.02.15-21.42.05:920][117]LogModuleManager: Shutting down and abandoning module MediaPlayerEditor (326)
[2020.02.15-21.42.05:920][117]LogModuleManager: Shutting down and abandoning module MediaCompositingEditor (324)
[2020.02.15-21.42.05:920][117]LogModuleManager: Shutting down and abandoning module MediaCompositing (322)
[2020.02.15-21.42.05:920][117]LogModuleManager: Shutting down and abandoning module HTML5Networking (320)
[2020.02.15-21.42.05:920][117]LogModuleManager: Shutting down and abandoning module AlembicImporter (318)
[2020.02.15-21.42.05:920][117]LogModuleManager: Shutting down and abandoning module AlembicLibrary (317)
[2020.02.15-21.42.05:920][117]LogModuleManager: Shutting down and abandoning module GeometryCache (316)
[2020.02.15-21.42.05:920][117]LogModuleManager: Shutting down and abandoning module GeometryCacheEd (315)
[2020.02.15-21.42.05:920][117]LogModuleManager: Shutting down and abandoning module SpeedTreeImporter (310)
[2020.02.15-21.42.05:920][117]LogModuleManager: Shutting down and abandoning module PluginBrowser (308)
[2020.02.15-21.42.05:920][117]LogModuleManager: Shutting down and abandoning module MobileLauncherProfileWizard (306)
[2020.02.15-21.42.05:920][117]LogModuleManager: Shutting down and abandoning module VisualStudioSourceCodeAccess (304)
[2020.02.15-21.42.05:920][117]LogModuleManager: Shutting down and abandoning module VisualStudioCodeSourceCodeAccess (302)
[2020.02.15-21.42.05:920][117]LogModuleManager: Shutting down and abandoning module UObjectPlugin (300)
[2020.02.15-21.42.05:920][117]LogModuleManager: Shutting down and abandoning module SubversionSourceControl (298)
[2020.02.15-21.42.05:920][117]LogModuleManager: Shutting down and abandoning module PerforceSourceControl (296)
[2020.02.15-21.42.05:920][117]LogModuleManager: Shutting down and abandoning module GitSourceControl (294)
[2020.02.15-21.42.05:920][117]LogModuleManager: Shutting down and abandoning module SourceControl (293)
[2020.02.15-21.42.05:920][117]LogModuleManager: Shutting down and abandoning module LightPropagationVolumeEditor (290)
[2020.02.15-21.42.05:920][117]LogModuleManager: Shutting down and abandoning module PaperTiledImporter (288)
[2020.02.15-21.42.05:920][117]LogModuleManager: Shutting down and abandoning module PaperSpriteSheetImporter (286)
[2020.02.15-21.42.05:920][117]LogModuleManager: Shutting down and abandoning module Paper2DEditor (284)
[2020.02.15-21.42.05:920][117]LogModuleManager: Shutting down and abandoning module MeshPaint (283)
[2020.02.15-21.42.05:920][117]LogModuleManager: Shutting down and abandoning module LevelEditor (281)
[2020.02.15-21.42.05:921][117]LogModuleManager: Shutting down and abandoning module PixelInspectorModule (280)
[2020.02.15-21.42.05:921][117]LogModuleManager: Shutting down and abandoning module MainFrame (278)
[2020.02.15-21.42.05:921][117]LogModuleManager: Shutting down and abandoning module HotReload (277)
[2020.02.15-21.42.05:921][117]LogDirectoryWatcher: A directory notification for 'C:/Users/Dong Hyeong Lee/Documents/GitHub/AIbs_Demo/Dialogue_BS/Binaries/Win64' was aborted.
[2020.02.15-21.42.05:921][117]LogModuleManager: Shutting down and abandoning module Dialogue_BS (272)
[2020.02.15-21.42.05:921][117]LogModuleManager: Shutting down and abandoning module RuntimePhysXCooking (270)
[2020.02.15-21.42.05:922][117]LogModuleManager: Shutting down and abandoning module PhysXVehiclesEditor (268)
[2020.02.15-21.42.05:922][117]LogModuleManager: Shutting down and abandoning module PhysXVehicles (266)
[2020.02.15-21.42.05:922][117]LogModuleManager: Shutting down and abandoning module OculusEditor (264)
[2020.02.15-21.42.05:922][117]LogModuleManager: Shutting down and abandoning module LocationServicesBPLibrary (262)
[2020.02.15-21.42.05:922][117]LogModuleManager: Shutting down and abandoning module ImmediatePhysicsEditor (260)
[2020.02.15-21.42.05:922][117]LogModuleManager: Shutting down and abandoning module ImmediatePhysics (258)
[2020.02.15-21.42.05:922][117]LogModuleManager: Shutting down and abandoning module UdpMessaging (256)
[2020.02.15-21.42.06:022][117]LogModuleManager: Shutting down and abandoning module TcpMessaging (254)
[2020.02.15-21.42.06:157][117]LogModuleManager: Shutting down and abandoning module GameplayTagsEditor (252)
[2020.02.15-21.42.06:157][117]LogModuleManager: Shutting down and abandoning module FacialAnimationEditor (250)
[2020.02.15-21.42.06:157][117]LogModuleManager: Shutting down and abandoning module FacialAnimation (248)
[2020.02.15-21.42.06:157][117]LogModuleManager: Shutting down and abandoning module AssetManagerEditor (246)
[2020.02.15-21.42.06:157][117]LogModuleManager: Shutting down and abandoning module GraphEditor (245)
[2020.02.15-21.42.06:157][117]LogModuleManager: Shutting down and abandoning module ContentBrowser (243)
[2020.02.15-21.42.06:158][117]LogModuleManager: Shutting down and abandoning module LightPropagationVolumeRuntime (240)
[2020.02.15-21.42.06:158][117]LogModuleManager: Shutting down and abandoning module Paper2D (238)
[2020.02.15-21.42.06:158][117]LogModuleManager: Shutting down and abandoning module WindowsMoviePlayer (236)
[2020.02.15-21.42.06:158][117]LogModuleManager: Shutting down and abandoning module WmfMedia (234)
[2020.02.15-21.42.06:161][117]LogModuleManager: Shutting down and abandoning module ImgMedia (232)
[2020.02.15-21.42.06:161][117]LogModuleManager: Shutting down and abandoning module PacketHandler (230)
[2020.02.15-21.42.06:161][117]LogModuleManager: Shutting down and abandoning module ClothingSystemEditor (228)
[2020.02.15-21.42.06:161][117]LogModuleManager: Shutting down and abandoning module ClothingSystemRuntime (226)
[2020.02.15-21.42.06:161][117]LogModuleManager: Shutting down and abandoning module MediaAssets (224)
[2020.02.15-21.42.06:161][117]LogModuleManager: Shutting down and abandoning module Media (223)
[2020.02.15-21.42.06:167][117]LogModuleManager: Shutting down and abandoning module Overlay (220)
[2020.02.15-21.42.06:167][117]LogModuleManager: Shutting down and abandoning module OverlayEditor (219)
[2020.02.15-21.42.06:167][117]LogModuleManager: Shutting down and abandoning module VREditor (216)
[2020.02.15-21.42.06:167][117]LogModuleManager: Shutting down and abandoning module StringTableEditor (214)
[2020.02.15-21.42.06:167][117]LogModuleManager: Shutting down and abandoning module GameplayTasksEditor (212)
[2020.02.15-21.42.06:168][117]LogModuleManager: Shutting down and abandoning module BehaviorTreeEditor (210)
[2020.02.15-21.42.06:168][117]LogModuleManager: Shutting down and abandoning module FunctionalTesting (208)
[2020.02.15-21.42.06:168][117]LogModuleManager: Shutting down and abandoning module CollisionAnalyzer (206)
[2020.02.15-21.42.06:168][117]LogModuleManager: Shutting down and abandoning module WorkspaceMenuStructure (205)
[2020.02.15-21.42.06:168][117]LogModuleManager: Shutting down and abandoning module UMG (202)
[2020.02.15-21.42.06:168][117]LogModuleManager: Shutting down and abandoning module UMGEditor (201)
[2020.02.15-21.42.06:168][117]LogModuleManager: Shutting down and abandoning module Sequencer (200)
[2020.02.15-21.42.06:168][117]LogModuleManager: Shutting down and abandoning module MessageLog (197)
[2020.02.15-21.42.06:168][117]LogModuleManager: Shutting down and abandoning module SlateReflector (192)
[2020.02.15-21.42.06:168][117]LogModuleManager: Shutting down and abandoning module Slate (190)
[2020.02.15-21.42.06:168][117]LogModuleManager: Shutting down and abandoning module EditorStyle (188)
[2020.02.15-21.42.06:170][117]LogModuleManager: Shutting down and abandoning module MRMesh (186)
[2020.02.15-21.42.06:170][117]LogModuleManager: Shutting down and abandoning module SourceCodeAccess (184)
[2020.02.15-21.42.06:170][117]LogModuleManager: Shutting down and abandoning module HeadMountedDisplay (182)
[2020.02.15-21.42.06:170][117]LogModuleManager: Shutting down and abandoning module XAudio2 (180)
[2020.02.15-21.42.06:170][117]LogModuleManager: Shutting down and abandoning module Networking (178)
[2020.02.15-21.42.06:170][117]LogModuleManager: Shutting down and abandoning module Core (174)
[2020.02.15-21.42.06:170][117]LogModuleManager: Shutting down and abandoning module LevelSequence (170)
[2020.02.15-21.42.06:170][117]LogModuleManager: Shutting down and abandoning module DirectoryWatcher (168)
[2020.02.15-21.42.06:171][117]LogModuleManager: Shutting down and abandoning module KismetCompiler (166)
[2020.02.15-21.42.06:171][117]LogModuleManager: Shutting down and abandoning module MeshUtilities (164)
[2020.02.15-21.42.06:171][117]LogModuleManager: Shutting down and abandoning module MeshMergeUtilities (163)
[2020.02.15-21.42.06:171][117]LogModuleManager: Shutting down and abandoning module MeshReductionInterface (162)
[2020.02.15-21.42.06:171][117]LogModuleManager: Shutting down and abandoning module SimplygonSwarm (161)
[2020.02.15-21.42.06:171][117]LogModuleManager: Shutting down and abandoning module SimplygonMeshReduction (159)
[2020.02.15-21.42.06:171][117]LogModuleManager: Shutting down and abandoning module QuadricMeshReduction (157)
[2020.02.15-21.42.06:171][117]LogModuleManager: Shutting down and abandoning module MaterialBaking (153)
[2020.02.15-21.42.06:171][117]LogModuleManager: Shutting down and abandoning module DerivedDataCache (150)
[2020.02.15-21.42.06:175][117]LogDerivedDataCache: Shutdown
[2020.02.15-21.42.06:175][117]LogModuleManager: Shutting down and abandoning module TargetPlatform (148)
[2020.02.15-21.42.06:175][117]LogModuleManager: Shutting down and abandoning module VulkanShaderFormat (147)
[2020.02.15-21.42.06:175][117]LogModuleManager: Shutting down and abandoning module ShaderFormatVectorVM (145)
[2020.02.15-21.42.06:175][117]LogModuleManager: Shutting down and abandoning module ShaderFormatOpenGL (143)
[2020.02.15-21.42.06:175][117]LogModuleManager: Shutting down and abandoning module ShaderFormatD3D (141)
[2020.02.15-21.42.06:175][117]LogModuleManager: Shutting down and abandoning module MetalShaderFormat (139)
[2020.02.15-21.42.06:175][117]LogModuleManager: Shutting down and abandoning module TextureFormatUncompressed (137)
[2020.02.15-21.42.06:176][117]LogModuleManager: Shutting down and abandoning module TextureFormatPVR (135)
[2020.02.15-21.42.06:176][117]LogModuleManager: Shutting down and abandoning module TextureFormatDXT (133)
[2020.02.15-21.42.06:176][117]LogModuleManager: Shutting down and abandoning module TextureFormatIntelISPCTexComp (131)
[2020.02.15-21.42.06:176][117]LogModuleManager: Shutting down and abandoning module TextureFormatASTC (129)
[2020.02.15-21.42.06:176][117]LogModuleManager: Shutting down and abandoning module ImageWrapper (128)
[2020.02.15-21.42.06:176][117]LogModuleManager: Shutting down and abandoning module TextureFormatAndroid (125)
[2020.02.15-21.42.06:176][117]LogModuleManager: Shutting down and abandoning module AudioFormatOpus (123)
[2020.02.15-21.42.06:176][117]LogModuleManager: Shutting down and abandoning module AudioFormatOgg (121)
[2020.02.15-21.42.06:176][117]LogModuleManager: Shutting down and abandoning module AudioFormatADPCM (119)
[2020.02.15-21.42.06:176][117]LogModuleManager: Shutting down and abandoning module LinuxTargetPlatform (117)
[2020.02.15-21.42.06:176][117]LogModuleManager: Shutting down and abandoning module LinuxServerTargetPlatform (115)
[2020.02.15-21.42.06:176][117]LogModuleManager: Shutting down and abandoning module LinuxNoEditorTargetPlatform (113)
[2020.02.15-21.42.06:176][117]LogModuleManager: Shutting down and abandoning module LinuxClientTargetPlatform (111)
[2020.02.15-21.42.06:176][117]LogModuleManager: Shutting down and abandoning module TVOSTargetPlatform (109)
[2020.02.15-21.42.06:176][117]LogModuleManager: Shutting down and abandoning module Messaging (107)
[2020.02.15-21.42.06:176][117]LogModuleManager: Shutting down and abandoning module IOSTargetPlatform (105)
[2020.02.15-21.42.06:176][117]LogModuleManager: Shutting down and abandoning module HTML5TargetPlatform (103)
[2020.02.15-21.42.06:176][117]LogModuleManager: Shutting down and abandoning module AndroidTargetPlatform (101)
[2020.02.15-21.42.06:176][117]LogModuleManager: Shutting down and abandoning module Android_PVRTCTargetPlatform (99)
[2020.02.15-21.42.06:176][117]LogModuleManager: Shutting down and abandoning module Android_MultiTargetPlatform (97)
[2020.02.15-21.42.06:176][117]LogModuleManager: Shutting down and abandoning module Android_ETC2TargetPlatform (95)
[2020.02.15-21.42.06:176][117]LogModuleManager: Shutting down and abandoning module Android_ETC1TargetPlatform (93)
[2020.02.15-21.42.06:176][117]LogModuleManager: Shutting down and abandoning module Android_DXTTargetPlatform (91)
[2020.02.15-21.42.06:176][117]LogModuleManager: Shutting down and abandoning module Android_ATCTargetPlatform (89)
[2020.02.15-21.42.06:176][117]LogModuleManager: Shutting down and abandoning module Android_ASTCTargetPlatform (87)
[2020.02.15-21.42.06:176][117]LogModuleManager: Shutting down and abandoning module WindowsTargetPlatform (85)
[2020.02.15-21.42.06:176][117]LogModuleManager: Shutting down and abandoning module WindowsServerTargetPlatform (83)
[2020.02.15-21.42.06:176][117]LogModuleManager: Shutting down and abandoning module WindowsNoEditorTargetPlatform (81)
[2020.02.15-21.42.06:176][117]LogModuleManager: Shutting down and abandoning module WindowsClientTargetPlatform (79)
[2020.02.15-21.42.06:176][117]LogModuleManager: Shutting down and abandoning module MacTargetPlatform (77)
[2020.02.15-21.42.06:176][117]LogModuleManager: Shutting down and abandoning module MacServerTargetPlatform (75)
[2020.02.15-21.42.06:176][117]LogModuleManager: Shutting down and abandoning module MacNoEditorTargetPlatform (73)
[2020.02.15-21.42.06:176][117]LogModuleManager: Shutting down and abandoning module MacClientTargetPlatform (71)
[2020.02.15-21.42.06:176][117]LogModuleManager: Shutting down and abandoning module AllDesktopTargetPlatform (69)
[2020.02.15-21.42.06:176][117]LogModuleManager: Shutting down and abandoning module InputCore (66)
[2020.02.15-21.42.06:176][117]LogModuleManager: Shutting down and abandoning module Settings (64)
[2020.02.15-21.42.06:176][117]LogModuleManager: Shutting down and abandoning module PhysXCooking (62)
[2020.02.15-21.42.06:176][117]LogModuleManager: Shutting down and abandoning module SteamVR (60)
[2020.02.15-21.42.06:176][117]LogModuleManager: Shutting down and abandoning module OculusHMD (58)
[2020.02.15-21.42.06:177][117]LogModuleManager: Shutting down and abandoning module ExampleDeviceProfileSelector (56)
[2020.02.15-21.42.06:177][117]LogModuleManager: Shutting down and abandoning module AppleARKit (54)
[2020.02.15-21.42.06:177][117]LogModuleManager: Shutting down and abandoning module AugmentedReality (53)
[2020.02.15-21.42.06:177][117]LogModuleManager: Shutting down and abandoning module OnlineBlueprintSupport (50)
[2020.02.15-21.42.06:177][117]LogModuleManager: Shutting down and abandoning module OnlineSubsystem (46)
[2020.02.15-21.42.06:177][117]LogModuleManager: Shutting down and abandoning module XMPP (45)
[2020.02.15-21.42.06:177][117]LogModuleManager: Shutting down and abandoning module HTTP (43)
[2020.02.15-21.42.06:177][117]LogHttp: Display: Http module shutting down, but needs to wait on 1 outstanding Http requests:
[2020.02.15-21.42.06:177][117]LogHttp: Display: 	verb=[POST] url=[https://datarouter.ol.epicgames.com/datarouter/api/v1/public/data?SessionID=%7B1FA6BE38-4071-61C2-B302-89B25B999F41%7D&AppID=UEEditor.Rocket.Release&AppVersion=4.18.3-3832480%2B%2B%2BUE4%2BRelease-4.18&UserID=56c8a1144d03872e3e543198f618894f%7Cf7d31359d5164f9c8fd51a5ffce8700a%7Cd055f830-bd36-4d32-9cd8-1c1e3a960e0b&AppEnvironment=datacollector-binary&UploadType=eteventstream] status=Processing
[2020.02.15-21.42.06:183][117]LogModuleManager: Shutting down and abandoning module SSL (42)
[2020.02.15-21.42.06:185][117]LogModuleManager: Shutting down and abandoning module DesktopPlatform (38)
[2020.02.15-21.42.06:185][117]LogModuleManager: Shutting down and abandoning module AnimationModifiers (36)
[2020.02.15-21.42.06:185][117]LogModuleManager: Shutting down and abandoning module PropertyEditor (35)
[2020.02.15-21.42.06:185][117]LogModuleManager: Shutting down and abandoning module AudioEditor (32)
[2020.02.15-21.42.06:185][117]LogModuleManager: Shutting down and abandoning module TextureCompressor (30)
[2020.02.15-21.42.06:186][117]LogModuleManager: Shutting down and abandoning module ShaderCore (28)
[2020.02.15-21.42.06:186][117]LogModuleManager: Shutting down and abandoning module Landscape (26)
[2020.02.15-21.42.06:186][117]LogModuleManager: Shutting down and abandoning module SlateRHIRenderer (24)
[2020.02.15-21.42.06:186][117]LogModuleManager: Shutting down and abandoning module OpenGLDrv (22)
[2020.02.15-21.42.06:187][117]LogModuleManager: Shutting down and abandoning module D3D11RHI (20)
[2020.02.15-21.42.06:187][117]LogModuleManager: Shutting down and abandoning module AnimGraphRuntime (18)
[2020.02.15-21.42.06:187][117]LogModuleManager: Shutting down and abandoning module Renderer (16)
[2020.02.15-21.42.06:187][117]LogModuleManager: Shutting down and abandoning module Engine (14)
[2020.02.15-21.42.06:187][117]LogModuleManager: Shutting down and abandoning module CoreUObject (12)
[2020.02.15-21.42.06:187][117]LogModuleManager: Shutting down and abandoning module NetworkFile (10)
[2020.02.15-21.42.06:187][117]LogModuleManager: Shutting down and abandoning module CookedIterativeFile (8)
[2020.02.15-21.42.06:187][117]LogModuleManager: Shutting down and abandoning module StreamingFile (6)
[2020.02.15-21.42.06:187][117]LogModuleManager: Shutting down and abandoning module SandboxFile (4)
[2020.02.15-21.42.06:187][117]LogModuleManager: Shutting down and abandoning module PakFile (2)
[2020.02.15-21.42.06:191][117]LogExit: Exiting.
[2020.02.15-21.42.06:209][117]Log file closed, 02/15/20 16:42:06
