Log file open, 02/16/20 16:43:45
LogWindows: Failed to load 'aqProf.dll' (GetLastError=126)
LogWindows: File 'aqProf.dll' does not exist
LogWindows: Failed to load 'VSPerf140.dll' (GetLastError=126)
LogWindows: File 'VSPerf140.dll' does not exist
LogWindows: Failed to load 'VtuneApi.dll' (GetLastError=126)
LogWindows: File 'VtuneApi.dll' does not exist
LogWindows: Failed to load 'VtuneApi32e.dll' (GetLastError=126)
LogWindows: File 'VtuneApi32e.dll' does not exist
LogInit: Display: Running engine for game: Dialogue_BS
LogPlatformFile: Not using cached read wrapper
LogInit: Display: RandInit(553686002) SRandInit(553686002).
LogInit: Read version file with build ID '3709383'
LogInit: Overriding engine version to CL 3832480, compatible CL 3709383
LogInit: Registered custom module enumerator with build ID '3709383'
LogTaskGraph: Started task graph with 5 named threads and 14 total threads with 3 sets of task threads.
LogStats: Stats thread started at 0.220823
LogD3D11RHI: Aftermath initialized
LogPluginManager: Mounting plugin Paper2D
LogPluginManager: Mounting plugin LightPropagationVolume
LogPluginManager: Mounting plugin CodeLiteSourceCodeAccess
LogPluginManager: Mounting plugin GitSourceControl
LogPluginManager: Mounting plugin KDevelopSourceCodeAccess
LogPluginManager: Mounting plugin NullSourceCodeAccess
LogPluginManager: Mounting plugin PerforceSourceControl
LogPluginManager: Mounting plugin SubversionSourceControl
LogPluginManager: Mounting plugin UObjectPlugin
LogPluginManager: Mounting plugin VisualStudioCodeSourceCodeAccess
LogPluginManager: Mounting plugin VisualStudioSourceCodeAccess
LogPluginManager: Mounting plugin XCodeSourceCodeAccess
LogPluginManager: Mounting plugin AssetManagerEditor
LogPluginManager: Mounting plugin AudioCapture
LogPluginManager: Mounting plugin FacialAnimation
LogPluginManager: Mounting plugin GameplayTagsEditor
LogPluginManager: Mounting plugin MobileLauncherProfileWizard
LogPluginManager: Mounting plugin PluginBrowser
LogPluginManager: Mounting plugin SpeedTreeImporter
LogPluginManager: Mounting plugin AlembicImporter
LogPluginManager: Mounting plugin CharacterAI
LogPluginManager: Mounting plugin HTML5Networking
LogPluginManager: Mounting plugin AndroidMedia
LogPluginManager: Mounting plugin AvfMedia
LogPluginManager: Mounting plugin ImgMedia
LogPluginManager: Mounting plugin MediaCompositing
LogPluginManager: Mounting plugin MediaPlayerEditor
LogPluginManager: Mounting plugin WmfMedia
LogPluginManager: Mounting plugin TcpMessaging
LogPluginManager: Mounting plugin UdpMessaging
LogPluginManager: Mounting plugin ActorSequence
LogPluginManager: Mounting plugin LevelSequenceEditor
LogPluginManager: Mounting plugin MatineeToLevelSequence
LogPluginManager: Mounting plugin OnlineSubsystemGooglePlay
LogPluginManager: Mounting plugin OnlineSubsystemIOS
LogPluginManager: Mounting plugin OnlineSubsystem
LogPluginManager: Mounting plugin OnlineSubsystemNull
LogPluginManager: Mounting plugin OnlineSubsystemUtils
LogPluginManager: Mounting plugin AndroidDeviceProfileSelector
LogPluginManager: Mounting plugin AndroidMoviePlayer
LogPluginManager: Mounting plugin AndroidPermission
LogPluginManager: Mounting plugin AppleARKit
LogPluginManager: Mounting plugin AppleMoviePlayer
LogPluginManager: Mounting plugin ArchVisCharacter
LogPluginManager: Mounting plugin CableComponent
LogPluginManager: Mounting plugin CustomMeshComponent
LogPluginManager: Mounting plugin ExampleDeviceProfileSelector
LogPluginManager: Mounting plugin GoogleCloudMessaging
LogPluginManager: Mounting plugin ImmediatePhysics
LogPluginManager: Mounting plugin IOSDeviceProfileSelector
LogPluginManager: Mounting plugin LinuxDeviceProfileSelector
LogPluginManager: Mounting plugin LocationServicesBPLibrary
LogPluginManager: Mounting plugin MobilePatchingUtils
LogPluginManager: Mounting plugin OculusVR
LogPluginManager: Plugin shader directory ../../../Engine/Plugins/Runtime/Oculus/OculusVR/Shaders found
LogPluginManager: Mapping shader source directory ../../../Engine/Plugins/Runtime/Oculus/OculusVR/Shaders to virtual directory /Plugin/OculusVR
LogPluginManager: Mounting plugin PhysXVehicles
LogPluginManager: Mounting plugin ProceduralMeshComponent
LogPluginManager: Mounting plugin RuntimePhysXCooking
LogPluginManager: Mounting plugin SteamVR
LogPluginManager: Mounting plugin WindowsMoviePlayer
LogModuleManager: Display: Found up-to-date module file C:/Users/fuckm/Documents/GitHub/AIbs_Demo/Dialogue_BS/Binaries/Win64/UE4Editor-Dialogue_BS.dll (API version 3709383).
LogModuleManager: Display: Found up-to-date module file ../../../Engine/Plugins/2D/Paper2D/Binaries/Win64/UE4Editor-Paper2D.dll (API version 3709383).
LogModuleManager: Display: Found up-to-date module file ../../../Engine/Plugins/2D/Paper2D/Binaries/Win64/UE4Editor-Paper2DEditor.dll (API version 3709383).
LogModuleManager: Display: Found up-to-date module file ../../../Engine/Plugins/2D/Paper2D/Binaries/Win64/UE4Editor-PaperSpriteSheetImporter.dll (API version 3709383).
LogModuleManager: Display: Found up-to-date module file ../../../Engine/Plugins/2D/Paper2D/Binaries/Win64/UE4Editor-PaperTiledImporter.dll (API version 3709383).
LogModuleManager: Display: Found up-to-date module file ../../../Engine/Plugins/2D/Paper2D/Binaries/Win64/UE4Editor-SmartSnapping.dll (API version 3709383).
LogModuleManager: Display: Found up-to-date module file ../../../Engine/Plugins/Blendables/LightPropagationVolume/Binaries/Win64/UE4Editor-LightPropagationVolumeRuntime.dll (API version 3709383).
LogModuleManager: Display: Found up-to-date module file ../../../Engine/Plugins/Blendables/LightPropagationVolume/Binaries/Win64/UE4Editor-LightPropagationVolumeEditor.dll (API version 3709383).
LogModuleManager: Display: Found up-to-date module file ../../../Engine/Plugins/Developer/GitSourceControl/Binaries/Win64/UE4Editor-GitSourceControl.dll (API version 3709383).
LogModuleManager: Display: Found up-to-date module file ../../../Engine/Plugins/Developer/PerforceSourceControl/Binaries/Win64/UE4Editor-PerforceSourceControl.dll (API version 3709383).
LogModuleManager: Display: Found up-to-date module file ../../../Engine/Plugins/Developer/SubversionSourceControl/Binaries/Win64/UE4Editor-SubversionSourceControl.dll (API version 3709383).
LogModuleManager: Display: Found up-to-date module file ../../../Engine/Plugins/Developer/UObjectPlugin/Binaries/Win64/UE4Editor-UObjectPlugin.dll (API version 3709383).
LogModuleManager: Display: Found up-to-date module file ../../../Engine/Plugins/Developer/VisualStudioCodeSourceCodeAccess/Binaries/Win64/UE4Editor-VisualStudioCodeSourceCodeAccess.dll (API version 3709383).
LogModuleManager: Display: Found up-to-date module file ../../../Engine/Plugins/Developer/VisualStudioSourceCodeAccess/Binaries/Win64/UE4Editor-VisualStudioSourceCodeAccess.dll (API version 3709383).
LogModuleManager: Display: Found up-to-date module file ../../../Engine/Plugins/Editor/AssetManagerEditor/Binaries/Win64/UE4Editor-AssetManagerEditor.dll (API version 3709383).
LogModuleManager: Display: Found up-to-date module file ../../../Engine/Plugins/Editor/AudioCapture/Binaries/Win64/UE4Editor-AudioCapture.dll (API version 3709383).
LogModuleManager: Display: Found up-to-date module file ../../../Engine/Plugins/Editor/FacialAnimation/Binaries/Win64/UE4Editor-FacialAnimation.dll (API version 3709383).
LogModuleManager: Display: Found up-to-date module file ../../../Engine/Plugins/Editor/FacialAnimation/Binaries/Win64/UE4Editor-FacialAnimationEditor.dll (API version 3709383).
LogModuleManager: Display: Found up-to-date module file ../../../Engine/Plugins/Editor/GameplayTagsEditor/Binaries/Win64/UE4Editor-GameplayTagsEditor.dll (API version 3709383).
LogModuleManager: Display: Found up-to-date module file ../../../Engine/Plugins/Editor/MobileLauncherProfileWizard/Binaries/Win64/UE4Editor-MobileLauncherProfileWizard.dll (API version 3709383).
LogModuleManager: Display: Found up-to-date module file ../../../Engine/Plugins/Editor/PluginBrowser/Binaries/Win64/UE4Editor-PluginBrowser.dll (API version 3709383).
LogModuleManager: Display: Found up-to-date module file ../../../Engine/Plugins/Editor/SpeedTreeImporter/Binaries/Win64/UE4Editor-SpeedTreeImporter.dll (API version 3709383).
LogModuleManager: Display: Found up-to-date module file ../../../Engine/Plugins/Experimental/AlembicImporter/Binaries/Win64/UE4Editor-AlembicImporter.dll (API version 3709383).
LogModuleManager: Display: Found up-to-date module file ../../../Engine/Plugins/Experimental/AlembicImporter/Binaries/Win64/UE4Editor-AlembicLibrary.dll (API version 3709383).
LogModuleManager: Display: Found up-to-date module file ../../../Engine/Plugins/Experimental/CharacterAI/Binaries/Win64/UE4Editor-CharacterAI.dll (API version 3709383).
LogModuleManager: Display: Found up-to-date module file ../../../Engine/Plugins/Experimental/HTML5Networking/Binaries/Win64/UE4Editor-HTML5Networking.dll (API version 3709383).
LogModuleManager: Display: Found up-to-date module file ../../../Engine/Plugins/Media/AndroidMedia/Binaries/Win64/UE4Editor-AndroidMediaEditor.dll (API version 3709383).
LogModuleManager: Display: Found up-to-date module file ../../../Engine/Plugins/Media/AndroidMedia/Binaries/Win64/UE4Editor-AndroidMediaFactory.dll (API version 3709383).
LogModuleManager: Display: Found up-to-date module file ../../../Engine/Plugins/Media/AvfMedia/Binaries/Win64/UE4Editor-AvfMediaEditor.dll (API version 3709383).
LogModuleManager: Display: Found up-to-date module file ../../../Engine/Plugins/Media/AvfMedia/Binaries/Win64/UE4Editor-AvfMediaFactory.dll (API version 3709383).
LogModuleManager: Display: Found up-to-date module file ../../../Engine/Plugins/Media/AvfMedia/Binaries/Win64/UE4Editor-AvfMediaFactory.dll (API version 3709383).
LogModuleManager: Display: Found up-to-date module file ../../../Engine/Plugins/Media/ImgMedia/Binaries/Win64/UE4Editor-ImgMedia.dll (API version 3709383).
LogModuleManager: Display: Found up-to-date module file ../../../Engine/Plugins/Media/ImgMedia/Binaries/Win64/UE4Editor-ImgMediaEditor.dll (API version 3709383).
LogModuleManager: Display: Found up-to-date module file ../../../Engine/Plugins/Media/ImgMedia/Binaries/Win64/UE4Editor-ImgMediaFactory.dll (API version 3709383).
LogModuleManager: Display: Found up-to-date module file ../../../Engine/Plugins/Media/ImgMedia/Binaries/Win64/UE4Editor-ImgMediaFactory.dll (API version 3709383).
LogModuleManager: Display: Found up-to-date module file ../../../Engine/Plugins/Media/ImgMedia/Binaries/Win64/UE4Editor-OpenExrWrapper.dll (API version 3709383).
LogModuleManager: Display: Found up-to-date module file ../../../Engine/Plugins/Media/MediaCompositing/Binaries/Win64/UE4Editor-MediaCompositing.dll (API version 3709383).
LogModuleManager: Display: Found up-to-date module file ../../../Engine/Plugins/Media/MediaCompositing/Binaries/Win64/UE4Editor-MediaCompositingEditor.dll (API version 3709383).
LogModuleManager: Display: Found up-to-date module file ../../../Engine/Plugins/Media/MediaPlayerEditor/Binaries/Win64/UE4Editor-MediaPlayerEditor.dll (API version 3709383).
LogModuleManager: Display: Found up-to-date module file ../../../Engine/Plugins/Media/WmfMedia/Binaries/Win64/UE4Editor-WmfMedia.dll (API version 3709383).
LogModuleManager: Display: Found up-to-date module file ../../../Engine/Plugins/Media/WmfMedia/Binaries/Win64/UE4Editor-WmfMediaEditor.dll (API version 3709383).
LogModuleManager: Display: Found up-to-date module file ../../../Engine/Plugins/Media/WmfMedia/Binaries/Win64/UE4Editor-WmfMediaFactory.dll (API version 3709383).
LogModuleManager: Display: Found up-to-date module file ../../../Engine/Plugins/Media/WmfMedia/Binaries/Win64/UE4Editor-WmfMediaFactory.dll (API version 3709383).
LogModuleManager: Display: Found up-to-date module file ../../../Engine/Plugins/Messaging/TcpMessaging/Binaries/Win64/UE4Editor-TcpMessaging.dll (API version 3709383).
LogModuleManager: Display: Found up-to-date module file ../../../Engine/Plugins/Messaging/UdpMessaging/Binaries/Win64/UE4Editor-UdpMessaging.dll (API version 3709383).
LogModuleManager: Display: Found up-to-date module file ../../../Engine/Plugins/MovieScene/ActorSequence/Binaries/Win64/UE4Editor-ActorSequence.dll (API version 3709383).
LogModuleManager: Display: Found up-to-date module file ../../../Engine/Plugins/MovieScene/LevelSequenceEditor/Binaries/Win64/UE4Editor-LevelSequenceEditor.dll (API version 3709383).
LogModuleManager: Display: Found up-to-date module file ../../../Engine/Plugins/MovieScene/MatineeToLevelSequence/Binaries/Win64/UE4Editor-MatineeToLevelSequence.dll (API version 3709383).
LogModuleManager: Display: Found up-to-date module file ../../../Engine/Plugins/Online/OnlineSubsystem/Binaries/Win64/UE4Editor-OnlineSubsystem.dll (API version 3709383).
LogModuleManager: Display: Found up-to-date module file ../../../Engine/Plugins/Online/OnlineSubsystemNull/Binaries/Win64/UE4Editor-OnlineSubsystemNull.dll (API version 3709383).
LogModuleManager: Display: Found up-to-date module file ../../../Engine/Plugins/Online/OnlineSubsystemUtils/Binaries/Win64/UE4Editor-OnlineSubsystemUtils.dll (API version 3709383).
LogModuleManager: Display: Found up-to-date module file ../../../Engine/Plugins/Online/OnlineSubsystemUtils/Binaries/Win64/UE4Editor-OnlineBlueprintSupport.dll (API version 3709383).
LogModuleManager: Display: Found up-to-date module file ../../../Engine/Plugins/Runtime/AndroidDeviceProfileSelector/Binaries/Win64/UE4Editor-AndroidDeviceProfileSelector.dll (API version 3709383).
LogModuleManager: Display: Found up-to-date module file ../../../Engine/Plugins/Runtime/AndroidPermission/Binaries/Win64/UE4Editor-AndroidPermission.dll (API version 3709383).
LogModuleManager: Display: Found up-to-date module file ../../../Engine/Plugins/Runtime/AppleARKit/Binaries/Win64/UE4Editor-AppleARKit.dll (API version 3709383).
LogModuleManager: Display: Found up-to-date module file ../../../Engine/Plugins/Runtime/ArchVisCharacter/Binaries/Win64/UE4Editor-ArchVisCharacter.dll (API version 3709383).
LogModuleManager: Display: Found up-to-date module file ../../../Engine/Plugins/Runtime/CableComponent/Binaries/Win64/UE4Editor-CableComponent.dll (API version 3709383).
LogModuleManager: Display: Found up-to-date module file ../../../Engine/Plugins/Runtime/CustomMeshComponent/Binaries/Win64/UE4Editor-CustomMeshComponent.dll (API version 3709383).
LogModuleManager: Display: Found up-to-date module file ../../../Engine/Plugins/Runtime/ExampleDeviceProfileSelector/Binaries/Win64/UE4Editor-ExampleDeviceProfileSelector.dll (API version 3709383).
LogModuleManager: Display: Found up-to-date module file ../../../Engine/Plugins/Runtime/ImmediatePhysics/Binaries/Win64/UE4Editor-ImmediatePhysics.dll (API version 3709383).
LogModuleManager: Display: Found up-to-date module file ../../../Engine/Plugins/Runtime/ImmediatePhysics/Binaries/Win64/UE4Editor-ImmediatePhysicsEditor.dll (API version 3709383).
LogModuleManager: Display: Found up-to-date module file ../../../Engine/Plugins/Runtime/LocationServicesBPLibrary/Binaries/Win64/UE4Editor-LocationServicesBPLibrary.dll (API version 3709383).
LogModuleManager: Display: Found up-to-date module file ../../../Engine/Plugins/Runtime/MobilePatchingUtils/Binaries/Win64/UE4Editor-MobilePatchingUtils.dll (API version 3709383).
LogModuleManager: Display: Found up-to-date module file ../../../Engine/Plugins/Runtime/Oculus/OculusVR/Binaries/Win64/UE4Editor-OculusHMD.dll (API version 3709383).
LogModuleManager: Display: Found up-to-date module file ../../../Engine/Plugins/Runtime/Oculus/OculusVR/Binaries/Win64/UE4Editor-OculusInput.dll (API version 3709383).
LogModuleManager: Display: Found up-to-date module file ../../../Engine/Plugins/Runtime/Oculus/OculusVR/Binaries/Win64/UE4Editor-OculusEditor.dll (API version 3709383).
LogModuleManager: Display: Found up-to-date module file ../../../Engine/Plugins/Runtime/PhysXVehicles/Binaries/Win64/UE4Editor-PhysXVehicles.dll (API version 3709383).
LogModuleManager: Display: Found up-to-date module file ../../../Engine/Plugins/Runtime/PhysXVehicles/Binaries/Win64/UE4Editor-PhysXVehiclesEditor.dll (API version 3709383).
LogModuleManager: Display: Found up-to-date module file ../../../Engine/Plugins/Runtime/ProceduralMeshComponent/Binaries/Win64/UE4Editor-ProceduralMeshComponent.dll (API version 3709383).
LogModuleManager: Display: Found up-to-date module file ../../../Engine/Plugins/Runtime/ProceduralMeshComponent/Binaries/Win64/UE4Editor-ProceduralMeshComponentEditor.dll (API version 3709383).
LogModuleManager: Display: Found up-to-date module file ../../../Engine/Plugins/Runtime/RuntimePhysXCooking/Binaries/Win64/UE4Editor-RuntimePhysXCooking.dll (API version 3709383).
LogModuleManager: Display: Found up-to-date module file ../../../Engine/Plugins/Runtime/Steam/SteamVR/Binaries/Win64/UE4Editor-SteamVR.dll (API version 3709383).
LogModuleManager: Display: Found up-to-date module file ../../../Engine/Plugins/Runtime/Steam/SteamVR/Binaries/Win64/UE4Editor-SteamVRController.dll (API version 3709383).
LogModuleManager: Display: Found up-to-date module file ../../../Engine/Plugins/Runtime/WindowsMoviePlayer/Binaries/Win64/UE4Editor-WindowsMoviePlayer.dll (API version 3709383).
LogInit: Using libcurl 7.47.1
LogInit:  - built for x86_64-pc-win32
LogInit:  - supports SSL with OpenSSL/1.0.2g
LogInit:  - supports HTTP deflate (compression) using libz 1.2.8
LogInit:  - other features:
LogInit:      CURL_VERSION_SSL
LogInit:      CURL_VERSION_LIBZ
LogInit:      CURL_VERSION_IPV6
LogInit:      CURL_VERSION_ASYNCHDNS
LogInit:      CURL_VERSION_LARGEFILE
LogInit:      CURL_VERSION_IDN
LogInit:  CurlRequestOptions (configurable via config and command line):
LogInit:  - bVerifyPeer = false  - Libcurl will NOT verify peer certificate
LogInit:  - bUseHttpProxy = false  - Libcurl will NOT use HTTP proxy
LogInit:  - bDontReuseConnections = false  - Libcurl will reuse connections
LogInit:  - CertBundlePath = nullptr  - Libcurl will use whatever was configured at build time.
LogInit: Build: ++UE4+Release-4.18-CL-3832480
LogInit: Engine Version: 4.18.3-3832480+++UE4+Release-4.18
LogInit: Compatible Engine Version: 4.18.0-3709383+++UE4+Release-4.18
LogInit: Net CL: 3709383
LogDevObjectVersion: Number of dev versions registered: 16
LogDevObjectVersion:   Dev-Blueprints (B0D832E4-1F89-4F0D-ACCF-7EB736FD4AA2): 10
LogDevObjectVersion:   Dev-Build (E1C64328-A22C-4D53-A36C-8E866417BD8C): 0
LogDevObjectVersion:   Dev-Core (375EC13C-06E4-48FB-B500-84F0262A717E): 2
LogDevObjectVersion:   Dev-Editor (E4B068ED-F494-42E9-A231-DA0B2E46BB41): 20
LogDevObjectVersion:   Dev-Framework (CFFC743F-43B0-4480-9391-14DF171D2073): 30
LogDevObjectVersion:   Dev-Mobile (B02B49B5-BB20-44E9-A304-32B752E40360): 0
LogDevObjectVersion:   Dev-Networking (A4E4105C-59A1-49B5-A7C5-40C4547EDFEE): 0
LogDevObjectVersion:   Dev-Online (39C831C9-5AE6-47DC-9A44-9C173E1C8E7C): 0
LogDevObjectVersion:   Dev-Physics (78F01B33-EBEA-4F98-B9B4-84EACCB95AA2): 0
LogDevObjectVersion:   Dev-Platform (6631380F-2D4D-43E0-8009-CF276956A95A): 0
LogDevObjectVersion:   Dev-Rendering (12F88B9F-8875-4AFC-A67C-D90C383ABD29): 20
LogDevObjectVersion:   Dev-Sequencer (7B5AE74C-D270-4C10-A958-57980B212A5A): 4
LogDevObjectVersion:   Dev-VR (D7296918-1DD6-4BDD-9DE2-64A83CC13884): 0
LogDevObjectVersion:   Dev-LoadTimes (C2A15278-BFE7-4AFE-6C17-90FF531DF755): 1
LogDevObjectVersion:   Private-Geometry (6EACA3D4-40EC-4CC1-B786-8BED09428FC5): 1
LogDevObjectVersion:   Dev-AnimPhys (29E575DD-E0A3-4627-9D10-D276232CDCEA): 12
LogInit: Compiled (64-bit): Jan 12 2018 02:04:55
LogInit: Compiled with Visual C++: 19.00.24215.01
LogInit: Build Configuration: Development
LogInit: Branch Name: ++UE4+Release-4.18
LogInit: Command line:  
LogInit: Base directory: D:/GameDevelopment/Engines/UE_4.18/Engine/Binaries/Win64/
LogInit: Installed Engine Build: 1
LogInit: Presizing for max 8388607 objects, including 0 objects not considered by GC, pre-allocating 0 bytes for permanent pool.
LogInit: Object subsystem initialized
[2020.02.16-21.43.47:509][  0]LogInit: Selected Device Profile: [Windows]
[2020.02.16-21.43.47:509][  0]LogInit: Applying CVar settings loaded from the selected device profile: [Windows]
[2020.02.16-21.43.47:526][  0]LogInit: Computer: DESKTOP-1KTVQO3
[2020.02.16-21.43.47:526][  0]LogInit: User: fuckm
[2020.02.16-21.43.47:526][  0]LogInit: CPU Page size=4096, Cores=4
[2020.02.16-21.43.47:526][  0]LogInit: High frequency timer resolution =10.000000 MHz
[2020.02.16-21.43.47:526][  0]LogMemory: Memory total: Physical=15.9GB (16GB approx)
[2020.02.16-21.43.47:526][  0]LogMemory: Platform Memory Stats for Windows
[2020.02.16-21.43.47:526][  0]LogMemory: Process Physical Memory: 273.55 MB used, 273.56 MB peak
[2020.02.16-21.43.47:526][  0]LogMemory: Process Virtual Memory: 269.98 MB used, 269.98 MB peak
[2020.02.16-21.43.47:526][  0]LogMemory: Physical Memory: 7710.91 MB used,  8571.07 MB free, 16281.98 MB total
[2020.02.16-21.43.47:526][  0]LogMemory: Virtual Memory: 4763.27 MB used,  8571.07 MB free, 134217728.00 MB total
[2020.02.16-21.43.48:004][  0]LogInit: Using OS detected language (en-US).
[2020.02.16-21.43.48:004][  0]LogInit: Using OS detected locale (en-CA).
[2020.02.16-21.43.48:007][  0]LogTextLocalizationManager: No specific localization for 'en-US' exists, so the 'en' localization will be used.
[2020.02.16-21.43.48:416][  0]LogInit: Setting process to per monitor DPI aware
[2020.02.16-21.43.48:702][  0]LogD3D11RHI: D3D11 adapters:
[2020.02.16-21.43.49:160][  0]LogD3D11RHI:    0. 'NVIDIA GeForce GTX 970M' (Feature Level 11_0)
[2020.02.16-21.43.49:160][  0]LogD3D11RHI:       3032/0/8140 MB DedicatedVideo/DedicatedSystem/SharedSystem, Outputs:1, VendorId:0x10de
[2020.02.16-21.43.49:168][  0]LogD3D11RHI:    1. 'Intel(R) HD Graphics 530' (Feature Level 11_0)
[2020.02.16-21.43.49:168][  0]LogD3D11RHI:       128/0/8140 MB DedicatedVideo/DedicatedSystem/SharedSystem, Outputs:0, VendorId:0x8086
[2020.02.16-21.43.49:171][  0]LogD3D11RHI:    2. 'Microsoft Basic Render Driver' (Feature Level 11_0)
[2020.02.16-21.43.49:171][  0]LogD3D11RHI:       0/0/8140 MB DedicatedVideo/DedicatedSystem/SharedSystem, Outputs:0, VendorId:0x1414
[2020.02.16-21.43.49:171][  0]LogD3D11RHI: Chosen D3D11 Adapter: 0
[2020.02.16-21.43.49:204][  0]LogD3D11RHI: Creating new Direct3DDevice
[2020.02.16-21.43.49:204][  0]LogD3D11RHI:     GPU DeviceId: 0x13d8 (for the marketing name, search the web for "GPU Device Id")
[2020.02.16-21.43.49:204][  0]LogWindows: EnumDisplayDevices:
[2020.02.16-21.43.49:204][  0]LogWindows:    0. 'Intel(R) HD Graphics 530' (P:1 D:1)
[2020.02.16-21.43.49:204][  0]LogWindows:    1. 'Intel(R) HD Graphics 530' (P:0 D:0)
[2020.02.16-21.43.49:205][  0]LogWindows:    2. 'Intel(R) HD Graphics 530' (P:0 D:0)
[2020.02.16-21.43.49:205][  0]LogWindows: DebugString: GetVideoDriverDetailsInvalid PrimaryIsNotTheChoosenAdapter GetVideoDriverDetailsInvalid PrimaryIsNotTheChoosenAdapter GetVideoDriverDetailsInvalid PrimaryIsNotTheChoosenAdapter FoundDriverCount:0 
[2020.02.16-21.43.49:205][  0]LogD3D11RHI:     Adapter Name: NVIDIA GeForce GTX 970M
[2020.02.16-21.43.49:205][  0]LogD3D11RHI:   Driver Version: Unknown (internal:Unknown, unified:Unknown)
[2020.02.16-21.43.49:205][  0]LogD3D11RHI:      Driver Date: Unknown
[2020.02.16-21.43.49:205][  0]LogRHI: Texture pool is 2122 MB (70% of 3032 MB)
[2020.02.16-21.43.49:249][  0]LogD3D11RHI: Async texture creation enabled
[2020.02.16-21.43.49:261][  0]LogD3D11RHI: GPU Timing Frequency: 1000.000000 (Debug: 2 1)
[2020.02.16-21.43.49:262][  0]LogShaderCompilers: Guid format shader working directory is -6 characters bigger than the processId version (C:/Users/fuckm/Documents/GitHub/AIbs_Demo/Dialogue_BS/Intermediate/Shaders/WorkingDirectory/360/).
[2020.02.16-21.43.49:262][  0]LogShaderCompilers: Cleaned the shader compiler working directory 'C:/Users/fuckm/AppData/Local/Temp/UnrealShaderWorkingDir/62D992EA4F246782D40C978F6E7B00C3/'.
[2020.02.16-21.43.49:262][  0]LogShaderCompilers: Display: Using Local Shader Compiler.
[2020.02.16-21.43.50:198][  0]LogTemp: Display: Loaded TP AllDesktopTargetPlatform
[2020.02.16-21.43.50:245][  0]LogTemp: Display: Loaded TP MacClientTargetPlatform
[2020.02.16-21.43.50:293][  0]LogTemp: Display: Loaded TP MacNoEditorTargetPlatform
[2020.02.16-21.43.50:342][  0]LogTemp: Display: Loaded TP MacServerTargetPlatform
[2020.02.16-21.43.50:391][  0]LogTemp: Display: Loaded TP MacTargetPlatform
[2020.02.16-21.43.50:445][  0]LogTemp: Display: Loaded TP WindowsClientTargetPlatform
[2020.02.16-21.43.50:492][  0]LogTemp: Display: Loaded TP WindowsNoEditorTargetPlatform
[2020.02.16-21.43.50:542][  0]LogTemp: Display: Loaded TP WindowsServerTargetPlatform
[2020.02.16-21.43.50:583][  0]LogTemp: Display: Loaded TP WindowsTargetPlatform
[2020.02.16-21.43.50:629][  0]LogTemp: Display: Loaded TP Android_ASTCTargetPlatform
[2020.02.16-21.43.50:676][  0]LogTemp: Display: Loaded TP Android_ATCTargetPlatform
[2020.02.16-21.43.50:722][  0]LogTemp: Display: Loaded TP Android_DXTTargetPlatform
[2020.02.16-21.43.50:768][  0]LogTemp: Display: Loaded TP Android_ETC1TargetPlatform
[2020.02.16-21.43.50:816][  0]LogTemp: Display: Loaded TP Android_ETC2TargetPlatform
[2020.02.16-21.43.50:924][  0]LogTemp: Display: Loaded TP Android_MultiTargetPlatform
[2020.02.16-21.43.50:924][  0]LogTemp: Display: Loaded TP Android_PVRTCTargetPlatform
[2020.02.16-21.43.50:982][  0]LogTemp: Display: Loaded TP AndroidTargetPlatform
[2020.02.16-21.43.51:021][  0]LogTemp: Display: Loaded TP HTML5TargetPlatform
[2020.02.16-21.43.51:113][  0]LogTemp: Display: Loaded TP IOSTargetPlatform
[2020.02.16-21.43.51:139][  0]LogTemp: Display: Loaded TP TVOSTargetPlatform
[2020.02.16-21.43.51:187][  0]LogTemp: Display: Loaded TP LinuxClientTargetPlatform
[2020.02.16-21.43.51:234][  0]LogTemp: Display: Loaded TP LinuxNoEditorTargetPlatform
[2020.02.16-21.43.51:282][  0]LogTemp: Display: Loaded TP LinuxServerTargetPlatform
[2020.02.16-21.43.51:333][  0]LogTemp: Display: Loaded TP LinuxTargetPlatform
[2020.02.16-21.43.51:333][  0]LogTargetPlatformManager: Display: Building Assets For Windows
[2020.02.16-21.43.51:750][  0]LogDerivedDataCache: Display: Max Cache Size: 512 MB
[2020.02.16-21.43.51:819][  0]LogDerivedDataCache: Loaded boot cache 0.07s 79MB C:/Users/fuckm/AppData/Local/UnrealEngine/4.18/DerivedDataCache/Boot.ddc.
[2020.02.16-21.43.51:819][  0]LogDerivedDataCache: Display: Loaded Boot cache: C:/Users/fuckm/AppData/Local/UnrealEngine/4.18/DerivedDataCache/Boot.ddc
[2020.02.16-21.43.51:819][  0]LogDerivedDataCache: FDerivedDataBackendGraph:  Pak pak cache file C:/Users/fuckm/Documents/GitHub/AIbs_Demo/Dialogue_BS/DerivedDataCache/DDC.ddp not found, will not use a pak cache.
[2020.02.16-21.43.51:819][  0]LogDerivedDataCache: Unable to find inner node Pak for hierarchical cache Hierarchy.
[2020.02.16-21.43.51:819][  0]LogDerivedDataCache: FDerivedDataBackendGraph:  CompressedPak pak cache file C:/Users/fuckm/Documents/GitHub/AIbs_Demo/Dialogue_BS/DerivedDataCache/Compressed.ddp not found, will not use a pak cache.
[2020.02.16-21.43.51:819][  0]LogDerivedDataCache: Unable to find inner node CompressedPak for hierarchical cache Hierarchy.
[2020.02.16-21.43.51:836][  0]LogDerivedDataCache: Display: Pak cache opened for reading ../../../Engine/DerivedDataCache/Compressed.ddp.
[2020.02.16-21.43.51:849][  0]LogDerivedDataCache: Using Local data cache path C:/Users/fuckm/AppData/Local/UnrealEngine/Common/DerivedDataCache: Writable
[2020.02.16-21.43.51:861][  0]LogMaterial: Verifying Global Shaders for PCD3D_SM5
[2020.02.16-21.43.51:862][  0]LogSlate: Using Freetype 2.6.0
[2020.02.16-21.43.51:862][  0]LogSlate: SlateFontCache - WITH_FREETYPE: 1, WITH_HARFBUZZ: 1
[2020.02.16-21.43.51:862][  0]LogSlate: SlateFontCache - WITH_FREETYPE: 1, WITH_HARFBUZZ: 1
[2020.02.16-21.43.52:224][  0]LogInit: Selected Device Profile: [Windows]
[2020.02.16-21.43.52:463][  0]LogSimplygon: Simplygon DLL not present - disabling.
[2020.02.16-21.43.52:498][  0]LogMeshReduction: Using SimplygonSwarm for distributed automatic mesh merging
[2020.02.16-21.43.52:498][  0]LogMeshReduction: Using QuadricMeshReduction for automatic static mesh reduction
[2020.02.16-21.43.52:498][  0]LogMeshReduction: No automatic skeletal mesh reduction module available
[2020.02.16-21.43.52:498][  0]LogMeshReduction: No automatic mesh merging module available
[2020.02.16-21.43.52:498][  0]LogMeshMerging: No automatic mesh merging module available
[2020.02.16-21.43.52:606][  0]LogNetVersion: Dialogue_BS , NetCL: 3709383, EngineNetVer: 2, GameNetVer: 0 (Checksum: 2721781782)
[2020.02.16-21.43.52:779][  0]LogAssetRegistry: FAssetRegistry took 0.0264 seconds to start up
[2020.02.16-21.43.53:324][  0]LogPackageLocalizationCache: Processed 7 localized package path(s) for 2 prioritized culture(s) in 0.079144 seconds
[2020.02.16-21.43.53:330][  0]LogUObjectArray: 35870 objects as part of root set at end of initial load.
[2020.02.16-21.43.53:330][  0]LogUObjectAllocator: 7363704 out of 0 bytes used by permanent object pool.
[2020.02.16-21.43.53:330][  0]LogUObjectArray: CloseDisregardForGC: 0/0 objects in disregard for GC pool
[2020.02.16-21.43.53:385][  0]LogInit: WinSock: version 1.1 (2.2), MaxSocks=32767, MaxUdp=65467
[2020.02.16-21.43.56:143][  0]LogTcpMessaging: Initializing TcpMessaging bridge
[2020.02.16-21.43.56:181][  0]LogUdpMessaging: Initializing bridge on interface 0.0.0.0:0 to multicast group 230.0.0.1:6666.
[2020.02.16-21.43.57:014][  0]LogMaterial: Uniform references updated for custom material expression Custom.
[2020.02.16-21.43.57:409][  0]SourceControl: Source control is disabled
[2020.02.16-21.43.57:409][  0]SourceControl: Source control is disabled
[2020.02.16-21.43.57:457][  0]SourceControl: Source control is disabled
[2020.02.16-21.43.57:504][  0]SourceControl: Source control is disabled
[2020.02.16-21.43.58:236][  0]LogAndroidPermission: UAndroidPermissionCallbackProxy::GetInstance
[2020.02.16-21.43.58:477][  0]LogOcInput: OculusInput pre-init called
[2020.02.16-21.43.58:728][  0]LogEngine: Initializing Engine...
[2020.02.16-21.43.58:730][  0]LogHMD: Failed to initialize OpenVR with code 110
[2020.02.16-21.43.58:983][  0]LogStats: UGameplayTagsManager::ConstructGameplayTagTree: Construct from data asset -  0.000 s
[2020.02.16-21.43.58:983][  0]LogStats: UGameplayTagsManager::ConstructGameplayTagTree: GameplayTagTreeChangedEvent.Broadcast -  0.000 s
[2020.02.16-21.43.59:094][  0]LogAIModule: Creating AISystem for world Untitled
[2020.02.16-21.43.59:122][  0]LogInit: XAudio2 using 'Speakers (Realtek High Definition Audio)' : 6 channels at 48 kHz using 32 bits per sample (channel mask 0x3f)
[2020.02.16-21.43.59:197][  0]LogInit: FAudioDevice initialized.
[2020.02.16-21.43.59:290][  0]LogDerivedDataCache: Saved boot cache 0.09s 79MB C:/Users/fuckm/AppData/Local/UnrealEngine/4.18/DerivedDataCache/Boot.ddc.
[2020.02.16-21.43.59:303][  0]LogInit: Texture streaming: Enabled
[2020.02.16-21.43.59:391][  0]LogEngineSessionManager: EngineSessionManager initialized
[2020.02.16-21.43.59:509][  0]LogInit: Transaction tracking system initialized
[2020.02.16-21.43.59:792][  0]BlueprintLog: New page: Editor Load
[2020.02.16-21.44.00:622][  0]LocalizationService: Localization service is disabled
[2020.02.16-21.44.01:279][  0]LogConsoleResponse: Display: 
[2020.02.16-21.44.01:456][  0]LogCook: Display: Max memory allowance for cook 16384mb min free memory 0mb
[2020.02.16-21.44.01:456][  0]LogCook: Display: Mobile HDR setting 1
[2020.02.16-21.44.01:456][  0]LogGameplayTags: Display: UGameplayTagsManager::DoneAddingNativeTags. DelegateIsBound: 0
[2020.02.16-21.44.02:515][  0]LogFileCache: Scanning file cache for directory 'C:/Users/fuckm/Documents/GitHub/AIbs_Demo/Dialogue_BS/Content/' took 0.01s
[2020.02.16-21.44.02:559][  0]SourceControl: Source control is disabled
[2020.02.16-21.44.02:559][  0]Cmd: MAP LOAD FILE="C:/Users/fuckm/Documents/GitHub/AIbs_Demo/Dialogue_BS/Content/ThirdPersonCPP/Maps/ThirdPersonExampleMap.umap" TEMPLATE=0 SHOWPROGRESS=1 FEATURELEVEL=3
[2020.02.16-21.44.02:560][  0]LightingResults: New page: Lighting Build
[2020.02.16-21.44.02:599][  0]MapCheck: New page: Map Check
[2020.02.16-21.44.02:599][  0]LightingResults: New page: Lighting Build
[2020.02.16-21.44.02:928][  0]LogAIModule: Creating AISystem for world ThirdPersonExampleMap
[2020.02.16-21.44.02:940][  0]LogEditorServer: Finished looking for orphan Actors (0.000 secs)
[2020.02.16-21.44.02:953][  0]Cmd: MAP CHECKDEP NOCLEARLOG
[2020.02.16-21.44.03:003][  0]MapCheck: Map check complete: 0 Error(s), 0 Warning(s), took 49.36ms to complete.
[2020.02.16-21.44.03:003][  0]LogFileHelpers: Loading map 'ThirdPersonExampleMap' took 0.445
[2020.02.16-21.44.03:152][  0]LogCollectionManager: Loaded 0 collections in 0.001004 seconds
[2020.02.16-21.44.03:229][  0]LogFileCache: Scanning file cache for directory 'C:/Users/fuckm/Documents/GitHub/AIbs_Demo/Dialogue_BS/Saved/Collections/' took 0.01s
[2020.02.16-21.44.03:229][  0]LogFileCache: Scanning file cache for directory 'C:/Users/fuckm/Documents/GitHub/AIbs_Demo/Dialogue_BS/Content/Developers/fuckm/Collections/' took 0.01s
[2020.02.16-21.44.03:229][  0]LogFileCache: Scanning file cache for directory 'C:/Users/fuckm/Documents/GitHub/AIbs_Demo/Dialogue_BS/Content/Collections/' took 0.01s
[2020.02.16-21.44.03:229][  0]LogCollectionManager: Rebuilt the GUID cache for 0 collections in 0.000000 seconds
[2020.02.16-21.44.03:238][  0]LogContentBrowser: Native class hierarchy populated in 0.0092 seconds. Added 2365 classes and 521 folders.
[2020.02.16-21.44.03:296][  0]LogContentBrowser: Native class hierarchy updated for 'WidgetCarousel' in 0.0008 seconds. Added 0 classes and 0 folders.
[2020.02.16-21.44.03:331][  0]LogContentBrowser: Native class hierarchy updated for 'AddContentDialog' in 0.0007 seconds. Added 0 classes and 0 folders.
[2020.02.16-21.44.03:370][  0]LogContentBrowser: Native class hierarchy updated for 'SceneOutliner' in 0.0008 seconds. Added 1 classes and 2 folders.
[2020.02.16-21.44.03:477][  0]LogContentBrowser: Native class hierarchy updated for 'HierarchicalLODOutliner' in 0.0008 seconds. Added 1 classes and 2 folders.
[2020.02.16-21.44.03:477][  0]LogLoad: (Engine Initialization) Total time: 18.78 seconds
[2020.02.16-21.44.03:477][  0]LogLoad: (Engine Initialization) Total Blueprint compile time: 0.00 seconds
[2020.02.16-21.44.03:478][  0]LogExternalProfiler: No external profilers were discovered.  External profiling features will not be available.
[2020.02.16-21.44.03:836][  0]LogContentStreaming: Texture pool size now 1000 MB
[2020.02.16-21.44.03:838][  0]LogSlate: Took 0.000387 seconds to synchronously load lazily loaded font '../../../Engine/Content/Slate/Fonts/Roboto-Regular.ttf' (155K)
[2020.02.16-21.44.03:840][  0]LogSlate: Took 0.000221 seconds to synchronously load lazily loaded font '../../../Engine/Content/Slate/Fonts/Roboto-Bold.ttf' (160K)
[2020.02.16-21.44.03:844][  0]LogSlate: Took 0.000124 seconds to synchronously load lazily loaded font '../../../Engine/Content/Editor/Slate/Fonts/FontAwesome.ttf' (139K)
[2020.02.16-21.44.03:955][  0]LogSlate: Took 0.000120 seconds to synchronously load lazily loaded font '../../../Engine/Content/Slate/Fonts/Roboto-Light.ttf' (159K)
[2020.02.16-21.44.04:158][  1]LogRenderer: Reallocating scene render targets to support 904x484 Format 10 NumSamples 1 (Frame:1).
[2020.02.16-21.44.04:158][  1]LogAssetRegistry: Asset discovery search completed in 11.4010 seconds
[2020.02.16-21.44.04:160][  1]LogCollectionManager: Rebuilt the object cache for 0 collections in 0.000000 seconds (found 0 objects)
[2020.02.16-21.44.04:160][  1]LogCollectionManager: Fixed up redirectors for 0 collections in 0.000059 seconds (updated 0 objects)
[2020.02.16-21.46.14:422][341]LogSlate: Took 0.000199 seconds to synchronously load lazily loaded font '../../../Engine/Content/Slate/Fonts/Roboto-Light.ttf' (159K)
[2020.02.16-21.46.14:474][341]LogSlate: Took 0.000220 seconds to synchronously load lazily loaded font '../../../Engine/Content/Editor/Slate/Fonts/Roboto-BoldCondensed.ttf' (158K)
[2020.02.16-21.49.29:306][603]Running D:/GameDevelopment/Engines/UE_4.18/Engine/Binaries/DotNET/UnrealBuildTool.exe  -projectfiles -project="C:/Users/fuckm/Documents/GitHub/AIbs_Demo/Dialogue_BS/Dialogue_BS.uproject" -game -rocket -progress
[2020.02.16-21.49.29:611][603]Discovering modules, targets and source code for project...
[2020.02.16-21.49.31:943][603]LogSlate: Took 0.000238 seconds to synchronously load lazily loaded font '../../../Engine/Content/Slate/Fonts/Roboto-Regular.ttf' (155K)
[2020.02.16-21.49.34:195][603]LogVSAccessor: Warning: Couldn't access Visual Studio
[2020.02.16-21.49.34:211][603]Candidate modules for hot reload:
[2020.02.16-21.49.34:211][603]  Dialogue_BS
[2020.02.16-21.49.34:211][603]Launching UnrealBuildTool... [D:/GameDevelopment/Engines/UE_4.18/Engine/Binaries/DotNET/UnrealBuildTool.exe Dialogue_BS -ModuleWithSuffix Dialogue_BS 578 Win64 Development -editorrecompile -canskiplink "C:/Users/fuckm/Documents/GitHub/AIbs_Demo/Dialogue_BS/Dialogue_BS.uproject" ]
[2020.02.16-21.50.27:670][603]CompilerResultsLog: New page: Compilation - Feb 16, 2020, 11:50:27 AM
[2020.02.16-21.50.27:670][603]CompilerResultsLog: Performing full C++ include scan (hot reloading a new target)
[2020.02.16-21.50.27:670][603]CompilerResultsLog: Using 'git status' to determine working set for adaptive non-unity build.
[2020.02.16-21.50.27:670][603]CompilerResultsLog: Creating makefile for hot reloading Dialogue_BS (.uproject file is newer)
[2020.02.16-21.50.27:670][603]CompilerResultsLog: Compiling game modules for hot reload
[2020.02.16-21.50.27:670][603]CompilerResultsLog: Parsing headers for Dialogue_BSEditor
[2020.02.16-21.50.27:670][603]CompilerResultsLog:   Running UnrealHeaderTool "C:\Users\fuckm\Documents\GitHub\AIbs_Demo\Dialogue_BS\Dialogue_BS.uproject" "C:\Users\fuckm\Documents\GitHub\AIbs_Demo\Dialogue_BS\Intermediate\Build\Win64\Dialogue_BSEditor\Development\Dialogue_BSEditor.uhtmanifest" -LogCmds="loginit warning, logexit warning, logdatabase error" -Unattended -WarningsAsErrors -installed
[2020.02.16-21.50.27:670][603]CompilerResultsLog: Reflection code generated for Dialogue_BSEditor in 9.4312562 seconds
[2020.02.16-21.50.27:671][603]CompilerResultsLog: Performing 13 actions (4 in parallel)
[2020.02.16-21.50.27:671][603]CompilerResultsLog: [2/13] Resource ModuleVersionResource.rc.inl
[2020.02.16-21.50.27:671][603]CompilerResultsLog: [3/13] Resource PCLaunch.rc
[2020.02.16-21.50.27:671][603]CompilerResultsLog: SharedPCH.Engine.cpp
[2020.02.16-21.50.27:671][603]CompilerResultsLog: Dialogue_BSGameMode.cpp
[2020.02.16-21.50.27:671][603]CompilerResultsLog: Dialogue_BSCharacter.cpp
[2020.02.16-21.50.27:671][603]CompilerResultsLog: Dialogue_BS.cpp
[2020.02.16-21.50.27:671][603]CompilerResultsLog: Modifiers.cpp
[2020.02.16-21.50.27:671][603]CompilerResultsLog: Dialogue_BS.init.gen.cpp
[2020.02.16-21.50.27:671][603]CompilerResultsLog: Dialogue_BSCharacter.gen.cpp
[2020.02.16-21.50.27:671][603]CompilerResultsLog: Dialogue_BSGameMode.gen.cpp
[2020.02.16-21.50.27:671][603]CompilerResultsLog: Modifiers.gen.cpp
[2020.02.16-21.50.27:671][603]CompilerResultsLog: [12/13] Link UE4Editor-Dialogue_BS-578.dll
[2020.02.16-21.50.27:671][603]CompilerResultsLog: [13/13] Link UE4Editor-Dialogue_BS-578.lib
[2020.02.16-21.50.27:671][603]CompilerResultsLog:    Creating library C:\Users\fuckm\Documents\GitHub\AIbs_Demo\Dialogue_BS\Intermediate\Build\Win64\UE4Editor\Development\UE4Editor-Dialogue_BS-578.lib and object C:\Users\fuckm\Documents\GitHub\AIbs_Demo\Dialogue_BS\Intermediate\Build\Win64\UE4Editor\Development\UE4Editor-Dialogue_BS-578.exp
[2020.02.16-21.50.27:671][603]CompilerResultsLog:    Creating library C:\Users\fuckm\Documents\GitHub\AIbs_Demo\Dialogue_BS\Intermediate\Build\Win64\UE4Editor\Development\UE4Editor-Dialogue_BS-578.suppressed.lib and object C:\Users\fuckm\Documents\GitHub\AIbs_Demo\Dialogue_BS\Intermediate\Build\Win64\UE4Editor\Development\UE4Editor-Dialogue_BS-578.suppressed.exp
[2020.02.16-21.50.27:671][603]CompilerResultsLog: Total build time: 53.19 seconds (Local executor: 32.22 seconds)
[2020.02.16-21.50.27:671][603]LogMainFrame: MainFrame: Module compiling took 53.476 seconds
[2020.02.16-21.50.27:744][603]LogClass: Could not find existing class Modifiers in package /Script/Dialogue_BS for HotReload, assuming new class
[2020.02.16-21.50.27:748][603]LogContentBrowser: Native class hierarchy updated for 'Dialogue_BS' in 0.0014 seconds. Added 3 classes and 3 folders.
[2020.02.16-21.50.27:750][603]Display: HotReload successful (0 functions remapped  0 scriptstructs remapped)
[2020.02.16-21.50.27:835][603]LogContentBrowser: Native class hierarchy populated in 0.0093 seconds. Added 2368 classes and 526 folders.
[2020.02.16-21.50.27:850][603]Display: HotReload took 53.7s.
[2020.02.16-21.50.27:852][603]Warning: HotReload operation took 53.7s.
[2020.02.16-21.50.28:034][603]LogHotReload: New module detected: UE4Editor-Dialogue_BS-578.dll
[2020.02.16-21.50.28:115][604]LogHotReload: Starting Hot-Reload from IDE
[2020.02.16-21.50.28:237][604]LogContentBrowser: Native class hierarchy updated for 'Dialogue_BS' in 0.0013 seconds. Added 3 classes and 3 folders.
[2020.02.16-21.50.28:239][604]Display: HotReload successful (0 functions remapped  0 scriptstructs remapped)
[2020.02.16-21.50.28:262][604]LogContentBrowser: Native class hierarchy populated in 0.0111 seconds. Added 2368 classes and 526 folders.
[2020.02.16-21.50.28:267][604]Display: HotReload took  0.2s.
[2020.02.16-21.58.44:559][422]Candidate modules for hot reload:
[2020.02.16-21.58.44:559][422]  Dialogue_BS
[2020.02.16-21.58.44:559][422]Launching UnrealBuildTool... [D:/GameDevelopment/Engines/UE_4.18/Engine/Binaries/DotNET/UnrealBuildTool.exe Dialogue_BS -ModuleWithSuffix Dialogue_BS 2984 Win64 Development -editorrecompile -canskiplink "C:/Users/fuckm/Documents/GitHub/AIbs_Demo/Dialogue_BS/Dialogue_BS.uproject" ]
[2020.02.16-21.58.44:679][422]Warning: Starting HotReload took  0.1s.
[2020.02.16-21.58.45:939][559]CompilerResultsLog: New page: Compilation - Feb 16, 2020, 11:58:45 AM
[2020.02.16-21.58.45:939][559]CompilerResultsLog: Using 'git status' to determine working set for adaptive non-unity build.
[2020.02.16-21.58.45:939][559]CompilerResultsLog: Compiling game modules for hot reload
[2020.02.16-21.58.45:939][559]CompilerResultsLog: Target is up to date
[2020.02.16-21.58.45:939][559]CompilerResultsLog: Total build time: 0.85 seconds (NoActionsToExecute executor: 0.00 seconds)
[2020.02.16-21.58.45:939][559]LogMainFrame: MainFrame: Module compiling took 1.385 seconds
[2020.02.16-21.58.45:966][559]LogContentBrowser: Native class hierarchy populated in 0.0110 seconds. Added 2368 classes and 526 folders.
[2020.02.16-21.58.45:966][559]Display: HotReload took  1.4s.
[2020.02.16-22.00.41:249][400]Candidate modules for hot reload:
[2020.02.16-22.00.41:249][400]  Dialogue_BS
[2020.02.16-22.00.41:250][400]Launching UnrealBuildTool... [D:/GameDevelopment/Engines/UE_4.18/Engine/Binaries/DotNET/UnrealBuildTool.exe Dialogue_BS -ModuleWithSuffix Dialogue_BS 963 Win64 Development -editorrecompile -canskiplink "C:/Users/fuckm/Documents/GitHub/AIbs_Demo/Dialogue_BS/Dialogue_BS.uproject" ]
[2020.02.16-22.00.41:252][400]Warning: Starting HotReload took  0.0s.
[2020.02.16-22.01.52:036][858]CompilerResultsLog: New page: Compilation - Feb 16, 2020, 12:01:52 PM
[2020.02.16-22.01.52:036][858]CompilerResultsLog: Using 'git status' to determine working set for adaptive non-unity build.
[2020.02.16-22.01.52:036][858]CompilerResultsLog: Creating makefile for hot reloading Dialogue_BS (game project files are newer)
[2020.02.16-22.01.52:037][858]CompilerResultsLog: Compiling game modules for hot reload
[2020.02.16-22.01.52:037][858]CompilerResultsLog: Parsing headers for Dialogue_BSEditor
[2020.02.16-22.01.52:037][858]CompilerResultsLog:   Running UnrealHeaderTool "C:\Users\fuckm\Documents\GitHub\AIbs_Demo\Dialogue_BS\Dialogue_BS.uproject" "C:\Users\fuckm\Documents\GitHub\AIbs_Demo\Dialogue_BS\Intermediate\Build\Win64\Dialogue_BSEditor\Development\Dialogue_BSEditor.uhtmanifest" -LogCmds="loginit warning, logexit warning, logdatabase error" -Unattended -WarningsAsErrors -installed
[2020.02.16-22.01.52:037][858]CompilerResultsLog: Reflection code generated for Dialogue_BSEditor in 14.92785 seconds
[2020.02.16-22.01.52:037][858]CompilerResultsLog: Performing 5 actions (4 in parallel)
[2020.02.16-22.01.52:037][858]CompilerResultsLog: PresetModifiers.gen.cpp
[2020.02.16-22.01.52:037][858]CompilerResultsLog: Dialogue_BS.init.gen.cpp
[2020.02.16-22.01.52:037][858]CompilerResultsLog: PresetModifiers.cpp
[2020.02.16-22.01.52:037][858]CompilerResultsLog: Error: C:\Users\fuckm\Documents\GitHub\AIbs_Demo\Dialogue_BS\Source\Dialogue_BS\Private\PresetModifiers.cpp(7) : error C2653: 'UModifiers': is not a class or namespace name
[2020.02.16-22.01.52:037][858]CompilerResultsLog: Error: C:\Users\fuckm\Documents\GitHub\AIbs_Demo\Dialogue_BS\Source\Dialogue_BS\Private\PresetModifiers.cpp(7) : error C2059: syntax error: ')'
[2020.02.16-22.01.52:037][858]CompilerResultsLog: Error: C:\Users\fuckm\Documents\GitHub\AIbs_Demo\Dialogue_BS\Source\Dialogue_BS\Private\PresetModifiers.cpp(8) : error C2143: syntax error: missing ';' before '{'
[2020.02.16-22.01.52:037][858]CompilerResultsLog: Error: C:\Users\fuckm\Documents\GitHub\AIbs_Demo\Dialogue_BS\Source\Dialogue_BS\Private\PresetModifiers.cpp(8) : error C2447: '{': missing function header (old-style formal list?)
[2020.02.16-22.01.52:037][858]CompilerResultsLog: ERROR: UBT ERROR: Failed to produce item: C:\Users\fuckm\Documents\GitHub\AIbs_Demo\Dialogue_BS\Binaries\Win64\UE4Editor-Dialogue_BS-963.dll
[2020.02.16-22.01.52:037][858]CompilerResultsLog: Total build time: 70.46 seconds (Local executor: 0.00 seconds)
[2020.02.16-22.01.52:037][858]LogMainFrame: MainFrame: Module compiling took 70.794 seconds
[2020.02.16-22.01.52:037][858]Warning: HotReload failed, recompile failed
[2020.02.16-22.03.05:076][325]LogRenderer: Reallocating scene render targets to support 1208x576 Format 10 NumSamples 1 (Frame:49125).
[2020.02.16-22.03.55:533][409]Candidate modules for hot reload:
[2020.02.16-22.03.55:533][409]  Dialogue_BS
[2020.02.16-22.03.55:533][409]Launching UnrealBuildTool... [D:/GameDevelopment/Engines/UE_4.18/Engine/Binaries/DotNET/UnrealBuildTool.exe Dialogue_BS -ModuleWithSuffix Dialogue_BS 4381 Win64 Development -editorrecompile -canskiplink "C:/Users/fuckm/Documents/GitHub/AIbs_Demo/Dialogue_BS/Dialogue_BS.uproject" ]
[2020.02.16-22.03.55:535][409]Warning: Starting HotReload took  0.0s.
[2020.02.16-22.03.57:454][623]CompilerResultsLog: New page: Compilation - Feb 16, 2020, 12:03:57 PM
[2020.02.16-22.03.57:454][623]CompilerResultsLog: Using 'git status' to determine working set for adaptive non-unity build.
[2020.02.16-22.03.57:454][623]CompilerResultsLog: Compiling game modules for hot reload
[2020.02.16-22.03.57:454][623]CompilerResultsLog: Performing 3 actions (4 in parallel)
[2020.02.16-22.03.57:454][623]CompilerResultsLog: PresetModifiers.cpp
[2020.02.16-22.03.57:454][623]CompilerResultsLog: Error: C:\Users\fuckm\Documents\GitHub\AIbs_Demo\Dialogue_BS\Source\Dialogue_BS\Private\PresetModifiers.cpp(7) : error C2653: 'UModifiers': is not a class or namespace name
[2020.02.16-22.03.57:454][623]CompilerResultsLog: Error: C:\Users\fuckm\Documents\GitHub\AIbs_Demo\Dialogue_BS\Source\Dialogue_BS\Private\PresetModifiers.cpp(7) : error C2059: syntax error: ')'
[2020.02.16-22.03.57:454][623]CompilerResultsLog: Error: C:\Users\fuckm\Documents\GitHub\AIbs_Demo\Dialogue_BS\Source\Dialogue_BS\Private\PresetModifiers.cpp(8) : error C2143: syntax error: missing ';' before '{'
[2020.02.16-22.03.57:454][623]CompilerResultsLog: Error: C:\Users\fuckm\Documents\GitHub\AIbs_Demo\Dialogue_BS\Source\Dialogue_BS\Private\PresetModifiers.cpp(8) : error C2447: '{': missing function header (old-style formal list?)
[2020.02.16-22.03.57:454][623]CompilerResultsLog: ERROR: UBT ERROR: Failed to produce item: C:\Users\fuckm\Documents\GitHub\AIbs_Demo\Dialogue_BS\Binaries\Win64\UE4Editor-Dialogue_BS-4381.dll
[2020.02.16-22.03.57:454][623]CompilerResultsLog: Total build time: 1.62 seconds (Local executor: 0.00 seconds)
[2020.02.16-22.03.57:454][623]LogMainFrame: MainFrame: Module compiling took 1.925 seconds
[2020.02.16-22.03.57:454][623]Warning: HotReload failed, recompile failed
[2020.02.16-22.04.43:042][390]Candidate modules for hot reload:
[2020.02.16-22.04.43:042][390]  Dialogue_BS
[2020.02.16-22.04.43:043][390]Launching UnrealBuildTool... [D:/GameDevelopment/Engines/UE_4.18/Engine/Binaries/DotNET/UnrealBuildTool.exe Dialogue_BS -ModuleWithSuffix Dialogue_BS 9788 Win64 Development -editorrecompile -canskiplink "C:/Users/fuckm/Documents/GitHub/AIbs_Demo/Dialogue_BS/Dialogue_BS.uproject" ]
[2020.02.16-22.04.43:047][390]Warning: Starting HotReload took  0.0s.
[2020.02.16-22.04.46:089][715]CompilerResultsLog: New page: Compilation - Feb 16, 2020, 12:04:46 PM
[2020.02.16-22.04.46:090][715]CompilerResultsLog: Using 'git status' to determine working set for adaptive non-unity build.
[2020.02.16-22.04.46:090][715]CompilerResultsLog: Compiling game modules for hot reload
[2020.02.16-22.04.46:090][715]CompilerResultsLog: Performing 3 actions (4 in parallel)
[2020.02.16-22.04.46:090][715]CompilerResultsLog: PresetModifiers.cpp
[2020.02.16-22.04.46:090][715]CompilerResultsLog: [2/3] Link UE4Editor-Dialogue_BS-9788.dll
[2020.02.16-22.04.46:090][715]CompilerResultsLog: [3/3] Link UE4Editor-Dialogue_BS-9788.lib
[2020.02.16-22.04.46:090][715]CompilerResultsLog:    Creating library C:\Users\fuckm\Documents\GitHub\AIbs_Demo\Dialogue_BS\Intermediate\Build\Win64\UE4Editor\Development\UE4Editor-Dialogue_BS-9788.lib and object C:\Users\fuckm\Documents\GitHub\AIbs_Demo\Dialogue_BS\Intermediate\Build\Win64\UE4Editor\Development\UE4Editor-Dialogue_BS-9788.exp
[2020.02.16-22.04.46:090][715]CompilerResultsLog:    Creating library C:\Users\fuckm\Documents\GitHub\AIbs_Demo\Dialogue_BS\Intermediate\Build\Win64\UE4Editor\Development\UE4Editor-Dialogue_BS-9788.suppressed.lib and object C:\Users\fuckm\Documents\GitHub\AIbs_Demo\Dialogue_BS\Intermediate\Build\Win64\UE4Editor\Development\UE4Editor-Dialogue_BS-9788.suppressed.exp
[2020.02.16-22.04.46:090][715]CompilerResultsLog: Total build time: 2.73 seconds (Local executor: 2.03 seconds)
[2020.02.16-22.04.46:090][715]LogMainFrame: MainFrame: Module compiling took 3.052 seconds
[2020.02.16-22.04.47:844][715]LogClass: Could not find existing class PresetModifiers in package /Script/Dialogue_BS for HotReload, assuming new class
[2020.02.16-22.04.47:848][715]LogContentBrowser: Native class hierarchy updated for 'Dialogue_BS' in 0.0010 seconds. Added 4 classes and 3 folders.
[2020.02.16-22.04.47:849][715]Display: HotReload successful (0 functions remapped  0 scriptstructs remapped)
[2020.02.16-22.04.47:893][715]LogContentBrowser: Native class hierarchy populated in 0.0094 seconds. Added 2369 classes and 526 folders.
[2020.02.16-22.04.47:893][715]Display: HotReload took  4.9s.
[2020.02.16-22.05.07:434][ 29]Candidate modules for hot reload:
[2020.02.16-22.05.07:434][ 29]  Dialogue_BS
[2020.02.16-22.05.07:435][ 29]Launching UnrealBuildTool... [D:/GameDevelopment/Engines/UE_4.18/Engine/Binaries/DotNET/UnrealBuildTool.exe Dialogue_BS -ModuleWithSuffix Dialogue_BS 3625 Win64 Development -editorrecompile -canskiplink "C:/Users/fuckm/Documents/GitHub/AIbs_Demo/Dialogue_BS/Dialogue_BS.uproject" ]
[2020.02.16-22.05.07:437][ 29]Warning: Starting HotReload took  0.0s.
[2020.02.16-22.05.08:382][130]CompilerResultsLog: New page: Compilation - Feb 16, 2020, 12:05:08 PM
[2020.02.16-22.05.08:382][130]CompilerResultsLog: Using 'git status' to determine working set for adaptive non-unity build.
[2020.02.16-22.05.08:382][130]CompilerResultsLog: Compiling game modules for hot reload
[2020.02.16-22.05.08:382][130]CompilerResultsLog: Target is up to date
[2020.02.16-22.05.08:382][130]CompilerResultsLog: Total build time: 0.67 seconds (NoActionsToExecute executor: 0.00 seconds)
[2020.02.16-22.05.08:382][130]LogMainFrame: MainFrame: Module compiling took 0.954 seconds
[2020.02.16-22.05.08:406][130]LogContentBrowser: Native class hierarchy populated in 0.0105 seconds. Added 2369 classes and 526 folders.
[2020.02.16-22.05.08:407][130]Display: HotReload took  1.0s.
[2020.02.16-22.07.24:239][ 95]Candidate modules for hot reload:
[2020.02.16-22.07.24:239][ 95]  Dialogue_BS
[2020.02.16-22.07.24:239][ 95]Launching UnrealBuildTool... [D:/GameDevelopment/Engines/UE_4.18/Engine/Binaries/DotNET/UnrealBuildTool.exe Dialogue_BS -ModuleWithSuffix Dialogue_BS 9348 Win64 Development -editorrecompile -canskiplink "C:/Users/fuckm/Documents/GitHub/AIbs_Demo/Dialogue_BS/Dialogue_BS.uproject" ]
[2020.02.16-22.07.24:244][ 95]Warning: Starting HotReload took  0.0s.
[2020.02.16-22.07.29:743][733]CompilerResultsLog: New page: Compilation - Feb 16, 2020, 12:07:29 PM
[2020.02.16-22.07.29:744][733]CompilerResultsLog: Using 'git status' to determine working set for adaptive non-unity build.
[2020.02.16-22.07.29:744][733]CompilerResultsLog: Creating makefile for hot reloading Dialogue_BS (game project files are newer)
[2020.02.16-22.07.29:744][733]CompilerResultsLog: Compiling game modules for hot reload
[2020.02.16-22.07.29:744][733]CompilerResultsLog: Target is up to date
[2020.02.16-22.07.29:744][733]CompilerResultsLog: Total build time: 5.21 seconds (NoActionsToExecute executor: 0.00 seconds)
[2020.02.16-22.07.29:744][733]LogMainFrame: MainFrame: Module compiling took 5.509 seconds
[2020.02.16-22.07.29:772][733]LogContentBrowser: Native class hierarchy populated in 0.0125 seconds. Added 2369 classes and 526 folders.
[2020.02.16-22.07.29:772][733]Display: HotReload took  5.5s.
[2020.02.16-22.10.19:300][284]LogWindowsTextInputMethodSystem: Display: IME system now deactivated.
[2020.02.16-22.10.19:500][285]Cmd: QUIT_EDITOR
[2020.02.16-22.10.19:542][285]LogExit: Preparing to exit.
[2020.02.16-22.10.20:028][285]LogExit: Editor shut down
[2020.02.16-22.10.20:032][285]LogExit: Transaction tracking system shut down
[2020.02.16-22.10.20:148][285]LogDirectoryWatcher: A directory notification for '../../../Engine/Content/' was aborted.
[2020.02.16-22.10.20:148][285]LogDirectoryWatcher: A directory notification for 'C:/Users/fuckm/Documents/GitHub/AIbs_Demo/Dialogue_BS/Content/' was aborted.
[2020.02.16-22.10.20:149][285]LogDirectoryWatcher: A directory notification for '../../../Engine/Plugins/2D/Paper2D/Content/' was aborted.
[2020.02.16-22.10.20:149][285]LogDirectoryWatcher: A directory notification for '../../../Engine/Plugins/Media/MediaCompositing/Content/' was aborted.
[2020.02.16-22.10.20:149][285]LogDirectoryWatcher: A directory notification for '../../../Engine/Plugins/Runtime/AppleARKit/Content/' was aborted.
[2020.02.16-22.10.20:149][285]LogDirectoryWatcher: A directory notification for '../../../Engine/Plugins/Runtime/Oculus/OculusVR/Content/' was aborted.
[2020.02.16-22.10.20:149][285]LogDirectoryWatcher: A directory notification for '../../../Engine/Plugins/Runtime/Steam/SteamVR/Content/' was aborted.
[2020.02.16-22.10.20:201][285]LogExit: Object subsystem successfully closed.
[2020.02.16-22.10.20:225][285]LogD3D11RHI: Shutdown
[2020.02.16-22.10.20:225][285]LogD3D11RHI: CleanupD3DDevice
[2020.02.16-22.10.20:227][285]LogD3D11RHI: ~FD3D11DynamicRHI
[2020.02.16-22.10.20:245][285]LogModuleManager: Shutting down and abandoning module Dialogue_BS (553)
[2020.02.16-22.10.20:245][285]LogModuleManager: Shutting down and abandoning module HierarchicalLODOutliner (550)
[2020.02.16-22.10.20:245][285]LogModuleManager: Shutting down and abandoning module DesktopPlatform (548)
[2020.02.16-22.10.20:245][285]LogModuleManager: Shutting down and abandoning module SceneOutliner (546)
[2020.02.16-22.10.20:245][285]LogModuleManager: Shutting down and abandoning module AddContentDialog (544)
[2020.02.16-22.10.20:245][285]LogDirectoryWatcher: A directory notification for 'D:/GameDevelopment/Engines/UE_4.18/FeaturePacks/' was aborted.
[2020.02.16-22.10.20:246][285]LogModuleManager: Shutting down and abandoning module WidgetCarousel (543)
[2020.02.16-22.10.20:246][285]LogModuleManager: Shutting down and abandoning module EditorWidgets (540)
[2020.02.16-22.10.20:246][285]LogModuleManager: Shutting down and abandoning module CollectionManager (538)
[2020.02.16-22.10.20:246][285]LogDirectoryWatcher: A directory notification for 'C:/Users/fuckm/Documents/GitHub/AIbs_Demo/Dialogue_BS/Content/Collections/' was aborted.
[2020.02.16-22.10.20:246][285]LogDirectoryWatcher: A directory notification for 'C:/Users/fuckm/Documents/GitHub/AIbs_Demo/Dialogue_BS/Content/Developers/fuckm/Collections/' was aborted.
[2020.02.16-22.10.20:246][285]LogDirectoryWatcher: A directory notification for 'C:/Users/fuckm/Documents/GitHub/AIbs_Demo/Dialogue_BS/Saved/Collections/' was aborted.
[2020.02.16-22.10.20:246][285]LogModuleManager: Shutting down and abandoning module StatsViewer (536)
[2020.02.16-22.10.20:247][285]LogModuleManager: Shutting down and abandoning module FoliageEdit (534)
[2020.02.16-22.10.20:247][285]LogModuleManager: Shutting down and abandoning module LandscapeEditor (532)
[2020.02.16-22.10.20:247][285]LogModuleManager: Shutting down and abandoning module MeshPaintMode (530)
[2020.02.16-22.10.20:247][285]LogModuleManager: Shutting down and abandoning module SceneDepthPickerMode (528)
[2020.02.16-22.10.20:247][285]LogModuleManager: Shutting down and abandoning module ActorPickerMode (526)
[2020.02.16-22.10.20:247][285]LogModuleManager: Shutting down and abandoning module GeometryMode (524)
[2020.02.16-22.10.20:247][285]LogModuleManager: Shutting down and abandoning module TextureAlignMode (522)
[2020.02.16-22.10.20:247][285]LogModuleManager: Shutting down and abandoning module BspMode (520)
[2020.02.16-22.10.20:247][285]LogModuleManager: Shutting down and abandoning module PIEPreviewDeviceProfileSelector (518)
[2020.02.16-22.10.20:247][285]LogModuleManager: Shutting down and abandoning module HardwareSurvey (516)
[2020.02.16-22.10.20:247][285]LogModuleManager: Shutting down and abandoning module SequenceRecorderSections (514)
[2020.02.16-22.10.20:247][285]LogModuleManager: Shutting down and abandoning module AutomationWorker (512)
[2020.02.16-22.10.20:247][285]LogModuleManager: Shutting down and abandoning module MatineeToLevelSequence (510)
[2020.02.16-22.10.20:247][285]LogModuleManager: Shutting down and abandoning module LevelSequenceEditor (508)
[2020.02.16-22.10.20:248][285]LogModuleManager: Shutting down and abandoning module PlacementMode (507)
[2020.02.16-22.10.20:248][285]LogModuleManager: Shutting down and abandoning module WmfMediaFactory (504)
[2020.02.16-22.10.20:248][285]LogModuleManager: Shutting down and abandoning module WmfMediaEditor (502)
[2020.02.16-22.10.20:248][285]LogModuleManager: Shutting down and abandoning module OpenExrWrapper (500)
[2020.02.16-22.10.20:248][285]LogModuleManager: Shutting down and abandoning module ImgMediaFactory (498)
[2020.02.16-22.10.20:248][285]LogModuleManager: Shutting down and abandoning module ImgMediaEditor (496)
[2020.02.16-22.10.20:248][285]LogModuleManager: Shutting down and abandoning module AvfMediaFactory (494)
[2020.02.16-22.10.20:248][285]LogModuleManager: Shutting down and abandoning module AvfMediaEditor (492)
[2020.02.16-22.10.20:248][285]LogModuleManager: Shutting down and abandoning module AndroidMediaFactory (490)
[2020.02.16-22.10.20:248][285]LogModuleManager: Shutting down and abandoning module AndroidMediaEditor (488)
[2020.02.16-22.10.20:248][285]LogModuleManager: Shutting down and abandoning module CharacterAI (486)
[2020.02.16-22.10.20:248][285]LogModuleManager: Shutting down and abandoning module AudioCapture (484)
[2020.02.16-22.10.20:248][285]LogModuleManager: Shutting down and abandoning module SequenceRecorder (483)
[2020.02.16-22.10.20:248][285]LogModuleManager: Shutting down and abandoning module SmartSnapping (480)
[2020.02.16-22.10.20:248][285]LogModuleManager: Shutting down and abandoning module SessionServices (478)
[2020.02.16-22.10.20:248][285]LogModuleManager: Shutting down and abandoning module ViewportSnapping (476)
[2020.02.16-22.10.20:248][285]LogModuleManager: Shutting down and abandoning module ViewportInteraction (474)
[2020.02.16-22.10.20:248][285]LogModuleManager: Shutting down and abandoning module ClothPainter (472)
[2020.02.16-22.10.20:248][285]LogModuleManager: Shutting down and abandoning module SkeletalMeshEditor (471)
[2020.02.16-22.10.20:248][285]LogModuleManager: Shutting down and abandoning module LogVisualizer (468)
[2020.02.16-22.10.20:248][285]LogModuleManager: Shutting down and abandoning module IntroTutorials (466)
[2020.02.16-22.10.20:248][285]LogModuleManager: Shutting down and abandoning module GameProjectGeneration (465)
[2020.02.16-22.10.20:248][285]LogModuleManager: Shutting down and abandoning module IOSPlatformEditor (462)
[2020.02.16-22.10.20:248][285]LogModuleManager: Shutting down and abandoning module HTML5PlatformEditor (460)
[2020.02.16-22.10.20:248][285]LogModuleManager: Shutting down and abandoning module AndroidPlatformEditor (458)
[2020.02.16-22.10.20:248][285]LogModuleManager: Shutting down and abandoning module AndroidDeviceDetection (457)
[2020.02.16-22.10.20:844][285]LogModuleManager: Shutting down and abandoning module WindowsPlatformEditor (454)
[2020.02.16-22.10.20:844][285]LogModuleManager: Shutting down and abandoning module IOSRuntimeSettings (452)
[2020.02.16-22.10.20:844][285]LogModuleManager: Shutting down and abandoning module AndroidRuntimeSettings (450)
[2020.02.16-22.10.20:844][285]LogModuleManager: Shutting down and abandoning module InputBindingEditor (448)
[2020.02.16-22.10.20:844][285]LogModuleManager: Shutting down and abandoning module MergeActors (446)
[2020.02.16-22.10.20:844][285]LogModuleManager: Shutting down and abandoning module SizeMap (444)
[2020.02.16-22.10.20:844][285]LogModuleManager: Shutting down and abandoning module TreeMap (442)
[2020.02.16-22.10.20:844][285]LogModuleManager: Shutting down and abandoning module ReferenceViewer (440)
[2020.02.16-22.10.20:844][285]LogModuleManager: Shutting down and abandoning module LocalizationDashboard (438)
[2020.02.16-22.10.20:844][285]LogModuleManager: Shutting down and abandoning module LocalizationService (437)
[2020.02.16-22.10.20:845][285]LogModuleManager: Shutting down and abandoning module HardwareTargeting (434)
[2020.02.16-22.10.20:845][285]LogModuleManager: Shutting down and abandoning module DeviceProfileEditor (432)
[2020.02.16-22.10.20:845][285]LogModuleManager: Shutting down and abandoning module UndoHistory (430)
[2020.02.16-22.10.20:845][285]LogModuleManager: Shutting down and abandoning module XmlParser (428)
[2020.02.16-22.10.20:845][285]LogModuleManager: Shutting down and abandoning module Blutility (426)
[2020.02.16-22.10.20:845][285]LogModuleManager: Shutting down and abandoning module ProjectSettingsViewer (424)
[2020.02.16-22.10.20:845][285]LogModuleManager: Shutting down and abandoning module ProjectTargetPlatformEditor (423)
[2020.02.16-22.10.20:845][285]LogModuleManager: Shutting down and abandoning module EditorSettingsViewer (420)
[2020.02.16-22.10.20:845][285]LogModuleManager: Shutting down and abandoning module SettingsEditor (418)
[2020.02.16-22.10.20:845][285]LogModuleManager: Shutting down and abandoning module ProjectLauncher (416)
[2020.02.16-22.10.20:845][285]LogModuleManager: Shutting down and abandoning module SessionFrontend (414)
[2020.02.16-22.10.20:845][285]LogModuleManager: Shutting down and abandoning module ProfilerClient (412)
[2020.02.16-22.10.20:845][285]LogModuleManager: Shutting down and abandoning module DeviceManager (410)
[2020.02.16-22.10.20:845][285]LogModuleManager: Shutting down and abandoning module TargetDeviceServices (409)
[2020.02.16-22.10.20:911][285]LogModuleManager: Shutting down and abandoning module AutomationController (406)
[2020.02.16-22.10.20:911][285]LogModuleManager: Shutting down and abandoning module AutomationWindow (404)
[2020.02.16-22.10.20:911][285]LogModuleManager: Shutting down and abandoning module Layers (402)
[2020.02.16-22.10.20:911][285]LogModuleManager: Shutting down and abandoning module ComponentVisualizers (400)
[2020.02.16-22.10.20:911][285]LogModuleManager: Shutting down and abandoning module DetailCustomizations (398)
[2020.02.16-22.10.20:911][285]LogModuleManager: Shutting down and abandoning module PackagesDialog (396)
[2020.02.16-22.10.20:911][285]LogModuleManager: Shutting down and abandoning module Persona (394)
[2020.02.16-22.10.20:911][285]LogModuleManager: Shutting down and abandoning module AdvancedPreviewScene (393)
[2020.02.16-22.10.20:911][285]LogModuleManager: Shutting down and abandoning module AnimGraph (391)
[2020.02.16-22.10.20:911][285]LogModuleManager: Shutting down and abandoning module Kismet (388)
[2020.02.16-22.10.20:912][285]LogModuleManager: Shutting down and abandoning module ClassViewer (386)
[2020.02.16-22.10.20:913][285]LogModuleManager: Shutting down and abandoning module Toolbox (384)
[2020.02.16-22.10.20:913][285]LogModuleManager: Shutting down and abandoning module ModuleUI (382)
[2020.02.16-22.10.20:913][285]LogModuleManager: Shutting down and abandoning module MovieSceneTools (380)
[2020.02.16-22.10.20:913][285]LogModuleManager: Shutting down and abandoning module OutputLog (378)
[2020.02.16-22.10.20:913][285]LogModuleManager: Shutting down and abandoning module GammaUI (376)
[2020.02.16-22.10.20:913][285]LogModuleManager: Shutting down and abandoning module Documentation (374)
[2020.02.16-22.10.20:913][285]LogModuleManager: Shutting down and abandoning module MovieSceneTracks (372)
[2020.02.16-22.10.20:913][285]LogModuleManager: Shutting down and abandoning module MovieScene (370)
[2020.02.16-22.10.20:913][285]LogModuleManager: Shutting down and abandoning module StreamingPauseRendering (368)
[2020.02.16-22.10.20:913][285]LogModuleManager: Shutting down and abandoning module LauncherPlatform (366)
[2020.02.16-22.10.20:913][285]LogModuleManager: Shutting down and abandoning module AnalyticsET (364)
[2020.02.16-22.10.20:913][285]LogModuleManager: Shutting down and abandoning module PortalServices (362)
[2020.02.16-22.10.20:913][285]LogModuleManager: Shutting down and abandoning module PortalRpc (360)
[2020.02.16-22.10.20:913][285]LogModuleManager: Shutting down and abandoning module MessagingRpc (358)
[2020.02.16-22.10.20:913][285]LogModuleManager: Shutting down and abandoning module AIModule (356)
[2020.02.16-22.10.20:913][285]LogModuleManager: Shutting down and abandoning module GameplayDebugger (355)
[2020.02.16-22.10.20:913][285]LogModuleManager: Shutting down and abandoning module AITestSuite (353)
[2020.02.16-22.10.20:913][285]LogModuleManager: Shutting down and abandoning module ProfilerService (350)
[2020.02.16-22.10.21:123][285]LogModuleManager: Shutting down and abandoning module TaskGraph (348)
[2020.02.16-22.10.21:123][285]LogModuleManager: Shutting down and abandoning module SteamVRController (346)
[2020.02.16-22.10.21:123][285]LogModuleManager: Shutting down and abandoning module ProceduralMeshComponentEditor (344)
[2020.02.16-22.10.21:123][285]LogModuleManager: Shutting down and abandoning module ProceduralMeshComponent (342)
[2020.02.16-22.10.21:123][285]LogModuleManager: Shutting down and abandoning module OculusInput (340)
[2020.02.16-22.10.21:123][285]LogModuleManager: Shutting down and abandoning module MobilePatchingUtils (338)
[2020.02.16-22.10.21:123][285]LogModuleManager: Shutting down and abandoning module CustomMeshComponent (336)
[2020.02.16-22.10.21:123][285]LogModuleManager: Shutting down and abandoning module CableComponent (334)
[2020.02.16-22.10.21:123][285]LogModuleManager: Shutting down and abandoning module ArchVisCharacter (332)
[2020.02.16-22.10.21:123][285]LogModuleManager: Shutting down and abandoning module AndroidPermission (330)
[2020.02.16-22.10.21:123][285]LogModuleManager: Shutting down and abandoning module ActorSequence (326)
[2020.02.16-22.10.21:123][285]LogModuleManager: Shutting down and abandoning module MediaPlayerEditor (324)
[2020.02.16-22.10.21:124][285]LogModuleManager: Shutting down and abandoning module MediaCompositingEditor (322)
[2020.02.16-22.10.21:124][285]LogModuleManager: Shutting down and abandoning module MediaCompositing (320)
[2020.02.16-22.10.21:124][285]LogModuleManager: Shutting down and abandoning module HTML5Networking (318)
[2020.02.16-22.10.21:124][285]LogModuleManager: Shutting down and abandoning module AlembicImporter (316)
[2020.02.16-22.10.21:124][285]LogModuleManager: Shutting down and abandoning module AlembicLibrary (315)
[2020.02.16-22.10.21:124][285]LogModuleManager: Shutting down and abandoning module GeometryCache (314)
[2020.02.16-22.10.21:124][285]LogModuleManager: Shutting down and abandoning module GeometryCacheEd (313)
[2020.02.16-22.10.21:124][285]LogModuleManager: Shutting down and abandoning module SpeedTreeImporter (308)
[2020.02.16-22.10.21:124][285]LogModuleManager: Shutting down and abandoning module PluginBrowser (306)
[2020.02.16-22.10.21:124][285]LogModuleManager: Shutting down and abandoning module MobileLauncherProfileWizard (304)
[2020.02.16-22.10.21:124][285]LogModuleManager: Shutting down and abandoning module VisualStudioSourceCodeAccess (302)
[2020.02.16-22.10.21:124][285]LogModuleManager: Shutting down and abandoning module VisualStudioCodeSourceCodeAccess (300)
[2020.02.16-22.10.21:124][285]LogModuleManager: Shutting down and abandoning module UObjectPlugin (298)
[2020.02.16-22.10.21:124][285]LogModuleManager: Shutting down and abandoning module SubversionSourceControl (296)
[2020.02.16-22.10.21:124][285]LogModuleManager: Shutting down and abandoning module PerforceSourceControl (294)
[2020.02.16-22.10.21:124][285]LogModuleManager: Shutting down and abandoning module GitSourceControl (292)
[2020.02.16-22.10.21:124][285]LogModuleManager: Shutting down and abandoning module SourceControl (291)
[2020.02.16-22.10.21:124][285]LogModuleManager: Shutting down and abandoning module LightPropagationVolumeEditor (288)
[2020.02.16-22.10.21:124][285]LogModuleManager: Shutting down and abandoning module PaperTiledImporter (286)
[2020.02.16-22.10.21:124][285]LogModuleManager: Shutting down and abandoning module PaperSpriteSheetImporter (284)
[2020.02.16-22.10.21:124][285]LogModuleManager: Shutting down and abandoning module Paper2DEditor (282)
[2020.02.16-22.10.21:124][285]LogModuleManager: Shutting down and abandoning module MeshPaint (281)
[2020.02.16-22.10.21:124][285]LogModuleManager: Shutting down and abandoning module LevelEditor (279)
[2020.02.16-22.10.21:125][285]LogModuleManager: Shutting down and abandoning module PixelInspectorModule (278)
[2020.02.16-22.10.21:125][285]LogModuleManager: Shutting down and abandoning module MainFrame (276)
[2020.02.16-22.10.21:125][285]LogModuleManager: Shutting down and abandoning module HotReload (275)
[2020.02.16-22.10.21:126][285]LogDirectoryWatcher: A directory notification for 'C:/Users/fuckm/Documents/GitHub/AIbs_Demo/Dialogue_BS/Binaries/Win64' was aborted.
[2020.02.16-22.10.21:126][285]LogModuleManager: Shutting down and abandoning module RuntimePhysXCooking (268)
[2020.02.16-22.10.21:126][285]LogModuleManager: Shutting down and abandoning module PhysXVehiclesEditor (266)
[2020.02.16-22.10.21:126][285]LogModuleManager: Shutting down and abandoning module PhysXVehicles (264)
[2020.02.16-22.10.21:126][285]LogModuleManager: Shutting down and abandoning module OculusEditor (262)
[2020.02.16-22.10.21:126][285]LogModuleManager: Shutting down and abandoning module LocationServicesBPLibrary (260)
[2020.02.16-22.10.21:126][285]LogModuleManager: Shutting down and abandoning module ImmediatePhysicsEditor (258)
[2020.02.16-22.10.21:126][285]LogModuleManager: Shutting down and abandoning module ImmediatePhysics (256)
[2020.02.16-22.10.21:126][285]LogModuleManager: Shutting down and abandoning module UdpMessaging (254)
[2020.02.16-22.10.21:228][285]LogModuleManager: Shutting down and abandoning module TcpMessaging (252)
[2020.02.16-22.10.21:329][285]LogModuleManager: Shutting down and abandoning module GameplayTagsEditor (250)
[2020.02.16-22.10.21:329][285]LogModuleManager: Shutting down and abandoning module FacialAnimationEditor (248)
[2020.02.16-22.10.21:329][285]LogModuleManager: Shutting down and abandoning module FacialAnimation (246)
[2020.02.16-22.10.21:329][285]LogModuleManager: Shutting down and abandoning module AssetManagerEditor (244)
[2020.02.16-22.10.21:329][285]LogModuleManager: Shutting down and abandoning module GraphEditor (243)
[2020.02.16-22.10.21:329][285]LogModuleManager: Shutting down and abandoning module ContentBrowser (241)
[2020.02.16-22.10.21:330][285]LogModuleManager: Shutting down and abandoning module LightPropagationVolumeRuntime (238)
[2020.02.16-22.10.21:330][285]LogModuleManager: Shutting down and abandoning module Paper2D (236)
[2020.02.16-22.10.21:330][285]LogModuleManager: Shutting down and abandoning module WindowsMoviePlayer (234)
[2020.02.16-22.10.21:330][285]LogModuleManager: Shutting down and abandoning module WmfMedia (232)
[2020.02.16-22.10.21:333][285]LogModuleManager: Shutting down and abandoning module ImgMedia (230)
[2020.02.16-22.10.21:333][285]LogModuleManager: Shutting down and abandoning module PacketHandler (228)
[2020.02.16-22.10.21:333][285]LogModuleManager: Shutting down and abandoning module ClothingSystemEditor (226)
[2020.02.16-22.10.21:333][285]LogModuleManager: Shutting down and abandoning module ClothingSystemRuntime (224)
[2020.02.16-22.10.21:333][285]LogModuleManager: Shutting down and abandoning module MediaAssets (222)
[2020.02.16-22.10.21:333][285]LogModuleManager: Shutting down and abandoning module Media (221)
[2020.02.16-22.10.21:339][285]LogModuleManager: Shutting down and abandoning module Overlay (218)
[2020.02.16-22.10.21:339][285]LogModuleManager: Shutting down and abandoning module OverlayEditor (217)
[2020.02.16-22.10.21:339][285]LogModuleManager: Shutting down and abandoning module VREditor (214)
[2020.02.16-22.10.21:339][285]LogModuleManager: Shutting down and abandoning module StringTableEditor (212)
[2020.02.16-22.10.21:339][285]LogModuleManager: Shutting down and abandoning module GameplayTasksEditor (210)
[2020.02.16-22.10.21:339][285]LogModuleManager: Shutting down and abandoning module BehaviorTreeEditor (208)
[2020.02.16-22.10.21:340][285]LogModuleManager: Shutting down and abandoning module FunctionalTesting (206)
[2020.02.16-22.10.21:340][285]LogModuleManager: Shutting down and abandoning module CollisionAnalyzer (204)
[2020.02.16-22.10.21:340][285]LogModuleManager: Shutting down and abandoning module WorkspaceMenuStructure (203)
[2020.02.16-22.10.21:340][285]LogModuleManager: Shutting down and abandoning module UMG (200)
[2020.02.16-22.10.21:340][285]LogModuleManager: Shutting down and abandoning module UMGEditor (199)
[2020.02.16-22.10.21:340][285]LogModuleManager: Shutting down and abandoning module Sequencer (198)
[2020.02.16-22.10.21:340][285]LogModuleManager: Shutting down and abandoning module MessageLog (195)
[2020.02.16-22.10.21:340][285]LogModuleManager: Shutting down and abandoning module SlateReflector (190)
[2020.02.16-22.10.21:340][285]LogModuleManager: Shutting down and abandoning module Slate (188)
[2020.02.16-22.10.21:340][285]LogModuleManager: Shutting down and abandoning module EditorStyle (186)
[2020.02.16-22.10.21:343][285]LogModuleManager: Shutting down and abandoning module MRMesh (184)
[2020.02.16-22.10.21:343][285]LogModuleManager: Shutting down and abandoning module SourceCodeAccess (182)
[2020.02.16-22.10.21:343][285]LogModuleManager: Shutting down and abandoning module HeadMountedDisplay (180)
[2020.02.16-22.10.21:343][285]LogModuleManager: Shutting down and abandoning module XAudio2 (178)
[2020.02.16-22.10.21:343][285]LogModuleManager: Shutting down and abandoning module Networking (176)
[2020.02.16-22.10.21:343][285]LogModuleManager: Shutting down and abandoning module Core (172)
[2020.02.16-22.10.21:343][285]LogModuleManager: Shutting down and abandoning module LevelSequence (168)
[2020.02.16-22.10.21:343][285]LogModuleManager: Shutting down and abandoning module DirectoryWatcher (166)
[2020.02.16-22.10.21:344][285]LogModuleManager: Shutting down and abandoning module KismetCompiler (164)
[2020.02.16-22.10.21:344][285]LogModuleManager: Shutting down and abandoning module MeshUtilities (162)
[2020.02.16-22.10.21:344][285]LogModuleManager: Shutting down and abandoning module MeshMergeUtilities (161)
[2020.02.16-22.10.21:344][285]LogModuleManager: Shutting down and abandoning module MeshReductionInterface (160)
[2020.02.16-22.10.21:344][285]LogModuleManager: Shutting down and abandoning module SimplygonSwarm (159)
[2020.02.16-22.10.21:344][285]LogModuleManager: Shutting down and abandoning module SimplygonMeshReduction (157)
[2020.02.16-22.10.21:344][285]LogModuleManager: Shutting down and abandoning module QuadricMeshReduction (155)
[2020.02.16-22.10.21:344][285]LogModuleManager: Shutting down and abandoning module MaterialBaking (151)
[2020.02.16-22.10.21:344][285]LogModuleManager: Shutting down and abandoning module DerivedDataCache (148)
[2020.02.16-22.10.21:435][285]LogDerivedDataCache: Shutdown
[2020.02.16-22.10.21:435][285]LogModuleManager: Shutting down and abandoning module TargetPlatform (146)
[2020.02.16-22.10.21:435][285]LogModuleManager: Shutting down and abandoning module VulkanShaderFormat (145)
[2020.02.16-22.10.21:435][285]LogModuleManager: Shutting down and abandoning module ShaderFormatVectorVM (143)
[2020.02.16-22.10.21:435][285]LogModuleManager: Shutting down and abandoning module ShaderFormatOpenGL (141)
[2020.02.16-22.10.21:435][285]LogModuleManager: Shutting down and abandoning module ShaderFormatD3D (139)
[2020.02.16-22.10.21:435][285]LogModuleManager: Shutting down and abandoning module MetalShaderFormat (137)
[2020.02.16-22.10.21:435][285]LogModuleManager: Shutting down and abandoning module TextureFormatUncompressed (135)
[2020.02.16-22.10.21:435][285]LogModuleManager: Shutting down and abandoning module TextureFormatPVR (133)
[2020.02.16-22.10.21:436][285]LogModuleManager: Shutting down and abandoning module TextureFormatDXT (131)
[2020.02.16-22.10.21:436][285]LogModuleManager: Shutting down and abandoning module TextureFormatIntelISPCTexComp (129)
[2020.02.16-22.10.21:436][285]LogModuleManager: Shutting down and abandoning module TextureFormatASTC (127)
[2020.02.16-22.10.21:436][285]LogModuleManager: Shutting down and abandoning module ImageWrapper (126)
[2020.02.16-22.10.21:436][285]LogModuleManager: Shutting down and abandoning module TextureFormatAndroid (123)
[2020.02.16-22.10.21:436][285]LogModuleManager: Shutting down and abandoning module AudioFormatOpus (121)
[2020.02.16-22.10.21:436][285]LogModuleManager: Shutting down and abandoning module AudioFormatOgg (119)
[2020.02.16-22.10.21:436][285]LogModuleManager: Shutting down and abandoning module AudioFormatADPCM (117)
[2020.02.16-22.10.21:436][285]LogModuleManager: Shutting down and abandoning module LinuxTargetPlatform (115)
[2020.02.16-22.10.21:436][285]LogModuleManager: Shutting down and abandoning module LinuxServerTargetPlatform (113)
[2020.02.16-22.10.21:436][285]LogModuleManager: Shutting down and abandoning module LinuxNoEditorTargetPlatform (111)
[2020.02.16-22.10.21:436][285]LogModuleManager: Shutting down and abandoning module LinuxClientTargetPlatform (109)
[2020.02.16-22.10.21:436][285]LogModuleManager: Shutting down and abandoning module TVOSTargetPlatform (107)
[2020.02.16-22.10.21:436][285]LogModuleManager: Shutting down and abandoning module Messaging (105)
[2020.02.16-22.10.21:436][285]LogModuleManager: Shutting down and abandoning module IOSTargetPlatform (103)
[2020.02.16-22.10.21:436][285]LogModuleManager: Shutting down and abandoning module HTML5TargetPlatform (101)
[2020.02.16-22.10.21:436][285]LogModuleManager: Shutting down and abandoning module AndroidTargetPlatform (99)
[2020.02.16-22.10.21:436][285]LogModuleManager: Shutting down and abandoning module Android_PVRTCTargetPlatform (97)
[2020.02.16-22.10.21:436][285]LogModuleManager: Shutting down and abandoning module Android_MultiTargetPlatform (95)
[2020.02.16-22.10.21:436][285]LogModuleManager: Shutting down and abandoning module Android_ETC2TargetPlatform (93)
[2020.02.16-22.10.21:436][285]LogModuleManager: Shutting down and abandoning module Android_ETC1TargetPlatform (91)
[2020.02.16-22.10.21:436][285]LogModuleManager: Shutting down and abandoning module Android_DXTTargetPlatform (89)
[2020.02.16-22.10.21:436][285]LogModuleManager: Shutting down and abandoning module Android_ATCTargetPlatform (87)
[2020.02.16-22.10.21:436][285]LogModuleManager: Shutting down and abandoning module Android_ASTCTargetPlatform (85)
[2020.02.16-22.10.21:436][285]LogModuleManager: Shutting down and abandoning module WindowsTargetPlatform (83)
[2020.02.16-22.10.21:436][285]LogModuleManager: Shutting down and abandoning module WindowsServerTargetPlatform (81)
[2020.02.16-22.10.21:436][285]LogModuleManager: Shutting down and abandoning module WindowsNoEditorTargetPlatform (79)
[2020.02.16-22.10.21:436][285]LogModuleManager: Shutting down and abandoning module WindowsClientTargetPlatform (77)
[2020.02.16-22.10.21:436][285]LogModuleManager: Shutting down and abandoning module MacTargetPlatform (75)
[2020.02.16-22.10.21:436][285]LogModuleManager: Shutting down and abandoning module MacServerTargetPlatform (73)
[2020.02.16-22.10.21:436][285]LogModuleManager: Shutting down and abandoning module MacNoEditorTargetPlatform (71)
[2020.02.16-22.10.21:436][285]LogModuleManager: Shutting down and abandoning module MacClientTargetPlatform (69)
[2020.02.16-22.10.21:437][285]LogModuleManager: Shutting down and abandoning module AllDesktopTargetPlatform (67)
[2020.02.16-22.10.21:437][285]LogModuleManager: Shutting down and abandoning module InputCore (64)
[2020.02.16-22.10.21:437][285]LogModuleManager: Shutting down and abandoning module Settings (62)
[2020.02.16-22.10.21:437][285]LogModuleManager: Shutting down and abandoning module PhysXCooking (60)
[2020.02.16-22.10.21:437][285]LogModuleManager: Shutting down and abandoning module SteamVR (58)
[2020.02.16-22.10.21:437][285]LogModuleManager: Shutting down and abandoning module OculusHMD (56)
[2020.02.16-22.10.21:437][285]LogModuleManager: Shutting down and abandoning module ExampleDeviceProfileSelector (54)
[2020.02.16-22.10.21:437][285]LogModuleManager: Shutting down and abandoning module AppleARKit (52)
[2020.02.16-22.10.21:437][285]LogModuleManager: Shutting down and abandoning module AugmentedReality (51)
[2020.02.16-22.10.21:437][285]LogModuleManager: Shutting down and abandoning module OnlineBlueprintSupport (48)
[2020.02.16-22.10.21:437][285]LogModuleManager: Shutting down and abandoning module OnlineSubsystem (44)
[2020.02.16-22.10.21:437][285]LogModuleManager: Shutting down and abandoning module XMPP (43)
[2020.02.16-22.10.21:437][285]LogModuleManager: Shutting down and abandoning module HTTP (41)
[2020.02.16-22.10.21:437][285]LogHttp: Display: Http module shutting down, but needs to wait on 1 outstanding Http requests:
[2020.02.16-22.10.21:437][285]LogHttp: Display: 	verb=[POST] url=[https://datarouter.ol.epicgames.com/datarouter/api/v1/public/data?SessionID=%7BD5F785EE-4EA5-75C9-F66A-B1BFACD6DB1F%7D&AppID=UEEditor.Rocket.Release&AppVersion=4.18.3-3832480%2B%2B%2BUE4%2BRelease-4.18&UserID=f9a50b2544e9ff334c989db8cc03c83b%7Cafb0113ceeeb4a8386c4f7b35a90e63c%7C0d8c1c7a-310f-4e65-80f3-4f791f3bb21e&AppEnvironment=datacollector-binary&UploadType=eteventstream] status=Processing
[2020.02.16-22.10.21:466][285]LogModuleManager: Shutting down and abandoning module SSL (40)
[2020.02.16-22.10.21:467][285]LogModuleManager: Shutting down and abandoning module AnimationModifiers (36)
[2020.02.16-22.10.21:467][285]LogModuleManager: Shutting down and abandoning module PropertyEditor (35)
[2020.02.16-22.10.21:468][285]LogModuleManager: Shutting down and abandoning module AudioEditor (32)
[2020.02.16-22.10.21:468][285]LogModuleManager: Shutting down and abandoning module TextureCompressor (30)
[2020.02.16-22.10.21:468][285]LogModuleManager: Shutting down and abandoning module ShaderCore (28)
[2020.02.16-22.10.21:468][285]LogModuleManager: Shutting down and abandoning module Landscape (26)
[2020.02.16-22.10.21:468][285]LogModuleManager: Shutting down and abandoning module SlateRHIRenderer (24)
[2020.02.16-22.10.21:468][285]LogModuleManager: Shutting down and abandoning module OpenGLDrv (22)
[2020.02.16-22.10.21:468][285]LogModuleManager: Shutting down and abandoning module D3D11RHI (20)
[2020.02.16-22.10.21:469][285]LogModuleManager: Shutting down and abandoning module AnimGraphRuntime (18)
[2020.02.16-22.10.21:469][285]LogModuleManager: Shutting down and abandoning module Renderer (16)
[2020.02.16-22.10.21:469][285]LogModuleManager: Shutting down and abandoning module Engine (14)
[2020.02.16-22.10.21:469][285]LogModuleManager: Shutting down and abandoning module CoreUObject (12)
[2020.02.16-22.10.21:469][285]LogModuleManager: Shutting down and abandoning module NetworkFile (10)
[2020.02.16-22.10.21:469][285]LogModuleManager: Shutting down and abandoning module CookedIterativeFile (8)
[2020.02.16-22.10.21:469][285]LogModuleManager: Shutting down and abandoning module StreamingFile (6)
[2020.02.16-22.10.21:469][285]LogModuleManager: Shutting down and abandoning module SandboxFile (4)
[2020.02.16-22.10.21:469][285]LogModuleManager: Shutting down and abandoning module PakFile (2)
[2020.02.16-22.10.21:473][285]LogExit: Exiting.
[2020.02.16-22.10.21:488][285]Log file closed, 02/16/20 17:10:21
