Log file open, 02/16/20 17:10:31
LogWindows: Failed to load 'aqProf.dll' (GetLastError=126)
LogWindows: File 'aqProf.dll' does not exist
LogWindows: Failed to load 'VSPerf140.dll' (GetLastError=126)
LogWindows: File 'VSPerf140.dll' does not exist
LogWindows: Failed to load 'VtuneApi.dll' (GetLastError=126)
LogWindows: File 'VtuneApi.dll' does not exist
LogWindows: Failed to load 'VtuneApi32e.dll' (GetLastError=126)
LogWindows: File 'VtuneApi32e.dll' does not exist
LogInit: Display: Running engine for game: Dialogue_BS
LogPlatformFile: Not using cached read wrapper
LogInit: Display: RandInit(-566910006) SRandInit(-566910006).
LogInit: Read version file with build ID '3709383'
LogInit: Overriding engine version to CL 3832480, compatible CL 3709383
LogInit: Registered custom module enumerator with build ID '3709383'
LogTaskGraph: Started task graph with 5 named threads and 14 total threads with 3 sets of task threads.
LogStats: Stats thread started at 0.224900
LogD3D11RHI: Aftermath initialized
LogPluginManager: Mounting plugin Paper2D
LogPluginManager: Mounting plugin LightPropagationVolume
LogPluginManager: Mounting plugin CodeLiteSourceCodeAccess
LogPluginManager: Mounting plugin GitSourceControl
LogPluginManager: Mounting plugin KDevelopSourceCodeAccess
LogPluginManager: Mounting plugin NullSourceCodeAccess
LogPluginManager: Mounting plugin PerforceSourceControl
LogPluginManager: Mounting plugin SubversionSourceControl
LogPluginManager: Mounting plugin UObjectPlugin
LogPluginManager: Mounting plugin VisualStudioCodeSourceCodeAccess
LogPluginManager: Mounting plugin VisualStudioSourceCodeAccess
LogPluginManager: Mounting plugin XCodeSourceCodeAccess
LogPluginManager: Mounting plugin AssetManagerEditor
LogPluginManager: Mounting plugin AudioCapture
LogPluginManager: Mounting plugin FacialAnimation
LogPluginManager: Mounting plugin GameplayTagsEditor
LogPluginManager: Mounting plugin MobileLauncherProfileWizard
LogPluginManager: Mounting plugin PluginBrowser
LogPluginManager: Mounting plugin SpeedTreeImporter
LogPluginManager: Mounting plugin AlembicImporter
LogPluginManager: Mounting plugin CharacterAI
LogPluginManager: Mounting plugin HTML5Networking
LogPluginManager: Mounting plugin AndroidMedia
LogPluginManager: Mounting plugin AvfMedia
LogPluginManager: Mounting plugin ImgMedia
LogPluginManager: Mounting plugin MediaCompositing
LogPluginManager: Mounting plugin MediaPlayerEditor
LogPluginManager: Mounting plugin WmfMedia
LogPluginManager: Mounting plugin TcpMessaging
LogPluginManager: Mounting plugin UdpMessaging
LogPluginManager: Mounting plugin ActorSequence
LogPluginManager: Mounting plugin LevelSequenceEditor
LogPluginManager: Mounting plugin MatineeToLevelSequence
LogPluginManager: Mounting plugin OnlineSubsystemGooglePlay
LogPluginManager: Mounting plugin OnlineSubsystemIOS
LogPluginManager: Mounting plugin OnlineSubsystem
LogPluginManager: Mounting plugin OnlineSubsystemNull
LogPluginManager: Mounting plugin OnlineSubsystemUtils
LogPluginManager: Mounting plugin AndroidDeviceProfileSelector
LogPluginManager: Mounting plugin AndroidMoviePlayer
LogPluginManager: Mounting plugin AndroidPermission
LogPluginManager: Mounting plugin AppleARKit
LogPluginManager: Mounting plugin AppleMoviePlayer
LogPluginManager: Mounting plugin ArchVisCharacter
LogPluginManager: Mounting plugin CableComponent
LogPluginManager: Mounting plugin CustomMeshComponent
LogPluginManager: Mounting plugin ExampleDeviceProfileSelector
LogPluginManager: Mounting plugin GoogleCloudMessaging
LogPluginManager: Mounting plugin ImmediatePhysics
LogPluginManager: Mounting plugin IOSDeviceProfileSelector
LogPluginManager: Mounting plugin LinuxDeviceProfileSelector
LogPluginManager: Mounting plugin LocationServicesBPLibrary
LogPluginManager: Mounting plugin MobilePatchingUtils
LogPluginManager: Mounting plugin OculusVR
LogPluginManager: Plugin shader directory ../../../Engine/Plugins/Runtime/Oculus/OculusVR/Shaders found
LogPluginManager: Mapping shader source directory ../../../Engine/Plugins/Runtime/Oculus/OculusVR/Shaders to virtual directory /Plugin/OculusVR
LogPluginManager: Mounting plugin PhysXVehicles
LogPluginManager: Mounting plugin ProceduralMeshComponent
LogPluginManager: Mounting plugin RuntimePhysXCooking
LogPluginManager: Mounting plugin SteamVR
LogPluginManager: Mounting plugin WindowsMoviePlayer
LogModuleManager: Warning: Module file C:/Users/fuckm/Documents/GitHub/AIbs_Demo/Dialogue_BS/Binaries/Win64/UE4Editor-Dialogue_BS-9348.dll is missing. This is likely a stale module that must be recompiled.
LogModuleManager: Display: Found up-to-date module file ../../../Engine/Plugins/2D/Paper2D/Binaries/Win64/UE4Editor-Paper2D.dll (API version 3709383).
LogModuleManager: Display: Found up-to-date module file ../../../Engine/Plugins/2D/Paper2D/Binaries/Win64/UE4Editor-Paper2DEditor.dll (API version 3709383).
LogModuleManager: Display: Found up-to-date module file ../../../Engine/Plugins/2D/Paper2D/Binaries/Win64/UE4Editor-PaperSpriteSheetImporter.dll (API version 3709383).
LogModuleManager: Display: Found up-to-date module file ../../../Engine/Plugins/2D/Paper2D/Binaries/Win64/UE4Editor-PaperTiledImporter.dll (API version 3709383).
LogModuleManager: Display: Found up-to-date module file ../../../Engine/Plugins/2D/Paper2D/Binaries/Win64/UE4Editor-SmartSnapping.dll (API version 3709383).
LogModuleManager: Display: Found up-to-date module file ../../../Engine/Plugins/Blendables/LightPropagationVolume/Binaries/Win64/UE4Editor-LightPropagationVolumeRuntime.dll (API version 3709383).
LogModuleManager: Display: Found up-to-date module file ../../../Engine/Plugins/Blendables/LightPropagationVolume/Binaries/Win64/UE4Editor-LightPropagationVolumeEditor.dll (API version 3709383).
LogModuleManager: Display: Found up-to-date module file ../../../Engine/Plugins/Developer/GitSourceControl/Binaries/Win64/UE4Editor-GitSourceControl.dll (API version 3709383).
LogModuleManager: Display: Found up-to-date module file ../../../Engine/Plugins/Developer/PerforceSourceControl/Binaries/Win64/UE4Editor-PerforceSourceControl.dll (API version 3709383).
LogModuleManager: Display: Found up-to-date module file ../../../Engine/Plugins/Developer/SubversionSourceControl/Binaries/Win64/UE4Editor-SubversionSourceControl.dll (API version 3709383).
LogModuleManager: Display: Found up-to-date module file ../../../Engine/Plugins/Developer/UObjectPlugin/Binaries/Win64/UE4Editor-UObjectPlugin.dll (API version 3709383).
LogModuleManager: Display: Found up-to-date module file ../../../Engine/Plugins/Developer/VisualStudioCodeSourceCodeAccess/Binaries/Win64/UE4Editor-VisualStudioCodeSourceCodeAccess.dll (API version 3709383).
LogModuleManager: Display: Found up-to-date module file ../../../Engine/Plugins/Developer/VisualStudioSourceCodeAccess/Binaries/Win64/UE4Editor-VisualStudioSourceCodeAccess.dll (API version 3709383).
LogModuleManager: Display: Found up-to-date module file ../../../Engine/Plugins/Editor/AssetManagerEditor/Binaries/Win64/UE4Editor-AssetManagerEditor.dll (API version 3709383).
LogModuleManager: Display: Found up-to-date module file ../../../Engine/Plugins/Editor/AudioCapture/Binaries/Win64/UE4Editor-AudioCapture.dll (API version 3709383).
LogModuleManager: Display: Found up-to-date module file ../../../Engine/Plugins/Editor/FacialAnimation/Binaries/Win64/UE4Editor-FacialAnimation.dll (API version 3709383).
LogModuleManager: Display: Found up-to-date module file ../../../Engine/Plugins/Editor/FacialAnimation/Binaries/Win64/UE4Editor-FacialAnimationEditor.dll (API version 3709383).
LogModuleManager: Display: Found up-to-date module file ../../../Engine/Plugins/Editor/GameplayTagsEditor/Binaries/Win64/UE4Editor-GameplayTagsEditor.dll (API version 3709383).
LogModuleManager: Display: Found up-to-date module file ../../../Engine/Plugins/Editor/MobileLauncherProfileWizard/Binaries/Win64/UE4Editor-MobileLauncherProfileWizard.dll (API version 3709383).
LogModuleManager: Display: Found up-to-date module file ../../../Engine/Plugins/Editor/PluginBrowser/Binaries/Win64/UE4Editor-PluginBrowser.dll (API version 3709383).
LogModuleManager: Display: Found up-to-date module file ../../../Engine/Plugins/Editor/SpeedTreeImporter/Binaries/Win64/UE4Editor-SpeedTreeImporter.dll (API version 3709383).
LogModuleManager: Display: Found up-to-date module file ../../../Engine/Plugins/Experimental/AlembicImporter/Binaries/Win64/UE4Editor-AlembicImporter.dll (API version 3709383).
LogModuleManager: Display: Found up-to-date module file ../../../Engine/Plugins/Experimental/AlembicImporter/Binaries/Win64/UE4Editor-AlembicLibrary.dll (API version 3709383).
LogModuleManager: Display: Found up-to-date module file ../../../Engine/Plugins/Experimental/CharacterAI/Binaries/Win64/UE4Editor-CharacterAI.dll (API version 3709383).
LogModuleManager: Display: Found up-to-date module file ../../../Engine/Plugins/Experimental/HTML5Networking/Binaries/Win64/UE4Editor-HTML5Networking.dll (API version 3709383).
LogModuleManager: Display: Found up-to-date module file ../../../Engine/Plugins/Media/AndroidMedia/Binaries/Win64/UE4Editor-AndroidMediaEditor.dll (API version 3709383).
LogModuleManager: Display: Found up-to-date module file ../../../Engine/Plugins/Media/AndroidMedia/Binaries/Win64/UE4Editor-AndroidMediaFactory.dll (API version 3709383).
LogModuleManager: Display: Found up-to-date module file ../../../Engine/Plugins/Media/AvfMedia/Binaries/Win64/UE4Editor-AvfMediaEditor.dll (API version 3709383).
LogModuleManager: Display: Found up-to-date module file ../../../Engine/Plugins/Media/AvfMedia/Binaries/Win64/UE4Editor-AvfMediaFactory.dll (API version 3709383).
LogModuleManager: Display: Found up-to-date module file ../../../Engine/Plugins/Media/AvfMedia/Binaries/Win64/UE4Editor-AvfMediaFactory.dll (API version 3709383).
LogModuleManager: Display: Found up-to-date module file ../../../Engine/Plugins/Media/ImgMedia/Binaries/Win64/UE4Editor-ImgMedia.dll (API version 3709383).
LogModuleManager: Display: Found up-to-date module file ../../../Engine/Plugins/Media/ImgMedia/Binaries/Win64/UE4Editor-ImgMediaEditor.dll (API version 3709383).
LogModuleManager: Display: Found up-to-date module file ../../../Engine/Plugins/Media/ImgMedia/Binaries/Win64/UE4Editor-ImgMediaFactory.dll (API version 3709383).
LogModuleManager: Display: Found up-to-date module file ../../../Engine/Plugins/Media/ImgMedia/Binaries/Win64/UE4Editor-ImgMediaFactory.dll (API version 3709383).
LogModuleManager: Display: Found up-to-date module file ../../../Engine/Plugins/Media/ImgMedia/Binaries/Win64/UE4Editor-OpenExrWrapper.dll (API version 3709383).
LogModuleManager: Display: Found up-to-date module file ../../../Engine/Plugins/Media/MediaCompositing/Binaries/Win64/UE4Editor-MediaCompositing.dll (API version 3709383).
LogModuleManager: Display: Found up-to-date module file ../../../Engine/Plugins/Media/MediaCompositing/Binaries/Win64/UE4Editor-MediaCompositingEditor.dll (API version 3709383).
LogModuleManager: Display: Found up-to-date module file ../../../Engine/Plugins/Media/MediaPlayerEditor/Binaries/Win64/UE4Editor-MediaPlayerEditor.dll (API version 3709383).
LogModuleManager: Display: Found up-to-date module file ../../../Engine/Plugins/Media/WmfMedia/Binaries/Win64/UE4Editor-WmfMedia.dll (API version 3709383).
LogModuleManager: Display: Found up-to-date module file ../../../Engine/Plugins/Media/WmfMedia/Binaries/Win64/UE4Editor-WmfMediaEditor.dll (API version 3709383).
LogModuleManager: Display: Found up-to-date module file ../../../Engine/Plugins/Media/WmfMedia/Binaries/Win64/UE4Editor-WmfMediaFactory.dll (API version 3709383).
LogModuleManager: Display: Found up-to-date module file ../../../Engine/Plugins/Media/WmfMedia/Binaries/Win64/UE4Editor-WmfMediaFactory.dll (API version 3709383).
LogModuleManager: Display: Found up-to-date module file ../../../Engine/Plugins/Messaging/TcpMessaging/Binaries/Win64/UE4Editor-TcpMessaging.dll (API version 3709383).
LogModuleManager: Display: Found up-to-date module file ../../../Engine/Plugins/Messaging/UdpMessaging/Binaries/Win64/UE4Editor-UdpMessaging.dll (API version 3709383).
LogModuleManager: Display: Found up-to-date module file ../../../Engine/Plugins/MovieScene/ActorSequence/Binaries/Win64/UE4Editor-ActorSequence.dll (API version 3709383).
LogModuleManager: Display: Found up-to-date module file ../../../Engine/Plugins/MovieScene/LevelSequenceEditor/Binaries/Win64/UE4Editor-LevelSequenceEditor.dll (API version 3709383).
LogModuleManager: Display: Found up-to-date module file ../../../Engine/Plugins/MovieScene/MatineeToLevelSequence/Binaries/Win64/UE4Editor-MatineeToLevelSequence.dll (API version 3709383).
LogModuleManager: Display: Found up-to-date module file ../../../Engine/Plugins/Online/OnlineSubsystem/Binaries/Win64/UE4Editor-OnlineSubsystem.dll (API version 3709383).
LogModuleManager: Display: Found up-to-date module file ../../../Engine/Plugins/Online/OnlineSubsystemNull/Binaries/Win64/UE4Editor-OnlineSubsystemNull.dll (API version 3709383).
LogModuleManager: Display: Found up-to-date module file ../../../Engine/Plugins/Online/OnlineSubsystemUtils/Binaries/Win64/UE4Editor-OnlineSubsystemUtils.dll (API version 3709383).
LogModuleManager: Display: Found up-to-date module file ../../../Engine/Plugins/Online/OnlineSubsystemUtils/Binaries/Win64/UE4Editor-OnlineBlueprintSupport.dll (API version 3709383).
LogModuleManager: Display: Found up-to-date module file ../../../Engine/Plugins/Runtime/AndroidDeviceProfileSelector/Binaries/Win64/UE4Editor-AndroidDeviceProfileSelector.dll (API version 3709383).
LogModuleManager: Display: Found up-to-date module file ../../../Engine/Plugins/Runtime/AndroidPermission/Binaries/Win64/UE4Editor-AndroidPermission.dll (API version 3709383).
LogModuleManager: Display: Found up-to-date module file ../../../Engine/Plugins/Runtime/AppleARKit/Binaries/Win64/UE4Editor-AppleARKit.dll (API version 3709383).
LogModuleManager: Display: Found up-to-date module file ../../../Engine/Plugins/Runtime/ArchVisCharacter/Binaries/Win64/UE4Editor-ArchVisCharacter.dll (API version 3709383).
LogModuleManager: Display: Found up-to-date module file ../../../Engine/Plugins/Runtime/CableComponent/Binaries/Win64/UE4Editor-CableComponent.dll (API version 3709383).
LogModuleManager: Display: Found up-to-date module file ../../../Engine/Plugins/Runtime/CustomMeshComponent/Binaries/Win64/UE4Editor-CustomMeshComponent.dll (API version 3709383).
LogModuleManager: Display: Found up-to-date module file ../../../Engine/Plugins/Runtime/ExampleDeviceProfileSelector/Binaries/Win64/UE4Editor-ExampleDeviceProfileSelector.dll (API version 3709383).
LogModuleManager: Display: Found up-to-date module file ../../../Engine/Plugins/Runtime/ImmediatePhysics/Binaries/Win64/UE4Editor-ImmediatePhysics.dll (API version 3709383).
LogModuleManager: Display: Found up-to-date module file ../../../Engine/Plugins/Runtime/ImmediatePhysics/Binaries/Win64/UE4Editor-ImmediatePhysicsEditor.dll (API version 3709383).
LogModuleManager: Display: Found up-to-date module file ../../../Engine/Plugins/Runtime/LocationServicesBPLibrary/Binaries/Win64/UE4Editor-LocationServicesBPLibrary.dll (API version 3709383).
LogModuleManager: Display: Found up-to-date module file ../../../Engine/Plugins/Runtime/MobilePatchingUtils/Binaries/Win64/UE4Editor-MobilePatchingUtils.dll (API version 3709383).
LogModuleManager: Display: Found up-to-date module file ../../../Engine/Plugins/Runtime/Oculus/OculusVR/Binaries/Win64/UE4Editor-OculusHMD.dll (API version 3709383).
LogModuleManager: Display: Found up-to-date module file ../../../Engine/Plugins/Runtime/Oculus/OculusVR/Binaries/Win64/UE4Editor-OculusInput.dll (API version 3709383).
LogModuleManager: Display: Found up-to-date module file ../../../Engine/Plugins/Runtime/Oculus/OculusVR/Binaries/Win64/UE4Editor-OculusEditor.dll (API version 3709383).
LogModuleManager: Display: Found up-to-date module file ../../../Engine/Plugins/Runtime/PhysXVehicles/Binaries/Win64/UE4Editor-PhysXVehicles.dll (API version 3709383).
LogModuleManager: Display: Found up-to-date module file ../../../Engine/Plugins/Runtime/PhysXVehicles/Binaries/Win64/UE4Editor-PhysXVehiclesEditor.dll (API version 3709383).
LogModuleManager: Display: Found up-to-date module file ../../../Engine/Plugins/Runtime/ProceduralMeshComponent/Binaries/Win64/UE4Editor-ProceduralMeshComponent.dll (API version 3709383).
LogModuleManager: Display: Found up-to-date module file ../../../Engine/Plugins/Runtime/ProceduralMeshComponent/Binaries/Win64/UE4Editor-ProceduralMeshComponentEditor.dll (API version 3709383).
LogModuleManager: Display: Found up-to-date module file ../../../Engine/Plugins/Runtime/RuntimePhysXCooking/Binaries/Win64/UE4Editor-RuntimePhysXCooking.dll (API version 3709383).
LogModuleManager: Display: Found up-to-date module file ../../../Engine/Plugins/Runtime/Steam/SteamVR/Binaries/Win64/UE4Editor-SteamVR.dll (API version 3709383).
LogModuleManager: Display: Found up-to-date module file ../../../Engine/Plugins/Runtime/Steam/SteamVR/Binaries/Win64/UE4Editor-SteamVRController.dll (API version 3709383).
LogModuleManager: Display: Found up-to-date module file ../../../Engine/Plugins/Runtime/WindowsMoviePlayer/Binaries/Win64/UE4Editor-WindowsMoviePlayer.dll (API version 3709383).
LogInit: Warning: Incompatible or missing module: UE4Editor-Dialogue_BS.dll
Running D:/GameDevelopment/Engines/UE_4.18/Engine/Binaries/DotNET/UnrealBuildTool.exe Dialogue_BS Development Win64 -project="C:/Users/fuckm/Documents/GitHub/AIbs_Demo/Dialogue_BS/Dialogue_BS.uproject" -editorrecompile -progress -NoHotReloadFromIDE
Using 'git status' to determine working set for adaptive non-unity build.
Creating makefile for Dialogue_BS (no existing makefile)
@progress push 5%
@progress pop
Deleting old hot reload file: "C:\Users\fuckm\Documents\GitHub\AIbs_Demo\Dialogue_BS\Binaries\Win64\UE4Editor-Dialogue_BS-578.dll".
Deleting old hot reload file: "C:\Users\fuckm\Documents\GitHub\AIbs_Demo\Dialogue_BS\Binaries\Win64\UE4Editor-Dialogue_BS-578.pdb".
Deleting old hot reload file: "C:\Users\fuckm\Documents\GitHub\AIbs_Demo\Dialogue_BS\Binaries\Win64\UE4Editor-Dialogue_BS-9788.dll".
Deleting old hot reload file: "C:\Users\fuckm\Documents\GitHub\AIbs_Demo\Dialogue_BS\Binaries\Win64\UE4Editor-Dialogue_BS-9788.pdb".
Performing 2 actions (4 in parallel)
[1/2] Link UE4Editor-Dialogue_BS.dll
[2/2] Link UE4Editor-Dialogue_BS.lib
   Creating library C:\Users\fuckm\Documents\GitHub\AIbs_Demo\Dialogue_BS\Intermediate\Build\Win64\UE4Editor\Development\UE4Editor-Dialogue_BS.lib and object C:\Users\fuckm\Documents\GitHub\AIbs_Demo\Dialogue_BS\Intermediate\Build\Win64\UE4Editor\Development\UE4Editor-Dialogue_BS.exp
   Creating library C:\Users\fuckm\Documents\GitHub\AIbs_Demo\Dialogue_BS\Intermediate\Build\Win64\UE4Editor\Development\UE4Editor-Dialogue_BS.suppressed.lib and object C:\Users\fuckm\Documents\GitHub\AIbs_Demo\Dialogue_BS\Intermediate\Build\Win64\UE4Editor\Development\UE4Editor-Dialogue_BS.suppressed.exp
Total build time: 4.43 seconds (Local executor: 0.92 seconds)
LogModuleManager: Display: Found up-to-date module file C:/Users/fuckm/Documents/GitHub/AIbs_Demo/Dialogue_BS/Binaries/Win64/UE4Editor-Dialogue_BS.dll (API version 3709383).
LogModuleManager: Display: Found up-to-date module file ../../../Engine/Plugins/2D/Paper2D/Binaries/Win64/UE4Editor-Paper2D.dll (API version 3709383).
LogModuleManager: Display: Found up-to-date module file ../../../Engine/Plugins/2D/Paper2D/Binaries/Win64/UE4Editor-Paper2DEditor.dll (API version 3709383).
LogModuleManager: Display: Found up-to-date module file ../../../Engine/Plugins/2D/Paper2D/Binaries/Win64/UE4Editor-PaperSpriteSheetImporter.dll (API version 3709383).
LogModuleManager: Display: Found up-to-date module file ../../../Engine/Plugins/2D/Paper2D/Binaries/Win64/UE4Editor-PaperTiledImporter.dll (API version 3709383).
LogModuleManager: Display: Found up-to-date module file ../../../Engine/Plugins/2D/Paper2D/Binaries/Win64/UE4Editor-SmartSnapping.dll (API version 3709383).
LogModuleManager: Display: Found up-to-date module file ../../../Engine/Plugins/Blendables/LightPropagationVolume/Binaries/Win64/UE4Editor-LightPropagationVolumeRuntime.dll (API version 3709383).
LogModuleManager: Display: Found up-to-date module file ../../../Engine/Plugins/Blendables/LightPropagationVolume/Binaries/Win64/UE4Editor-LightPropagationVolumeEditor.dll (API version 3709383).
LogModuleManager: Display: Found up-to-date module file ../../../Engine/Plugins/Developer/GitSourceControl/Binaries/Win64/UE4Editor-GitSourceControl.dll (API version 3709383).
LogModuleManager: Display: Found up-to-date module file ../../../Engine/Plugins/Developer/PerforceSourceControl/Binaries/Win64/UE4Editor-PerforceSourceControl.dll (API version 3709383).
LogModuleManager: Display: Found up-to-date module file ../../../Engine/Plugins/Developer/SubversionSourceControl/Binaries/Win64/UE4Editor-SubversionSourceControl.dll (API version 3709383).
LogModuleManager: Display: Found up-to-date module file ../../../Engine/Plugins/Developer/UObjectPlugin/Binaries/Win64/UE4Editor-UObjectPlugin.dll (API version 3709383).
LogModuleManager: Display: Found up-to-date module file ../../../Engine/Plugins/Developer/VisualStudioCodeSourceCodeAccess/Binaries/Win64/UE4Editor-VisualStudioCodeSourceCodeAccess.dll (API version 3709383).
LogModuleManager: Display: Found up-to-date module file ../../../Engine/Plugins/Developer/VisualStudioSourceCodeAccess/Binaries/Win64/UE4Editor-VisualStudioSourceCodeAccess.dll (API version 3709383).
LogModuleManager: Display: Found up-to-date module file ../../../Engine/Plugins/Editor/AssetManagerEditor/Binaries/Win64/UE4Editor-AssetManagerEditor.dll (API version 3709383).
LogModuleManager: Display: Found up-to-date module file ../../../Engine/Plugins/Editor/AudioCapture/Binaries/Win64/UE4Editor-AudioCapture.dll (API version 3709383).
LogModuleManager: Display: Found up-to-date module file ../../../Engine/Plugins/Editor/FacialAnimation/Binaries/Win64/UE4Editor-FacialAnimation.dll (API version 3709383).
LogModuleManager: Display: Found up-to-date module file ../../../Engine/Plugins/Editor/FacialAnimation/Binaries/Win64/UE4Editor-FacialAnimationEditor.dll (API version 3709383).
LogModuleManager: Display: Found up-to-date module file ../../../Engine/Plugins/Editor/GameplayTagsEditor/Binaries/Win64/UE4Editor-GameplayTagsEditor.dll (API version 3709383).
LogModuleManager: Display: Found up-to-date module file ../../../Engine/Plugins/Editor/MobileLauncherProfileWizard/Binaries/Win64/UE4Editor-MobileLauncherProfileWizard.dll (API version 3709383).
LogModuleManager: Display: Found up-to-date module file ../../../Engine/Plugins/Editor/PluginBrowser/Binaries/Win64/UE4Editor-PluginBrowser.dll (API version 3709383).
LogModuleManager: Display: Found up-to-date module file ../../../Engine/Plugins/Editor/SpeedTreeImporter/Binaries/Win64/UE4Editor-SpeedTreeImporter.dll (API version 3709383).
LogModuleManager: Display: Found up-to-date module file ../../../Engine/Plugins/Experimental/AlembicImporter/Binaries/Win64/UE4Editor-AlembicImporter.dll (API version 3709383).
LogModuleManager: Display: Found up-to-date module file ../../../Engine/Plugins/Experimental/AlembicImporter/Binaries/Win64/UE4Editor-AlembicLibrary.dll (API version 3709383).
LogModuleManager: Display: Found up-to-date module file ../../../Engine/Plugins/Experimental/CharacterAI/Binaries/Win64/UE4Editor-CharacterAI.dll (API version 3709383).
LogModuleManager: Display: Found up-to-date module file ../../../Engine/Plugins/Experimental/HTML5Networking/Binaries/Win64/UE4Editor-HTML5Networking.dll (API version 3709383).
LogModuleManager: Display: Found up-to-date module file ../../../Engine/Plugins/Media/AndroidMedia/Binaries/Win64/UE4Editor-AndroidMediaEditor.dll (API version 3709383).
LogModuleManager: Display: Found up-to-date module file ../../../Engine/Plugins/Media/AndroidMedia/Binaries/Win64/UE4Editor-AndroidMediaFactory.dll (API version 3709383).
LogModuleManager: Display: Found up-to-date module file ../../../Engine/Plugins/Media/AvfMedia/Binaries/Win64/UE4Editor-AvfMediaEditor.dll (API version 3709383).
LogModuleManager: Display: Found up-to-date module file ../../../Engine/Plugins/Media/AvfMedia/Binaries/Win64/UE4Editor-AvfMediaFactory.dll (API version 3709383).
LogModuleManager: Display: Found up-to-date module file ../../../Engine/Plugins/Media/AvfMedia/Binaries/Win64/UE4Editor-AvfMediaFactory.dll (API version 3709383).
LogModuleManager: Display: Found up-to-date module file ../../../Engine/Plugins/Media/ImgMedia/Binaries/Win64/UE4Editor-ImgMedia.dll (API version 3709383).
LogModuleManager: Display: Found up-to-date module file ../../../Engine/Plugins/Media/ImgMedia/Binaries/Win64/UE4Editor-ImgMediaEditor.dll (API version 3709383).
LogModuleManager: Display: Found up-to-date module file ../../../Engine/Plugins/Media/ImgMedia/Binaries/Win64/UE4Editor-ImgMediaFactory.dll (API version 3709383).
LogModuleManager: Display: Found up-to-date module file ../../../Engine/Plugins/Media/ImgMedia/Binaries/Win64/UE4Editor-ImgMediaFactory.dll (API version 3709383).
LogModuleManager: Display: Found up-to-date module file ../../../Engine/Plugins/Media/ImgMedia/Binaries/Win64/UE4Editor-OpenExrWrapper.dll (API version 3709383).
LogModuleManager: Display: Found up-to-date module file ../../../Engine/Plugins/Media/MediaCompositing/Binaries/Win64/UE4Editor-MediaCompositing.dll (API version 3709383).
LogModuleManager: Display: Found up-to-date module file ../../../Engine/Plugins/Media/MediaCompositing/Binaries/Win64/UE4Editor-MediaCompositingEditor.dll (API version 3709383).
LogModuleManager: Display: Found up-to-date module file ../../../Engine/Plugins/Media/MediaPlayerEditor/Binaries/Win64/UE4Editor-MediaPlayerEditor.dll (API version 3709383).
LogModuleManager: Display: Found up-to-date module file ../../../Engine/Plugins/Media/WmfMedia/Binaries/Win64/UE4Editor-WmfMedia.dll (API version 3709383).
LogModuleManager: Display: Found up-to-date module file ../../../Engine/Plugins/Media/WmfMedia/Binaries/Win64/UE4Editor-WmfMediaEditor.dll (API version 3709383).
LogModuleManager: Display: Found up-to-date module file ../../../Engine/Plugins/Media/WmfMedia/Binaries/Win64/UE4Editor-WmfMediaFactory.dll (API version 3709383).
LogModuleManager: Display: Found up-to-date module file ../../../Engine/Plugins/Media/WmfMedia/Binaries/Win64/UE4Editor-WmfMediaFactory.dll (API version 3709383).
LogModuleManager: Display: Found up-to-date module file ../../../Engine/Plugins/Messaging/TcpMessaging/Binaries/Win64/UE4Editor-TcpMessaging.dll (API version 3709383).
LogModuleManager: Display: Found up-to-date module file ../../../Engine/Plugins/Messaging/UdpMessaging/Binaries/Win64/UE4Editor-UdpMessaging.dll (API version 3709383).
LogModuleManager: Display: Found up-to-date module file ../../../Engine/Plugins/MovieScene/ActorSequence/Binaries/Win64/UE4Editor-ActorSequence.dll (API version 3709383).
LogModuleManager: Display: Found up-to-date module file ../../../Engine/Plugins/MovieScene/LevelSequenceEditor/Binaries/Win64/UE4Editor-LevelSequenceEditor.dll (API version 3709383).
LogModuleManager: Display: Found up-to-date module file ../../../Engine/Plugins/MovieScene/MatineeToLevelSequence/Binaries/Win64/UE4Editor-MatineeToLevelSequence.dll (API version 3709383).
LogModuleManager: Display: Found up-to-date module file ../../../Engine/Plugins/Online/OnlineSubsystem/Binaries/Win64/UE4Editor-OnlineSubsystem.dll (API version 3709383).
LogModuleManager: Display: Found up-to-date module file ../../../Engine/Plugins/Online/OnlineSubsystemNull/Binaries/Win64/UE4Editor-OnlineSubsystemNull.dll (API version 3709383).
LogModuleManager: Display: Found up-to-date module file ../../../Engine/Plugins/Online/OnlineSubsystemUtils/Binaries/Win64/UE4Editor-OnlineSubsystemUtils.dll (API version 3709383).
LogModuleManager: Display: Found up-to-date module file ../../../Engine/Plugins/Online/OnlineSubsystemUtils/Binaries/Win64/UE4Editor-OnlineBlueprintSupport.dll (API version 3709383).
LogModuleManager: Display: Found up-to-date module file ../../../Engine/Plugins/Runtime/AndroidDeviceProfileSelector/Binaries/Win64/UE4Editor-AndroidDeviceProfileSelector.dll (API version 3709383).
LogModuleManager: Display: Found up-to-date module file ../../../Engine/Plugins/Runtime/AndroidPermission/Binaries/Win64/UE4Editor-AndroidPermission.dll (API version 3709383).
LogModuleManager: Display: Found up-to-date module file ../../../Engine/Plugins/Runtime/AppleARKit/Binaries/Win64/UE4Editor-AppleARKit.dll (API version 3709383).
LogModuleManager: Display: Found up-to-date module file ../../../Engine/Plugins/Runtime/ArchVisCharacter/Binaries/Win64/UE4Editor-ArchVisCharacter.dll (API version 3709383).
LogModuleManager: Display: Found up-to-date module file ../../../Engine/Plugins/Runtime/CableComponent/Binaries/Win64/UE4Editor-CableComponent.dll (API version 3709383).
LogModuleManager: Display: Found up-to-date module file ../../../Engine/Plugins/Runtime/CustomMeshComponent/Binaries/Win64/UE4Editor-CustomMeshComponent.dll (API version 3709383).
LogModuleManager: Display: Found up-to-date module file ../../../Engine/Plugins/Runtime/ExampleDeviceProfileSelector/Binaries/Win64/UE4Editor-ExampleDeviceProfileSelector.dll (API version 3709383).
LogModuleManager: Display: Found up-to-date module file ../../../Engine/Plugins/Runtime/ImmediatePhysics/Binaries/Win64/UE4Editor-ImmediatePhysics.dll (API version 3709383).
LogModuleManager: Display: Found up-to-date module file ../../../Engine/Plugins/Runtime/ImmediatePhysics/Binaries/Win64/UE4Editor-ImmediatePhysicsEditor.dll (API version 3709383).
LogModuleManager: Display: Found up-to-date module file ../../../Engine/Plugins/Runtime/LocationServicesBPLibrary/Binaries/Win64/UE4Editor-LocationServicesBPLibrary.dll (API version 3709383).
LogModuleManager: Display: Found up-to-date module file ../../../Engine/Plugins/Runtime/MobilePatchingUtils/Binaries/Win64/UE4Editor-MobilePatchingUtils.dll (API version 3709383).
LogModuleManager: Display: Found up-to-date module file ../../../Engine/Plugins/Runtime/Oculus/OculusVR/Binaries/Win64/UE4Editor-OculusHMD.dll (API version 3709383).
LogModuleManager: Display: Found up-to-date module file ../../../Engine/Plugins/Runtime/Oculus/OculusVR/Binaries/Win64/UE4Editor-OculusInput.dll (API version 3709383).
LogModuleManager: Display: Found up-to-date module file ../../../Engine/Plugins/Runtime/Oculus/OculusVR/Binaries/Win64/UE4Editor-OculusEditor.dll (API version 3709383).
LogModuleManager: Display: Found up-to-date module file ../../../Engine/Plugins/Runtime/PhysXVehicles/Binaries/Win64/UE4Editor-PhysXVehicles.dll (API version 3709383).
LogModuleManager: Display: Found up-to-date module file ../../../Engine/Plugins/Runtime/PhysXVehicles/Binaries/Win64/UE4Editor-PhysXVehiclesEditor.dll (API version 3709383).
LogModuleManager: Display: Found up-to-date module file ../../../Engine/Plugins/Runtime/ProceduralMeshComponent/Binaries/Win64/UE4Editor-ProceduralMeshComponent.dll (API version 3709383).
LogModuleManager: Display: Found up-to-date module file ../../../Engine/Plugins/Runtime/ProceduralMeshComponent/Binaries/Win64/UE4Editor-ProceduralMeshComponentEditor.dll (API version 3709383).
LogModuleManager: Display: Found up-to-date module file ../../../Engine/Plugins/Runtime/RuntimePhysXCooking/Binaries/Win64/UE4Editor-RuntimePhysXCooking.dll (API version 3709383).
LogModuleManager: Display: Found up-to-date module file ../../../Engine/Plugins/Runtime/Steam/SteamVR/Binaries/Win64/UE4Editor-SteamVR.dll (API version 3709383).
LogModuleManager: Display: Found up-to-date module file ../../../Engine/Plugins/Runtime/Steam/SteamVR/Binaries/Win64/UE4Editor-SteamVRController.dll (API version 3709383).
LogModuleManager: Display: Found up-to-date module file ../../../Engine/Plugins/Runtime/WindowsMoviePlayer/Binaries/Win64/UE4Editor-WindowsMoviePlayer.dll (API version 3709383).
LogInit: Using libcurl 7.47.1
LogInit:  - built for x86_64-pc-win32
LogInit:  - supports SSL with OpenSSL/1.0.2g
LogInit:  - supports HTTP deflate (compression) using libz 1.2.8
LogInit:  - other features:
LogInit:      CURL_VERSION_SSL
LogInit:      CURL_VERSION_LIBZ
LogInit:      CURL_VERSION_IPV6
LogInit:      CURL_VERSION_ASYNCHDNS
LogInit:      CURL_VERSION_LARGEFILE
LogInit:      CURL_VERSION_IDN
LogInit:  CurlRequestOptions (configurable via config and command line):
LogInit:  - bVerifyPeer = false  - Libcurl will NOT verify peer certificate
LogInit:  - bUseHttpProxy = false  - Libcurl will NOT use HTTP proxy
LogInit:  - bDontReuseConnections = false  - Libcurl will reuse connections
LogInit:  - CertBundlePath = nullptr  - Libcurl will use whatever was configured at build time.
LogInit: Build: ++UE4+Release-4.18-CL-3832480
LogInit: Engine Version: 4.18.3-3832480+++UE4+Release-4.18
LogInit: Compatible Engine Version: 4.18.0-3709383+++UE4+Release-4.18
LogInit: Net CL: 3709383
LogDevObjectVersion: Number of dev versions registered: 16
LogDevObjectVersion:   Dev-Blueprints (B0D832E4-1F89-4F0D-ACCF-7EB736FD4AA2): 10
LogDevObjectVersion:   Dev-Build (E1C64328-A22C-4D53-A36C-8E866417BD8C): 0
LogDevObjectVersion:   Dev-Core (375EC13C-06E4-48FB-B500-84F0262A717E): 2
LogDevObjectVersion:   Dev-Editor (E4B068ED-F494-42E9-A231-DA0B2E46BB41): 20
LogDevObjectVersion:   Dev-Framework (CFFC743F-43B0-4480-9391-14DF171D2073): 30
LogDevObjectVersion:   Dev-Mobile (B02B49B5-BB20-44E9-A304-32B752E40360): 0
LogDevObjectVersion:   Dev-Networking (A4E4105C-59A1-49B5-A7C5-40C4547EDFEE): 0
LogDevObjectVersion:   Dev-Online (39C831C9-5AE6-47DC-9A44-9C173E1C8E7C): 0
LogDevObjectVersion:   Dev-Physics (78F01B33-EBEA-4F98-B9B4-84EACCB95AA2): 0
LogDevObjectVersion:   Dev-Platform (6631380F-2D4D-43E0-8009-CF276956A95A): 0
LogDevObjectVersion:   Dev-Rendering (12F88B9F-8875-4AFC-A67C-D90C383ABD29): 20
LogDevObjectVersion:   Dev-Sequencer (7B5AE74C-D270-4C10-A958-57980B212A5A): 4
LogDevObjectVersion:   Dev-VR (D7296918-1DD6-4BDD-9DE2-64A83CC13884): 0
LogDevObjectVersion:   Dev-LoadTimes (C2A15278-BFE7-4AFE-6C17-90FF531DF755): 1
LogDevObjectVersion:   Private-Geometry (6EACA3D4-40EC-4CC1-B786-8BED09428FC5): 1
LogDevObjectVersion:   Dev-AnimPhys (29E575DD-E0A3-4627-9D10-D276232CDCEA): 12
LogInit: Compiled (64-bit): Jan 12 2018 02:04:55
LogInit: Compiled with Visual C++: 19.00.24215.01
LogInit: Build Configuration: Development
LogInit: Branch Name: ++UE4+Release-4.18
LogInit: Command line:  
LogInit: Base directory: D:/GameDevelopment/Engines/UE_4.18/Engine/Binaries/Win64/
LogInit: Installed Engine Build: 1
LogInit: Presizing for max 8388607 objects, including 0 objects not considered by GC, pre-allocating 0 bytes for permanent pool.
LogInit: Object subsystem initialized
[2020.02.16-22.12.37:014][  0]LogInit: Selected Device Profile: [Windows]
[2020.02.16-22.12.37:014][  0]LogInit: Applying CVar settings loaded from the selected device profile: [Windows]
[2020.02.16-22.12.37:035][  0]LogInit: Computer: DESKTOP-1KTVQO3
[2020.02.16-22.12.37:035][  0]LogInit: User: fuckm
[2020.02.16-22.12.37:035][  0]LogInit: CPU Page size=4096, Cores=4
[2020.02.16-22.12.37:035][  0]LogInit: High frequency timer resolution =10.000000 MHz
[2020.02.16-22.12.37:035][  0]LogMemory: Memory total: Physical=15.9GB (16GB approx)
[2020.02.16-22.12.37:035][  0]LogMemory: Platform Memory Stats for Windows
[2020.02.16-22.12.37:035][  0]LogMemory: Process Physical Memory: 279.33 MB used, 279.33 MB peak
[2020.02.16-22.12.37:035][  0]LogMemory: Process Virtual Memory: 270.94 MB used, 270.94 MB peak
[2020.02.16-22.12.37:035][  0]LogMemory: Physical Memory: 6780.18 MB used,  9501.80 MB free, 16281.98 MB total
[2020.02.16-22.12.37:035][  0]LogMemory: Virtual Memory: 4821.29 MB used,  9501.80 MB free, 134217728.00 MB total
[2020.02.16-22.12.37:327][  0]LogInit: Using OS detected language (en-US).
[2020.02.16-22.12.37:327][  0]LogInit: Using OS detected locale (en-CA).
[2020.02.16-22.12.37:391][  0]LogTextLocalizationManager: No specific localization for 'en-US' exists, so the 'en' localization will be used.
[2020.02.16-22.12.37:867][  0]LogInit: Setting process to per monitor DPI aware
[2020.02.16-22.12.40:407][  0]LogD3D11RHI: D3D11 adapters:
[2020.02.16-22.12.40:870][  0]LogD3D11RHI:    0. 'NVIDIA GeForce GTX 970M' (Feature Level 11_0)
[2020.02.16-22.12.40:870][  0]LogD3D11RHI:       3032/0/8140 MB DedicatedVideo/DedicatedSystem/SharedSystem, Outputs:1, VendorId:0x10de
[2020.02.16-22.12.40:879][  0]LogD3D11RHI:    1. 'Intel(R) HD Graphics 530' (Feature Level 11_0)
[2020.02.16-22.12.40:879][  0]LogD3D11RHI:       128/0/8140 MB DedicatedVideo/DedicatedSystem/SharedSystem, Outputs:0, VendorId:0x8086
[2020.02.16-22.12.40:881][  0]LogD3D11RHI:    2. 'Microsoft Basic Render Driver' (Feature Level 11_0)
[2020.02.16-22.12.40:881][  0]LogD3D11RHI:       0/0/8140 MB DedicatedVideo/DedicatedSystem/SharedSystem, Outputs:0, VendorId:0x1414
[2020.02.16-22.12.40:881][  0]LogD3D11RHI: Chosen D3D11 Adapter: 0
[2020.02.16-22.12.40:917][  0]LogD3D11RHI: Creating new Direct3DDevice
[2020.02.16-22.12.40:917][  0]LogD3D11RHI:     GPU DeviceId: 0x13d8 (for the marketing name, search the web for "GPU Device Id")
[2020.02.16-22.12.40:917][  0]LogWindows: EnumDisplayDevices:
[2020.02.16-22.12.40:917][  0]LogWindows:    0. 'Intel(R) HD Graphics 530' (P:1 D:1)
[2020.02.16-22.12.40:918][  0]LogWindows:    1. 'Intel(R) HD Graphics 530' (P:0 D:0)
[2020.02.16-22.12.40:918][  0]LogWindows:    2. 'Intel(R) HD Graphics 530' (P:0 D:0)
[2020.02.16-22.12.40:918][  0]LogWindows: DebugString: GetVideoDriverDetailsInvalid PrimaryIsNotTheChoosenAdapter GetVideoDriverDetailsInvalid PrimaryIsNotTheChoosenAdapter GetVideoDriverDetailsInvalid PrimaryIsNotTheChoosenAdapter FoundDriverCount:0 
[2020.02.16-22.12.40:918][  0]LogD3D11RHI:     Adapter Name: NVIDIA GeForce GTX 970M
[2020.02.16-22.12.40:918][  0]LogD3D11RHI:   Driver Version: Unknown (internal:Unknown, unified:Unknown)
[2020.02.16-22.12.40:918][  0]LogD3D11RHI:      Driver Date: Unknown
[2020.02.16-22.12.40:918][  0]LogRHI: Texture pool is 2122 MB (70% of 3032 MB)
[2020.02.16-22.12.40:961][  0]LogD3D11RHI: Async texture creation enabled
[2020.02.16-22.12.40:974][  0]LogD3D11RHI: GPU Timing Frequency: 1000.000000 (Debug: 2 1)
[2020.02.16-22.12.40:975][  0]LogShaderCompilers: Guid format shader working directory is -7 characters bigger than the processId version (C:/Users/fuckm/Documents/GitHub/AIbs_Demo/Dialogue_BS/Intermediate/Shaders/WorkingDirectory/2240/).
[2020.02.16-22.12.40:975][  0]LogShaderCompilers: Cleaned the shader compiler working directory 'C:/Users/fuckm/AppData/Local/Temp/UnrealShaderWorkingDir/321AF5E44283A9574D0583ADC0460149/'.
[2020.02.16-22.12.40:975][  0]LogShaderCompilers: Display: Using Local Shader Compiler.
[2020.02.16-22.12.43:486][  0]LogTemp: Display: Loaded TP AllDesktopTargetPlatform
[2020.02.16-22.12.43:538][  0]LogTemp: Display: Loaded TP MacClientTargetPlatform
[2020.02.16-22.12.43:587][  0]LogTemp: Display: Loaded TP MacNoEditorTargetPlatform
[2020.02.16-22.12.43:635][  0]LogTemp: Display: Loaded TP MacServerTargetPlatform
[2020.02.16-22.12.43:692][  0]LogTemp: Display: Loaded TP MacTargetPlatform
[2020.02.16-22.12.43:744][  0]LogTemp: Display: Loaded TP WindowsClientTargetPlatform
[2020.02.16-22.12.43:794][  0]LogTemp: Display: Loaded TP WindowsNoEditorTargetPlatform
[2020.02.16-22.12.43:845][  0]LogTemp: Display: Loaded TP WindowsServerTargetPlatform
[2020.02.16-22.12.43:887][  0]LogTemp: Display: Loaded TP WindowsTargetPlatform
[2020.02.16-22.12.43:936][  0]LogTemp: Display: Loaded TP Android_ASTCTargetPlatform
[2020.02.16-22.12.43:986][  0]LogTemp: Display: Loaded TP Android_ATCTargetPlatform
[2020.02.16-22.12.44:035][  0]LogTemp: Display: Loaded TP Android_DXTTargetPlatform
[2020.02.16-22.12.44:088][  0]LogTemp: Display: Loaded TP Android_ETC1TargetPlatform
[2020.02.16-22.12.44:138][  0]LogTemp: Display: Loaded TP Android_ETC2TargetPlatform
[2020.02.16-22.12.44:252][  0]LogTemp: Display: Loaded TP Android_MultiTargetPlatform
[2020.02.16-22.12.44:252][  0]LogTemp: Display: Loaded TP Android_PVRTCTargetPlatform
[2020.02.16-22.12.44:307][  0]LogTemp: Display: Loaded TP AndroidTargetPlatform
[2020.02.16-22.12.44:342][  0]LogTemp: Display: Loaded TP HTML5TargetPlatform
[2020.02.16-22.12.44:459][  0]LogTemp: Display: Loaded TP IOSTargetPlatform
[2020.02.16-22.12.44:487][  0]LogTemp: Display: Loaded TP TVOSTargetPlatform
[2020.02.16-22.12.44:537][  0]LogTemp: Display: Loaded TP LinuxClientTargetPlatform
[2020.02.16-22.12.44:583][  0]LogTemp: Display: Loaded TP LinuxNoEditorTargetPlatform
[2020.02.16-22.12.44:637][  0]LogTemp: Display: Loaded TP LinuxServerTargetPlatform
[2020.02.16-22.12.44:693][  0]LogTemp: Display: Loaded TP LinuxTargetPlatform
[2020.02.16-22.12.44:693][  0]LogTargetPlatformManager: Display: Building Assets For Windows
[2020.02.16-22.12.45:434][  0]LogDerivedDataCache: Display: Max Cache Size: 512 MB
[2020.02.16-22.12.45:505][  0]LogDerivedDataCache: Loaded boot cache 0.07s 79MB C:/Users/fuckm/AppData/Local/UnrealEngine/4.18/DerivedDataCache/Boot.ddc.
[2020.02.16-22.12.45:506][  0]LogDerivedDataCache: Display: Loaded Boot cache: C:/Users/fuckm/AppData/Local/UnrealEngine/4.18/DerivedDataCache/Boot.ddc
[2020.02.16-22.12.45:506][  0]LogDerivedDataCache: FDerivedDataBackendGraph:  Pak pak cache file C:/Users/fuckm/Documents/GitHub/AIbs_Demo/Dialogue_BS/DerivedDataCache/DDC.ddp not found, will not use a pak cache.
[2020.02.16-22.12.45:506][  0]LogDerivedDataCache: Unable to find inner node Pak for hierarchical cache Hierarchy.
[2020.02.16-22.12.45:506][  0]LogDerivedDataCache: FDerivedDataBackendGraph:  CompressedPak pak cache file C:/Users/fuckm/Documents/GitHub/AIbs_Demo/Dialogue_BS/DerivedDataCache/Compressed.ddp not found, will not use a pak cache.
[2020.02.16-22.12.45:506][  0]LogDerivedDataCache: Unable to find inner node CompressedPak for hierarchical cache Hierarchy.
[2020.02.16-22.12.45:530][  0]LogDerivedDataCache: Display: Pak cache opened for reading ../../../Engine/DerivedDataCache/Compressed.ddp.
[2020.02.16-22.12.45:543][  0]LogDerivedDataCache: Using Local data cache path C:/Users/fuckm/AppData/Local/UnrealEngine/Common/DerivedDataCache: Writable
[2020.02.16-22.12.45:554][  0]LogMaterial: Verifying Global Shaders for PCD3D_SM5
[2020.02.16-22.12.45:554][  0]LogSlate: Using Freetype 2.6.0
[2020.02.16-22.12.45:572][  0]LogSlate: SlateFontCache - WITH_FREETYPE: 1, WITH_HARFBUZZ: 1
[2020.02.16-22.12.45:572][  0]LogSlate: SlateFontCache - WITH_FREETYPE: 1, WITH_HARFBUZZ: 1
[2020.02.16-22.12.48:506][  0]LogInit: Selected Device Profile: [Windows]
[2020.02.16-22.12.48:905][  0]LogSimplygon: Simplygon DLL not present - disabling.
[2020.02.16-22.12.48:950][  0]LogMeshReduction: Using SimplygonSwarm for distributed automatic mesh merging
[2020.02.16-22.12.48:950][  0]LogMeshReduction: Using QuadricMeshReduction for automatic static mesh reduction
[2020.02.16-22.12.48:950][  0]LogMeshReduction: No automatic skeletal mesh reduction module available
[2020.02.16-22.12.48:950][  0]LogMeshReduction: No automatic mesh merging module available
[2020.02.16-22.12.48:950][  0]LogMeshMerging: No automatic mesh merging module available
[2020.02.16-22.12.49:094][  0]LogNetVersion: Dialogue_BS , NetCL: 3709383, EngineNetVer: 2, GameNetVer: 0 (Checksum: 2721781782)
[2020.02.16-22.12.49:521][  0]LogAssetRegistry: FAssetRegistry took 0.0272 seconds to start up
[2020.02.16-22.12.50:554][  0]LogPackageLocalizationCache: Processed 7 localized package path(s) for 2 prioritized culture(s) in 0.077736 seconds
[2020.02.16-22.12.50:559][  0]LogUObjectArray: 35870 objects as part of root set at end of initial load.
[2020.02.16-22.12.50:559][  0]LogUObjectAllocator: 7363704 out of 0 bytes used by permanent object pool.
[2020.02.16-22.12.50:559][  0]LogUObjectArray: CloseDisregardForGC: 0/0 objects in disregard for GC pool
[2020.02.16-22.12.50:612][  0]LogInit: WinSock: version 1.1 (2.2), MaxSocks=32767, MaxUdp=65467
[2020.02.16-22.12.55:176][  0]LogTcpMessaging: Initializing TcpMessaging bridge
[2020.02.16-22.12.55:215][  0]LogUdpMessaging: Initializing bridge on interface 0.0.0.0:0 to multicast group 230.0.0.1:6666.
[2020.02.16-22.12.56:377][  0]LogMaterial: Uniform references updated for custom material expression Custom.
[2020.02.16-22.12.56:906][  0]SourceControl: Source control is disabled
[2020.02.16-22.12.56:906][  0]SourceControl: Source control is disabled
[2020.02.16-22.12.56:956][  0]SourceControl: Source control is disabled
[2020.02.16-22.12.57:007][  0]SourceControl: Source control is disabled
[2020.02.16-22.12.57:808][  0]LogAndroidPermission: UAndroidPermissionCallbackProxy::GetInstance
[2020.02.16-22.12.58:052][  0]LogOcInput: OculusInput pre-init called
[2020.02.16-22.12.58:342][  0]LogEngine: Initializing Engine...
[2020.02.16-22.12.58:345][  0]LogHMD: Failed to initialize OpenVR with code 110
[2020.02.16-22.12.59:069][  0]LogStats: UGameplayTagsManager::ConstructGameplayTagTree: Construct from data asset -  0.000 s
[2020.02.16-22.12.59:069][  0]LogStats: UGameplayTagsManager::ConstructGameplayTagTree: GameplayTagTreeChangedEvent.Broadcast -  0.000 s
[2020.02.16-22.12.59:191][  0]LogAIModule: Creating AISystem for world Untitled
[2020.02.16-22.12.59:222][  0]LogInit: XAudio2 using 'Speakers (Realtek High Definition Audio)' : 6 channels at 48 kHz using 32 bits per sample (channel mask 0x3f)
[2020.02.16-22.12.59:306][  0]LogInit: FAudioDevice initialized.
[2020.02.16-22.12.59:388][  0]LogDerivedDataCache: Saved boot cache 0.08s 79MB C:/Users/fuckm/AppData/Local/UnrealEngine/4.18/DerivedDataCache/Boot.ddc.
[2020.02.16-22.12.59:404][  0]LogInit: Texture streaming: Enabled
[2020.02.16-22.12.59:501][  0]LogEngineSessionManager: EngineSessionManager initialized
[2020.02.16-22.12.59:631][  0]LogInit: Transaction tracking system initialized
[2020.02.16-22.12.59:942][  0]BlueprintLog: New page: Editor Load
[2020.02.16-22.13.00:899][  0]LocalizationService: Localization service is disabled
[2020.02.16-22.13.01:594][  0]LogConsoleResponse: Display: 
[2020.02.16-22.13.02:184][  0]LogCook: Display: Max memory allowance for cook 16384mb min free memory 0mb
[2020.02.16-22.13.02:184][  0]LogCook: Display: Mobile HDR setting 1
[2020.02.16-22.13.02:184][  0]LogGameplayTags: Display: UGameplayTagsManager::DoneAddingNativeTags. DelegateIsBound: 0
[2020.02.16-22.13.02:438][  0]LogFileCache: Scanning file cache for directory 'C:/Users/fuckm/Documents/GitHub/AIbs_Demo/Dialogue_BS/Content/' took 0.02s
[2020.02.16-22.13.03:303][  0]SourceControl: Source control is disabled
[2020.02.16-22.13.03:303][  0]Cmd: MAP LOAD FILE="C:/Users/fuckm/Documents/GitHub/AIbs_Demo/Dialogue_BS/Content/ThirdPersonCPP/Maps/ThirdPersonExampleMap.umap" TEMPLATE=0 SHOWPROGRESS=1 FEATURELEVEL=3
[2020.02.16-22.13.03:309][  0]LightingResults: New page: Lighting Build
[2020.02.16-22.13.03:345][  0]MapCheck: New page: Map Check
[2020.02.16-22.13.03:345][  0]LightingResults: New page: Lighting Build
[2020.02.16-22.13.03:884][  0]LogAIModule: Creating AISystem for world ThirdPersonExampleMap
[2020.02.16-22.13.03:902][  0]LogEditorServer: Finished looking for orphan Actors (0.000 secs)
[2020.02.16-22.13.03:914][  0]Cmd: MAP CHECKDEP NOCLEARLOG
[2020.02.16-22.13.03:960][  0]MapCheck: Map check complete: 0 Error(s), 0 Warning(s), took 46.419ms to complete.
[2020.02.16-22.13.03:961][  0]LogFileHelpers: Loading map 'ThirdPersonExampleMap' took 0.658
[2020.02.16-22.13.04:162][  0]LogCollectionManager: Loaded 0 collections in 0.001174 seconds
[2020.02.16-22.13.04:241][  0]LogFileCache: Scanning file cache for directory 'C:/Users/fuckm/Documents/GitHub/AIbs_Demo/Dialogue_BS/Saved/Collections/' took 0.01s
[2020.02.16-22.13.04:241][  0]LogFileCache: Scanning file cache for directory 'C:/Users/fuckm/Documents/GitHub/AIbs_Demo/Dialogue_BS/Content/Developers/fuckm/Collections/' took 0.01s
[2020.02.16-22.13.04:241][  0]LogFileCache: Scanning file cache for directory 'C:/Users/fuckm/Documents/GitHub/AIbs_Demo/Dialogue_BS/Content/Collections/' took 0.01s
[2020.02.16-22.13.04:241][  0]LogCollectionManager: Rebuilt the GUID cache for 0 collections in 0.000000 seconds
[2020.02.16-22.13.04:251][  0]LogContentBrowser: Native class hierarchy populated in 0.0102 seconds. Added 2366 classes and 522 folders.
[2020.02.16-22.13.04:315][  0]LogContentBrowser: Native class hierarchy updated for 'WidgetCarousel' in 0.0010 seconds. Added 0 classes and 0 folders.
[2020.02.16-22.13.04:622][  0]LogContentBrowser: Native class hierarchy updated for 'AddContentDialog' in 0.0012 seconds. Added 0 classes and 0 folders.
[2020.02.16-22.13.04:661][  0]LogContentBrowser: Native class hierarchy updated for 'SceneOutliner' in 0.0009 seconds. Added 1 classes and 2 folders.
[2020.02.16-22.13.04:754][  0]LogContentBrowser: Native class hierarchy updated for 'HierarchicalLODOutliner' in 0.0010 seconds. Added 1 classes and 2 folders.
[2020.02.16-22.13.04:754][  0]LogLoad: (Engine Initialization) Total time: 154.13 seconds
[2020.02.16-22.13.04:754][  0]LogLoad: (Engine Initialization) Total Blueprint compile time: 0.00 seconds
[2020.02.16-22.13.04:754][  0]LogExternalProfiler: No external profilers were discovered.  External profiling features will not be available.
[2020.02.16-22.13.04:785][  0]LogContentStreaming: Texture pool size now 1000 MB
[2020.02.16-22.13.04:792][  0]LogSlate: Took 0.005449 seconds to synchronously load lazily loaded font '../../../Engine/Content/Slate/Fonts/Roboto-Regular.ttf' (155K)
[2020.02.16-22.13.04:799][  0]LogSlate: Took 0.005048 seconds to synchronously load lazily loaded font '../../../Engine/Content/Slate/Fonts/Roboto-Bold.ttf' (160K)
[2020.02.16-22.13.04:811][  0]LogSlate: Took 0.006410 seconds to synchronously load lazily loaded font '../../../Engine/Content/Editor/Slate/Fonts/FontAwesome.ttf' (139K)
[2020.02.16-22.13.04:996][  0]LogSlate: Took 0.004831 seconds to synchronously load lazily loaded font '../../../Engine/Content/Slate/Fonts/Roboto-Light.ttf' (159K)
[2020.02.16-22.13.05:023][  1]LogAssetRegistry: Asset discovery search completed in 15.5255 seconds
[2020.02.16-22.13.05:025][  1]LogCollectionManager: Rebuilt the object cache for 0 collections in 0.000000 seconds (found 0 objects)
[2020.02.16-22.13.05:025][  1]LogCollectionManager: Fixed up redirectors for 0 collections in 0.000053 seconds (updated 0 objects)
[2020.02.16-22.13.05:055][  2]LogRenderer: Reallocating scene render targets to support 904x484 Format 10 NumSamples 1 (Frame:1).
[2020.02.16-22.13.20:816][862]LogSlate: Took 0.000141 seconds to synchronously load lazily loaded font '../../../Engine/Content/Slate/Fonts/Roboto-Light.ttf' (159K)
[2020.02.16-22.14.23:994][811]LogSlate: Took 0.008061 seconds to synchronously load lazily loaded font '../../../Engine/Content/Editor/Slate/Fonts/Roboto-BoldCondensed.ttf' (158K)
[2020.02.16-22.14.48:222][690]Candidate modules for hot reload:
[2020.02.16-22.14.48:222][690]  Dialogue_BS
[2020.02.16-22.14.48:222][690]Launching UnrealBuildTool... [D:/GameDevelopment/Engines/UE_4.18/Engine/Binaries/DotNET/UnrealBuildTool.exe Dialogue_BS -ModuleWithSuffix Dialogue_BS 3608 Win64 Development -editorrecompile -canskiplink "C:/Users/fuckm/Documents/GitHub/AIbs_Demo/Dialogue_BS/Dialogue_BS.uproject" ]
[2020.02.16-22.14.48:227][690]Warning: Starting HotReload took  0.0s.
[2020.02.16-22.14.49:216][792]CompilerResultsLog: New page: Compilation - Feb 16, 2020, 12:14:49 PM
[2020.02.16-22.14.49:216][792]CompilerResultsLog: Using 'git status' to determine working set for adaptive non-unity build.
[2020.02.16-22.14.49:216][792]CompilerResultsLog: Compiling game modules for hot reload
[2020.02.16-22.14.49:216][792]CompilerResultsLog: Target is up to date
[2020.02.16-22.14.49:216][792]CompilerResultsLog: Total build time: 0.69 seconds (NoActionsToExecute executor: 0.00 seconds)
[2020.02.16-22.14.49:216][792]LogMainFrame: MainFrame: Module compiling took 1.000 seconds
[2020.02.16-22.14.49:243][792]LogContentBrowser: Native class hierarchy populated in 0.0133 seconds. Added 2368 classes and 526 folders.
[2020.02.16-22.14.49:243][792]Display: HotReload took  1.0s.
[2020.02.16-22.15.37:360][497]MapCheck: New page: Map Check
[2020.02.16-22.15.37:684][497]Cmd: MAP REBUILD ALLVISIBLE
[2020.02.16-22.15.37:684][497]LogEditorServer: Rebuildmap Clear paths rebuilt
[2020.02.16-22.15.37:885][497]LogMaterial: Missing cached shader map for material FDebugViewModeMaterialProxy WorldGridMaterial, compiling. Is special engine material.
[2020.02.16-22.15.37:894][497]LogMaterial: Missing cached shader map for material FDebugViewModeMaterialProxy MaterialInstanceDynamic_1, compiling. 
[2020.02.16-22.15.37:900][497]LogMaterial: Missing cached shader map for material FDebugViewModeMaterialProxy HelpActorMaterial, compiling. 
[2020.02.16-22.15.37:906][497]LogMaterial: Missing cached shader map for material FDebugViewModeMaterialProxy RampMaterial, compiling. 
[2020.02.16-22.15.37:912][497]LogMaterial: Missing cached shader map for material FDebugViewModeMaterialProxy CubeMaterial, compiling. 
[2020.02.16-22.15.37:920][497]LogMaterial: Missing cached shader map for material FDebugViewModeMaterialProxy DefaultTextMaterialOpaque, compiling. 
[2020.02.16-22.15.37:928][497]LogMaterial: Missing cached shader map for material FDebugViewModeMaterialProxy M_Wood_Floor_Walnut_Polished, compiling. 
[2020.02.16-22.15.37:935][497]LogMaterial: Missing cached shader map for material FDebugViewModeMaterialProxy M_Basic_Wall, compiling. 
[2020.02.16-22.15.37:942][497]LogMaterial: Missing cached shader map for material FDebugViewModeMaterialProxy M_UE4Man_Body, compiling. 
[2020.02.16-22.15.37:956][497]LogMaterial: Missing cached shader map for material FDebugViewModeMaterialProxy M_UE4Man_ChestLogo, compiling. 
[2020.02.16-22.15.37:968][497]LogMaterial: Missing cached shader map for material FDebugViewModeMaterialProxy MatineeCam_mat, compiling. 
[2020.02.16-22.15.39:035][497]TextureStreamingBuild: Display: Compiling optional shaders took 1.160 seconds.
[2020.02.16-22.15.39:116][497]LogLevel: Display: Export Material TexCoord Scales took 0.082 seconds.
[2020.02.16-22.15.39:180][497]TextureStreamingBuild: Display: Build Texture Streaming took 0.062 seconds.
[2020.02.16-22.15.39:208][497]LightingResults: New page: Lighting Build - Feb 16, 2020, 12:15:39 PM
[2020.02.16-22.15.39:353][497]LogSwarmInterface: [OpenConnection] Registering TCP channel ...
[2020.02.16-22.15.39:609][497]LogSwarmInterface: [OpenConnection] Connecting to agent ...
[2020.02.16-22.15.39:628][497]LogSwarmInterface: [TryOpenConnection] Testing the Agent
[2020.02.16-22.15.40:643][497]LogSwarmInterface: [TryOpenConnection] Opening Connection to Agent
[2020.02.16-22.15.40:643][497]LogSwarmInterface: [TryOpenConnection] Local Process ID is 2240
[2020.02.16-22.15.47:439][497]LogStaticLightingSystem: Running Lightmass w/ ImmediateImport mode ENABLED
[2020.02.16-22.15.47:439][497]LogStaticLightingSystem: Running Lightmass w/ ImmediateProcess mode ENABLED
[2020.02.16-22.15.47:439][497]LogStaticLightingSystem: Running Lightmass w/ Sorting mode ENABLED
[2020.02.16-22.15.47:439][497]LogStaticLightingSystem: Running Lightmass w/ Mapping paddings ENABLED
[2020.02.16-22.15.47:439][497]LogStaticLightingSystem: Running Lightmass w/ Mapping debug paddings DISABLED
[2020.02.16-22.15.47:647][497]Cmd: MAP CHECK DONTDISPLAYDIALOG
[2020.02.16-22.15.47:648][497]MapCheck: New page: ThirdPersonExampleMap - Feb 16, 2020, 12:15:47 PM
[2020.02.16-22.15.47:661][497]MapCheck: Error: WorldInfo_0 Maps need lighting rebuilt 
[2020.02.16-22.15.47:710][497]MapCheck: Map check complete: 1 Error(s), 0 Warning(s), took 62.527ms to complete.
[2020.02.16-22.15.47:734][497]LogEditorBuildUtils: Build time 0:10
[2020.02.16-22.15.47:882][498]LogMaterial: Missing cached shader map for material FLightmassMaterialRenderer M_Wood_Floor_Walnut_Polished, compiling. 
[2020.02.16-22.15.47:892][498]LogMaterial: Missing cached shader map for material FLightmassMaterialRenderer M_Wood_Floor_Walnut_Polished, compiling. 
[2020.02.16-22.15.47:928][499]LogMaterial: Missing cached shader map for material FLightmassMaterialRenderer M_Basic_Wall, compiling. 
[2020.02.16-22.15.47:938][499]LogMaterial: Missing cached shader map for material FLightmassMaterialRenderer M_Basic_Wall, compiling. 
[2020.02.16-22.15.52:312][772]Job is a success!
[2020.02.16-22.15.52:487][773]LogVolumetricLightmapImport: Imported Volumetric Lightmap in 0.082s
[2020.02.16-22.15.52:487][773]LogVolumetricLightmapImport:      Indirection Texture 32x32x32 = 0.1Mb
[2020.02.16-22.15.52:487][773]LogVolumetricLightmapImport:      BrickData 405x5x5 = 0.3Mb
[2020.02.16-22.15.52:487][773]LogVolumetricLightmapImport:      Bricks at Level
[2020.02.16-22.15.52:488][773]LogVolumetricLightmapImport:          0: 9.9% covering 100.0% of volume
[2020.02.16-22.15.52:488][773]LogVolumetricLightmapImport:          1: 7.4% covering 1.2% of volume
[2020.02.16-22.15.52:488][773]LogVolumetricLightmapImport:          2: 82.7% covering 0.2% of volume
[2020.02.16-22.15.52:858][773]LogTexture: Display: Building textures: SkyOcclusion1_1 (AutoDXT, 1024X512)
[2020.02.16-22.15.52:858][773]LogTexture: Display: Building textures: HQ_Lightmap1_1 (AutoDXT, 1024X1024)
[2020.02.16-22.15.52:858][773]LogTexture: Display: Building textures: LQ_Lightmap_1_1 (DXT1, 1024X1024)
[2020.02.16-22.15.52:858][773]LogTexture: Display: Building textures: SkyOcclusion1_2 (AutoDXT, 512X256)
[2020.02.16-22.15.52:858][773]LogTexture: Display: Building textures: HQ_Lightmap1_2 (AutoDXT, 512X512)
[2020.02.16-22.15.52:858][773]LogTexture: Display: Building textures: LQ_Lightmap_1_2 (DXT1, 512X512)
[2020.02.16-22.15.52:858][773]LogTexture: Display: Building textures: SkyOcclusion1_3 (AutoDXT, 64X32)
[2020.02.16-22.15.52:858][773]LogTexture: Display: Building textures: HQ_Lightmap1_3 (AutoDXT, 64X64)
[2020.02.16-22.15.52:858][773]LogTexture: Display: Building textures: LQ_Lightmap_1_3 (DXT1, 64X64)
[2020.02.16-22.15.52:916][773]LogTexture: Display: Building textures: ShadowMapTexture2D_4 (G8, 32X32)
[2020.02.16-22.15.52:916][773]LogTexture: Display: Building textures: ShadowMapTexture2D_3 (BGRA8, 1024X128)
[2020.02.16-22.15.52:916][773]LogTexture: Display: Building textures: ShadowMapTexture2D_2 (BGRA8, 256X512)
[2020.02.16-22.15.52:958][773]Lightmass on DESKTOP-1KTVQO3: 3.44 sec total, 278 ms importing, 30 ms setup, 506 ms photons, 2.60 sec processing, 0 ms extra exporting [48/48 mappings]. Threads: 18.0 sec total, 6.60 sec processing.
[2020.02.16-22.15.53:030][773]LogStaticLightingSystem: Illumination: 13.7 sec (313 ms encoding lightmaps, 51 ms encoding shadowmaps)
[2020.02.16-22.15.53:031][773]LogStaticLightingSystem: Lightmap texture memory:  3.3 MB (0.7 MB streaming, 2.7 MB non-streaming), 6 textures
[2020.02.16-22.15.53:031][773]LogStaticLightingSystem: Shadowmap texture memory: 1.3 MB (0.7 MB streaming, 0.7 MB non-streaming), 3 textures
[2020.02.16-22.15.53:406][773]DumpUnbuiltLightIteractions
[2020.02.16-22.15.53:406][773]Lights with unbuilt interactions: 0
[2020.02.16-22.15.53:406][773]
[2020.02.16-22.15.53:406][773]Primitives with unbuilt interactions: 0
[2020.02.16-22.15.53:414][774]Cmd: MAP CHECK NOTIFYRESULTS
[2020.02.16-22.15.53:414][774]MapCheck: New page: ThirdPersonExampleMap - Feb 16, 2020, 12:15:53 PM
[2020.02.16-22.15.53:468][774]MapCheck: Map check complete: 0 Error(s), 0 Warning(s), took 54.366ms to complete.
[2020.02.16-22.19.40:402][106]Cmd: QUIT_EDITOR
[2020.02.16-22.19.40:421][106]LogWindowsTextInputMethodSystem: Display: IME system now deactivated.
[2020.02.16-22.19.40:436][106]LogExit: Preparing to exit.
[2020.02.16-22.19.41:475][106]LogExit: Editor shut down
[2020.02.16-22.19.41:479][106]LogExit: Transaction tracking system shut down
[2020.02.16-22.19.41:556][106]LogDirectoryWatcher: A directory notification for '../../../Engine/Content/' was aborted.
[2020.02.16-22.19.41:556][106]LogDirectoryWatcher: A directory notification for 'C:/Users/fuckm/Documents/GitHub/AIbs_Demo/Dialogue_BS/Content/' was aborted.
[2020.02.16-22.19.41:556][106]LogDirectoryWatcher: A directory notification for '../../../Engine/Plugins/2D/Paper2D/Content/' was aborted.
[2020.02.16-22.19.41:556][106]LogDirectoryWatcher: A directory notification for '../../../Engine/Plugins/Media/MediaCompositing/Content/' was aborted.
[2020.02.16-22.19.41:556][106]LogDirectoryWatcher: A directory notification for '../../../Engine/Plugins/Runtime/AppleARKit/Content/' was aborted.
[2020.02.16-22.19.41:556][106]LogDirectoryWatcher: A directory notification for '../../../Engine/Plugins/Runtime/Oculus/OculusVR/Content/' was aborted.
[2020.02.16-22.19.41:556][106]LogDirectoryWatcher: A directory notification for '../../../Engine/Plugins/Runtime/Steam/SteamVR/Content/' was aborted.
[2020.02.16-22.19.41:604][106]LogExit: Object subsystem successfully closed.
[2020.02.16-22.19.41:625][106]LogD3D11RHI: Shutdown
[2020.02.16-22.19.41:625][106]LogD3D11RHI: CleanupD3DDevice
[2020.02.16-22.19.41:628][106]LogD3D11RHI: ~FD3D11DynamicRHI
[2020.02.16-22.19.41:640][106]LogModuleManager: Shutting down and abandoning module HierarchicalLODUtilities (552)
[2020.02.16-22.19.41:640][106]LogModuleManager: Shutting down and abandoning module HierarchicalLODOutliner (550)
[2020.02.16-22.19.41:640][106]LogModuleManager: Shutting down and abandoning module SceneOutliner (548)
[2020.02.16-22.19.41:640][106]LogModuleManager: Shutting down and abandoning module AddContentDialog (546)
[2020.02.16-22.19.41:640][106]LogDirectoryWatcher: A directory notification for 'D:/GameDevelopment/Engines/UE_4.18/FeaturePacks/' was aborted.
[2020.02.16-22.19.41:641][106]LogModuleManager: Shutting down and abandoning module WidgetCarousel (545)
[2020.02.16-22.19.41:641][106]LogModuleManager: Shutting down and abandoning module EditorWidgets (542)
[2020.02.16-22.19.41:641][106]LogModuleManager: Shutting down and abandoning module CollectionManager (540)
[2020.02.16-22.19.41:641][106]LogDirectoryWatcher: A directory notification for 'C:/Users/fuckm/Documents/GitHub/AIbs_Demo/Dialogue_BS/Content/Collections/' was aborted.
[2020.02.16-22.19.41:641][106]LogDirectoryWatcher: A directory notification for 'C:/Users/fuckm/Documents/GitHub/AIbs_Demo/Dialogue_BS/Content/Developers/fuckm/Collections/' was aborted.
[2020.02.16-22.19.41:641][106]LogDirectoryWatcher: A directory notification for 'C:/Users/fuckm/Documents/GitHub/AIbs_Demo/Dialogue_BS/Saved/Collections/' was aborted.
[2020.02.16-22.19.41:641][106]LogModuleManager: Shutting down and abandoning module StatsViewer (538)
[2020.02.16-22.19.41:641][106]LogModuleManager: Shutting down and abandoning module FoliageEdit (536)
[2020.02.16-22.19.41:641][106]LogModuleManager: Shutting down and abandoning module LandscapeEditor (534)
[2020.02.16-22.19.41:641][106]LogModuleManager: Shutting down and abandoning module MeshPaintMode (532)
[2020.02.16-22.19.41:641][106]LogModuleManager: Shutting down and abandoning module SceneDepthPickerMode (530)
[2020.02.16-22.19.41:641][106]LogModuleManager: Shutting down and abandoning module ActorPickerMode (528)
[2020.02.16-22.19.41:641][106]LogModuleManager: Shutting down and abandoning module GeometryMode (526)
[2020.02.16-22.19.41:641][106]LogModuleManager: Shutting down and abandoning module TextureAlignMode (524)
[2020.02.16-22.19.41:641][106]LogModuleManager: Shutting down and abandoning module BspMode (522)
[2020.02.16-22.19.41:641][106]LogModuleManager: Shutting down and abandoning module PIEPreviewDeviceProfileSelector (520)
[2020.02.16-22.19.41:641][106]LogModuleManager: Shutting down and abandoning module HardwareSurvey (518)
[2020.02.16-22.19.41:641][106]LogModuleManager: Shutting down and abandoning module SequenceRecorderSections (516)
[2020.02.16-22.19.41:642][106]LogModuleManager: Shutting down and abandoning module AutomationWorker (514)
[2020.02.16-22.19.41:642][106]LogModuleManager: Shutting down and abandoning module MatineeToLevelSequence (512)
[2020.02.16-22.19.41:642][106]LogModuleManager: Shutting down and abandoning module LevelSequenceEditor (510)
[2020.02.16-22.19.41:642][106]LogModuleManager: Shutting down and abandoning module PlacementMode (509)
[2020.02.16-22.19.41:642][106]LogModuleManager: Shutting down and abandoning module WmfMediaFactory (506)
[2020.02.16-22.19.41:642][106]LogModuleManager: Shutting down and abandoning module WmfMediaEditor (504)
[2020.02.16-22.19.41:642][106]LogModuleManager: Shutting down and abandoning module OpenExrWrapper (502)
[2020.02.16-22.19.41:642][106]LogModuleManager: Shutting down and abandoning module ImgMediaFactory (500)
[2020.02.16-22.19.41:642][106]LogModuleManager: Shutting down and abandoning module ImgMediaEditor (498)
[2020.02.16-22.19.41:642][106]LogModuleManager: Shutting down and abandoning module AvfMediaFactory (496)
[2020.02.16-22.19.41:642][106]LogModuleManager: Shutting down and abandoning module AvfMediaEditor (494)
[2020.02.16-22.19.41:642][106]LogModuleManager: Shutting down and abandoning module AndroidMediaFactory (492)
[2020.02.16-22.19.41:642][106]LogModuleManager: Shutting down and abandoning module AndroidMediaEditor (490)
[2020.02.16-22.19.41:642][106]LogModuleManager: Shutting down and abandoning module CharacterAI (488)
[2020.02.16-22.19.41:642][106]LogModuleManager: Shutting down and abandoning module AudioCapture (486)
[2020.02.16-22.19.41:642][106]LogModuleManager: Shutting down and abandoning module SequenceRecorder (485)
[2020.02.16-22.19.41:642][106]LogModuleManager: Shutting down and abandoning module SmartSnapping (482)
[2020.02.16-22.19.41:642][106]LogModuleManager: Shutting down and abandoning module SessionServices (480)
[2020.02.16-22.19.41:642][106]LogModuleManager: Shutting down and abandoning module ViewportSnapping (478)
[2020.02.16-22.19.41:642][106]LogModuleManager: Shutting down and abandoning module ViewportInteraction (476)
[2020.02.16-22.19.41:642][106]LogModuleManager: Shutting down and abandoning module ClothPainter (474)
[2020.02.16-22.19.41:642][106]LogModuleManager: Shutting down and abandoning module SkeletalMeshEditor (473)
[2020.02.16-22.19.41:642][106]LogModuleManager: Shutting down and abandoning module LogVisualizer (470)
[2020.02.16-22.19.41:642][106]LogModuleManager: Shutting down and abandoning module IntroTutorials (468)
[2020.02.16-22.19.41:642][106]LogModuleManager: Shutting down and abandoning module GameProjectGeneration (467)
[2020.02.16-22.19.41:642][106]LogModuleManager: Shutting down and abandoning module IOSPlatformEditor (464)
[2020.02.16-22.19.41:642][106]LogModuleManager: Shutting down and abandoning module HTML5PlatformEditor (462)
[2020.02.16-22.19.41:642][106]LogModuleManager: Shutting down and abandoning module AndroidPlatformEditor (460)
[2020.02.16-22.19.41:642][106]LogModuleManager: Shutting down and abandoning module AndroidDeviceDetection (459)
[2020.02.16-22.19.42:481][106]LogModuleManager: Shutting down and abandoning module WindowsPlatformEditor (456)
[2020.02.16-22.19.42:481][106]LogModuleManager: Shutting down and abandoning module IOSRuntimeSettings (454)
[2020.02.16-22.19.42:481][106]LogModuleManager: Shutting down and abandoning module AndroidRuntimeSettings (452)
[2020.02.16-22.19.42:481][106]LogModuleManager: Shutting down and abandoning module InputBindingEditor (450)
[2020.02.16-22.19.42:481][106]LogModuleManager: Shutting down and abandoning module MergeActors (448)
[2020.02.16-22.19.42:481][106]LogModuleManager: Shutting down and abandoning module SizeMap (446)
[2020.02.16-22.19.42:481][106]LogModuleManager: Shutting down and abandoning module TreeMap (444)
[2020.02.16-22.19.42:481][106]LogModuleManager: Shutting down and abandoning module ReferenceViewer (442)
[2020.02.16-22.19.42:481][106]LogModuleManager: Shutting down and abandoning module LocalizationDashboard (440)
[2020.02.16-22.19.42:482][106]LogModuleManager: Shutting down and abandoning module LocalizationService (439)
[2020.02.16-22.19.42:482][106]LogModuleManager: Shutting down and abandoning module HardwareTargeting (436)
[2020.02.16-22.19.42:482][106]LogModuleManager: Shutting down and abandoning module DeviceProfileEditor (434)
[2020.02.16-22.19.42:482][106]LogModuleManager: Shutting down and abandoning module UndoHistory (432)
[2020.02.16-22.19.42:482][106]LogModuleManager: Shutting down and abandoning module XmlParser (430)
[2020.02.16-22.19.42:482][106]LogModuleManager: Shutting down and abandoning module Blutility (428)
[2020.02.16-22.19.42:482][106]LogModuleManager: Shutting down and abandoning module ProjectSettingsViewer (426)
[2020.02.16-22.19.42:482][106]LogModuleManager: Shutting down and abandoning module ProjectTargetPlatformEditor (425)
[2020.02.16-22.19.42:482][106]LogModuleManager: Shutting down and abandoning module EditorSettingsViewer (422)
[2020.02.16-22.19.42:482][106]LogModuleManager: Shutting down and abandoning module SettingsEditor (420)
[2020.02.16-22.19.42:482][106]LogModuleManager: Shutting down and abandoning module ProjectLauncher (418)
[2020.02.16-22.19.42:482][106]LogModuleManager: Shutting down and abandoning module SessionFrontend (416)
[2020.02.16-22.19.42:482][106]LogModuleManager: Shutting down and abandoning module ProfilerClient (414)
[2020.02.16-22.19.42:482][106]LogModuleManager: Shutting down and abandoning module DeviceManager (412)
[2020.02.16-22.19.42:482][106]LogModuleManager: Shutting down and abandoning module TargetDeviceServices (411)
[2020.02.16-22.19.42:548][106]LogModuleManager: Shutting down and abandoning module AutomationController (408)
[2020.02.16-22.19.42:548][106]LogModuleManager: Shutting down and abandoning module AutomationWindow (406)
[2020.02.16-22.19.42:548][106]LogModuleManager: Shutting down and abandoning module Layers (404)
[2020.02.16-22.19.42:548][106]LogModuleManager: Shutting down and abandoning module ComponentVisualizers (402)
[2020.02.16-22.19.42:548][106]LogModuleManager: Shutting down and abandoning module DetailCustomizations (400)
[2020.02.16-22.19.42:548][106]LogModuleManager: Shutting down and abandoning module PackagesDialog (398)
[2020.02.16-22.19.42:548][106]LogModuleManager: Shutting down and abandoning module Persona (396)
[2020.02.16-22.19.42:548][106]LogModuleManager: Shutting down and abandoning module AdvancedPreviewScene (395)
[2020.02.16-22.19.42:548][106]LogModuleManager: Shutting down and abandoning module AnimGraph (393)
[2020.02.16-22.19.42:548][106]LogModuleManager: Shutting down and abandoning module Kismet (390)
[2020.02.16-22.19.42:549][106]LogModuleManager: Shutting down and abandoning module ClassViewer (388)
[2020.02.16-22.19.42:550][106]LogModuleManager: Shutting down and abandoning module Toolbox (386)
[2020.02.16-22.19.42:550][106]LogModuleManager: Shutting down and abandoning module ModuleUI (384)
[2020.02.16-22.19.42:550][106]LogModuleManager: Shutting down and abandoning module MovieSceneTools (382)
[2020.02.16-22.19.42:550][106]LogModuleManager: Shutting down and abandoning module OutputLog (380)
[2020.02.16-22.19.42:550][106]LogModuleManager: Shutting down and abandoning module GammaUI (378)
[2020.02.16-22.19.42:550][106]LogModuleManager: Shutting down and abandoning module Documentation (376)
[2020.02.16-22.19.42:550][106]LogModuleManager: Shutting down and abandoning module MovieSceneTracks (374)
[2020.02.16-22.19.42:550][106]LogModuleManager: Shutting down and abandoning module MovieScene (372)
[2020.02.16-22.19.42:550][106]LogModuleManager: Shutting down and abandoning module StreamingPauseRendering (370)
[2020.02.16-22.19.42:550][106]LogModuleManager: Shutting down and abandoning module LauncherPlatform (368)
[2020.02.16-22.19.42:550][106]LogModuleManager: Shutting down and abandoning module AnalyticsET (366)
[2020.02.16-22.19.42:550][106]LogModuleManager: Shutting down and abandoning module PortalServices (364)
[2020.02.16-22.19.42:550][106]LogModuleManager: Shutting down and abandoning module PortalRpc (362)
[2020.02.16-22.19.42:550][106]LogModuleManager: Shutting down and abandoning module MessagingRpc (360)
[2020.02.16-22.19.42:550][106]LogModuleManager: Shutting down and abandoning module AIModule (358)
[2020.02.16-22.19.42:550][106]LogModuleManager: Shutting down and abandoning module GameplayDebugger (357)
[2020.02.16-22.19.42:550][106]LogModuleManager: Shutting down and abandoning module AITestSuite (355)
[2020.02.16-22.19.42:550][106]LogModuleManager: Shutting down and abandoning module ProfilerService (352)
[2020.02.16-22.19.42:695][106]LogModuleManager: Shutting down and abandoning module TaskGraph (350)
[2020.02.16-22.19.42:695][106]LogModuleManager: Shutting down and abandoning module SteamVRController (348)
[2020.02.16-22.19.42:695][106]LogModuleManager: Shutting down and abandoning module ProceduralMeshComponentEditor (346)
[2020.02.16-22.19.42:696][106]LogModuleManager: Shutting down and abandoning module ProceduralMeshComponent (344)
[2020.02.16-22.19.42:696][106]LogModuleManager: Shutting down and abandoning module OculusInput (342)
[2020.02.16-22.19.42:696][106]LogModuleManager: Shutting down and abandoning module MobilePatchingUtils (340)
[2020.02.16-22.19.42:696][106]LogModuleManager: Shutting down and abandoning module CustomMeshComponent (338)
[2020.02.16-22.19.42:696][106]LogModuleManager: Shutting down and abandoning module CableComponent (336)
[2020.02.16-22.19.42:696][106]LogModuleManager: Shutting down and abandoning module ArchVisCharacter (334)
[2020.02.16-22.19.42:696][106]LogModuleManager: Shutting down and abandoning module AndroidPermission (332)
[2020.02.16-22.19.42:696][106]LogModuleManager: Shutting down and abandoning module ActorSequence (328)
[2020.02.16-22.19.42:696][106]LogModuleManager: Shutting down and abandoning module MediaPlayerEditor (326)
[2020.02.16-22.19.42:696][106]LogModuleManager: Shutting down and abandoning module MediaCompositingEditor (324)
[2020.02.16-22.19.42:696][106]LogModuleManager: Shutting down and abandoning module MediaCompositing (322)
[2020.02.16-22.19.42:696][106]LogModuleManager: Shutting down and abandoning module HTML5Networking (320)
[2020.02.16-22.19.42:696][106]LogModuleManager: Shutting down and abandoning module AlembicImporter (318)
[2020.02.16-22.19.42:696][106]LogModuleManager: Shutting down and abandoning module AlembicLibrary (317)
[2020.02.16-22.19.42:696][106]LogModuleManager: Shutting down and abandoning module GeometryCache (316)
[2020.02.16-22.19.42:696][106]LogModuleManager: Shutting down and abandoning module GeometryCacheEd (315)
[2020.02.16-22.19.42:696][106]LogModuleManager: Shutting down and abandoning module SpeedTreeImporter (310)
[2020.02.16-22.19.42:696][106]LogModuleManager: Shutting down and abandoning module PluginBrowser (308)
[2020.02.16-22.19.42:696][106]LogModuleManager: Shutting down and abandoning module MobileLauncherProfileWizard (306)
[2020.02.16-22.19.42:696][106]LogModuleManager: Shutting down and abandoning module VisualStudioSourceCodeAccess (304)
[2020.02.16-22.19.42:696][106]LogModuleManager: Shutting down and abandoning module VisualStudioCodeSourceCodeAccess (302)
[2020.02.16-22.19.42:696][106]LogModuleManager: Shutting down and abandoning module UObjectPlugin (300)
[2020.02.16-22.19.42:696][106]LogModuleManager: Shutting down and abandoning module SubversionSourceControl (298)
[2020.02.16-22.19.42:696][106]LogModuleManager: Shutting down and abandoning module PerforceSourceControl (296)
[2020.02.16-22.19.42:696][106]LogModuleManager: Shutting down and abandoning module GitSourceControl (294)
[2020.02.16-22.19.42:696][106]LogModuleManager: Shutting down and abandoning module SourceControl (293)
[2020.02.16-22.19.42:696][106]LogModuleManager: Shutting down and abandoning module LightPropagationVolumeEditor (290)
[2020.02.16-22.19.42:696][106]LogModuleManager: Shutting down and abandoning module PaperTiledImporter (288)
[2020.02.16-22.19.42:696][106]LogModuleManager: Shutting down and abandoning module PaperSpriteSheetImporter (286)
[2020.02.16-22.19.42:696][106]LogModuleManager: Shutting down and abandoning module Paper2DEditor (284)
[2020.02.16-22.19.42:696][106]LogModuleManager: Shutting down and abandoning module MeshPaint (283)
[2020.02.16-22.19.42:696][106]LogModuleManager: Shutting down and abandoning module LevelEditor (281)
[2020.02.16-22.19.42:697][106]LogModuleManager: Shutting down and abandoning module PixelInspectorModule (280)
[2020.02.16-22.19.42:697][106]LogModuleManager: Shutting down and abandoning module MainFrame (278)
[2020.02.16-22.19.42:697][106]LogModuleManager: Shutting down and abandoning module HotReload (277)
[2020.02.16-22.19.42:697][106]LogDirectoryWatcher: A directory notification for 'C:/Users/fuckm/Documents/GitHub/AIbs_Demo/Dialogue_BS/Binaries/Win64' was aborted.
[2020.02.16-22.19.42:698][106]LogModuleManager: Shutting down and abandoning module Dialogue_BS (272)
[2020.02.16-22.19.42:698][106]LogModuleManager: Shutting down and abandoning module RuntimePhysXCooking (270)
[2020.02.16-22.19.42:698][106]LogModuleManager: Shutting down and abandoning module PhysXVehiclesEditor (268)
[2020.02.16-22.19.42:698][106]LogModuleManager: Shutting down and abandoning module PhysXVehicles (266)
[2020.02.16-22.19.42:698][106]LogModuleManager: Shutting down and abandoning module OculusEditor (264)
[2020.02.16-22.19.42:698][106]LogModuleManager: Shutting down and abandoning module LocationServicesBPLibrary (262)
[2020.02.16-22.19.42:698][106]LogModuleManager: Shutting down and abandoning module ImmediatePhysicsEditor (260)
[2020.02.16-22.19.42:698][106]LogModuleManager: Shutting down and abandoning module ImmediatePhysics (258)
[2020.02.16-22.19.42:698][106]LogModuleManager: Shutting down and abandoning module UdpMessaging (256)
[2020.02.16-22.19.42:799][106]LogModuleManager: Shutting down and abandoning module TcpMessaging (254)
[2020.02.16-22.19.42:900][106]LogModuleManager: Shutting down and abandoning module GameplayTagsEditor (252)
[2020.02.16-22.19.42:900][106]LogModuleManager: Shutting down and abandoning module FacialAnimationEditor (250)
[2020.02.16-22.19.42:900][106]LogModuleManager: Shutting down and abandoning module FacialAnimation (248)
[2020.02.16-22.19.42:900][106]LogModuleManager: Shutting down and abandoning module AssetManagerEditor (246)
[2020.02.16-22.19.42:900][106]LogModuleManager: Shutting down and abandoning module GraphEditor (245)
[2020.02.16-22.19.42:900][106]LogModuleManager: Shutting down and abandoning module ContentBrowser (243)
[2020.02.16-22.19.42:901][106]LogModuleManager: Shutting down and abandoning module LightPropagationVolumeRuntime (240)
[2020.02.16-22.19.42:901][106]LogModuleManager: Shutting down and abandoning module Paper2D (238)
[2020.02.16-22.19.42:901][106]LogModuleManager: Shutting down and abandoning module WindowsMoviePlayer (236)
[2020.02.16-22.19.42:901][106]LogModuleManager: Shutting down and abandoning module WmfMedia (234)
[2020.02.16-22.19.42:903][106]LogModuleManager: Shutting down and abandoning module ImgMedia (232)
[2020.02.16-22.19.42:903][106]LogModuleManager: Shutting down and abandoning module PacketHandler (230)
[2020.02.16-22.19.42:903][106]LogModuleManager: Shutting down and abandoning module ClothingSystemEditor (228)
[2020.02.16-22.19.42:903][106]LogModuleManager: Shutting down and abandoning module ClothingSystemRuntime (226)
[2020.02.16-22.19.42:903][106]LogModuleManager: Shutting down and abandoning module MediaAssets (224)
[2020.02.16-22.19.42:903][106]LogModuleManager: Shutting down and abandoning module Media (223)
[2020.02.16-22.19.42:909][106]LogModuleManager: Shutting down and abandoning module Overlay (220)
[2020.02.16-22.19.42:909][106]LogModuleManager: Shutting down and abandoning module OverlayEditor (219)
[2020.02.16-22.19.42:909][106]LogModuleManager: Shutting down and abandoning module VREditor (216)
[2020.02.16-22.19.42:909][106]LogModuleManager: Shutting down and abandoning module StringTableEditor (214)
[2020.02.16-22.19.42:909][106]LogModuleManager: Shutting down and abandoning module GameplayTasksEditor (212)
[2020.02.16-22.19.42:909][106]LogModuleManager: Shutting down and abandoning module BehaviorTreeEditor (210)
[2020.02.16-22.19.42:909][106]LogModuleManager: Shutting down and abandoning module FunctionalTesting (208)
[2020.02.16-22.19.42:909][106]LogModuleManager: Shutting down and abandoning module CollisionAnalyzer (206)
[2020.02.16-22.19.42:909][106]LogModuleManager: Shutting down and abandoning module WorkspaceMenuStructure (205)
[2020.02.16-22.19.42:909][106]LogModuleManager: Shutting down and abandoning module UMG (202)
[2020.02.16-22.19.42:910][106]LogModuleManager: Shutting down and abandoning module UMGEditor (201)
[2020.02.16-22.19.42:910][106]LogModuleManager: Shutting down and abandoning module Sequencer (200)
[2020.02.16-22.19.42:910][106]LogModuleManager: Shutting down and abandoning module MessageLog (197)
[2020.02.16-22.19.42:910][106]LogModuleManager: Shutting down and abandoning module SlateReflector (192)
[2020.02.16-22.19.42:910][106]LogModuleManager: Shutting down and abandoning module Slate (190)
[2020.02.16-22.19.42:910][106]LogModuleManager: Shutting down and abandoning module EditorStyle (188)
[2020.02.16-22.19.42:912][106]LogModuleManager: Shutting down and abandoning module MRMesh (186)
[2020.02.16-22.19.42:912][106]LogModuleManager: Shutting down and abandoning module SourceCodeAccess (184)
[2020.02.16-22.19.42:912][106]LogModuleManager: Shutting down and abandoning module HeadMountedDisplay (182)
[2020.02.16-22.19.42:912][106]LogModuleManager: Shutting down and abandoning module XAudio2 (180)
[2020.02.16-22.19.42:912][106]LogModuleManager: Shutting down and abandoning module Networking (178)
[2020.02.16-22.19.42:912][106]LogModuleManager: Shutting down and abandoning module Core (174)
[2020.02.16-22.19.42:912][106]LogModuleManager: Shutting down and abandoning module LevelSequence (170)
[2020.02.16-22.19.42:912][106]LogModuleManager: Shutting down and abandoning module DirectoryWatcher (168)
[2020.02.16-22.19.42:913][106]LogModuleManager: Shutting down and abandoning module KismetCompiler (166)
[2020.02.16-22.19.42:913][106]LogModuleManager: Shutting down and abandoning module MeshUtilities (164)
[2020.02.16-22.19.42:913][106]LogModuleManager: Shutting down and abandoning module MeshMergeUtilities (163)
[2020.02.16-22.19.42:913][106]LogModuleManager: Shutting down and abandoning module MeshReductionInterface (162)
[2020.02.16-22.19.42:913][106]LogModuleManager: Shutting down and abandoning module SimplygonSwarm (161)
[2020.02.16-22.19.42:913][106]LogModuleManager: Shutting down and abandoning module SimplygonMeshReduction (159)
[2020.02.16-22.19.42:913][106]LogModuleManager: Shutting down and abandoning module QuadricMeshReduction (157)
[2020.02.16-22.19.42:913][106]LogModuleManager: Shutting down and abandoning module MaterialBaking (153)
[2020.02.16-22.19.42:913][106]LogModuleManager: Shutting down and abandoning module DerivedDataCache (150)
[2020.02.16-22.19.43:008][106]LogDerivedDataCache: Shutdown
[2020.02.16-22.19.43:008][106]LogModuleManager: Shutting down and abandoning module TargetPlatform (148)
[2020.02.16-22.19.43:008][106]LogModuleManager: Shutting down and abandoning module VulkanShaderFormat (147)
[2020.02.16-22.19.43:008][106]LogModuleManager: Shutting down and abandoning module ShaderFormatVectorVM (145)
[2020.02.16-22.19.43:008][106]LogModuleManager: Shutting down and abandoning module ShaderFormatOpenGL (143)
[2020.02.16-22.19.43:008][106]LogModuleManager: Shutting down and abandoning module ShaderFormatD3D (141)
[2020.02.16-22.19.43:008][106]LogModuleManager: Shutting down and abandoning module MetalShaderFormat (139)
[2020.02.16-22.19.43:008][106]LogModuleManager: Shutting down and abandoning module TextureFormatUncompressed (137)
[2020.02.16-22.19.43:008][106]LogModuleManager: Shutting down and abandoning module TextureFormatPVR (135)
[2020.02.16-22.19.43:008][106]LogModuleManager: Shutting down and abandoning module TextureFormatDXT (133)
[2020.02.16-22.19.43:008][106]LogModuleManager: Shutting down and abandoning module TextureFormatIntelISPCTexComp (131)
[2020.02.16-22.19.43:008][106]LogModuleManager: Shutting down and abandoning module TextureFormatASTC (129)
[2020.02.16-22.19.43:008][106]LogModuleManager: Shutting down and abandoning module ImageWrapper (128)
[2020.02.16-22.19.43:008][106]LogModuleManager: Shutting down and abandoning module TextureFormatAndroid (125)
[2020.02.16-22.19.43:008][106]LogModuleManager: Shutting down and abandoning module AudioFormatOpus (123)
[2020.02.16-22.19.43:008][106]LogModuleManager: Shutting down and abandoning module AudioFormatOgg (121)
[2020.02.16-22.19.43:008][106]LogModuleManager: Shutting down and abandoning module AudioFormatADPCM (119)
[2020.02.16-22.19.43:008][106]LogModuleManager: Shutting down and abandoning module LinuxTargetPlatform (117)
[2020.02.16-22.19.43:008][106]LogModuleManager: Shutting down and abandoning module LinuxServerTargetPlatform (115)
[2020.02.16-22.19.43:008][106]LogModuleManager: Shutting down and abandoning module LinuxNoEditorTargetPlatform (113)
[2020.02.16-22.19.43:008][106]LogModuleManager: Shutting down and abandoning module LinuxClientTargetPlatform (111)
[2020.02.16-22.19.43:008][106]LogModuleManager: Shutting down and abandoning module TVOSTargetPlatform (109)
[2020.02.16-22.19.43:008][106]LogModuleManager: Shutting down and abandoning module Messaging (107)
[2020.02.16-22.19.43:008][106]LogModuleManager: Shutting down and abandoning module IOSTargetPlatform (105)
[2020.02.16-22.19.43:008][106]LogModuleManager: Shutting down and abandoning module HTML5TargetPlatform (103)
[2020.02.16-22.19.43:008][106]LogModuleManager: Shutting down and abandoning module AndroidTargetPlatform (101)
[2020.02.16-22.19.43:008][106]LogModuleManager: Shutting down and abandoning module Android_PVRTCTargetPlatform (99)
[2020.02.16-22.19.43:008][106]LogModuleManager: Shutting down and abandoning module Android_MultiTargetPlatform (97)
[2020.02.16-22.19.43:008][106]LogModuleManager: Shutting down and abandoning module Android_ETC2TargetPlatform (95)
[2020.02.16-22.19.43:008][106]LogModuleManager: Shutting down and abandoning module Android_ETC1TargetPlatform (93)
[2020.02.16-22.19.43:008][106]LogModuleManager: Shutting down and abandoning module Android_DXTTargetPlatform (91)
[2020.02.16-22.19.43:008][106]LogModuleManager: Shutting down and abandoning module Android_ATCTargetPlatform (89)
[2020.02.16-22.19.43:008][106]LogModuleManager: Shutting down and abandoning module Android_ASTCTargetPlatform (87)
[2020.02.16-22.19.43:008][106]LogModuleManager: Shutting down and abandoning module WindowsTargetPlatform (85)
[2020.02.16-22.19.43:008][106]LogModuleManager: Shutting down and abandoning module WindowsServerTargetPlatform (83)
[2020.02.16-22.19.43:008][106]LogModuleManager: Shutting down and abandoning module WindowsNoEditorTargetPlatform (81)
[2020.02.16-22.19.43:008][106]LogModuleManager: Shutting down and abandoning module WindowsClientTargetPlatform (79)
[2020.02.16-22.19.43:008][106]LogModuleManager: Shutting down and abandoning module MacTargetPlatform (77)
[2020.02.16-22.19.43:008][106]LogModuleManager: Shutting down and abandoning module MacServerTargetPlatform (75)
[2020.02.16-22.19.43:010][106]LogModuleManager: Shutting down and abandoning module MacNoEditorTargetPlatform (73)
[2020.02.16-22.19.43:010][106]LogModuleManager: Shutting down and abandoning module MacClientTargetPlatform (71)
[2020.02.16-22.19.43:010][106]LogModuleManager: Shutting down and abandoning module AllDesktopTargetPlatform (69)
[2020.02.16-22.19.43:010][106]LogModuleManager: Shutting down and abandoning module InputCore (66)
[2020.02.16-22.19.43:010][106]LogModuleManager: Shutting down and abandoning module Settings (64)
[2020.02.16-22.19.43:010][106]LogModuleManager: Shutting down and abandoning module PhysXCooking (62)
[2020.02.16-22.19.43:010][106]LogModuleManager: Shutting down and abandoning module SteamVR (60)
[2020.02.16-22.19.43:010][106]LogModuleManager: Shutting down and abandoning module OculusHMD (58)
[2020.02.16-22.19.43:010][106]LogModuleManager: Shutting down and abandoning module ExampleDeviceProfileSelector (56)
[2020.02.16-22.19.43:010][106]LogModuleManager: Shutting down and abandoning module AppleARKit (54)
[2020.02.16-22.19.43:010][106]LogModuleManager: Shutting down and abandoning module AugmentedReality (53)
[2020.02.16-22.19.43:010][106]LogModuleManager: Shutting down and abandoning module OnlineBlueprintSupport (50)
[2020.02.16-22.19.43:010][106]LogModuleManager: Shutting down and abandoning module OnlineSubsystem (46)
[2020.02.16-22.19.43:010][106]LogModuleManager: Shutting down and abandoning module XMPP (45)
[2020.02.16-22.19.43:010][106]LogModuleManager: Shutting down and abandoning module HTTP (43)
[2020.02.16-22.19.43:010][106]LogHttp: Display: Http module shutting down, but needs to wait on 1 outstanding Http requests:
[2020.02.16-22.19.43:010][106]LogHttp: Display: 	verb=[POST] url=[https://datarouter.ol.epicgames.com/datarouter/api/v1/public/data?SessionID=%7B6A4DB866-4FF6-1340-7DAD-C2AAFDC60DE1%7D&AppID=UEEditor.Rocket.Release&AppVersion=4.18.3-3832480%2B%2B%2BUE4%2BRelease-4.18&UserID=f9a50b2544e9ff334c989db8cc03c83b%7Cafb0113ceeeb4a8386c4f7b35a90e63c%7C0d8c1c7a-310f-4e65-80f3-4f791f3bb21e&AppEnvironment=datacollector-binary&UploadType=eteventstream] status=Processing
[2020.02.16-22.19.43:035][106]LogModuleManager: Shutting down and abandoning module SSL (42)
[2020.02.16-22.19.43:040][106]LogModuleManager: Shutting down and abandoning module DesktopPlatform (38)
[2020.02.16-22.19.43:040][106]LogModuleManager: Shutting down and abandoning module AnimationModifiers (36)
[2020.02.16-22.19.43:040][106]LogModuleManager: Shutting down and abandoning module PropertyEditor (35)
[2020.02.16-22.19.43:040][106]LogModuleManager: Shutting down and abandoning module AudioEditor (32)
[2020.02.16-22.19.43:040][106]LogModuleManager: Shutting down and abandoning module TextureCompressor (30)
[2020.02.16-22.19.43:040][106]LogModuleManager: Shutting down and abandoning module ShaderCore (28)
[2020.02.16-22.19.43:040][106]LogModuleManager: Shutting down and abandoning module Landscape (26)
[2020.02.16-22.19.43:040][106]LogModuleManager: Shutting down and abandoning module SlateRHIRenderer (24)
[2020.02.16-22.19.43:041][106]LogModuleManager: Shutting down and abandoning module OpenGLDrv (22)
[2020.02.16-22.19.43:041][106]LogModuleManager: Shutting down and abandoning module D3D11RHI (20)
[2020.02.16-22.19.43:041][106]LogModuleManager: Shutting down and abandoning module AnimGraphRuntime (18)
[2020.02.16-22.19.43:041][106]LogModuleManager: Shutting down and abandoning module Renderer (16)
[2020.02.16-22.19.43:041][106]LogModuleManager: Shutting down and abandoning module Engine (14)
[2020.02.16-22.19.43:041][106]LogModuleManager: Shutting down and abandoning module CoreUObject (12)
[2020.02.16-22.19.43:041][106]LogModuleManager: Shutting down and abandoning module NetworkFile (10)
[2020.02.16-22.19.43:041][106]LogModuleManager: Shutting down and abandoning module CookedIterativeFile (8)
[2020.02.16-22.19.43:042][106]LogModuleManager: Shutting down and abandoning module StreamingFile (6)
[2020.02.16-22.19.43:042][106]LogModuleManager: Shutting down and abandoning module SandboxFile (4)
[2020.02.16-22.19.43:042][106]LogModuleManager: Shutting down and abandoning module PakFile (2)
[2020.02.16-22.19.43:049][106]LogExit: Exiting.
[2020.02.16-22.19.43:071][106]Log file closed, 02/16/20 17:19:43
