Log file open, 02/14/20 20:59:02
LogWindows: Failed to load 'aqProf.dll' (GetLastError=126)
LogWindows: File 'aqProf.dll' does not exist
LogWindows: Failed to load 'VtuneApi.dll' (GetLastError=126)
LogWindows: File 'VtuneApi.dll' does not exist
LogWindows: Failed to load 'VtuneApi32e.dll' (GetLastError=126)
LogWindows: File 'VtuneApi32e.dll' does not exist
LogConsoleResponse: Display: Failed to find resolution value strings in scalability ini. Falling back to default.
LogInit: Display: Running engine for game: Behaviour
LogPlatformFile: Not using cached read wrapper
LogTaskGraph: Started task graph with 5 named threads and 17 total threads with 3 sets of task threads.
LogStats: Stats thread started at 0.136298
LogD3D11RHI: Loaded GFSDK_Aftermath_Lib.x64.dll
LogICUInternationalization: ICU TimeZone Detection - Raw Offset: -5:00, Platform Override: ''
LogPluginManager: Mounting plugin Paper2D
LogPluginManager: Mounting plugin AISupport
LogPluginManager: Mounting plugin LightPropagationVolume
LogPluginManager: Mounting plugin ActorLayerUtilities
LogPluginManager: Mounting plugin AnimationSharing
LogPluginManager: Mounting plugin CLionSourceCodeAccess
LogPluginManager: Mounting plugin CodeLiteSourceCodeAccess
LogPluginManager: Mounting plugin GitSourceControl
LogPluginManager: Mounting plugin KDevelopSourceCodeAccess
LogPluginManager: Mounting plugin NullSourceCodeAccess
LogPluginManager: Mounting plugin PerforceSourceControl
LogPluginManager: Mounting plugin PlasticSourceControl
LogPluginManager: Mounting plugin SubversionSourceControl
LogPluginManager: Mounting plugin UObjectPlugin
LogPluginManager: Mounting plugin VisualStudioCodeSourceCodeAccess
LogPluginManager: Mounting plugin VisualStudioSourceCodeAccess
LogPluginManager: Mounting plugin XCodeSourceCodeAccess
LogPluginManager: Mounting plugin AssetManagerEditor
LogPluginManager: Mounting plugin CryptoKeys
LogPluginManager: Mounting plugin CurveEditorTools
LogPluginManager: Mounting plugin DataValidation
LogPluginManager: Mounting plugin FacialAnimation
LogPluginManager: Mounting plugin GameplayTagsEditor
LogPluginManager: Mounting plugin MacGraphicsSwitching
LogPluginManager: Mounting plugin MaterialAnalyzer
LogPluginManager: Mounting plugin MobileLauncherProfileWizard
LogPluginManager: Mounting plugin PluginBrowser
LogPluginManager: Mounting plugin SpeedTreeImporter
LogPluginManager: Mounting plugin DatasmithContent
LogPluginManager: Mounting plugin VariantManagerContent
LogPluginManager: Mounting plugin AlembicImporter
LogPluginManager: Mounting plugin AutomationUtils
LogPluginManager: Mounting plugin BackChannel
LogPluginManager: Mounting plugin CharacterAI
LogPluginManager: Mounting plugin GeometryCache
LogPluginManager: Mounting plugin PlatformCrypto
LogPluginManager: Mounting plugin ProxyLODPlugin
LogPluginManager: Mounting plugin SkeletalReduction
LogPluginManager: Mounting plugin MagicLeap
LogPluginManager: Mounting plugin MagicLeapMedia
LogPluginManager: Mounting plugin MLSDK
LogPluginManager: Mounting plugin AndroidMedia
LogPluginManager: Mounting plugin AvfMedia
LogPluginManager: Mounting plugin ImgMedia
LogPluginManager: Mounting plugin MediaCompositing
LogPluginManager: Mounting plugin MediaPlayerEditor
LogPluginManager: Mounting plugin WebMMedia
LogPluginManager: Mounting plugin WmfMedia
LogPluginManager: Mounting plugin TcpMessaging
LogPluginManager: Mounting plugin UdpMessaging
LogPluginManager: Mounting plugin ActorSequence
LogPluginManager: Mounting plugin LevelSequenceEditor
LogPluginManager: Mounting plugin MatineeToLevelSequence
LogPluginManager: Mounting plugin NetcodeUnitTest
LogPluginManager: Mounting plugin NUTUnrealEngine4
LogPluginManager: Mounting plugin OnlineSubsystemGooglePlay
LogPluginManager: Mounting plugin OnlineSubsystemIOS
LogPluginManager: Mounting plugin OnlineSubsystem
LogPluginManager: Mounting plugin OnlineSubsystemNull
LogPluginManager: Mounting plugin OnlineSubsystemUtils
LogPluginManager: Mounting plugin LauncherChunkInstaller
LogPluginManager: Mounting plugin AndroidDeviceProfileSelector
LogPluginManager: Mounting plugin AndroidMoviePlayer
LogPluginManager: Mounting plugin AndroidPermission
LogPluginManager: Mounting plugin AppleImageUtils
LogPluginManager: Mounting plugin AppleMoviePlayer
LogPluginManager: Mounting plugin ArchVisCharacter
LogPluginManager: Mounting plugin AssetTags
LogPluginManager: Mounting plugin AudioCapture
LogPluginManager: Mounting plugin CableComponent
LogPluginManager: Mounting plugin CustomMeshComponent
LogPluginManager: Mounting plugin EditableMesh
LogPluginManager: Mounting plugin ExampleDeviceProfileSelector
LogPluginManager: Mounting plugin GoogleCloudMessaging
LogPluginManager: Mounting plugin IOSDeviceProfileSelector
LogPluginManager: Mounting plugin LinuxDeviceProfileSelector
LogPluginManager: Mounting plugin LocationServicesBPLibrary
LogPluginManager: Mounting plugin MobilePatchingUtils
LogPluginManager: Mounting plugin OculusVR
LogPluginManager: Mounting plugin PhysXVehicles
LogPluginManager: Mounting plugin PostSplashScreen
LogPluginManager: Mounting plugin ProceduralMeshComponent
LogPluginManager: Mounting plugin RuntimePhysXCooking
LogPluginManager: Mounting plugin SignificanceManager
LogPluginManager: Mounting plugin SteamVR
LogPluginManager: Mounting plugin WebMMoviePlayer
LogPluginManager: Mounting plugin WindowsMoviePlayer
LogPluginManager: Mounting plugin ScreenshotTools
LogInit: Using libcurl 7.55.1-DEV
LogInit:  - built for x86_64-pc-win32
LogInit:  - supports SSL with OpenSSL/1.1.1
LogInit:  - supports HTTP deflate (compression) using libz 1.2.8
LogInit:  - other features:
LogInit:      CURL_VERSION_SSL
LogInit:      CURL_VERSION_LIBZ
LogInit:      CURL_VERSION_IPV6
LogInit:      CURL_VERSION_ASYNCHDNS
LogInit:      CURL_VERSION_LARGEFILE
LogInit:      CURL_VERSION_IDN
LogInit:  CurlRequestOptions (configurable via config and command line):
LogInit:  - bVerifyPeer = true  - Libcurl will verify peer certificate
LogInit:  - bUseHttpProxy = false  - Libcurl will NOT use HTTP proxy
LogInit:  - bDontReuseConnections = false  - Libcurl will reuse connections
LogInit:  - MaxHostConnections = 16  - Libcurl will limit the number of connections to a host
LogInit:  - LocalHostAddr = Default
LogInit:  - BufferSize = 65536
LogOnline: OSS: Creating online subsystem instance for: NULL
LogInit: WinSock: version 1.1 (2.2), MaxSocks=32767, MaxUdp=65467
LogOnline: OSS: TryLoadSubsystemAndSetDefault: Loaded subsystem for module [NULL]
LogInit: Build: ++UE4+Release-4.24-CL-11100242
LogInit: Engine Version: 4.24.2-11100242+++UE4+Release-4.24
LogInit: Compatible Engine Version: 4.24.0-10570792+++UE4+Release-4.24
LogInit: Net CL: 10570792
LogInit: OS: Windows 10 (Release 1809) (), CPU: AMD FX(tm)-6300 Six-Core Processor             , GPU: Radeon(TM) RX 460 Graphics
LogInit: Compiled (64-bit): Jan 24 2020 02:05:53
LogInit: Compiled with Visual C++: 19.16.27032.01
LogInit: Build Configuration: Development
LogInit: Branch Name: ++UE4+Release-4.24
LogInit: Command Line: 
LogInit: Base Directory: C:/Program Files/Epic Games/UE_4.24/Engine/Binaries/Win64/
LogInit: Installed Engine Build: 1
LogDevObjectVersion: Number of dev versions registered: 25
LogDevObjectVersion:   Dev-Blueprints (B0D832E4-1F89-4F0D-ACCF-7EB736FD4AA2): 10
LogDevObjectVersion:   Dev-Build (E1C64328-A22C-4D53-A36C-8E866417BD8C): 0
LogDevObjectVersion:   Dev-Core (375EC13C-06E4-48FB-B500-84F0262A717E): 3
LogDevObjectVersion:   Dev-Editor (E4B068ED-F494-42E9-A231-DA0B2E46BB41): 37
LogDevObjectVersion:   Dev-Framework (CFFC743F-43B0-4480-9391-14DF171D2073): 36
LogDevObjectVersion:   Dev-Mobile (B02B49B5-BB20-44E9-A304-32B752E40360): 2
LogDevObjectVersion:   Dev-Networking (A4E4105C-59A1-49B5-A7C5-40C4547EDFEE): 0
LogDevObjectVersion:   Dev-Online (39C831C9-5AE6-47DC-9A44-9C173E1C8E7C): 0
LogDevObjectVersion:   Dev-Physics (78F01B33-EBEA-4F98-B9B4-84EACCB95AA2): 2
LogDevObjectVersion:   Dev-Platform (6631380F-2D4D-43E0-8009-CF276956A95A): 0
LogDevObjectVersion:   Dev-Rendering (12F88B9F-8875-4AFC-A67C-D90C383ABD29): 36
LogDevObjectVersion:   Dev-Sequencer (7B5AE74C-D270-4C10-A958-57980B212A5A): 11
LogDevObjectVersion:   Dev-VR (D7296918-1DD6-4BDD-9DE2-64A83CC13884): 2
LogDevObjectVersion:   Dev-LoadTimes (C2A15278-BFE7-4AFE-6C17-90FF531DF755): 1
LogDevObjectVersion:   Private-Geometry (6EACA3D4-40EC-4CC1-B786-8BED09428FC5): 3
LogDevObjectVersion:   Dev-AnimPhys (29E575DD-E0A3-4627-9D10-D276232CDCEA): 17
LogDevObjectVersion:   Dev-Anim (AF43A65D-7FD3-4947-9873-3E8ED9C1BB05): 2
LogDevObjectVersion:   Dev-ReflectionCapture (6B266CEC-1EC7-4B8F-A30B-E4D90942FC07): 1
LogDevObjectVersion:   Dev-Automation (0DF73D61-A23F-47EA-B727-89E90C41499A): 1
LogDevObjectVersion:   FortniteMain (601D1886-AC64-4F84-AA16-D3DE0DEAC7D6): 31
LogDevObjectVersion:   Dev-Enterprise (9DFFBCD6-494F-0158-E221-12823C92A888): 8
LogDevObjectVersion:   Dev-Niagara (F2AED0AC-9AFE-416F-8664-AA7FFA26D6FC): 1
LogDevObjectVersion:   Dev-Destruction (174F1F0B-B4C6-45A5-B13F-2EE8D0FB917D): 9
LogDevObjectVersion:   Dev-Physics-Ext (35F94A83-E258-406C-A318-09F59610247C): 8
LogDevObjectVersion:   Dev-CineCamera (B2E18506-4273-CFC2-A54E-F4BB758BBA07): 1
LogInit: Presizing for max 25165824 objects, including 0 objects not considered by GC, pre-allocating 0 bytes for permanent pool.
LogInit: Object subsystem initialized
LogConfig: Setting CVar [[con.DebugEarlyDefault:1]]
LogConfig: Setting CVar [[r.setres:1280x720]]
[2020.02.15-01.59.02:621][  0]LogConfig: Setting CVar [[r.VSync:0]]
[2020.02.15-01.59.02:621][  0]LogConfig: Setting CVar [[r.RHICmdBypass:0]]
[2020.02.15-01.59.02:621][  0]LogConfig: Applying CVar settings from Section [/Script/Engine.RendererSettings] File [C:/Users/Delam/OneDrive/Documents/GitHub/AIbs_Demo/Behaviour/Saved/Config/Windows/Engine.ini]
[2020.02.15-01.59.02:621][  0]LogConfig: Setting CVar [[r.GPUCrashDebugging:0]]
[2020.02.15-01.59.02:621][  0]LogConfig: Applying CVar settings from Section [/Script/Engine.RendererOverrideSettings] File [C:/Users/Delam/OneDrive/Documents/GitHub/AIbs_Demo/Behaviour/Saved/Config/Windows/Engine.ini]
[2020.02.15-01.59.02:621][  0]LogConfig: Applying CVar settings from Section [/Script/Engine.StreamingSettings] File [C:/Users/Delam/OneDrive/Documents/GitHub/AIbs_Demo/Behaviour/Saved/Config/Windows/Engine.ini]
[2020.02.15-01.59.02:621][  0]LogConfig: Setting CVar [[s.MinBulkDataSizeForAsyncLoading:131072]]
[2020.02.15-01.59.02:621][  0]LogConfig: Setting CVar [[s.AsyncLoadingThreadEnabled:0]]
[2020.02.15-01.59.02:621][  0]LogConfig: Setting CVar [[s.EventDrivenLoaderEnabled:1]]
[2020.02.15-01.59.02:621][  0]LogConfig: Setting CVar [[s.WarnIfTimeLimitExceeded:0]]
[2020.02.15-01.59.02:621][  0]LogConfig: Setting CVar [[s.TimeLimitExceededMultiplier:1.5]]
[2020.02.15-01.59.02:621][  0]LogConfig: Setting CVar [[s.TimeLimitExceededMinTime:0.005]]
[2020.02.15-01.59.02:621][  0]LogConfig: Setting CVar [[s.UseBackgroundLevelStreaming:1]]
[2020.02.15-01.59.02:621][  0]LogConfig: Setting CVar [[s.PriorityAsyncLoadingExtraTime:15.0]]
[2020.02.15-01.59.02:621][  0]LogConfig: Setting CVar [[s.LevelStreamingActorsUpdateTimeLimit:5.0]]
[2020.02.15-01.59.02:621][  0]LogConfig: Setting CVar [[s.PriorityLevelStreamingActorsUpdateExtraTime:5.0]]
[2020.02.15-01.59.02:621][  0]LogConfig: Setting CVar [[s.LevelStreamingComponentsRegistrationGranularity:10]]
[2020.02.15-01.59.02:621][  0]LogConfig: Setting CVar [[s.UnregisterComponentsTimeLimit:1.0]]
[2020.02.15-01.59.02:621][  0]LogConfig: Setting CVar [[s.LevelStreamingComponentsUnregistrationGranularity:5]]
[2020.02.15-01.59.02:621][  0]LogConfig: Setting CVar [[s.FlushStreamingOnExit:1]]
[2020.02.15-01.59.02:621][  0]LogConfig: Applying CVar settings from Section [/Script/Engine.GarbageCollectionSettings] File [C:/Users/Delam/OneDrive/Documents/GitHub/AIbs_Demo/Behaviour/Saved/Config/Windows/Engine.ini]
[2020.02.15-01.59.02:622][  0]LogConfig: Setting CVar [[gc.MaxObjectsNotConsideredByGC:1]]
[2020.02.15-01.59.02:622][  0]LogConfig: Setting CVar [[gc.SizeOfPermanentObjectPool:0]]
[2020.02.15-01.59.02:622][  0]LogConfig: Setting CVar [[gc.FlushStreamingOnGC:0]]
[2020.02.15-01.59.02:622][  0]LogConfig: Setting CVar [[gc.NumRetriesBeforeForcingGC:10]]
[2020.02.15-01.59.02:622][  0]LogConfig: Setting CVar [[gc.AllowParallelGC:1]]
[2020.02.15-01.59.02:622][  0]LogConfig: Setting CVar [[gc.TimeBetweenPurgingPendingKillObjects:61.1]]
[2020.02.15-01.59.02:622][  0]LogConfig: Setting CVar [[gc.MaxObjectsInEditor:25165824]]
[2020.02.15-01.59.02:622][  0]LogConfig: Setting CVar [[gc.IncrementalBeginDestroyEnabled:1]]
[2020.02.15-01.59.02:622][  0]LogConfig: Setting CVar [[gc.CreateGCClusters:1]]
[2020.02.15-01.59.02:622][  0]LogConfig: Setting CVar [[gc.MinGCClusterSize:5]]
[2020.02.15-01.59.02:622][  0]LogConfig: Setting CVar [[gc.ActorClusteringEnabled:0]]
[2020.02.15-01.59.02:622][  0]LogConfig: Setting CVar [[gc.BlueprintClusteringEnabled:0]]
[2020.02.15-01.59.02:622][  0]LogConfig: Setting CVar [[gc.UseDisregardForGCOnDedicatedServers:0]]
[2020.02.15-01.59.02:622][  0]LogConfig: Applying CVar settings from Section [/Script/Engine.NetworkSettings] File [C:/Users/Delam/OneDrive/Documents/GitHub/AIbs_Demo/Behaviour/Saved/Config/Windows/Engine.ini]
[2020.02.15-01.59.02:622][  0]LogConfig: Applying CVar settings from Section [/Script/UnrealEd.CookerSettings] File [C:/Users/Delam/OneDrive/Documents/GitHub/AIbs_Demo/Behaviour/Saved/Config/Windows/Engine.ini]
[2020.02.15-01.59.02:626][  0]LogConfig: Applying CVar settings from Section [ViewDistanceQuality@3] File [C:/Users/Delam/OneDrive/Documents/GitHub/AIbs_Demo/Behaviour/Saved/Config/Windows/Scalability.ini]
[2020.02.15-01.59.02:626][  0]LogConfig: Setting CVar [[r.SkeletalMeshLODBias:0]]
[2020.02.15-01.59.02:626][  0]LogConfig: Setting CVar [[r.ViewDistanceScale:1.0]]
[2020.02.15-01.59.02:626][  0]LogConfig: Applying CVar settings from Section [AntiAliasingQuality@3] File [C:/Users/Delam/OneDrive/Documents/GitHub/AIbs_Demo/Behaviour/Saved/Config/Windows/Scalability.ini]
[2020.02.15-01.59.02:626][  0]LogConfig: Setting CVar [[r.PostProcessAAQuality:4]]
[2020.02.15-01.59.02:626][  0]LogConfig: Applying CVar settings from Section [ShadowQuality@3] File [C:/Users/Delam/OneDrive/Documents/GitHub/AIbs_Demo/Behaviour/Saved/Config/Windows/Scalability.ini]
[2020.02.15-01.59.02:626][  0]LogConfig: Setting CVar [[r.LightFunctionQuality:1]]
[2020.02.15-01.59.02:626][  0]LogConfig: Setting CVar [[r.ShadowQuality:5]]
[2020.02.15-01.59.02:626][  0]LogConfig: Setting CVar [[r.Shadow.CSM.MaxCascades:10]]
[2020.02.15-01.59.02:626][  0]LogConfig: Setting CVar [[r.Shadow.MaxResolution:2048]]
[2020.02.15-01.59.02:626][  0]LogConfig: Setting CVar [[r.Shadow.MaxCSMResolution:2048]]
[2020.02.15-01.59.02:626][  0]LogConfig: Setting CVar [[r.Shadow.RadiusThreshold:0.01]]
[2020.02.15-01.59.02:626][  0]LogConfig: Setting CVar [[r.Shadow.DistanceScale:1.0]]
[2020.02.15-01.59.02:626][  0]LogConfig: Setting CVar [[r.Shadow.CSM.TransitionScale:1.0]]
[2020.02.15-01.59.02:626][  0]LogConfig: Setting CVar [[r.Shadow.PreShadowResolutionFactor:1.0]]
[2020.02.15-01.59.02:626][  0]LogConfig: Setting CVar [[r.DistanceFieldShadowing:1]]
[2020.02.15-01.59.02:626][  0]LogConfig: Setting CVar [[r.DistanceFieldAO:1]]
[2020.02.15-01.59.02:626][  0]LogConfig: Setting CVar [[r.AOQuality:2]]
[2020.02.15-01.59.02:626][  0]LogConfig: Setting CVar [[r.VolumetricFog:1]]
[2020.02.15-01.59.02:626][  0]LogConfig: Setting CVar [[r.VolumetricFog.GridPixelSize:8]]
[2020.02.15-01.59.02:626][  0]LogConfig: Setting CVar [[r.VolumetricFog.GridSizeZ:128]]
[2020.02.15-01.59.02:626][  0]LogConfig: Setting CVar [[r.VolumetricFog.HistoryMissSupersampleCount:4]]
[2020.02.15-01.59.02:626][  0]LogConfig: Setting CVar [[r.LightMaxDrawDistanceScale:1]]
[2020.02.15-01.59.02:626][  0]LogConfig: Setting CVar [[r.CapsuleShadows:1]]
[2020.02.15-01.59.02:626][  0]LogConfig: Applying CVar settings from Section [PostProcessQuality@3] File [C:/Users/Delam/OneDrive/Documents/GitHub/AIbs_Demo/Behaviour/Saved/Config/Windows/Scalability.ini]
[2020.02.15-01.59.02:626][  0]LogConfig: Setting CVar [[r.MotionBlurQuality:4]]
[2020.02.15-01.59.02:626][  0]LogConfig: Setting CVar [[r.AmbientOcclusionMipLevelFactor:0.4]]
[2020.02.15-01.59.02:626][  0]LogConfig: Setting CVar [[r.AmbientOcclusionMaxQuality:100]]
[2020.02.15-01.59.02:626][  0]LogConfig: Setting CVar [[r.AmbientOcclusionLevels:-1]]
[2020.02.15-01.59.02:626][  0]LogConfig: Setting CVar [[r.AmbientOcclusionRadiusScale:1.0]]
[2020.02.15-01.59.02:626][  0]LogConfig: Setting CVar [[r.DepthOfFieldQuality:2]]
[2020.02.15-01.59.02:626][  0]LogConfig: Setting CVar [[r.RenderTargetPoolMin:400]]
[2020.02.15-01.59.02:626][  0]LogConfig: Setting CVar [[r.LensFlareQuality:2]]
[2020.02.15-01.59.02:626][  0]LogConfig: Setting CVar [[r.SceneColorFringeQuality:1]]
[2020.02.15-01.59.02:626][  0]LogConfig: Setting CVar [[r.EyeAdaptationQuality:2]]
[2020.02.15-01.59.02:626][  0]LogConfig: Setting CVar [[r.BloomQuality:5]]
[2020.02.15-01.59.02:626][  0]LogConfig: Setting CVar [[r.FastBlurThreshold:100]]
[2020.02.15-01.59.02:627][  0]LogConfig: Setting CVar [[r.Upscale.Quality:3]]
[2020.02.15-01.59.02:627][  0]LogConfig: Setting CVar [[r.Tonemapper.GrainQuantization:1]]
[2020.02.15-01.59.02:627][  0]LogConfig: Setting CVar [[r.LightShaftQuality:1]]
[2020.02.15-01.59.02:627][  0]LogConfig: Setting CVar [[r.Filter.SizeScale:1]]
[2020.02.15-01.59.02:627][  0]LogConfig: Setting CVar [[r.Tonemapper.Quality:5]]
[2020.02.15-01.59.02:627][  0]LogConfig: Setting CVar [[r.DOF.Gather.AccumulatorQuality:1        ; higher gathering accumulator quality]]
[2020.02.15-01.59.02:627][  0]LogConfig: Setting CVar [[r.DOF.Gather.PostfilterMethod:1          ; Median3x3 postfilering method]]
[2020.02.15-01.59.02:627][  0]LogConfig: Setting CVar [[r.DOF.Gather.EnableBokehSettings:0       ; no bokeh simulation when gathering]]
[2020.02.15-01.59.02:627][  0]LogConfig: Setting CVar [[r.DOF.Gather.RingCount:4                 ; medium number of samples when gathering]]
[2020.02.15-01.59.02:627][  0]LogConfig: Setting CVar [[r.DOF.Scatter.ForegroundCompositing:1    ; additive foreground scattering]]
[2020.02.15-01.59.02:627][  0]LogConfig: Setting CVar [[r.DOF.Scatter.BackgroundCompositing:2    ; additive background scattering]]
[2020.02.15-01.59.02:627][  0]LogConfig: Setting CVar [[r.DOF.Scatter.EnableBokehSettings:1      ; bokeh simulation when scattering]]
[2020.02.15-01.59.02:627][  0]LogConfig: Setting CVar [[r.DOF.Scatter.MaxSpriteRatio:0.1         ; only a maximum of 10% of scattered bokeh]]
[2020.02.15-01.59.02:627][  0]LogConfig: Setting CVar [[r.DOF.Recombine.Quality:1                ; cheap slight out of focus]]
[2020.02.15-01.59.02:627][  0]LogConfig: Setting CVar [[r.DOF.Recombine.EnableBokehSettings:0    ; no bokeh simulation on slight out of focus]]
[2020.02.15-01.59.02:627][  0]LogConfig: Setting CVar [[r.DOF.TemporalAAQuality:1                ; more stable temporal accumulation]]
[2020.02.15-01.59.02:627][  0]LogConfig: Setting CVar [[r.DOF.Kernel.MaxForegroundRadius:0.025]]
[2020.02.15-01.59.02:627][  0]LogConfig: Setting CVar [[r.DOF.Kernel.MaxBackgroundRadius:0.025]]
[2020.02.15-01.59.02:627][  0]LogConfig: Applying CVar settings from Section [TextureQuality@3] File [C:/Users/Delam/OneDrive/Documents/GitHub/AIbs_Demo/Behaviour/Saved/Config/Windows/Scalability.ini]
[2020.02.15-01.59.02:627][  0]LogConfig: Setting CVar [[r.Streaming.MipBias:0]]
[2020.02.15-01.59.02:627][  0]LogConfig: Setting CVar [[r.Streaming.AmortizeCPUToGPUCopy:0]]
[2020.02.15-01.59.02:627][  0]LogConfig: Setting CVar [[r.Streaming.MaxNumTexturesToStreamPerFrame:0]]
[2020.02.15-01.59.02:627][  0]LogConfig: Setting CVar [[r.Streaming.Boost:1]]
[2020.02.15-01.59.02:627][  0]LogConfig: Setting CVar [[r.MaxAnisotropy:8]]
[2020.02.15-01.59.02:627][  0]LogConfig: Setting CVar [[r.VT.MaxAnisotropy:8]]
[2020.02.15-01.59.02:627][  0]LogConfig: Setting CVar [[r.Streaming.LimitPoolSizeToVRAM:0]]
[2020.02.15-01.59.02:627][  0]LogConfig: Setting CVar [[r.Streaming.PoolSize:1000]]
[2020.02.15-01.59.02:627][  0]LogConfig: Setting CVar [[r.Streaming.MaxEffectiveScreenSize:0]]
[2020.02.15-01.59.02:627][  0]LogConfig: Applying CVar settings from Section [EffectsQuality@3] File [C:/Users/Delam/OneDrive/Documents/GitHub/AIbs_Demo/Behaviour/Saved/Config/Windows/Scalability.ini]
[2020.02.15-01.59.02:627][  0]LogConfig: Setting CVar [[r.TranslucencyLightingVolumeDim:64]]
[2020.02.15-01.59.02:627][  0]LogConfig: Setting CVar [[r.RefractionQuality:2]]
[2020.02.15-01.59.02:627][  0]LogConfig: Setting CVar [[r.SSR.Quality:3]]
[2020.02.15-01.59.02:627][  0]LogConfig: Setting CVar [[r.SSR.HalfResSceneColor:0]]
[2020.02.15-01.59.02:627][  0]LogConfig: Setting CVar [[r.SceneColorFormat:4]]
[2020.02.15-01.59.02:627][  0]LogConfig: Setting CVar [[r.DetailMode:2]]
[2020.02.15-01.59.02:627][  0]LogConfig: Setting CVar [[r.TranslucencyVolumeBlur:1]]
[2020.02.15-01.59.02:627][  0]LogConfig: Setting CVar [[r.MaterialQualityLevel:1 ; High quality]]
[2020.02.15-01.59.02:627][  0]LogConfig: Setting CVar [[r.SSS.Scale:1]]
[2020.02.15-01.59.02:627][  0]LogConfig: Setting CVar [[r.SSS.SampleSet:2]]
[2020.02.15-01.59.02:627][  0]LogConfig: Setting CVar [[r.SSS.Quality:1]]
[2020.02.15-01.59.02:627][  0]LogConfig: Setting CVar [[r.SSS.HalfRes:1]]
[2020.02.15-01.59.02:627][  0]LogConfig: Setting CVar [[r.SSGI.Quality:3]]
[2020.02.15-01.59.02:627][  0]LogConfig: Setting CVar [[r.EmitterSpawnRateScale:1.0]]
[2020.02.15-01.59.02:627][  0]LogConfig: Setting CVar [[r.ParticleLightQuality:2]]
[2020.02.15-01.59.02:627][  0]LogConfig: Setting CVar [[r.SkyAtmosphere.AerialPerspectiveLUT.FastApplyOnOpaque:1 ; Always have FastSkyLUT 1 in this case to avoid wrong sky]]
[2020.02.15-01.59.02:627][  0]LogConfig: Setting CVar [[r.SkyAtmosphere.AerialPerspectiveLUT.SampleCountPerSlice:1]]
[2020.02.15-01.59.02:627][  0]LogConfig: Setting CVar [[r.SkyAtmosphere.AerialPerspectiveLUT.DepthResolution:16.0]]
[2020.02.15-01.59.02:627][  0]LogConfig: Setting CVar [[r.SkyAtmosphere.FastSkyLUT:1]]
[2020.02.15-01.59.02:627][  0]LogConfig: Setting CVar [[r.SkyAtmosphere.FastSkyLUT.SampleCountMin:4.0]]
[2020.02.15-01.59.02:628][  0]LogConfig: Setting CVar [[r.SkyAtmosphere.FastSkyLUT.SampleCountMax:32.0]]
[2020.02.15-01.59.02:628][  0]LogConfig: Setting CVar [[r.SkyAtmosphere.SampleCountMin:4.0]]
[2020.02.15-01.59.02:628][  0]LogConfig: Setting CVar [[r.SkyAtmosphere.SampleCountMax:32.0]]
[2020.02.15-01.59.02:628][  0]LogConfig: Setting CVar [[r.SkyAtmosphere.TransmittanceLUT.UseSmallFormat:0]]
[2020.02.15-01.59.02:628][  0]LogConfig: Setting CVar [[r.SkyAtmosphere.TransmittanceLUT.SampleCount:10.0]]
[2020.02.15-01.59.02:628][  0]LogConfig: Setting CVar [[r.SkyAtmosphere.MultiScatteringLUT.SampleCount:15.0]]
[2020.02.15-01.59.02:628][  0]LogConfig: Applying CVar settings from Section [FoliageQuality@3] File [C:/Users/Delam/OneDrive/Documents/GitHub/AIbs_Demo/Behaviour/Saved/Config/Windows/Scalability.ini]
[2020.02.15-01.59.02:628][  0]LogConfig: Setting CVar [[foliage.DensityScale:1.0]]
[2020.02.15-01.59.02:628][  0]LogConfig: Setting CVar [[grass.DensityScale:1.0]]
[2020.02.15-01.59.02:628][  0]LogConfig: Applying CVar settings from Section [ShadingQuality@3] File [C:/Users/Delam/OneDrive/Documents/GitHub/AIbs_Demo/Behaviour/Saved/Config/Windows/Scalability.ini]
[2020.02.15-01.59.02:628][  0]LogConfig: Setting CVar [[r.HairStrands.SkyLighting.SampleCount:16]]
[2020.02.15-01.59.02:628][  0]LogConfig: Setting CVar [[r.HairStrands.SkyLighting.JitterIntegration:0]]
[2020.02.15-01.59.02:628][  0]LogConfig: Setting CVar [[r.HairStrands.SkyAO.SampleCount:16]]
[2020.02.15-01.59.02:628][  0]LogInit: Selected Device Profile: [Windows]
[2020.02.15-01.59.02:628][  0]LogInit: Applying CVar settings loaded from the selected device profile: [Windows]
[2020.02.15-01.59.02:632][  0]LogHAL: Display: Platform has ~ 8 GB [8546504704 / 8589934592 / 8], which maps to Default [LargestMinGB=32, LargerMinGB=12, DefaultMinGB=8, SmallerMinGB=6, SmallestMinGB=0)
[2020.02.15-01.59.02:632][  0]LogInit: Going up to parent DeviceProfile []
[2020.02.15-01.59.02:632][  0]LogConfig: Applying CVar settings from Section [ViewDistanceQuality@1] File [C:/Users/Delam/OneDrive/Documents/GitHub/AIbs_Demo/Behaviour/Saved/Config/Windows/Scalability.ini]
[2020.02.15-01.59.02:632][  0]LogConfig: Setting CVar [[r.SkeletalMeshLODBias:1]]
[2020.02.15-01.59.02:632][  0]LogConfig: Setting CVar [[r.ViewDistanceScale:0.6]]
[2020.02.15-01.59.02:632][  0]LogConfig: Applying CVar settings from Section [AntiAliasingQuality@1] File [C:/Users/Delam/OneDrive/Documents/GitHub/AIbs_Demo/Behaviour/Saved/Config/Windows/Scalability.ini]
[2020.02.15-01.59.02:632][  0]LogConfig: Setting CVar [[r.PostProcessAAQuality:2]]
[2020.02.15-01.59.02:632][  0]LogConfig: Applying CVar settings from Section [ShadowQuality@1] File [C:/Users/Delam/OneDrive/Documents/GitHub/AIbs_Demo/Behaviour/Saved/Config/Windows/Scalability.ini]
[2020.02.15-01.59.02:632][  0]LogConfig: Setting CVar [[r.LightFunctionQuality:1]]
[2020.02.15-01.59.02:632][  0]LogConfig: Setting CVar [[r.ShadowQuality:3]]
[2020.02.15-01.59.02:632][  0]LogConfig: Setting CVar [[r.Shadow.CSM.MaxCascades:1]]
[2020.02.15-01.59.02:632][  0]LogConfig: Setting CVar [[r.Shadow.MaxResolution:1024]]
[2020.02.15-01.59.02:632][  0]LogConfig: Setting CVar [[r.Shadow.MaxCSMResolution:1024]]
[2020.02.15-01.59.02:632][  0]LogConfig: Setting CVar [[r.Shadow.RadiusThreshold:0.05]]
[2020.02.15-01.59.02:632][  0]LogConfig: Setting CVar [[r.Shadow.DistanceScale:0.7]]
[2020.02.15-01.59.02:632][  0]LogConfig: Setting CVar [[r.Shadow.CSM.TransitionScale:0.25]]
[2020.02.15-01.59.02:632][  0]LogConfig: Setting CVar [[r.Shadow.PreShadowResolutionFactor:0.5]]
[2020.02.15-01.59.02:632][  0]LogConfig: Setting CVar [[r.DistanceFieldShadowing:0]]
[2020.02.15-01.59.02:632][  0]LogConfig: Setting CVar [[r.DistanceFieldAO:0]]
[2020.02.15-01.59.02:632][  0]LogConfig: Setting CVar [[r.VolumetricFog:0]]
[2020.02.15-01.59.02:633][  0]LogConfig: Setting CVar [[r.LightMaxDrawDistanceScale:.5]]
[2020.02.15-01.59.02:633][  0]LogConfig: Setting CVar [[r.CapsuleShadows:1]]
[2020.02.15-01.59.02:633][  0]LogConfig: Applying CVar settings from Section [PostProcessQuality@1] File [C:/Users/Delam/OneDrive/Documents/GitHub/AIbs_Demo/Behaviour/Saved/Config/Windows/Scalability.ini]
[2020.02.15-01.59.02:633][  0]LogConfig: Setting CVar [[r.MotionBlurQuality:3]]
[2020.02.15-01.59.02:633][  0]LogConfig: Setting CVar [[r.AmbientOcclusionMipLevelFactor:1.0]]
[2020.02.15-01.59.02:633][  0]LogConfig: Setting CVar [[r.AmbientOcclusionMaxQuality:60]]
[2020.02.15-01.59.02:633][  0]LogConfig: Setting CVar [[r.AmbientOcclusionLevels:-1]]
[2020.02.15-01.59.02:633][  0]LogConfig: Setting CVar [[r.AmbientOcclusionRadiusScale:1.5]]
[2020.02.15-01.59.02:633][  0]LogConfig: Setting CVar [[r.DepthOfFieldQuality:1]]
[2020.02.15-01.59.02:633][  0]LogConfig: Setting CVar [[r.RenderTargetPoolMin:350]]
[2020.02.15-01.59.02:633][  0]LogConfig: Setting CVar [[r.LensFlareQuality:0]]
[2020.02.15-01.59.02:633][  0]LogConfig: Setting CVar [[r.SceneColorFringeQuality:0]]
[2020.02.15-01.59.02:633][  0]LogConfig: Setting CVar [[r.EyeAdaptationQuality:0]]
[2020.02.15-01.59.02:633][  0]LogConfig: Setting CVar [[r.BloomQuality:4]]
[2020.02.15-01.59.02:633][  0]LogConfig: Setting CVar [[r.FastBlurThreshold:2]]
[2020.02.15-01.59.02:633][  0]LogConfig: Setting CVar [[r.Upscale.Quality:2]]
[2020.02.15-01.59.02:633][  0]LogConfig: Setting CVar [[r.Tonemapper.GrainQuantization:0]]
[2020.02.15-01.59.02:633][  0]LogConfig: Setting CVar [[r.LightShaftQuality:0]]
[2020.02.15-01.59.02:633][  0]LogConfig: Setting CVar [[r.Filter.SizeScale:0.7]]
[2020.02.15-01.59.02:633][  0]LogConfig: Setting CVar [[r.Tonemapper.Quality:2]]
[2020.02.15-01.59.02:633][  0]LogConfig: Setting CVar [[r.DOF.Gather.AccumulatorQuality:0        ; lower gathering accumulator quality]]
[2020.02.15-01.59.02:633][  0]LogConfig: Setting CVar [[r.DOF.Gather.PostfilterMethod:2          ; Max3x3 postfilering method]]
[2020.02.15-01.59.02:633][  0]LogConfig: Setting CVar [[r.DOF.Gather.EnableBokehSettings:0       ; no bokeh simulation when gathering]]
[2020.02.15-01.59.02:633][  0]LogConfig: Setting CVar [[r.DOF.Gather.RingCount:3                 ; low number of samples when gathering]]
[2020.02.15-01.59.02:633][  0]LogConfig: Setting CVar [[r.DOF.Scatter.ForegroundCompositing:0    ; no foreground scattering]]
[2020.02.15-01.59.02:633][  0]LogConfig: Setting CVar [[r.DOF.Scatter.BackgroundCompositing:0    ; no foreground scattering]]
[2020.02.15-01.59.02:633][  0]LogConfig: Setting CVar [[r.DOF.Recombine.Quality:0                ; no slight out of focus]]
[2020.02.15-01.59.02:633][  0]LogConfig: Setting CVar [[r.DOF.TemporalAAQuality:0                ; faster temporal accumulation]]
[2020.02.15-01.59.02:633][  0]LogConfig: Setting CVar [[r.DOF.Kernel.MaxForegroundRadius:0.006   ; required because low gathering and no scattering and not looking great at 1080p]]
[2020.02.15-01.59.02:633][  0]LogConfig: Setting CVar [[r.DOF.Kernel.MaxBackgroundRadius:0.006   ; required because low gathering and no scattering and not looking great at 1080p]]
[2020.02.15-01.59.02:633][  0]LogConfig: Applying CVar settings from Section [TextureQuality@1] File [C:/Users/Delam/OneDrive/Documents/GitHub/AIbs_Demo/Behaviour/Saved/Config/Windows/Scalability.ini]
[2020.02.15-01.59.02:633][  0]LogConfig: Setting CVar [[r.Streaming.MipBias:1]]
[2020.02.15-01.59.02:633][  0]LogConfig: Setting CVar [[r.Streaming.AmortizeCPUToGPUCopy:0]]
[2020.02.15-01.59.02:633][  0]LogConfig: Setting CVar [[r.Streaming.MaxNumTexturesToStreamPerFrame:0]]
[2020.02.15-01.59.02:633][  0]LogConfig: Setting CVar [[r.Streaming.Boost:1]]
[2020.02.15-01.59.02:633][  0]LogConfig: Setting CVar [[r.MaxAnisotropy:2]]
[2020.02.15-01.59.02:633][  0]LogConfig: Setting CVar [[r.VT.MaxAnisotropy:4]]
[2020.02.15-01.59.02:633][  0]LogConfig: Setting CVar [[r.Streaming.LimitPoolSizeToVRAM:1]]
[2020.02.15-01.59.02:633][  0]LogConfig: Setting CVar [[r.Streaming.PoolSize:600]]
[2020.02.15-01.59.02:633][  0]LogConfig: Setting CVar [[r.Streaming.MaxEffectiveScreenSize:0]]
[2020.02.15-01.59.02:633][  0]LogConfig: Applying CVar settings from Section [EffectsQuality@1] File [C:/Users/Delam/OneDrive/Documents/GitHub/AIbs_Demo/Behaviour/Saved/Config/Windows/Scalability.ini]
[2020.02.15-01.59.02:633][  0]LogConfig: Setting CVar [[r.TranslucencyLightingVolumeDim:32]]
[2020.02.15-01.59.02:633][  0]LogConfig: Setting CVar [[r.RefractionQuality:0]]
[2020.02.15-01.59.02:633][  0]LogConfig: Setting CVar [[r.SSR.Quality:0]]
[2020.02.15-01.59.02:633][  0]LogConfig: Setting CVar [[r.SSR.HalfResSceneColor:1]]
[2020.02.15-01.59.02:634][  0]LogConfig: Setting CVar [[r.SceneColorFormat:3]]
[2020.02.15-01.59.02:634][  0]LogConfig: Setting CVar [[r.DetailMode:1]]
[2020.02.15-01.59.02:634][  0]LogConfig: Setting CVar [[r.TranslucencyVolumeBlur:0]]
[2020.02.15-01.59.02:634][  0]LogConfig: Setting CVar [[r.MaterialQualityLevel:2 ; Medium quality]]
[2020.02.15-01.59.02:634][  0]LogConfig: Setting CVar [[r.SSS.Scale:0.75]]
[2020.02.15-01.59.02:634][  0]LogConfig: Setting CVar [[r.SSS.SampleSet:0]]
[2020.02.15-01.59.02:634][  0]LogConfig: Setting CVar [[r.SSS.Quality:0]]
[2020.02.15-01.59.02:634][  0]LogConfig: Setting CVar [[r.SSS.HalfRes:1]]
[2020.02.15-01.59.02:634][  0]LogConfig: Setting CVar [[r.SSGI.Quality:1]]
[2020.02.15-01.59.02:634][  0]LogConfig: Setting CVar [[r.EmitterSpawnRateScale:0.25]]
[2020.02.15-01.59.02:634][  0]LogConfig: Setting CVar [[r.ParticleLightQuality:0]]
[2020.02.15-01.59.02:634][  0]LogConfig: Setting CVar [[r.SkyAtmosphere.AerialPerspectiveLUT.FastApplyOnOpaque:1 ; Always have FastSkyLUT 1 in this case to avoid wrong sky]]
[2020.02.15-01.59.02:634][  0]LogConfig: Setting CVar [[r.SkyAtmosphere.AerialPerspectiveLUT.SampleCountPerSlice:1]]
[2020.02.15-01.59.02:634][  0]LogConfig: Setting CVar [[r.SkyAtmosphere.AerialPerspectiveLUT.DepthResolution:16.0]]
[2020.02.15-01.59.02:634][  0]LogConfig: Setting CVar [[r.SkyAtmosphere.FastSkyLUT:1]]
[2020.02.15-01.59.02:634][  0]LogConfig: Setting CVar [[r.SkyAtmosphere.FastSkyLUT.SampleCountMin:4.0]]
[2020.02.15-01.59.02:634][  0]LogConfig: Setting CVar [[r.SkyAtmosphere.FastSkyLUT.SampleCountMax:32.0]]
[2020.02.15-01.59.02:634][  0]LogConfig: Setting CVar [[r.SkyAtmosphere.SampleCountMin:4.0]]
[2020.02.15-01.59.02:634][  0]LogConfig: Setting CVar [[r.SkyAtmosphere.SampleCountMax:32.0]]
[2020.02.15-01.59.02:634][  0]LogConfig: Setting CVar [[r.SkyAtmosphere.TransmittanceLUT.UseSmallFormat:0]]
[2020.02.15-01.59.02:634][  0]LogConfig: Setting CVar [[r.SkyAtmosphere.TransmittanceLUT.SampleCount:10.0]]
[2020.02.15-01.59.02:634][  0]LogConfig: Setting CVar [[r.SkyAtmosphere.MultiScatteringLUT.SampleCount:15.0]]
[2020.02.15-01.59.02:634][  0]LogConfig: Applying CVar settings from Section [FoliageQuality@1] File [C:/Users/Delam/OneDrive/Documents/GitHub/AIbs_Demo/Behaviour/Saved/Config/Windows/Scalability.ini]
[2020.02.15-01.59.02:634][  0]LogConfig: Setting CVar [[foliage.DensityScale:0.4]]
[2020.02.15-01.59.02:634][  0]LogConfig: Setting CVar [[grass.DensityScale:0.4]]
[2020.02.15-01.59.02:634][  0]LogConfig: Applying CVar settings from Section [ShadingQuality@3] File [C:/Users/Delam/OneDrive/Documents/GitHub/AIbs_Demo/Behaviour/Saved/Config/Windows/Scalability.ini]
[2020.02.15-01.59.02:634][  0]LogConfig: Setting CVar [[r.HairStrands.SkyLighting.SampleCount:16]]
[2020.02.15-01.59.02:634][  0]LogConfig: Setting CVar [[r.HairStrands.SkyLighting.JitterIntegration:0]]
[2020.02.15-01.59.02:634][  0]LogConfig: Setting CVar [[r.HairStrands.SkyAO.SampleCount:16]]
[2020.02.15-01.59.02:634][  0]LogConfig: Applying CVar settings from Section [Startup] File [../../../Engine/Config/ConsoleVariables.ini]
[2020.02.15-01.59.02:635][  0]LogConfig: Setting CVar [[net.UseAdaptiveNetUpdateFrequency:0]]
[2020.02.15-01.59.02:635][  0]LogConfig: Setting CVar [[p.chaos.AllowCreatePhysxBodies:1]]
[2020.02.15-01.59.02:635][  0]LogConfig: Applying CVar settings from Section [ConsoleVariables] File [C:/Users/Delam/OneDrive/Documents/GitHub/AIbs_Demo/Behaviour/Saved/Config/Windows/Engine.ini]
[2020.02.15-01.59.02:635][  0]LogInit: Computer: DESKTOP-M25UTED
[2020.02.15-01.59.02:635][  0]LogInit: User: Delam
[2020.02.15-01.59.02:635][  0]LogInit: CPU Page size=4096, Cores=3
[2020.02.15-01.59.02:635][  0]LogInit: High frequency timer resolution =10.000000 MHz
[2020.02.15-01.59.02:635][  0]LogMemory: Memory total: Physical=8.0GB (8GB approx)
[2020.02.15-01.59.02:635][  0]LogMemory: Platform Memory Stats for Windows
[2020.02.15-01.59.02:635][  0]LogMemory: Process Physical Memory: 106.13 MB used, 106.14 MB peak
[2020.02.15-01.59.02:635][  0]LogMemory: Process Virtual Memory: 102.00 MB used, 102.00 MB peak
[2020.02.15-01.59.02:635][  0]LogMemory: Physical Memory: 6935.14 MB used,  1215.44 MB free, 8150.58 MB total
[2020.02.15-01.59.02:635][  0]LogMemory: Virtual Memory: 5119.11 MB used,  134212608.00 MB free, 134217728.00 MB total
[2020.02.15-01.59.02:641][  0]LogWindows: WindowsPlatformFeatures enabled
[2020.02.15-01.59.02:663][  0]LogInit: Using OS detected language (en-US).
[2020.02.15-01.59.02:663][  0]LogInit: Using OS detected locale (en-US).
[2020.02.15-01.59.02:665][  0]LogTextLocalizationManager: No specific localization for 'en-US' exists, so the 'en' localization will be used.
[2020.02.15-01.59.03:003][  0]LogInit: Setting process to per monitor DPI aware
[2020.02.15-01.59.03:082][  0]LogSlate: New Slate User Created.  User Index 0, Is Virtual User: 0
[2020.02.15-01.59.03:082][  0]LogSlate: Slate User Registered.  User Index 0, Is Virtual User: 0
[2020.02.15-01.59.03:341][  0]LogHMD: Failed to initialize OpenVR with code 110
[2020.02.15-01.59.03:342][  0]LogD3D11RHI: D3D11 min allowed feature level: 11_0
[2020.02.15-01.59.03:342][  0]LogD3D11RHI: D3D11 max allowed feature level: 11_0
[2020.02.15-01.59.03:342][  0]LogD3D11RHI: D3D11 adapters:
[2020.02.15-01.59.03:386][  0]LogD3D11RHI:    0. 'Radeon(TM) RX 460 Graphics' (Feature Level 11_0)
[2020.02.15-01.59.03:386][  0]LogD3D11RHI:       4043/0/4075 MB DedicatedVideo/DedicatedSystem/SharedSystem, Outputs:1, VendorId:0x1002
[2020.02.15-01.59.03:390][  0]LogD3D11RHI:    1. 'Microsoft Basic Render Driver' (Feature Level 11_0)
[2020.02.15-01.59.03:390][  0]LogD3D11RHI:       0/0/4075 MB DedicatedVideo/DedicatedSystem/SharedSystem, Outputs:0, VendorId:0x1414
[2020.02.15-01.59.03:390][  0]LogD3D11RHI: Chosen D3D11 Adapter: 0
[2020.02.15-01.59.03:410][  0]LogD3D11RHI: Creating new Direct3DDevice
[2020.02.15-01.59.03:410][  0]LogD3D11RHI:     GPU DeviceId: 0x67ef (for the marketing name, search the web for "GPU Device Id")
[2020.02.15-01.59.03:410][  0]LogWindows: EnumDisplayDevices:
[2020.02.15-01.59.03:411][  0]LogWindows:    0. 'Radeon(TM) RX 460 Graphics' (P:1 D:1)
[2020.02.15-01.59.03:412][  0]LogWindows:    1. 'Radeon(TM) RX 460 Graphics' (P:0 D:0)
[2020.02.15-01.59.03:412][  0]LogWindows:    2. 'Radeon(TM) RX 460 Graphics' (P:0 D:0)
[2020.02.15-01.59.03:413][  0]LogWindows:    3. 'Radeon(TM) RX 460 Graphics' (P:0 D:0)
[2020.02.15-01.59.03:415][  0]LogWindows:    4. 'Radeon(TM) RX 460 Graphics' (P:0 D:0)
[2020.02.15-01.59.03:416][  0]LogWindows: DebugString: FoundDriverCount:5 
[2020.02.15-01.59.03:416][  0]LogD3D11RHI:     Adapter Name: Radeon(TM) RX 460 Graphics
[2020.02.15-01.59.03:416][  0]LogD3D11RHI:   Driver Version: Crimson ReLive 17.7 (internal:22.19.677.257, unified:22.19.677.257)
[2020.02.15-01.59.03:416][  0]LogD3D11RHI:      Driver Date: 9-22-2017
[2020.02.15-01.59.03:416][  0]LogRHI: Texture pool is 2830 MB (70% of 4043 MB)
[2020.02.15-01.59.03:755][  0]LogD3D11RHI: RHI does not have support for 64 bit atomics
[2020.02.15-01.59.03:756][  0]LogD3D11RHI: Async texture creation enabled
[2020.02.15-01.59.04:083][  0]LogD3D11RHI: GPU Timing Frequency: 25.000000 (Debug: 2 1)
[2020.02.15-01.59.08:052][  0]LogTargetPlatformManager: Display: Loaded TargetPlatform 'AllDesktop'
[2020.02.15-01.59.08:227][  0]LogTargetPlatformManager: Display: Loaded TargetPlatform 'Android'
[2020.02.15-01.59.08:227][  0]LogTargetPlatformManager: Display: Loaded TargetPlatform 'Android_ASTC'
[2020.02.15-01.59.08:227][  0]LogTargetPlatformManager: Display: Loaded TargetPlatform 'Android_ATC'
[2020.02.15-01.59.08:227][  0]LogTargetPlatformManager: Display: Loaded TargetPlatform 'Android_DXT'
[2020.02.15-01.59.08:227][  0]LogTargetPlatformManager: Display: Loaded TargetPlatform 'Android_ETC1'
[2020.02.15-01.59.08:227][  0]LogTargetPlatformManager: Display: Loaded TargetPlatform 'Android_ETC1a'
[2020.02.15-01.59.08:227][  0]LogTargetPlatformManager: Display: Loaded TargetPlatform 'Android_ETC2'
[2020.02.15-01.59.08:227][  0]LogTargetPlatformManager: Display: Loaded TargetPlatform 'Android_PVRTC'
[2020.02.15-01.59.08:227][  0]LogTargetPlatformManager: Display: Loaded TargetPlatform 'AndroidClient'
[2020.02.15-01.59.08:227][  0]LogTargetPlatformManager: Display: Loaded TargetPlatform 'Android_ASTCClient'
[2020.02.15-01.59.08:227][  0]LogTargetPlatformManager: Display: Loaded TargetPlatform 'Android_ATCClient'
[2020.02.15-01.59.08:227][  0]LogTargetPlatformManager: Display: Loaded TargetPlatform 'Android_DXTClient'
[2020.02.15-01.59.08:227][  0]LogTargetPlatformManager: Display: Loaded TargetPlatform 'Android_ETC1Client'
[2020.02.15-01.59.08:227][  0]LogTargetPlatformManager: Display: Loaded TargetPlatform 'Android_ETC1aClient'
[2020.02.15-01.59.08:227][  0]LogTargetPlatformManager: Display: Loaded TargetPlatform 'Android_ETC2Client'
[2020.02.15-01.59.08:227][  0]LogTargetPlatformManager: Display: Loaded TargetPlatform 'Android_PVRTCClient'
[2020.02.15-01.59.08:227][  0]LogTargetPlatformManager: Display: Loaded TargetPlatform 'Android_Multi'
[2020.02.15-01.59.08:227][  0]LogTargetPlatformManager: Display: Loaded TargetPlatform 'Android_MultiClient'
[2020.02.15-01.59.08:406][  0]LogTargetPlatformManager: Display: Loaded TargetPlatform 'IOSClient'
[2020.02.15-01.59.08:406][  0]LogTargetPlatformManager: Display: Loaded TargetPlatform 'IOS'
[2020.02.15-01.59.08:435][  0]LogTargetPlatformManager: Display: Loaded TargetPlatform 'LinuxNoEditor'
[2020.02.15-01.59.08:502][  0]LogTargetPlatformManager: Display: Loaded TargetPlatform 'LinuxClient'
[2020.02.15-01.59.08:536][  0]LogTargetPlatformManager: Display: Loaded TargetPlatform 'LinuxServer'
[2020.02.15-01.59.08:552][  0]LogTargetPlatformManager: Display: Loaded TargetPlatform 'LinuxAArch64NoEditor'
[2020.02.15-01.59.08:671][  0]LogTargetPlatformManager: Display: Loaded TargetPlatform 'LinuxAArch64Client'
[2020.02.15-01.59.08:687][  0]LogTargetPlatformManager: Display: Loaded TargetPlatform 'LinuxAArch64Server'
[2020.02.15-01.59.08:782][  0]LogTargetPlatformManager: Display: Loaded TargetPlatform 'Lumin'
[2020.02.15-01.59.08:782][  0]LogTargetPlatformManager: Display: Loaded TargetPlatform 'LuminClient'
[2020.02.15-01.59.08:839][  0]LogTargetPlatformManager: Display: Loaded TargetPlatform 'TVOSClient'
[2020.02.15-01.59.08:839][  0]LogTargetPlatformManager: Display: Loaded TargetPlatform 'TVOS'
[2020.02.15-01.59.08:876][  0]LogTargetPlatformManager: Display: Loaded TargetPlatform 'WindowsNoEditor'
[2020.02.15-01.59.08:997][  0]LogTargetPlatformManager: Display: Loaded TargetPlatform 'Windows'
[2020.02.15-01.59.09:037][  0]LogTargetPlatformManager: Display: Loaded TargetPlatform 'WindowsClient'
[2020.02.15-01.59.09:066][  0]LogTargetPlatformManager: Display: Loaded TargetPlatform 'WindowsServer'
[2020.02.15-01.59.09:092][  0]LogTargetPlatformManager: Display: Building Assets For Windows
[2020.02.15-01.59.09:555][  0]LogAudioDebug: Display: Lib vorbis DLL was dynamically loaded.
[2020.02.15-01.59.10:351][  0]LogShaderCompilers: Guid format shader working directory is -30 characters bigger than the processId version (../../../../../../Users/Delam/OneDrive/Documents/GitHub/AIbs_Demo/Behaviour/Intermediate/Shaders/WorkingDirectory/15788/).
[2020.02.15-01.59.10:352][  0]LogShaderCompilers: Cleaned the shader compiler working directory 'C:/Users/Delam/AppData/Local/Temp/UnrealShaderWorkingDir/D6C2D9EF42323E2E65220B999B71CA8A/'.
[2020.02.15-01.59.10:416][  0]LogXGEController: Cannot use XGE Controller as Incredibuild is not installed on this machine.
[2020.02.15-01.59.10:417][  0]LogShaderCompilers: Cannot use XGE Shader Compiler as Incredibuild is not installed on this machine.
[2020.02.15-01.59.10:417][  0]LogShaderCompilers: Display: Using Local Shader Compiler.
[2020.02.15-01.59.29:905][  0]LogDerivedDataCache: Display: Max Cache Size: 512 MB
[2020.02.15-01.59.31:028][  0]LogDerivedDataCache: Loaded boot cache 1.10s 72MB C:/Users/Delam/AppData/Local/UnrealEngine/4.24/DerivedDataCache/Boot.ddc.
[2020.02.15-01.59.31:028][  0]LogDerivedDataCache: Display: Loaded Boot cache: C:/Users/Delam/AppData/Local/UnrealEngine/4.24/DerivedDataCache/Boot.ddc
[2020.02.15-01.59.31:028][  0]LogDerivedDataCache: FDerivedDataBackendGraph:  Pak pak cache file ../../../../../../Users/Delam/OneDrive/Documents/GitHub/AIbs_Demo/Behaviour/DerivedDataCache/DDC.ddp not found, will not use a pak cache.
[2020.02.15-01.59.31:028][  0]LogDerivedDataCache: Unable to find inner node Pak for hierarchical cache Hierarchy.
[2020.02.15-01.59.31:028][  0]LogDerivedDataCache: FDerivedDataBackendGraph:  CompressedPak pak cache file ../../../../../../Users/Delam/OneDrive/Documents/GitHub/AIbs_Demo/Behaviour/DerivedDataCache/Compressed.ddp not found, will not use a pak cache.
[2020.02.15-01.59.31:029][  0]LogDerivedDataCache: Unable to find inner node CompressedPak for hierarchical cache Hierarchy.
[2020.02.15-01.59.31:051][  0]LogDerivedDataCache: Display: Pak cache opened for reading ../../../Engine/DerivedDataCache/Compressed.ddp.
[2020.02.15-01.59.31:052][  0]LogDerivedDataCache: FDerivedDataBackendGraph:  EnterprisePak pak cache file ../../../Enterprise/DerivedDataCache/Compressed.ddp not found, will not use a pak cache.
[2020.02.15-01.59.31:052][  0]LogDerivedDataCache: Unable to find inner node EnterprisePak for hierarchical cache Hierarchy.
[2020.02.15-01.59.31:081][  0]LogDerivedDataCache: Using Local data cache path C:/Users/Delam/AppData/Local/UnrealEngine/Common/DerivedDataCache: Writable
[2020.02.15-01.59.31:081][  0]LogDerivedDataCache: Shared data cache path not found in *engine.ini, will not use an Shared cache.
[2020.02.15-01.59.31:081][  0]LogDerivedDataCache: Unable to find inner node Shared for hierarchical cache Hierarchy.
[2020.02.15-01.59.31:161][  0]LogMaterial: Verifying Global Shaders for PCD3D_SM5
[2020.02.15-01.59.31:393][  0]LogSlate: Using FreeType 2.10.0
[2020.02.15-01.59.31:513][  0]LogSlate: SlateFontServices - WITH_FREETYPE: 1, WITH_HARFBUZZ: 1
[2020.02.15-01.59.32:872][  0]LogAssetRegistry: FAssetRegistry took 0.0066 seconds to start up
[2020.02.15-01.59.48:864][  0]LogInit: Selected Device Profile: [Windows]
[2020.02.15-01.59.51:956][  0]LogMeshReduction: Using QuadricMeshReduction for automatic static mesh reduction
[2020.02.15-01.59.51:956][  0]LogMeshReduction: Using SimplygonMeshReduction for automatic skeletal mesh reduction
[2020.02.15-01.59.51:956][  0]LogMeshReduction: Using ProxyLODMeshReduction for automatic mesh merging
[2020.02.15-01.59.51:956][  0]LogMeshReduction: No distributed automatic mesh merging module available
[2020.02.15-01.59.51:957][  0]LogMeshMerging: No distributed automatic mesh merging module available
[2020.02.15-01.59.52:461][  0]LogNetVersion: Behaviour 1.0.0, NetCL: 10570792, EngineNetVer: 13, GameNetVer: 0 (Checksum: 160401157)
[2020.02.15-02.00.43:440][  0]LogAssetRegistry: Error: Failed to open file for write ../../../../../../Users/Delam/OneDrive/Documents/GitHub/AIbs_Demo/Behaviour/Intermediate/AssetRegistryCache/d63b3057.bin
[2020.02.15-02.00.43:470][  0]LogPackageLocalizationCache: Processed 10 localized package path(s) for 1 prioritized culture(s) in 0.503803 seconds
[2020.02.15-02.00.43:651][  0]LogUObjectArray: 46750 objects as part of root set at end of initial load.
[2020.02.15-02.00.43:651][  0]LogUObjectAllocator: 8137160 out of 0 bytes used by permanent object pool.
[2020.02.15-02.00.43:651][  0]LogUObjectArray: CloseDisregardForGC: 0/0 objects in disregard for GC pool
[2020.02.15-02.00.49:773][  0]LogAssetRegistry: Error: Failed to open file for write ../../../../../../Users/Delam/OneDrive/Documents/GitHub/AIbs_Demo/Behaviour/Intermediate/CachedAssetRegistry.bin
[2020.02.15-02.00.53:924][  0]LogTcpMessaging: Initializing TcpMessaging bridge
[2020.02.15-02.00.54:530][  0]LogUdpMessaging: Initializing bridge on interface 0.0.0.0:0 to multicast group 230.0.0.1:6666.
[2020.02.15-02.01.01:822][  0]SourceControl: Source control is disabled
[2020.02.15-02.01.01:829][  0]SourceControl: Source control is disabled
[2020.02.15-02.01.01:983][  0]SourceControl: Source control is disabled
[2020.02.15-02.01.02:047][  0]SourceControl: Source control is disabled
[2020.02.15-02.01.02:103][  0]SourceControl: Source control is disabled
[2020.02.15-02.01.04:339][  0]LogAndroidPermission: UAndroidPermissionCallbackProxy::GetInstance
[2020.02.15-02.01.04:678][  0]LogAudioCaptureCore: Display: No Audio Capture implementations found. Audio input will be silent.
[2020.02.15-02.01.04:678][  0]LogAudioCaptureCore: Display: No Audio Capture implementations found. Audio input will be silent.
[2020.02.15-02.01.07:211][  0]LogOcInput: OculusInput pre-init called
[2020.02.15-02.01.07:553][  0]LogWindows: Failed to load 'OVRPlugin.dll' (GetLastError=126)
[2020.02.15-02.01.07:553][  0]LogWindows: File 'OVRPlugin.dll' does not exist
[2020.02.15-02.01.10:246][  0]LogEngine: Initializing Engine...
[2020.02.15-02.01.10:302][  0]LogHMD: Failed to initialize OpenVR with code 110
[2020.02.15-02.01.10:633][  0]LogStats: UGameplayTagsManager::InitializeManager -  0.108 s
[2020.02.15-02.01.15:253][  0]LogInit: Initializing FReadOnlyCVARCache
[2020.02.15-02.01.16:596][  0]LogAIModule: Creating AISystem for world Untitled
[2020.02.15-02.01.17:115][  0]LogAudioMixer: Display: Audio Mixer Platform Settings:
[2020.02.15-02.01.17:115][  0]LogAudioMixer: Display: 	Sample Rate:						  48000
[2020.02.15-02.01.17:115][  0]LogAudioMixer: Display: 	Callback Buffer Frame Size Requested: 1024
[2020.02.15-02.01.17:115][  0]LogAudioMixer: Display: 	Callback Buffer Frame Size To Use:	  1024
[2020.02.15-02.01.17:115][  0]LogAudioMixer: Display: 	Number of buffers to queue:			  2
[2020.02.15-02.01.17:115][  0]LogAudioMixer: Display: 	Max Channels (voices):				  32
[2020.02.15-02.01.17:115][  0]LogAudioMixer: Display: 	Number of Async Source Workers:		  0
[2020.02.15-02.01.17:115][  0]LogAudio: Display: AudioDevice MaxSources: 32
[2020.02.15-02.01.17:118][  0]LogAudio: Display: Using built-in audio occlusion.
[2020.02.15-02.01.17:119][  0]LogAudioMixer: Display: Initializing audio mixer.
[2020.02.15-02.01.17:414][  0]LogAudioMixer: Display: Audio Device Output Speaker Info:
[2020.02.15-02.01.17:414][  0]LogAudioMixer: Display: Name: Speakers (2- Sennheiser USB headset)
[2020.02.15-02.01.17:414][  0]LogAudioMixer: Display: Is Default: Yes
[2020.02.15-02.01.17:414][  0]LogAudioMixer: Display: Sample Rate: 48000
[2020.02.15-02.01.17:414][  0]LogAudioMixer: Display: Channel Count Used: 2
[2020.02.15-02.01.17:414][  0]LogAudioMixer: Display: Device Channel Count: 2
[2020.02.15-02.01.17:414][  0]LogAudioMixer: Display: Channel Order:
[2020.02.15-02.01.17:414][  0]LogAudioMixer: Display: 0: FrontLeft
[2020.02.15-02.01.17:414][  0]LogAudioMixer: Display: 1: FrontRight
[2020.02.15-02.01.17:635][  0]LogAudioMixer: Display: Using Audio Device Speakers (2- Sennheiser USB headset)
[2020.02.15-02.01.17:750][  0]LogInit: FAudioDevice initialized.
[2020.02.15-02.01.17:752][  0]LogNetVersion: Set ProjectVersion to 1.0.0.0. Version Checksum will be recalculated on next use.
[2020.02.15-02.01.18:582][  0]LogDerivedDataCache: Saved boot cache 0.83s 83MB C:/Users/Delam/AppData/Local/UnrealEngine/4.24/DerivedDataCache/Boot.ddc.
[2020.02.15-02.01.18:585][  0]LogInit: Texture streaming: Enabled
[2020.02.15-02.01.18:829][  0]LogEngineSessionManager: EngineSessionManager initialized
[2020.02.15-02.01.18:848][  0]LogEngineSessionManager: EngineSessionManager sent abnormal shutdown report. Type=AbnormalShutdown, SessionId={3F57FAF7-42FB-212B-D908-71BAC241B8F7}
[2020.02.15-02.01.18:848][  0]LogEditorSessionSummary: Verbose: Initializing EditorSessionSummaryWriter for editor session tracking
[2020.02.15-02.01.18:905][  0]LogEditorSessionSummary: EditorSessionSummaryWriter initialized
[2020.02.15-02.01.23:458][  0]LogInit: Transaction tracking system initialized
[2020.02.15-02.01.26:722][  0]BlueprintLog: New page: Editor Load
[2020.02.15-02.01.29:214][  0]LocalizationService: Localization service is disabled
[2020.02.15-02.01.37:410][  0]LogFileCache: Scanning file cache for directory 'C:/Users/Delam/OneDrive/Documents/GitHub/AIbs_Demo/Behaviour/Content/' took 0.03s
[2020.02.15-02.01.37:410][  0]LogCook: Display: Max memory allowance for cook 16384mb min free memory 0mb
[2020.02.15-02.01.37:416][  0]LogCook: Display: Mobile HDR setting 1
[2020.02.15-02.01.55:873][  0]SourceControl: Source control is disabled
[2020.02.15-02.01.56:263][  0]Cmd: MAP LOAD FILE="../../../../../../Users/Delam/OneDrive/Documents/GitHub/AIbs_Demo/Behaviour/Content/ThirdPersonCPP/Maps/ThirdPersonExampleMap.umap" TEMPLATE=0 SHOWPROGRESS=1 FEATURELEVEL=3
[2020.02.15-02.01.56:312][  0]LightingResults: New page: Lighting Build
[2020.02.15-02.01.57:032][  0]LogWorld: UWorld::CleanupWorld for Untitled, bSessionEnded=true, bCleanupResources=true
[2020.02.15-02.01.57:044][  0]LogSlate: InvalidateAllWidgets triggered.  All widgets were invalidated
[2020.02.15-02.01.57:505][  0]MapCheck: New page: Map Check
[2020.02.15-02.01.57:505][  0]LightingResults: New page: Lighting Build
[2020.02.15-02.02.00:299][  0]LogUObjectHash: Compacting FUObjectHashTables data took   6.59ms
[2020.02.15-02.02.01:751][  0]LogAIModule: Creating AISystem for world ThirdPersonExampleMap
[2020.02.15-02.02.03:415][  0]LogEditorServer: Finished looking for orphan Actors (0.000 secs)
[2020.02.15-02.02.03:659][  0]LogUObjectHash: Compacting FUObjectHashTables data took   5.24ms
[2020.02.15-02.02.03:684][  0]Cmd: MAP CHECKDEP NOCLEARLOG
[2020.02.15-02.02.03:685][  0]MapCheck: Map check complete: 0 Error(s), 0 Warning(s), took 0.841ms to complete.
[2020.02.15-02.02.03:692][  0]LogFileHelpers: Loading map 'ThirdPersonExampleMap' took 7.634
[2020.02.15-02.02.06:540][  0]LogSlate: Updating window title bar state: overlay mode, drag disabled, window buttons hidden, title bar hidden
[2020.02.15-02.02.06:555][  0]LogSlate: Updating window title bar state: overlay mode, drag disabled, window buttons hidden, title bar hidden
[2020.02.15-02.02.06:568][  0]LogSlate: Updating window title bar state: overlay mode, drag disabled, window buttons hidden, title bar hidden
[2020.02.15-02.02.06:580][  0]LogSlate: Updating window title bar state: overlay mode, drag disabled, window buttons hidden, title bar hidden
[2020.02.15-02.02.07:028][  0]LogCollectionManager: Loaded 0 collections in 0.047806 seconds
[2020.02.15-02.02.07:343][  0]LogFileCache: Scanning file cache for directory 'C:/Users/Delam/OneDrive/Documents/GitHub/AIbs_Demo/Behaviour/Saved/Collections/' took 0.00s
[2020.02.15-02.02.07:343][  0]LogFileCache: Scanning file cache for directory 'C:/Users/Delam/OneDrive/Documents/GitHub/AIbs_Demo/Behaviour/Content/Developers/Delam/Collections/' took 0.00s
[2020.02.15-02.02.07:343][  0]LogFileCache: Scanning file cache for directory 'C:/Users/Delam/OneDrive/Documents/GitHub/AIbs_Demo/Behaviour/Content/Collections/' took 0.00s
[2020.02.15-02.02.07:343][  0]LogContentBrowser: Native class hierarchy populated in 0.0552 seconds. Added 3018 classes and 719 folders.
[2020.02.15-02.02.07:618][  0]LogContentBrowser: Native class hierarchy updated for 'WidgetCarousel' in 0.0007 seconds. Added 0 classes and 0 folders.
[2020.02.15-02.02.10:935][  0]LogContentBrowser: Native class hierarchy updated for 'AddContentDialog' in 0.0007 seconds. Added 0 classes and 0 folders.
[2020.02.15-02.02.10:982][  0]LogContentBrowser: Native class hierarchy updated for 'SceneOutliner' in 0.0008 seconds. Added 2 classes and 3 folders.
[2020.02.15-02.02.18:662][  0]LogContentBrowser: Native class hierarchy updated for 'HierarchicalLODOutliner' in 0.0013 seconds. Added 0 classes and 0 folders.
[2020.02.15-02.02.18:687][  0]LogLoad: (Engine Initialization) Total time: 199.32 seconds
[2020.02.15-02.02.18:687][  0]LogLoad: (Engine Initialization) Total Blueprint compile time: 0.00 seconds
[2020.02.15-02.02.20:916][  0]LogRenderer: Reallocating scene render targets to support 64x64 Format 9 NumSamples 1 (Frame:1).
[2020.02.15-02.02.20:916][  0]LogContentStreaming: Texture pool size now 600 MB
[2020.02.15-02.02.21:698][  0]LogSlate: Took 0.027466 seconds to synchronously load lazily loaded font '../../../Engine/Content/Slate/Fonts/Roboto-Regular.ttf' (155K)
[2020.02.15-02.02.21:739][  0]LogSlate: Took 0.019052 seconds to synchronously load lazily loaded font '../../../Engine/Content/Slate/Fonts/Roboto-Bold.ttf' (160K)
[2020.02.15-02.02.21:800][  0]LogSlate: Took 0.021793 seconds to synchronously load lazily loaded font '../../../Engine/Content/Editor/Slate/Fonts/FontAwesome.ttf' (139K)
[2020.02.15-02.02.24:688][  0]LogRenderer: Reallocating scene render targets to support 804x360 Format 9 NumSamples 1 (Frame:1).
[2020.02.15-02.02.24:688][  0]LogSlate: Took 0.028674 seconds to synchronously load lazily loaded font '../../../Engine/Content/Slate/Fonts/Roboto-Light.ttf' (167K)
[2020.02.15-02.02.27:664][ 25]LogAssetRegistry: Asset discovery search completed in 174.7937 seconds
[2020.02.15-02.02.27:700][ 25]LogCollectionManager: Fixed up redirectors for 0 collections in 0.005573 seconds (updated 0 objects)
[2020.02.15-02.04.44:136][403]LogSlate: Took 0.000368 seconds to synchronously load lazily loaded font '../../../Engine/Content/Slate/Fonts/Roboto-Light.ttf' (167K)
[2020.02.15-02.04.44:807][403]LogSlate: WidgetSwitcher ('None') active index changed to -1
[2020.02.15-02.04.44:831][403]LogSlate: WidgetSwitcher ('None') active index changed to 0
[2020.02.15-02.04.45:148][403]LogSlate: Took 0.019171 seconds to synchronously load lazily loaded font '../../../Engine/Content/Slate/Fonts/Roboto-BoldCondensed.ttf' (158K)
[2020.02.15-02.04.47:785][644]LogSlate: WidgetSwitcher ('None') active index changed to 1
[2020.02.15-02.05.15:399][125]Candidate modules for hot reload:
[2020.02.15-02.05.15:399][125]  Behaviour
[2020.02.15-02.05.15:399][125]Launching UnrealBuildTool... [C:/Program Files/Epic Games/UE_4.24/Engine/Binaries/DotNET/UnrealBuildTool.exe  -ModuleWithSuffix=Behaviour,4430 Win64 Development -TargetType=Editor -Project="C:/Users/Delam/OneDrive/Documents/GitHub/AIbs_Demo/Behaviour/Behaviour.uproject" "C:/Users/Delam/OneDrive/Documents/GitHub/AIbs_Demo/Behaviour/Behaviour.uproject"  -IgnoreJunk]
[2020.02.15-02.13.58:027][125]CompilerResultsLog: New page: Compilation - Feb 14, 2020, 4:13:57 PM
[2020.02.15-02.13.58:029][125]CompilerResultsLog: Using 'git status' to determine working set for adaptive non-unity build (C:\Users\Delam\OneDrive\Documents\GitHub\AIbs_Demo).
[2020.02.15-02.13.58:029][125]CompilerResultsLog: Invalidating makefile for BehaviourEditor (source file added)
[2020.02.15-02.13.58:029][125]CompilerResultsLog: Parsing headers for BehaviourEditor
[2020.02.15-02.13.58:029][125]CompilerResultsLog:   Running UnrealHeaderTool "C:\Users\Delam\OneDrive\Documents\GitHub\AIbs_Demo\Behaviour\Behaviour.uproject" "C:\Users\Delam\OneDrive\Documents\GitHub\AIbs_Demo\Behaviour\Intermediate\Build\Win64\BehaviourEditor\Development\BehaviourEditor.uhtmanifest" -LogCmds="loginit warning, logexit warning, logdatabase error" -Unattended -WarningsAsErrors -installed
[2020.02.15-02.13.58:029][125]CompilerResultsLog: Reflection code generated for BehaviourEditor in 164.6824813 seconds
[2020.02.15-02.13.58:029][125]CompilerResultsLog: Building BehaviourEditor...
[2020.02.15-02.13.58:029][125]CompilerResultsLog: Using Visual Studio 2017 14.16.27026 toolchain (C:\Program Files (x86)\Microsoft Visual Studio\2017\Community\VC\Tools\MSVC\14.16.27023) and Windows 10.0.17763.0 SDK (C:\Program Files (x86)\Windows Kits\10).
[2020.02.15-02.13.58:029][125]CompilerResultsLog: Building 4 actions with 6 processes...
[2020.02.15-02.13.58:029][125]CompilerResultsLog:   [1/4] IE.cpp
[2020.02.15-02.13.58:029][125]CompilerResultsLog:   [2/4] UE4Editor-Behaviour-4430.lib
[2020.02.15-02.13.58:029][125]CompilerResultsLog:      Creating library C:\Users\Delam\OneDrive\Documents\GitHub\AIbs_Demo\Behaviour\Intermediate\Build\Win64\UE4Editor\Development\Behaviour\UE4Editor-Behaviour-4430.lib and object C:\Users\Delam\OneDrive\Documents\GitHub\AIbs_Demo\Behaviour\Intermediate\Build\Win64\UE4Editor\Development\Behaviour\UE4Editor-Behaviour-4430.exp
[2020.02.15-02.13.58:029][125]CompilerResultsLog:   [3/4] UE4Editor-Behaviour-4430.dll
[2020.02.15-02.13.58:029][125]CompilerResultsLog:      Creating library C:\Users\Delam\OneDrive\Documents\GitHub\AIbs_Demo\Behaviour\Intermediate\Build\Win64\UE4Editor\Development\Behaviour\UE4Editor-Behaviour-4430.suppressed.lib and object C:\Users\Delam\OneDrive\Documents\GitHub\AIbs_Demo\Behaviour\Intermediate\Build\Win64\UE4Editor\Development\Behaviour\UE4Editor-Behaviour-4430.suppressed.exp
[2020.02.15-02.13.58:029][125]CompilerResultsLog:   [4/4] BehaviourEditor.target
[2020.02.15-02.13.58:029][125]CompilerResultsLog: Total time in Parallel executor: 289.76 seconds
[2020.02.15-02.13.58:029][125]CompilerResultsLog: Total execution time: 518.15 seconds
[2020.02.15-02.13.58:061][125]LogMainFrame: MainFrame: Module compiling took 523.382 seconds
[2020.02.15-02.13.58:721][125]LogUObjectHash: Compacting FUObjectHashTables data took   1.23ms
[2020.02.15-02.13.59:467][125]LogClass: BehaviourStruct HotReload.
[2020.02.15-02.13.59:475][125]LogContentBrowser: Native class hierarchy updated for 'Behaviour' in 0.0008 seconds. Added 3 classes and 2 folders.
[2020.02.15-02.13.59:481][125]Display: HotReload successful (0 functions remapped  1 scriptstructs remapped)
[2020.02.15-02.14.01:165][125]LogUObjectHash: Compacting FUObjectHashTables data took   2.47ms
[2020.02.15-02.14.01:226][125]LogContentBrowser: Native class hierarchy populated in 0.0142 seconds. Added 3020 classes and 722 folders.
[2020.02.15-02.14.01:265][125]Display: HotReload took 527.1s.
[2020.02.15-02.14.01:278][125]Warning: HotReload operation took 527.1s.
[2020.02.15-02.14.13:178][125]LogSlate: Window 'Add C++ Class' being destroyed
[2020.02.15-02.14.13:379][125]LogHotReload: New module detected: UE4Editor-Behaviour-4430.dll
[2020.02.15-02.14.14:158][126]LogHotReload: Starting Hot-Reload from IDE
[2020.02.15-02.14.14:161][126]LogAudioMixer: Display: Audio Buffer Underrun detected.
[2020.02.15-02.14.14:273][126]LogUObjectHash: Compacting FUObjectHashTables data took   1.84ms
[2020.02.15-02.14.14:283][126]LogContentBrowser: Native class hierarchy updated for 'Behaviour' in 0.0012 seconds. Added 3 classes and 2 folders.
[2020.02.15-02.14.14:289][126]Display: HotReload successful (0 functions remapped  1 scriptstructs remapped)
[2020.02.15-02.14.14:378][126]LogUObjectHash: Compacting FUObjectHashTables data took   1.52ms
[2020.02.15-02.14.14:403][126]LogContentBrowser: Native class hierarchy populated in 0.0175 seconds. Added 3020 classes and 722 folders.
[2020.02.15-02.14.14:408][126]Display: HotReload took  0.2s.
[2020.02.15-02.16.17:264][113]Candidate modules for hot reload:
[2020.02.15-02.16.17:264][113]  Behaviour
[2020.02.15-02.16.17:265][113]Launching UnrealBuildTool... [C:/Program Files/Epic Games/UE_4.24/Engine/Binaries/DotNET/UnrealBuildTool.exe  -ModuleWithSuffix=Behaviour,1614 Win64 Development -TargetType=Editor -Project="C:/Users/Delam/OneDrive/Documents/GitHub/AIbs_Demo/Behaviour/Behaviour.uproject" "C:/Users/Delam/OneDrive/Documents/GitHub/AIbs_Demo/Behaviour/Behaviour.uproject"  -IgnoreJunk]
[2020.02.15-02.16.17:327][113]Warning: Starting HotReload took  0.1s.
[2020.02.15-02.17.55:187][347]CompilerResultsLog: New page: Compilation - Feb 14, 2020, 4:17:55 PM
[2020.02.15-02.17.55:187][347]CompilerResultsLog: Using 'git status' to determine working set for adaptive non-unity build (C:\Users\Delam\OneDrive\Documents\GitHub\AIbs_Demo).
[2020.02.15-02.17.55:187][347]CompilerResultsLog: Parsing headers for BehaviourEditor
[2020.02.15-02.17.55:187][347]CompilerResultsLog:   Running UnrealHeaderTool "C:\Users\Delam\OneDrive\Documents\GitHub\AIbs_Demo\Behaviour\Behaviour.uproject" "C:\Users\Delam\OneDrive\Documents\GitHub\AIbs_Demo\Behaviour\Intermediate\Build\Win64\BehaviourEditor\Development\BehaviourEditor.uhtmanifest" -LogCmds="loginit warning, logexit warning, logdatabase error" -Unattended -WarningsAsErrors -installed
[2020.02.15-02.17.55:187][347]CompilerResultsLog: Reflection code generated for BehaviourEditor in 55.5602313 seconds
[2020.02.15-02.17.55:187][347]CompilerResultsLog: Building BehaviourEditor...
[2020.02.15-02.17.55:187][347]CompilerResultsLog: Using Visual Studio 2017 14.16.27026 toolchain (C:\Program Files (x86)\Microsoft Visual Studio\2017\Community\VC\Tools\MSVC\14.16.27023) and Windows 10.0.17763.0 SDK (C:\Program Files (x86)\Windows Kits\10).
[2020.02.15-02.17.55:188][347]CompilerResultsLog: Building 4 actions with 6 processes...
[2020.02.15-02.17.55:188][347]CompilerResultsLog:   [1/4] IE.cpp
[2020.02.15-02.17.55:188][347]CompilerResultsLog:   c:\users\delam\onedrive\documents\github\aibs_demo\behaviour\source\behaviour\Personality.h(7): fatal error C1083: Cannot open include file: 'AllowWindowsPlatformTypes.h': No such file or directory
[2020.02.15-02.17.55:188][347]LogMainFrame: MainFrame: Module compiling took 97.927 seconds
[2020.02.15-02.17.55:203][347]Warning: HotReload failed, recompile failed
[2020.02.15-02.18.33:896][397]LogUObjectHash: Compacting FUObjectHashTables data took   1.32ms
[2020.02.15-02.18.33:982][397]LogSlate: Window 'Behaviour - Unreal Editor' being destroyed
[2020.02.15-02.18.33:983][397]LogWindowsTextInputMethodSystem: Display: IME system now deactivated.
[2020.02.15-02.18.34:440][398]Cmd: QUIT_EDITOR
[2020.02.15-02.18.34:440][398]LogCore: Engine exit requested (reason: UUnrealEdEngine::CloseEditor())
[2020.02.15-02.18.34:492][398]LogCore: Engine exit requested (reason: EngineExit() was called; note: exit was already requested)
[2020.02.15-02.18.34:492][398]LogAudioMixer: Display: No commands were queued while flushing the source manager.
